9.5 #5 -425 50 50 0 40 50
10.5 #6 472.841 153.778 50 -2.88119 40 50
12.6 #5 -290.584 70.5442 50 0.303333 50 27
16.65 #5 -143.778 47.3546 50 -0.616667 20 -20
17.4 #6 222.559 -19.4395 50 -2.19119 15 50
18.85 #5 -143.778 47.3546 50 -1.45 33 50
19.35 #6 205.305 -76.4806 50 -1.53786 -10 10
20.5 #6 205.305 -76.4806 50 -1.42119 20 0
21.5 #6 205.856 -84.786 50 -1.58786 20 -20
22.9 #6 205.856 -84.786 50 -2.10786 20 10
24.15 #5 -31.7653 -129.647 50 -0.563167 30 40
24.5 #6 193.572 -102.409 50 -2.25119 20 -20
25.2 #6 193.572 -102.409 50 -2.50453 0 20
26.15 #6 187.086 -108.141 50 -2.33119 -20 20
27.7 #5 77.0577 -174.889 50 -0.224833 -10 10
28 #6 187.086 -108.141 50 -1.80453 -20 -20
29 #5 77.0577 -174.889 50 0.0351667 30 10
29.7 #5 89.0468 -175.186 50 -0.0848333 20 -20
31.5 #5 89.0468 -175.186 50 -0.578167 10 20
35.2 #5 138.066 -195.902 50 -0.2215 -10 10
35.9 #5 138.066 -195.902 50 -0.114833 40 10
36.45 #5 148.717 -197.838 50 -0.244833 20 -20
