9.43333 décomposition 0
10.1 décomposition 0
10.4 désintégration 0
12.6 décontamination 20
15.8667 désintégration 20
16.5 décomposition 18
17.4 décomposition 17
17.4 désintégration 17
18.8 décontamination 34
20 décontamination 39
20.3667 décomposition 37
22.8667 décontamination 39
24.1 désintégration 39
24.1 décontamination 47
25.2 décontamination 50
27.5333 décontamination 52
29 décontamination 54
31 décontamination 58
35.7667 décontamination 60
35.8667 désintégration 60
37.4 décontamination 62
