1.41415 #3 899.311 -864.224 50 1.60933 52.9302 47.0698
1.41415 #8 -885.555 31.5451 50 0.711962 42.7964 57.2036
1.65948 #3 898.806 -853.04 50 1.62246 52.9302 47.0698
1.88193 #3 898.084 -840.795 50 1.63683 52.9302 47.0698
1.88193 #6 867.448 46.4607 50 2.47547 54.8842 45.1158
2.12722 #1 -853.426 941.377 50 -0.11806 45.9634 54.0366
2.12722 #3 897.278 -829.702 50 1.64987 52.9302 47.0698
2.12722 #6 858.629 53.2383 50 2.4972 54.8842 45.1158
2.35346 #1 -841.262 939.812 50 -0.137862 45.9634 54.0366
2.59226 #1 -830.072 938.155 50 -0.156127 45.9634 54.0366
2.59226 #5 67.9922 932.297 50 -0.68389 45.7431 54.2569
2.59226 #6 839.461 66.9619 50 2.54326 54.8842 45.1158
2.82348 #6 829.518 73.5715 50 2.56658 54.8842 45.1158
3.05754 #3 892.267 -782.898 50 1.70505 52.9302 47.0698
3.05754 #6 819.746 79.7489 50 2.58917 54.8842 45.1158
3.29345 #1 -795.471 931.696 50 -0.212968 45.9634 54.0366
3.29345 #3 890.621 -771.312 50 1.71876 52.9302 47.0698
3.29345 #5 94.5966 909.25 50 -0.743833 45.7431 54.2569
3.5195 #3 888.801 -759.657 50 1.73259 52.9302 47.0698
3.5195 #8 -786.382 91.5563 50 0.37638 0 0
3.76369 #3 886.907 -748.515 50 1.74584 52.9302 47.0698
3.76369 #6 789.523 96.9899 50 2.65716 54.8842 45.1158
4.00321 #3 884.695 -736.508 50 1.76015 52.9302 47.0698
4.2174 #5 128.066 875.868 50 -0.824345 45.7431 54.2569
4.47269 #6 758.114 112.176 50 2.72534 54.8842 45.1158
5.16217 #3 871.742 -679.603 50 1.82985 53.0707 46.9293
5.16217 #6 724.999 125.456 50 2.79505 54.8842 45.1158
5.39596 #6 714.089 129.257 50 2.81762 54.8842 45.1158
5.6326 #1 -684.194 896.374 50 -0.401753 45.9634 54.0366
5.6326 #3 865.468 -657.225 50 1.8584 53.0707 46.9293
5.6326 #5 172.215 822.067 50 -0.942921 45.7431 54.2569
5.87827 #5 179.068 812.422 50 -0.963067 45.7431 54.2569
5.87827 #6 691.627 136.23 50 2.86358 54.8842 45.1158
6.09383 #1 -662.188 886.515 50 -0.440691 45.9634 54.0366
6.09383 #3 858.286 -634.204 50 1.88802 53.0707 46.9293
6.09383 #5 185.976 802.265 50 -0.983983 45.7431 54.2569
6.33383 #4 -862.981 -622.315 50 1.30574 47.6415 52.3585
6.33383 #6 669.316 142.057 50 2.90863 54.8842 45.1158
6.56612 #5 198.217 783.058 50 -1.02277 45.7431 54.2569
6.56612 #6 657.609 144.69 50 2.93208 54.8842 45.1158
6.80954 #5 204.17 773.085 50 -1.04254 45.7431 54.2569
6.80954 #6 646.222 146.977 50 2.95477 54.8842 45.1158
7.02926 #3 842.505 -590.404 50 1.94521 53.0707 46.9293
7.02926 #5 210.195 762.511 50 -1.06327 45.7431 54.2569
7.28858 #5 215.445 752.86 50 -1.08197 45.7431 54.2569
7.28858 #6 623.379 150.762 50 3.00001 54.8842 45.1158
7.28858 #7 20.066 -573.063 50 1.45208 49.1276 50.8724
7.50783 #6 610.52 152.429 50 3.02534 54.8842 45.1158
7.50783 #7 21.6308 -560.191 50 1.44755 49.1276 50.8724
7.75207 #1 -590.826 847.286 50 -0.546053 48.7003 51.2997
7.75207 #3 829.043 -558.192 50 1.98809 53.0707 46.9293
7.97946 #5 231.424 720.45 50 -1.14351 45.7431 54.2569
8.20797 #3 819.175 -536.775 50 2.01706 53.0707 46.9293
8.20797 #5 236.035 710.058 50 -1.16287 45.7431 54.2569
8.43918 #3 814.172 -526.503 50 2.03109 53.0707 46.9293
8.43918 #5 240.465 699.526 50 -1.18233 45.7431 54.2569
8.67787 #1 -551.327 822.623 50 -0.570263 48.7003 51.2997
8.67787 #3 808.963 -516.183 50 2.04529 53.0707 46.9293
8.67787 #5 244.738 688.785 50 -1.20201 45.7431 54.2569
8.90801 #2 539.393 820.974 50 3.75577 54.044 45.956
8.90801 #3 803.433 -505.607 50 2.05995 53.0707 46.9293
8.90801 #5 248.927 677.61 50 -1.22233 45.7431 54.2569
9.14412 #1 -531.672 809.848 50 -0.58245 48.7003 51.2997
9.62159 #6 506.415 154.235 50 3.21134 53.6108 46.3892
10.0881 #2 493.027 784.86 50 3.85088 54.044 45.956
10.0881 #3 773.958 -454.75 50 2.13216 53.0707 46.9293
10.0881 #6 482.527 152.15 50 3.24597 53.6108 46.3892
10.5563 #2 475.475 769.206 50 3.88893 54.044 45.956
10.5563 #8 -615.408 51.2676 50 -0.181215 51.4285 48.5715
10.7918 #2 467.035 761.236 50 3.9077 54.044 45.956
10.7918 #3 754.622 -425.426 50 2.17531 53.0707 46.9293
10.7918 #5 273.816 587.149 50 -1.38226 45.7431 54.2569
10.7918 #7 46.3268 -398.704 50 1.39054 49.1276 50.8724
11.0249 #3 747.859 -415.786 50 2.18977 53.0707 46.9293
11.2653 #3 741.031 -406.344 50 2.20409 53.0707 46.9293
11.2653 #5 277.747 564.055 50 -1.42215 45.7431 54.2569
11.2653 #7 50.6213 -375.673 50 1.38236 49.1276 50.8724
11.51 #2 442.206 735.937 50 3.96505 54.044 45.956
11.51 #5 279.406 552.146 50 -1.44262 45.7431 54.2569
11.51 #6 412.827 141.234 50 3.34791 53.6108 46.3892
11.51 #7 52.8983 -363.867 50 1.37816 49.1276 50.8724
11.7254 #2 433.98 726.881 50 3.98484 54.044 45.956
11.7254 #3 726.385 -387.006 50 2.23388 53.0707 46.9293
11.7254 #6 390.393 136.148 50 3.38114 0 0
11.9741 #3 719.7 -378.563 50 2.24711 53.0707 46.9293
11.9741 #5 281.899 529.279 50 -1.48179 45.7431 54.2569
12.2027 #3 711.845 -368.927 50 2.26238 53.0707 46.9293
12.2027 #5 282.873 516.885 50 -1.50296 45.7431 54.2569
12.2027 #8 -533.942 38.3173 50 -0.134076 51.4285 48.5715
12.4438 #5 283.537 505.476 50 -1.52243 45.7431 54.2569
12.6651 #5 283.996 493.428 50 -1.54295 45.7431 54.2569
12.9103 #3 689.25 -342.788 50 2.30482 50.4355 49.5645
12.9103 #5 284.2 482.363 50 -1.5618 45.7431 54.2569
12.9103 #6 369.438 126.46 50 3.67273 71.2059 28.7941
13.1406 #5 284.182 470.107 50 -1.58267 45.7431 54.2569
13.1406 #6 350.289 112.441 50 3.87437 0 0
13.3728 #5 283.932 458.593 50 -1.60228 45.7431 54.2569
13.5944 #2 377.142 653.185 50 4.11647 53.02 46.98
13.5944 #5 283.452 446.995 50 -1.62204 45.7431 54.2569
13.8459 #5 282.78 435.935 50 -1.64091 45.7431 54.2569
14.0647 #5 281.765 423.398 50 -1.66233 45.7431 54.2569
14.3 #3 642.06 -291.119 50 2.31701 50.4355 49.5645
14.3 #5 280.664 412.517 50 -1.68095 45.7431 54.2569
14.3 #7 79.5071 -226.486 50 1.43228 52.8059 47.1941
14.5534 #5 279.253 400.835 50 -1.70099 45.7431 54.2569
14.7888 #4 -654.029 -260.625 50 0.764202 46.454 53.546
14.7888 #7 83.7764 -190.535 50 1.47292 0 0
15.0198 #5 275.577 376.675 50 -1.7426 45.7431 54.2569
15.2501 #5 273.491 365.316 50 -1.76227 45.7431 54.2569
15.7062 #7 84.5836 -179.708 50 1.4276 18.3477 81.6523
15.9402 #7 87.173 -168.062 50 1.27641 18.3477 81.6523
15.9402 #7 91.3834 -157.157 50 1.12827 0 0
16.1831 #3 577.43 -223.185 50 2.38178 55.5567 44.4433
16.1831 #4 -601.737 -215.12 50 0.672249 47.1313 52.8687
16.1831 #6 315.842 82.7467 50 3.48148 0 0
17.1306 #1 -223.483 557.458 50 -0.789923 48.7003 51.2997
17.1306 #3 541.37 -192.374 50 2.48725 55.5567 44.4433
17.3483 #1 -215.017 548.862 50 -0.796195 48.7003 51.2997
17.3483 #2 290.159 487.095 50 4.34344 53.02 46.98
17.3483 #3 531.7 -185.16 50 2.51407 55.5567 44.4433
17.8147 #1 -199.55 532.873 50 -0.807761 48.7003 51.2997
17.8147 #3 513.376 -172.549 50 2.56351 55.5567 44.4433
17.8147 #4 -535.47 -167.275 50 0.578426 47.1313 52.8687
18.0675 #3 503.275 -166.148 50 2.59009 55.5567 44.4433
18.0675 #4 -525.412 -160.806 50 0.564704 47.1313 52.8687
18.7568 #5 209.594 190.568 50 -2.08043 0 0
19.2268 #1 -151.299 480.507 50 -0.844783 48.7003 51.2997
19.2268 #7 91.3834 -157.157 50 0.516374 73.8397 26.1603
19.4606 #7 100.935 -151.028 50 0.624651 73.8397 26.1603
19.688 #3 429.674 -129.568 50 2.75592 51.901 48.099
20.1619 #7 131.621 -116.267 50 1.07049 0 0
20.1619 #8 -137.169 30.2025 50 0.0931775 51.4285 48.5715
20.389 #5 202.102 168.799 50 -1.9584 0 0
20.389 #6 304.62 85.8405 50 3.01272 72.6276 27.3724
20.6238 #3 386.366 -112.869 50 2.79122 51.901 48.099
20.8688 #2 244.003 318.916 50 4.48783 45.8116 54.1884
20.8688 #4 -401.229 -95.5039 50 0.403531 46.675 53.325
21.094 #6 269.439 84.746 50 3.33266 72.6276 27.3724
21.3371 #2 238.319 296.108 50 4.44845 45.8116 54.1884
21.3371 #4 -379.469 -86.6127 50 0.372266 46.675 53.325
21.3371 #6 258.515 82.0493 50 3.43455 72.6276 27.3724
21.3371 #6 247.092 77.9056 50 3.54459 0 0
21.5667 #4 -368.109 -82.2824 50 0.356097 46.675 53.325
21.8019 #2 231.702 273.417 50 4.40885 0 0
21.8019 #5 202.102 168.799 50 -2.19395 0 0
21.8019 #8 -55.8105 39.7306 50 0.139988 51.4285 48.5715
22.0338 #4 -346.209 -74.5196 50 0.325192 46.675 53.325
22.2738 #2 231.702 273.417 50 4.36246 0 0
22.2738 #5 202.102 168.799 50 -2.24033 0 0
22.2738 #3 308.292 -87.073 50 2.85375 51.901 48.099
22.5065 #4 -323.736 -67.3333 50 0.293811 46.675 53.325
22.74 #2 231.702 273.417 50 4.31593 0 0
22.74 #5 202.102 168.799 50 -2.28687 0 0
22.74 #4 -312.575 -64.0502 50 0.278337 46.675 53.325
22.9765 #4 -301.324 -60.9295 50 0.262808 46.675 53.325
22.9765 #8 13.7713 50.9687 50 0.180265 0 0
23.207 #2 231.702 273.417 50 4.26862 0 0
23.207 #5 202.102 168.799 50 -2.33417 0 0
23.4419 #3 240.278 -68.9021 50 2.90729 0 0
23.4419 #4 -278.684 -55.2141 50 0.231751 46.675 53.325
23.6869 #5 202.102 168.799 50 -2.38116 0 0
23.6869 #6 247.092 77.9056 50 3.12364 0 0
23.9171 #2 231.702 273.417 50 4.17264 0 0
23.9171 #5 202.102 168.799 50 -2.38116 0 0
23.9171 #4 -255.245 -50.0762 50 0.199836 46.675 53.325
24.1493 #5 202.102 168.799 50 -2.38116 0 0
24.1493 #6 247.092 77.9056 50 3.07761 0 0
24.1493 #4 -243.95 -47.8783 50 0.184531 46.675 53.325
24.1493 #8 37.2579 50.9615 50 -0.249339 0.317848 99.6822
24.3772 #2 231.702 273.417 50 4.1262 0 0
24.3772 #5 202.102 168.799 50 -2.38116 0 0
24.3772 #1 5.88551 276.862 50 -1.01748 44.5003 55.4997
24.3772 #4 -232.521 -45.8363 50 0.169091 46.675 53.325
24.3772 #8 48.0798 46.8299 50 -0.480053 0.317848 99.6822
24.3772 #8 57.5104 40.4702 50 -0.706584 0 0
24.6268 #5 202.102 168.799 50 -2.38116 0 0
24.6268 #6 247.092 77.9056 50 3.03201 0 0
24.8492 #2 231.702 273.417 50 4.07628 0 0
24.8492 #5 202.102 168.799 50 -2.38116 0 0
25.3272 #3 228.76 -64.7856 50 2.72679 0 0
25.5672 #5 202.102 168.799 50 -2.47676 0 0
25.5672 #6 247.092 77.9056 50 2.89195 0 0
25.5672 #4 -174.137 -38.2077 50 0.0907598 46.675 53.325
25.5672 #7 131.621 -116.267 50 1.82342 77.056 22.944
25.5672 #7 127.876 -104.873 50 1.95332 0 0
25.7855 #2 223.891 264.306 50 4.02661 0 0
25.7855 #5 202.102 168.799 50 -2.47676 0 0
26.0221 #2 223.891 264.306 50 4.02661 0 0
26.0221 #5 202.102 168.799 50 -2.47676 0 0
26.0221 #6 247.092 77.9056 50 2.84829 0 0
26.0221 #1 42.4004 203.774 50 -1.19746 44.5003 55.4997
26.2529 #2 223.891 264.306 50 4.02661 0 0
26.2529 #5 202.102 168.799 50 -2.47676 0 0
26.5047 #2 223.891 264.306 50 4.02661 0 0
26.5047 #5 202.102 168.799 50 -2.47676 0 0
26.5047 #6 247.092 77.9056 50 2.80214 0 0
26.5047 #4 -127.942 -35.4336 50 0.0291994 46.675 53.325
26.7265 #2 223.891 264.306 50 4.02661 0 0
26.7265 #5 202.102 168.799 50 -2.47676 0 0
26.7265 #7 122.507 -95.1769 50 2.01214 0 0
26.9603 #2 223.891 264.306 50 4.02661 0 0
26.9603 #5 202.102 168.799 50 -2.47676 0 0
26.9603 #6 247.092 77.9056 50 2.75777 0 0
26.9603 #1 57.2642 159.158 50 -1.30096 44.5003 55.4997
26.9603 #4 -104.266 -35.1151 50 -0.00229339 46.675 53.325
27.1931 #1 60.2358 147.85 50 -1.32668 0 0
27.1931 #2 223.891 264.306 50 4.02661 0 0
27.1931 #5 202.102 168.799 50 -2.47676 0 0
27.1931 #8 57.5104 40.4702 50 -1.2232 0 0
27.4197 #2 223.891 264.306 50 4.02661 0 0
27.4197 #5 202.102 168.799 50 -2.47676 0 0
27.4197 #6 247.092 77.9056 50 2.71121 0 0
27.4197 #3 228.76 -64.7856 50 2.3536 39.1072 60.8928
27.4197 #3 220.971 -56.5607 50 2.30424 0 0
27.6577 #1 60.2358 147.85 50 -1.37199 0 0
27.6577 #2 223.891 264.306 50 4.02661 0 0
27.6577 #5 202.102 168.799 50 -2.47676 0 0
27.6577 #8 57.5104 40.4702 50 -1.26851 0 0
27.8918 #2 223.891 264.306 50 4.02661 0 0
27.8918 #5 202.102 168.799 50 -2.47676 0 0
27.8918 #6 247.092 77.9056 50 2.66361 0 0
28.128 #1 60.2358 147.85 50 -1.41881 0 0
28.128 #2 223.891 264.306 50 4.02661 0 0
28.128 #5 202.102 168.799 50 -2.47676 0 0
28.128 #8 57.5104 40.4702 50 -1.31533 0 0
28.3657 #2 223.891 264.306 50 4.02661 0 0
28.3657 #5 202.102 168.799 50 -2.47676 0 0
28.3657 #6 247.092 77.9056 50 2.61637 0 0
28.6023 #2 223.891 264.306 50 4.02661 0 0
28.6023 #5 202.102 168.799 50 -2.47676 0 0
28.8407 #2 223.891 264.306 50 4.02661 0 0
28.8407 #4 -10.7317 -41.1719 50 -0.127035 0 0
28.8407 #5 202.102 168.799 50 -2.47676 0 0
28.8407 #6 247.092 77.9056 50 2.56905 0 0
28.8407 #8 57.5104 40.4702 50 -1.41019 0 0
29.0788 #1 60.2358 147.85 50 -1.56136 0 0
29.0788 #2 223.891 264.306 50 4.02661 0 0
29.0788 #5 202.102 168.799 50 -2.47676 0 0
29.0788 #8 57.5104 40.4702 50 -1.41019 0 0
29.2978 #2 223.891 264.306 50 4.02661 0 0
29.2978 #5 202.102 168.799 50 -2.47676 0 0
29.2978 #6 247.092 77.9056 50 2.52145 0 0
29.5515 #2 223.891 264.306 50 4.02661 0 0
29.5515 #4 0.0514275 -43.0848 50 -0.176509 0 0
29.5515 #5 202.102 168.799 50 -2.47676 0 0
29.5515 #8 57.5104 40.4702 50 -1.45399 0 0
29.781 #1 60.2089 135.168 50 -1.54066 0 0
29.781 #2 223.891 264.306 50 4.02661 0 0
29.781 #5 202.102 168.799 50 -2.47676 0 0
29.781 #6 247.092 77.9056 50 2.47071 0 0
29.781 #8 57.5104 40.4702 50 -1.45399 0 0
30.014 #1 60.2089 135.168 50 -1.54066 0 0
30.014 #2 223.891 264.306 50 4.02661 0 0
30.014 #4 0.0514275 -43.0848 50 -0.222419 0 0
30.014 #5 202.102 168.799 50 -2.47676 0 0
30.014 #8 57.5104 40.4702 50 -1.45399 0 0
30.2512 #1 60.2089 135.168 50 -1.54066 0 0
30.2512 #2 223.891 264.306 50 4.02661 0 0
30.2512 #5 202.102 168.799 50 -2.47676 0 0
30.2512 #6 247.092 77.9056 50 2.42411 0 0
30.2512 #8 57.5104 40.4702 50 -1.45399 0 0
30.4727 #1 60.2089 135.168 50 -1.54066 0 0
30.4727 #2 223.891 264.306 50 4.02661 0 0
30.4727 #4 0.0514275 -43.0848 50 -0.269851 0 0
30.4727 #5 202.102 168.799 50 -2.47676 0 0
30.4727 #8 57.5104 40.4702 50 -1.45399 0 0
30.7059 #1 60.2089 135.168 50 -1.54066 0 0
30.7059 #2 223.891 264.306 50 4.02661 0 0
30.7059 #5 202.102 168.799 50 -2.47676 0 0
30.7059 #6 247.092 77.9056 50 2.3798 0 0
30.7059 #8 57.5104 40.4702 50 -1.45399 0 0
30.9371 #1 60.2089 135.168 50 -1.54066 0 0
30.9371 #2 223.891 264.306 50 4.02661 0 0
30.9371 #4 0.0514275 -43.0848 50 -0.316475 0 0
30.9371 #5 202.102 168.799 50 -2.47676 0 0
30.9371 #8 57.5104 40.4702 50 -1.45399 0 0
31.1792 #1 60.2089 135.168 50 -1.54066 0 0
31.1792 #2 223.891 264.306 50 4.02661 0 0
31.1792 #5 202.102 168.799 50 -2.47676 0 0
31.1792 #6 247.092 77.9056 50 2.33356 0 0
31.1792 #8 57.5104 40.4702 50 -1.45399 0 0
31.4267 #1 60.2089 135.168 50 -1.54066 0 0
31.4267 #2 223.891 264.306 50 4.02661 0 0
31.4267 #4 0.0514275 -43.0848 50 -0.364904 0 0
31.4267 #5 202.102 168.799 50 -2.47676 0 0
31.4267 #8 57.5104 40.4702 50 -1.45399 0 0
31.6547 #1 60.2089 135.168 50 -1.54066 0 0
31.6547 #2 223.891 264.306 50 4.02661 0 0
31.6547 #5 202.102 168.799 50 -2.47676 0 0
31.6547 #8 57.5104 40.4702 50 -1.45399 0 0
31.8815 #1 60.2089 135.168 50 -1.54066 0 0
31.8815 #2 223.891 264.306 50 4.02661 0 0
31.8815 #4 0.0514275 -43.0848 50 -0.4105 0 0
31.8815 #5 202.102 168.799 50 -2.47676 0 0
31.8815 #6 247.092 77.9056 50 2.23845 0 0
31.8815 #8 57.5104 40.4702 50 -1.45399 0 0
32.1227 #1 60.2089 135.168 50 -1.54066 0 0
32.1227 #2 223.891 264.306 50 4.02661 0 0
32.1227 #5 202.102 168.799 50 -2.47676 0 0
32.1227 #8 57.5104 40.4702 50 -1.45399 0 0
32.1227 #3 205.953 -38.7284 50 2.42061 0 0
32.353 #1 60.2089 135.168 50 -1.54066 0 0
32.353 #2 223.891 264.306 50 4.02661 0 0
32.353 #4 0.0514275 -43.0848 50 -0.458747 0 0
32.353 #5 202.102 168.799 50 -2.47676 0 0
32.353 #6 247.092 77.9056 50 2.19021 0 0
32.353 #8 57.5104 40.4702 50 -1.45399 0 0
32.6014 #1 60.2089 135.168 50 -1.54066 0 0
32.6014 #2 223.891 264.306 50 4.02661 0 0
32.6014 #5 202.102 168.799 50 -2.47676 0 0
32.6014 #8 57.5104 40.4702 50 -1.45399 0 0
32.8284 #1 60.2089 135.168 50 -1.54066 0 0
32.8284 #2 223.891 264.306 50 4.02661 0 0
32.8284 #5 202.102 168.799 50 -2.47676 0 0
32.8284 #6 247.092 77.9056 50 2.14053 0 0
32.8284 #8 57.5104 40.4702 50 -1.45399 0 0
32.8284 #4 0.0514275 -43.0848 50 -0.508424 72.5012 27.4988
32.8284 #4 10.228 -48.0933 50 -0.406293 0 0
33.0583 #1 60.2089 135.168 50 -1.54066 0 0
33.0583 #2 223.891 264.306 50 4.02661 0 0
33.0583 #5 202.102 168.799 50 -2.47676 0 0
33.0583 #8 57.5104 40.4702 50 -1.45399 0 0
33.2849 #1 60.2089 135.168 50 -1.54066 0 0
33.2849 #2 223.891 264.306 50 4.02661 0 0
33.2849 #5 202.102 168.799 50 -2.47676 0 0
33.2849 #6 247.092 77.9056 50 2.09455 0 0
33.2849 #8 57.5104 40.4702 50 -1.45399 0 0
33.5252 #1 60.2089 135.168 50 -1.54066 0 0
33.5252 #2 223.891 264.306 50 4.02661 0 0
33.5252 #4 10.228 -48.0933 50 -0.314987 0 0
33.5252 #5 202.102 168.799 50 -2.47676 0 0
33.5252 #7 114.956 -86.7754 50 2.16701 0 0
33.5252 #8 57.5104 40.4702 50 -1.45399 0 0
33.7736 #1 60.2089 135.168 50 -1.54066 0 0
33.7736 #2 223.891 264.306 50 4.02661 0 0
33.7736 #5 202.102 168.799 50 -2.47676 0 0
33.7736 #6 247.092 77.9056 50 2.04648 0 0
33.7736 #8 57.5104 40.4702 50 -1.45399 0 0
33.9918 #1 60.2089 135.168 50 -1.54066 0 0
33.9918 #2 223.891 264.306 50 4.02661 0 0
33.9918 #4 10.228 -48.0933 50 -0.364652 0 0
33.9918 #5 202.102 168.799 50 -2.47676 0 0
33.9918 #7 114.956 -86.7754 50 2.11734 0 0
33.9918 #8 57.5104 40.4702 50 -1.45399 0 0
34.2249 #1 60.2089 135.168 50 -1.54066 0 0
34.2249 #2 223.891 264.306 50 4.02661 0 0
34.2249 #5 202.102 168.799 50 -2.47676 0 0
34.2249 #6 247.092 77.9056 50 2.00284 0 0
34.2249 #8 57.5104 40.4702 50 -1.45399 0 0
