0.459835 décomposition 0
1.63702 décomposition 0
2.58259 décomposition 0
3.2851 désintégration 0
7.73398 décontamination 4
9.60106 décomposition 3
10.3142 décontamination 9
10.7877 décomposition 8
11.7165 décontamination 11
13.1301 décontamination 16
14.0781 décomposition 15
14.2947 désintégration 15
15.697 désintégration 15
15.697 décomposition 14
15.9466 décontamination 16
16.4027 décontamination 19
16.6487 désintégration 19
16.8789 décomposition 18
17.3344 décomposition 16
17.3344 désintégration 16
17.5688 décomposition 16
17.5688 décomposition 15
17.5688 décomposition 14
18.0383 désintégration 14
18.5153 décomposition 14
18.7448 décomposition 14
19.4451 désintégration 14
19.6847 décomposition 13
19.6847 désintégration 13
19.9155 désintégration 13
20.3814 décomposition 12
20.624 décontamination 13
20.8589 désintégration 13
21.3427 décontamination 14
21.3427 décontamination 15
21.5552 décontamination 17
21.5552 décontamination 18
21.5552 désintégration 18
21.5552 désintégration 18
22.51 désintégration 18
22.7489 désintégration 18
22.9771 décontamination 19
23.4344 désintégration 19
23.4344 désintégration 19
24.1444 décomposition 19
24.6208 désintégration 19
24.8472 désintégration 19
25.3096 décontamination 20
25.5381 décontamination 21
26.0159 décontamination 22
26.0159 décontamination 24
26.265 décontamination 24
26.7208 décomposition 24
27.2048 désintégration 24
27.2048 désintégration 24
28.1212 décontamination 24
28.363 désintégration 24
28.6024 désintégration 24
28.835 désintégration 24
29.535 décontamination 25
29.535 décontamination 26
29.7607 décontamination 26
29.7607 désintégration 26
30.0129 décomposition 26
30.2423 désintégration 26
30.7033 décontamination 26
30.9372 désintégration 26
31.402 désintégration 26
31.6486 décontamination 27
31.6486 désintégration 27
32.1104 désintégration 27
32.344 décontamination 28
32.344 désintégration 28
32.5724 désintégration 28
32.8215 décontamination 28
33.0387 décontamination 29
34.2234 décomposition 28
36.0904 décontamination 29
37.9738 décontamination 29
41.9506 désintégration 29
44.7622 décontamination 29
45.9342 désintégration 29
