1.39806 #1 -886.598 830.614 50 0.745508 44.4075 55.5925
1.39806 #4 -886.598 -769.386 50 0.745508 44.4075 55.5925
1.62979 #1 -877.547 838.745 50 0.718291 44.4075 55.5925
1.62979 #4 -877.547 -761.255 50 0.718291 44.4075 55.5925
1.86173 #6 885.509 31.5847 50 2.43109 58.8561 41.1439
1.86173 #8 -868.688 46.2136 50 0.687622 43.9077 56.0923
2.3216 #5 -62.6089 861.322 50 2.77125 0 0
2.3216 #6 867.081 46.1511 50 2.51432 58.8561 41.1439
2.3216 #7 -62.6089 -738.678 50 2.77125 0 0
2.56015 #1 -841.272 867.286 50 0.614993 44.4075 55.5925
2.56015 #4 -841.272 -732.714 50 0.614993 44.4075 55.5925
2.56015 #6 857.974 52.4842 50 2.55362 58.8561 41.1439
2.80262 #1 -831.44 874.037 50 0.588311 44.4075 55.5925
2.80262 #4 -831.44 -725.963 50 0.588311 44.4075 55.5925
3.02283 #6 837.418 64.9565 50 2.63882 58.8561 41.1439
3.51497 #1 -801.39 892.415 50 0.509495 44.4075 55.5925
3.51497 #4 -801.39 -707.585 50 0.509495 44.4075 55.5925
3.75023 #8 -789.647 97.1862 50 0.457922 43.9077 56.0923
4.19864 #6 783.276 87.7535 50 2.8473 58.8561 41.1439
4.44185 #4 -759.515 -686.98 50 0.405047 44.4075 55.5925
4.66442 #4 -748.274 -682.341 50 0.377843 44.4075 55.5925
4.89673 #8 -736.488 118.907 50 0.317866 43.9077 56.0923
5.13641 #5 -74.1789 861.743 50 3.24467 71.7651 28.2349
5.13641 #6 738.509 97.4394 50 3.00973 58.8561 41.1439
5.13641 #8 -725.404 122.38 50 0.28956 43.9077 56.0923
5.37972 #4 -715.531 -670.795 50 0.300157 44.4075 55.5925
5.37972 #6 726.599 98.7625 50 3.05219 58.8561 41.1439
5.37972 #8 -713.871 125.634 50 0.260356 43.9077 56.0923
5.59953 #2 703.864 932.65 50 2.86761 55.3794 44.6206
5.59953 #4 -703.862 -667.357 50 0.272943 44.4075 55.5925
5.59953 #5 -97.7637 856.76 50 3.45492 71.7651 28.2349
5.84983 #1 -693.294 935.639 50 0.253235 44.5816 55.4184
6.31609 #4 -670.264 -659.337 50 0.195654 44.4075 55.5925
6.31609 #5 -128.549 841.365 50 3.75571 71.7651 28.2349
6.31609 #5 -138.179 833.774 50 3.86252 0 0
6.5541 #2 658.23 943.027 50 2.96836 55.3794 44.6206
6.5541 #4 -658.199 -657.118 50 0.16821 44.4075 55.5925
6.5541 #8 -655.981 136.677 50 0.116617 43.9077 56.0923
6.77444 #1 -646.552 945.187 50 0.149789 44.5816 55.4184
6.77444 #6 655.946 96.2075 50 3.30329 58.8561 41.1439
7.02823 #1 -635.64 946.701 50 0.125911 44.5816 55.4184
7.02823 #2 635.567 946.419 50 3.01767 55.3794 44.6206
7.50091 #4 -611.467 -651.684 50 0.0645355 44.7599 55.2401
7.97185 #1 -588.065 950.096 50 -0.00226863 39.1553 60.8447
8.18525 #4 -575.768 -650.716 50 -0.0103365 44.7599 55.2401
8.18525 #8 -573.344 137.978 50 -0.0851308 43.9077 56.0923
8.18525 #8 -562.725 136.932 50 -0.111133 0 0
8.42344 #1 -565.288 948.916 50 -0.101245 39.1553 60.8447
8.66999 #2 553.354 947.601 50 3.26965 59.4209 40.5791
9.13159 #1 -530.239 942.59 50 -0.255896 39.1553 60.8447
9.81979 #1 -497.521 931.347 50 -0.406113 39.1553 60.8447
9.81979 #6 511.022 26.0383 50 3.88172 0 0
10.0738 #1 -487.121 926.565 50 -0.455768 39.1553 60.8447
10.0738 #2 486.071 929.731 50 3.53275 59.4209 40.5791
10.0738 #7 -85.1539 -739.741 50 3.3309 71.9847 28.0153
10.295 #4 -471.643 -663.322 50 -0.230627 44.7599 55.2401
10.295 #7 -97.4687 -742.822 50 3.44259 71.9847 28.0153
10.5404 #4 -460.908 -665.975 50 -0.253805 44.7599 55.2401
10.5404 #5 -170.75 786.77 50 3.78719 22.5613 77.4387
10.5404 #7 -107.854 -746.608 50 3.53983 71.9847 28.0153
10.7589 #7 -118.888 -751.969 50 3.64777 71.9847 28.0153
11.0077 #4 -426.78 -676.202 50 -0.328499 0 0
11.0077 #5 -190.845 775.31 50 3.53261 22.5613 77.4387
11.0077 #5 -202.633 771.368 50 3.39608 0 0
11.0077 #7 -138.018 -765.307 50 3.8532 0 0
11.466 #3 406.066 -687.469 50 3.5494 0 0
11.9449 #1 -413.109 868.802 50 -0.8942 33.4185 66.5815
12.1783 #2 398.447 870.889 50 3.93316 59.4209 40.5791
12.3978 #1 -394.837 839.837 50 -1.12184 0 0
12.8722 #2 375.855 844.827 50 4.06323 59.4209 40.5791
12.8722 #2 368.904 835.23 50 4.10788 0 0
13.3408 #5 -202.633 771.368 50 2.97548 58.9643 41.0357
13.8089 #5 -226.144 774.289 50 3.06046 58.9643 41.0357
14.0488 #1 -391.749 829.064 50 -1.22408 80.1192 19.8808
14.0488 #1 -386.875 818.118 50 -1.07959 0 0
14.0488 #4 -377.032 -706.775 50 -0.724272 35.2418 64.7582
14.0488 #5 -237.337 774.973 50 3.10067 58.9643 41.0357
14.0488 #5 -249.327 775.206 50 3.14368 0 0
14.2807 #4 -368.338 -715.033 50 -0.79507 35.2418 64.7582
14.5145 #4 -360.509 -723.58 50 -0.86351 35.2418 64.7582
14.7456 #2 364.81 824.281 50 4.31958 35.0332 64.9668
14.7456 #3 330.703 -676.871 50 2.62053 43.9003 56.0997
14.7456 #4 -353.225 -732.722 50 -0.932527 35.2418 64.7582
14.9757 #4 -340.787 -752.119 50 -1.06866 0 0
15.2089 #2 354.543 803.654 50 4.18152 35.0332 64.9668
15.6816 #6 332.114 -52.8849 50 3.51225 0 0
15.914 #2 333.603 775.323 50 3.97022 35.0332 64.9668
16.3835 #2 316.533 759.158 50 3.82936 35.0332 64.9668
16.635 #2 296.84 745.232 50 3.68484 0 0
17.3423 #1 -379.335 810.317 50 -0.936825 0 0
17.57 #6 276.87 -74.802 50 3.4322 42.6833 57.3167
18.5103 #4 -301.986 -790.365 50 -0.0656201 0 0
18.5103 #7 -186.543 -790.078 50 2.90101 0 0
18.5103 #6 231.478 -85.0697 50 3.29589 42.6833 57.3167
18.9695 #4 -301.986 -790.365 50 -0.109023 0 0
18.9695 #7 -186.543 -790.078 50 2.85761 0 0
19.4422 #4 -301.986 -790.365 50 -0.155889 0 0
19.4422 #7 -186.543 -790.078 50 2.81074 0 0
19.4422 #2 273.194 742.293 50 3.26416 49.7684 50.2316
19.9098 #4 -301.986 -790.365 50 -0.203045 0 0
19.9098 #7 -186.543 -790.078 50 2.76359 0 0
19.9098 #6 161.484 -88.6816 50 3.09041 42.6833 57.3167
20.1331 #6 149.924 -87.8927 50 3.0565 42.6833 57.3167
20.3732 #4 -301.986 -790.365 50 -0.247706 0 0
20.3732 #7 -186.543 -790.078 50 2.71893 0 0
20.3732 #5 -259.976 769.694 50 3.53154 0 0
20.8382 #4 -301.986 -790.365 50 -0.294514 0 0
20.8382 #7 -186.543 -790.078 50 2.67212 0 0
20.8382 #2 203.526 733.94 50 3.25766 49.7684 50.2316
20.8382 #6 115.388 -83.162 50 2.95443 42.6833 57.3167
21.087 #6 104.079 -80.8217 50 2.92063 42.6833 57.3167
21.3028 #4 -301.986 -790.365 50 -0.344263 0 0
21.3028 #7 -186.543 -790.078 50 2.62237 0 0
21.7881 #4 -301.986 -790.365 50 -0.394041 0 0
21.7881 #7 -186.543 -790.078 50 2.57259 0 0
22.0101 #6 58.6125 -67.231 50 2.78163 42.6833 57.3167
22.2426 #4 -301.986 -790.365 50 -0.438455 0 0
22.2426 #7 -186.543 -790.078 50 2.52818 0 0
22.2426 #2 133.826 726.044 50 3.25116 49.7684 50.2316
22.2426 #8 -544.037 149.736 50 0.740425 0 0
22.4853 #6 37.6239 -58.5245 50 2.71512 42.6833 57.3167
22.7133 #4 -301.986 -790.365 50 -0.486994 0 0
22.7133 #7 -186.543 -790.078 50 2.47964 0 0
23.1827 #4 -301.986 -790.365 50 -0.536604 0 0
23.1827 #7 -186.543 -790.078 50 2.43003 0 0
23.6642 #1 -377.692 798.785 50 -1.36749 0 0
23.6642 #6 -14.0715 -29.3749 50 2.54121 42.6833 57.3167
23.6642 #6 -23.5749 -22.627 50 2.50709 0 0
24.1318 #4 -301.986 -790.365 50 -0.677289 0 0
24.1318 #7 -186.543 -790.078 50 2.28934 0 0
24.827 #4 -292.413 -796.687 50 -0.445572 0 0
24.827 #7 -193.642 -781.02 50 2.22632 0 0
25.2943 #4 -292.413 -796.687 50 -0.493603 0 0
25.2943 #7 -193.642 -781.02 50 2.17829 0 0
25.2943 #2 -18.2904 711.195 50 3.21442 48.9639 51.0361
25.2943 #8 -531.133 168.847 50 0.696523 0 0
25.5423 #2 -29.6199 710.395 50 3.20972 48.9639 51.0361
25.7599 #4 -292.413 -796.687 50 -0.543214 0 0
25.7599 #7 -193.642 -781.02 50 2.12868 0 0
25.992 #2 -52.8554 708.922 50 3.20007 48.9639 51.0361
26.2313 #4 -292.413 -796.687 50 -0.589633 0 0
26.2313 #7 -193.642 -781.02 50 2.08226 0 0
26.2313 #2 -64.4419 708.272 50 3.19526 48.9639 51.0361
26.2313 #6 -23.5749 -22.627 50 2.32888 69.4369 30.5631
26.6968 #4 -292.413 -796.687 50 -0.636778 0 0
26.6968 #7 -193.642 -781.02 50 2.03511 0 0
26.6968 #1 -367.26 765.341 50 -1.45504 0 0
26.9306 #2 -99.641 706.639 50 3.18065 48.9639 51.0361
27.1655 #4 -292.413 -796.687 50 -0.683538 0 0
27.1655 #7 -193.642 -781.02 50 1.98835 0 0
27.1655 #6 -61.2754 4.87783 50 2.69373 69.4369 30.5631
27.1655 #6 -72.0839 9.4755 50 2.78508 0 0
27.4104 #2 -123.067 705.837 50 3.17094 48.9639 51.0361
27.6354 #4 -292.413 -796.687 50 -0.73251 0 0
27.6354 #7 -193.642 -781.02 50 1.93938 0 0
28.1006 #4 -292.413 -796.687 50 -0.780509 0 0
28.1006 #7 -193.642 -781.02 50 1.89138 0 0
28.5754 #2 -182.3 704.826 50 3.14639 0 0
28.5754 #4 -292.413 -796.687 50 -0.830477 0 0
28.5754 #5 -259.976 769.694 50 4.28213 0 0
28.5754 #7 -193.642 -781.02 50 1.84141 0 0
28.8154 #1 -368.62 755.205 50 -1.57768 0 0
28.8154 #6 -72.0839 9.4755 50 3.06705 14.3021 85.6979
28.8154 #6 -83.9152 11.3875 50 2.89571 0 0
29.0454 #2 -182.3 704.826 50 3.09839 0 0
29.0454 #4 -292.413 -796.687 50 -0.878475 0 0
29.0454 #5 -259.976 769.694 50 4.23414 0 0
29.0454 #7 -193.642 -781.02 50 1.79341 0 0
29.0454 #8 -531.133 168.847 50 -0.00770325 18.822 81.178
29.0454 #8 -519.679 167.936 50 -0.151122 0 0
29.5106 #2 -182.3 704.826 50 3.05139 0 0
29.5106 #4 -292.413 -796.687 50 -0.925475 0 0
29.5106 #5 -259.976 769.694 50 4.18714 0 0
29.5106 #7 -193.642 -781.02 50 1.74641 0 0
29.9758 #2 -182.3 704.826 50 3.00139 0 0
29.9758 #4 -292.413 -796.687 50 -0.975476 0 0
29.9758 #5 -259.976 769.694 50 4.13713 0 0
29.9758 #7 -193.642 -781.02 50 1.69641 0 0
30.4458 #2 -182.3 704.826 50 2.95139 0 0
30.4458 #4 -292.413 -796.687 50 -1.02547 0 0
30.4458 #5 -259.976 769.694 50 4.08714 0 0
30.4458 #7 -193.642 -781.02 50 1.64642 0 0
30.4458 #3 -156.263 -122.551 50 1.6497 47.8774 52.1226
30.9356 #2 -182.3 704.826 50 2.90139 0 0
30.9356 #4 -292.413 -796.687 50 -1.07547 0 0
30.9356 #5 -259.976 769.694 50 4.03714 0 0
30.9356 #7 -193.642 -781.02 50 1.59642 0 0
31.3958 #2 -182.3 704.826 50 2.85539 0 0
31.3958 #4 -292.413 -796.687 50 -1.12147 0 0
31.3958 #5 -259.976 769.694 50 3.99114 0 0
31.3958 #7 -193.642 -781.02 50 1.55042 0 0
31.6356 #3 -159.424 -64.142 50 1.60003 0 0
31.6356 #6 -93.2378 18.1064 50 2.60853 0 0
31.8658 #2 -182.3 704.826 50 2.80742 0 0
31.8658 #5 -259.976 769.694 50 3.94317 0 0
32.095 #3 -159.424 -64.142 50 1.55399 0 0
32.095 #6 -93.2378 18.1064 50 2.5625 0 0
32.3347 #2 -182.3 704.826 50 2.76158 0 0
32.3347 #5 -259.976 769.694 50 3.89732 0 0
32.5663 #3 -159.424 -64.142 50 1.50605 0 0
32.5663 #6 -93.2378 18.1064 50 2.51455 0 0
32.7911 #1 -368.62 755.205 50 -0.827498 0 0
32.7911 #2 -182.3 704.826 50 2.71526 0 0
32.7911 #5 -259.976 769.694 50 3.851 0 0
33.0218 #3 -159.424 -64.142 50 1.46109 0 0
33.0218 #6 -93.2378 18.1064 50 2.4696 0 0
33.0218 #7 -189.8 -723.374 50 1.50606 50.1563 49.8437
33.2778 #1 -368.62 755.205 50 -0.873647 0 0
33.2778 #2 -182.3 704.826 50 2.66911 0 0
33.2778 #5 -259.976 769.694 50 3.80485 0 0
33.5109 #3 -159.424 -64.142 50 1.4099 0 0
33.5109 #6 -93.2378 18.1064 50 2.4184 0 0
33.5109 #7 -188.244 -699.088 50 1.50758 50.1563 49.8437
33.7281 #1 -368.62 755.205 50 -0.920256 0 0
33.7281 #2 -182.3 704.826 50 2.6225 0 0
33.7281 #5 -259.976 769.694 50 3.75825 0 0
33.977 #3 -159.424 -64.142 50 1.36644 0 0
33.977 #6 -93.2378 18.1064 50 2.37495 0 0
34.2002 #1 -368.62 755.205 50 -0.970021 0 0
34.2002 #2 -182.3 704.826 50 2.57273 0 0
34.2002 #5 -259.976 769.694 50 3.70848 0 0
34.4434 #3 -159.424 -64.142 50 1.3218 0 0
34.4434 #6 -93.2378 18.1064 50 2.33031 0 0
34.6719 #1 -368.62 755.205 50 -1.01867 0 0
34.6719 #2 -182.3 704.826 50 2.52409 0 0
34.6719 #5 -259.976 769.694 50 3.65984 0 0
34.9003 #3 -159.424 -64.142 50 1.2761 0 0
34.9003 #6 -93.2378 18.1064 50 2.28461 0 0
35.1487 #1 -368.62 755.205 50 -1.06434 0 0
35.1487 #2 -182.3 704.826 50 2.47841 0 0
35.1487 #5 -259.976 769.694 50 3.61416 0 0
35.1487 #7 -183.325 -618.114 50 1.51265 50.1563 49.8437
35.3949 #3 -159.424 -64.142 50 1.22641 0 0
35.3949 #6 -93.2378 18.1064 50 2.23492 0 0
35.3949 #8 -508.662 162.234 50 -0.387666 86.1909 13.8091
35.3949 #8 -496.914 158.618 50 -0.209487 0 0
35.6011 #1 -368.62 755.205 50 -1.11357 0 0
35.6011 #2 -182.3 704.826 50 2.42918 0 0
35.6011 #5 -259.976 769.694 50 3.56493 0 0
35.8499 #3 -159.424 -64.142 50 1.18517 0 0
35.8499 #6 -93.2378 18.1064 50 2.19367 0 0
36.0719 #1 -368.62 755.205 50 -1.16333 0 0
36.0719 #2 -182.3 704.826 50 2.37942 0 0
36.0719 #5 -259.976 769.694 50 3.51517 0 0
36.3409 #3 -159.424 -64.142 50 1.14076 0 0
36.3409 #6 -93.2378 18.1064 50 2.14926 0 0
36.5489 #1 -368.62 755.205 50 -1.21712 0 0
36.5489 #2 -182.3 704.826 50 2.32563 0 0
36.5489 #5 -259.976 769.694 50 3.46138 0 0
36.7727 #3 -159.424 -64.142 50 1.09915 0 0
36.7727 #6 -93.2378 18.1064 50 2.10765 0 0
36.7727 #7 -178.746 -535.808 50 1.5178 50.1563 49.8437
37.0164 #1 -368.62 755.205 50 -1.26187 0 0
37.0164 #2 -182.3 704.826 50 2.28088 0 0
37.0164 #5 -259.976 769.694 50 3.41663 0 0
37.2593 #3 -159.424 -64.142 50 1.05041 0 0
37.2593 #6 -93.2378 18.1064 50 2.05891 0 0
37.4844 #1 -368.62 755.205 50 -1.31046 0 0
37.4844 #2 -182.3 704.826 50 2.2323 0 0
37.4844 #5 -259.976 769.694 50 3.36804 0 0
37.7182 #3 -159.424 -64.142 50 1.00539 0 0
37.7182 #6 -93.2378 18.1064 50 2.01389 0 0
37.9453 #1 -368.62 755.205 50 -1.35722 0 0
37.9453 #2 -182.3 704.826 50 2.18554 0 0
37.9453 #5 -259.976 769.694 50 3.32129 0 0
38.1936 #3 -159.424 -64.142 50 0.959959 0 0
38.1936 #6 -93.2378 18.1064 50 1.96846 0 0
38.4221 #2 -182.3 704.826 50 2.1359 0 0
38.4221 #5 -259.976 769.694 50 3.27164 0 0
38.6484 #3 -159.424 -64.142 50 0.91426 0 0
38.6484 #6 -93.2378 18.1064 50 1.92276 0 0
38.6484 #7 -174.059 -442.27 50 1.52366 50.1563 49.8437
38.8885 #1 -366.631 744.071 50 -1.33545 0 0
38.8885 #2 -182.3 704.826 50 2.09063 0 0
38.8885 #5 -259.976 769.694 50 3.22637 0 0
39.1296 #3 -159.424 -64.142 50 0.866238 0 0
39.1296 #6 -93.2378 18.1064 50 1.87474 0 0
39.3507 #1 -366.631 744.071 50 -1.38368 0 0
39.3507 #2 -182.3 704.826 50 2.0424 0 0
39.3507 #5 -259.976 769.694 50 3.17815 0 0
39.3507 #7 -172.431 -406.928 50 1.52587 50.1563 49.8437
39.5933 #3 -159.424 -64.142 50 0.822016 0 0
39.5933 #6 -93.2378 18.1064 50 1.83052 0 0
39.8293 #1 -366.631 744.071 50 -1.43218 0 0
39.8293 #2 -182.3 704.826 50 1.9939 0 0
39.8293 #5 -259.976 769.694 50 3.12964 0 0
40.059 #6 -97.1668 28.8589 50 2.05894 0 0
40.3039 #1 -366.631 744.071 50 -1.47812 0 0
40.3039 #2 -182.3 704.826 50 1.94796 0 0
40.3039 #3 -152.079 -55.3391 50 0.976039 0 0
40.3039 #5 -259.976 769.694 50 3.08371 0 0
40.3039 #6 -97.1668 28.8589 50 2.05894 0 0
40.7591 #2 -182.3 704.826 50 1.9031 0 0
40.7591 #5 -259.976 769.694 50 3.03885 0 0
41.0001 #3 -152.079 -55.3391 50 0.885 0 0
41.0001 #6 -97.1668 28.8589 50 1.9679 0 0
41.0001 #8 -474.987 152.631 50 -0.177629 69.5361 30.4639
41.0001 #8 -463.047 151.063 50 -0.0834885 0 0
41.4643 #1 -357.432 710.533 50 -1.08319 0 0
41.4643 #2 -186.979 715.256 50 2.13012 0 0
41.4643 #3 -152.079 -55.3391 50 0.839132 0 0
41.4643 #5 -271.406 769.846 50 3.26587 0 0
41.4643 #6 -97.1668 28.8589 50 1.92203 0 0
41.4643 #7 -168.21 -302.025 50 1.54519 51.5128 48.4872
41.7055 #7 -167.951 -290.283 50 1.5523 51.5128 48.4872
41.9303 #1 -357.432 710.533 50 -1.13142 0 0
41.9303 #2 -186.979 715.256 50 2.08189 0 0
41.9303 #3 -152.079 -55.3391 50 0.790902 0 0
41.9303 #5 -271.406 769.846 50 3.21764 0 0
41.9303 #6 -97.1668 28.8589 50 1.8738 0 0
42.186 #7 -167.684 -266.987 50 1.56639 51.5128 48.4872
42.4166 #1 -357.432 710.533 50 -1.18256 0 0
42.4166 #2 -186.979 715.256 50 2.03074 0 0
42.4166 #3 -152.079 -55.3391 50 0.739758 0 0
42.4166 #5 -271.406 769.846 50 3.16649 0 0
42.4166 #6 -97.1668 28.8589 50 1.82266 0 0
42.8762 #1 -357.432 710.533 50 -1.22789 0 0
42.8762 #2 -186.979 715.256 50 1.98541 0 0
42.8762 #3 -152.079 -55.3391 50 0.694427 0 0
42.8762 #5 -271.406 769.846 50 3.12116 0 0
42.8762 #6 -97.1668 28.8589 50 1.77733 0 0
43.3405 #1 -357.432 710.533 50 -1.2767 0 0
43.3405 #3 -152.079 -55.3391 50 0.645621 0 0
43.3405 #5 -271.406 769.846 50 3.07235 0 0
43.3405 #6 -97.1668 28.8589 50 1.72852 0 0
43.5914 #2 -192.224 724.903 50 2.20093 0 0
43.5914 #5 -271.406 769.846 50 3.07235 0 0
43.8033 #2 -192.224 724.903 50 2.20093 0 0
43.8033 #3 -152.079 -55.3391 50 0.595445 0 0
43.8033 #5 -271.406 769.846 50 3.07235 0 0
43.8033 #6 -97.1668 28.8589 50 1.67835 0 0
43.8033 #7 -169.405 -183.956 50 1.61665 51.5128 48.4872
44.0436 #2 -192.224 724.903 50 2.20093 0 0
44.0436 #5 -271.406 769.846 50 3.07235 0 0
44.0436 #8 -440.307 154.007 50 -0.0749697 12.5961 87.4039
44.2729 #2 -192.224 724.903 50 2.20093 0 0
44.2729 #3 -152.079 -55.3391 50 0.547383 0 0
44.2729 #5 -271.406 769.846 50 3.07235 0 0
44.2729 #6 -97.1668 28.8589 50 1.63029 0 0
44.2729 #1 -357.432 710.533 50 -1.41731 52.3016 47.6984
44.5135 #2 -192.224 724.903 50 2.20093 0 0
44.5135 #3 -152.079 -55.3391 50 0.547383 0 0
44.5135 #5 -271.406 769.846 50 3.07235 0 0
44.5135 #7 -171.318 -149.936 50 1.63727 0 0
44.5135 #8 -417.678 148.214 50 -0.426268 12.5961 87.4039
44.7517 #2 -192.224 724.903 50 2.20093 0 0
44.7517 #3 -152.079 -55.3391 50 0.547383 0 0
44.7517 #5 -271.406 769.846 50 3.07235 0 0
44.7517 #7 -171.318 -149.936 50 1.63727 0 0
44.7517 #8 -407.231 142.284 50 -0.606237 12.5961 87.4039
44.7517 #8 -398.096 134.662 50 -0.78447 0 0
44.9995 #2 -192.224 724.903 50 2.20093 0 0
44.9995 #3 -152.079 -55.3391 50 0.547383 0 0
44.9995 #5 -271.406 769.846 50 3.07235 0 0
44.9995 #7 -171.318 -149.936 50 1.63727 0 0
44.9995 #1 -351.449 675.637 50 -1.38472 52.3016 47.6984
45.2308 #2 -192.224 724.903 50 2.20093 0 0
45.2308 #3 -152.079 -55.3391 50 0.547383 0 0
45.2308 #5 -271.406 769.846 50 3.07235 0 0
45.2308 #7 -171.318 -149.936 50 1.63727 0 0
45.2308 #1 -349.088 663.475 50 -1.37331 52.3016 47.6984
45.4532 #2 -192.224 724.903 50 2.20093 0 0
45.4532 #3 -152.079 -55.3391 50 0.547383 0 0
45.4532 #5 -271.406 769.846 50 3.07235 0 0
45.4532 #7 -171.318 -149.936 50 1.63727 0 0
45.6897 #2 -192.224 724.903 50 2.20093 0 0
45.6897 #3 -152.079 -55.3391 50 0.547383 0 0
45.6897 #5 -271.406 769.846 50 3.07235 0 0
45.6897 #7 -171.318 -149.936 50 1.63727 0 0
45.9133 #2 -192.224 724.903 50 2.20093 0 0
45.9133 #3 -152.079 -55.3391 50 0.547383 0 0
45.9133 #5 -271.406 769.846 50 3.07235 0 0
45.9133 #7 -171.318 -149.936 50 1.63727 0 0
45.9133 #6 -132.687 69.5962 50 2.9936 99.1503 0.849744
46.1637 #2 -192.224 724.903 50 2.20093 0 0
46.1637 #3 -152.079 -55.3391 50 0.547383 0 0
46.1637 #5 -271.406 769.846 50 3.07235 0 0
46.1637 #7 -171.318 -149.936 50 1.63727 0 0
46.1637 #1 -339.184 618.877 50 -1.33125 52.3016 47.6984
46.1637 #6 -143.837 70.0211 50 3.21341 99.1503 0.849744
46.1637 #6 -156.088 67.6029 50 3.45954 0 0
46.3891 #2 -192.224 724.903 50 2.20093 0 0
46.3891 #3 -152.079 -55.3391 50 0.547383 0 0
46.3891 #5 -271.406 769.846 50 3.07235 0 0
46.3891 #7 -171.318 -149.936 50 1.63727 0 0
46.6211 #2 -192.224 724.903 50 2.20093 0 0
46.6211 #3 -152.079 -55.3391 50 0.547383 0 0
46.6211 #5 -271.406 769.846 50 3.07235 0 0
46.6211 #7 -171.318 -149.936 50 1.63727 0 0
46.6211 #1 -333.287 595.828 50 -1.30935 52.3016 47.6984
46.8585 #2 -192.224 724.903 50 2.20093 0 0
46.8585 #3 -152.079 -55.3391 50 0.547383 0 0
46.8585 #5 -271.406 769.846 50 3.07235 0 0
46.8585 #7 -171.318 -149.936 50 1.63727 0 0
46.8585 #1 -330.228 584.637 50 -1.29867 52.3016 47.6984
47.1022 #2 -192.224 724.903 50 2.20093 0 0
47.1022 #3 -152.079 -55.3391 50 0.547383 0 0
47.1022 #5 -271.406 769.846 50 3.07235 0 0
47.1022 #7 -171.318 -149.936 50 1.63727 0 0
47.1022 #1 -326.976 573.223 50 -1.28774 52.3016 47.6984
47.3258 #2 -192.224 724.903 50 2.20093 0 0
47.3258 #3 -152.079 -55.3391 50 0.547383 0 0
47.3258 #5 -271.406 769.846 50 3.07235 0 0
47.3258 #7 -171.318 -149.936 50 1.63727 0 0
47.3258 #8 -393.249 123.49 50 -1.1171 68.2083 31.7917
47.5562 #2 -192.224 724.903 50 2.20093 0 0
47.5562 #3 -152.079 -55.3391 50 0.547383 0 0
47.5562 #5 -271.406 769.846 50 3.07235 0 0
47.5562 #7 -171.318 -149.936 50 1.63727 0 0
47.5562 #8 -387.944 113.649 50 -1.03565 68.2083 31.7917
47.7936 #2 -192.224 724.903 50 2.20093 0 0
47.7936 #3 -152.079 -55.3391 50 0.547383 0 0
47.7936 #5 -271.406 769.846 50 3.07235 0 0
47.7936 #7 -171.318 -149.936 50 1.63727 0 0
47.7936 #8 -381.661 103.999 50 -0.951756 68.2083 31.7917
48.0349 #2 -192.224 724.903 50 2.20093 0 0
48.0349 #3 -152.079 -55.3391 50 0.547383 0 0
48.0349 #5 -271.406 769.846 50 3.07235 0 0
48.0349 #7 -171.318 -149.936 50 1.63727 0 0
48.0349 #1 -312.931 528.633 50 -1.24034 53.2193 46.7807
48.27 #2 -192.224 724.903 50 2.20093 0 0
48.27 #3 -152.079 -55.3391 50 0.547383 0 0
48.27 #5 -271.406 769.846 50 3.07235 0 0
48.27 #7 -171.318 -149.936 50 1.63727 0 0
48.4955 #2 -192.224 724.903 50 2.20093 0 0
48.4955 #3 -152.079 -55.3391 50 0.547383 0 0
48.4955 #5 -271.406 769.846 50 3.07235 0 0
48.4955 #7 -171.318 -149.936 50 1.63727 0 0
48.4955 #4 -26.3233 -162.019 50 2.05551 55.2641 44.7359
48.7333 #2 -192.224 724.903 50 2.20093 0 0
48.7333 #3 -152.079 -55.3391 50 0.547383 0 0
48.7333 #5 -271.406 769.846 50 3.07235 0 0
48.7333 #7 -171.318 -149.936 50 1.63727 0 0
48.7333 #1 -300.798 495.706 50 -1.19515 53.2193 46.7807
48.7333 #4 -31.6942 -152.107 50 2.07925 55.2641 44.7359
48.7333 #8 -348.46 71.1065 50 -0.6097 68.2083 31.7917
48.7333 #8 -338.43 64.7281 50 -0.523098 0 0
48.9763 #2 -192.224 724.903 50 2.20093 0 0
48.9763 #3 -152.079 -55.3391 50 0.547383 0 0
48.9763 #5 -271.406 769.846 50 3.07235 0 0
48.9763 #7 -171.318 -149.936 50 1.63727 0 0
48.9763 #1 -296.351 484.678 50 -1.17984 53.2193 46.7807
49.2185 #2 -192.224 724.903 50 2.20093 0 0
49.2185 #3 -152.079 -55.3391 50 0.547383 0 0
49.2185 #5 -271.406 769.846 50 3.07235 0 0
49.2185 #7 -171.318 -149.936 50 1.63727 0 0
49.2185 #1 -291.634 473.483 50 -1.16419 53.2193 46.7807
49.4346 #2 -192.224 724.903 50 2.20093 0 0
49.4346 #3 -152.079 -55.3391 50 0.547383 0 0
49.4346 #5 -271.406 769.846 50 3.07235 0 0
49.4346 #7 -171.318 -149.936 50 1.63727 0 0
49.4346 #4 -50.4775 -121.23 50 2.15537 55.2641 44.7359
49.6771 #2 -192.224 724.903 50 2.20093 0 0
49.6771 #3 -152.079 -55.3391 50 0.547383 0 0
49.6771 #5 -271.406 769.846 50 3.07235 0 0
49.6771 #7 -171.318 -149.936 50 1.63727 0 0
49.6771 #1 -282.262 452.572 50 -1.13468 53.2193 46.7807
49.8999 #2 -192.224 724.903 50 2.20093 0 0
49.8999 #3 -152.079 -55.3391 50 0.547383 0 0
49.8999 #4 -63.5874 -102.421 50 2.20365 0 0
49.8999 #5 -271.406 769.846 50 3.07235 0 0
49.8999 #7 -171.318 -149.936 50 1.63727 0 0
49.8999 #6 -162.881 58.7996 50 3.94814 0 0
50.1432 #2 -192.224 724.903 50 2.20093 0 0
50.1432 #3 -152.079 -55.3391 50 0.547383 0 0
50.1432 #5 -271.406 769.846 50 3.07235 0 0
50.1432 #7 -171.318 -149.936 50 1.63727 0 0
50.3688 #2 -192.224 724.903 50 2.20093 0 0
50.3688 #3 -152.079 -55.3391 50 0.547383 0 0
50.3688 #4 -63.5874 -102.421 50 2.155 0 0
50.3688 #5 -271.406 769.846 50 3.07235 0 0
50.3688 #7 -171.318 -149.936 50 1.63727 0 0
50.6035 #2 -192.224 724.903 50 2.20093 0 0
50.6035 #3 -152.079 -55.3391 50 0.547383 0 0
50.6035 #5 -271.406 769.846 50 3.07235 0 0
50.6035 #7 -171.318 -149.936 50 1.63727 0 0
50.8343 #2 -192.224 724.903 50 2.20093 0 0
50.8343 #3 -152.079 -55.3391 50 0.547383 0 0
50.8343 #4 -63.5874 -102.421 50 2.10807 0 0
50.8343 #5 -271.406 769.846 50 3.07235 0 0
50.8343 #7 -171.318 -149.936 50 1.63727 0 0
50.8343 #8 -338.43 64.7281 50 -0.246376 19.378 80.622
50.8343 #8 -327.473 61.1328 50 -0.387742 0 0
51.0689 #2 -192.224 724.903 50 2.20093 0 0
51.0689 #3 -152.079 -55.3391 50 0.547383 0 0
51.0689 #5 -271.406 769.846 50 3.07235 0 0
51.0689 #7 -171.318 -149.936 50 1.63727 0 0
51.3078 #2 -192.224 724.903 50 2.20093 0 0
51.3078 #3 -152.079 -55.3391 50 0.547383 0 0
51.3078 #4 -63.5874 -102.421 50 2.06114 0 0
51.3078 #5 -271.406 769.846 50 3.07235 0 0
51.3078 #7 -171.318 -149.936 50 1.63727 0 0
51.5464 #2 -192.224 724.903 50 2.20093 0 0
51.5464 #3 -152.079 -55.3391 50 0.547383 0 0
51.5464 #5 -271.406 769.846 50 3.07235 0 0
51.5464 #7 -171.318 -149.936 50 1.63727 0 0
51.7772 #2 -192.224 724.903 50 2.20093 0 0
51.7772 #3 -152.079 -55.3391 50 0.547383 0 0
51.7772 #4 -63.5874 -102.421 50 2.01342 0 0
51.7772 #5 -271.406 769.846 50 3.07235 0 0
51.7772 #7 -171.318 -149.936 50 1.63727 0 0
52.0079 #2 -192.224 724.903 50 2.20093 0 0
52.0079 #3 -152.079 -55.3391 50 0.547383 0 0
52.0079 #5 -271.406 769.846 50 3.07235 0 0
52.0079 #7 -171.318 -149.936 50 1.63727 0 0
52.2457 #2 -192.224 724.903 50 2.20093 0 0
52.2457 #3 -152.079 -55.3391 50 0.547383 0 0
52.2457 #4 -63.5874 -102.421 50 1.96728 0 0
52.2457 #5 -271.406 769.846 50 3.07235 0 0
52.2457 #7 -171.318 -149.936 50 1.63727 0 0
52.2457 #6 -173.714 53.9073 50 3.60502 0 0
52.4956 #2 -192.224 724.903 50 2.20093 0 0
52.4956 #3 -152.079 -55.3391 50 0.547383 0 0
52.4956 #5 -271.406 769.846 50 3.07235 0 0
52.4956 #7 -171.318 -149.936 50 1.63727 0 0
52.7283 #2 -192.224 724.903 50 2.20093 0 0
52.7283 #3 -152.079 -55.3391 50 0.547383 0 0
52.7283 #4 -63.5874 -102.421 50 1.91731 0 0
52.7283 #5 -271.406 769.846 50 3.07235 0 0
52.7283 #7 -171.318 -149.936 50 1.63727 0 0
52.9508 #2 -192.224 724.903 50 2.20093 0 0
52.9508 #3 -152.079 -55.3391 50 0.547383 0 0
52.9508 #5 -271.406 769.846 50 3.07235 0 0
52.9508 #7 -171.318 -149.936 50 1.63727 0 0
53.1898 #2 -192.224 724.903 50 2.20093 0 0
53.1898 #3 -152.079 -55.3391 50 0.547383 0 0
53.1898 #4 -63.5874 -102.421 50 1.8728 0 0
53.1898 #5 -271.406 769.846 50 3.07235 0 0
53.1898 #7 -171.318 -149.936 50 1.63727 0 0
53.1898 #1 -190.667 302.945 50 -0.90829 53.2193 46.7807
53.1898 #8 -327.473 61.1328 50 -0.811045 88.5138 11.4862
53.4202 #2 -192.224 724.903 50 2.20093 0 0
53.4202 #3 -152.079 -55.3391 50 0.547383 0 0
53.4202 #5 -271.406 769.846 50 3.07235 0 0
53.4202 #7 -171.318 -149.936 50 1.63727 0 0
53.4202 #1 -183.246 293.582 50 -0.892905 53.2193 46.7807
53.4202 #8 -318.496 53.2749 50 -0.626992 88.5138 11.4862
53.4202 #8 -308.617 47.3766 50 -0.449505 0 0
53.6639 #2 -192.224 724.903 50 2.20093 0 0
53.6639 #3 -152.079 -55.3391 50 0.547383 0 0
53.6639 #5 -271.406 769.846 50 3.07235 0 0
53.6639 #7 -171.318 -149.936 50 1.63727 0 0
53.6639 #1 -175.954 284.663 50 -0.87807 53.2193 46.7807
53.6639 #1 -168.097 275.345 50 -0.862374 0 0
53.8889 #2 -192.224 724.903 50 2.20093 0 0
53.8889 #3 -152.079 -55.3391 50 0.547383 0 0
53.8889 #4 -63.5874 -102.421 50 1.77797 0 0
53.8889 #5 -271.406 769.846 50 3.07235 0 0
53.8889 #7 -171.318 -149.936 50 1.63727 0 0
53.8889 #6 -193.848 42.1303 50 3.50183 0 0
54.1281 #2 -192.224 724.903 50 2.20093 0 0
54.1281 #3 -152.079 -55.3391 50 0.547383 0 0
54.1281 #5 -271.406 769.846 50 3.07235 0 0
54.1281 #7 -171.318 -149.936 50 1.63727 0 0
54.3699 #2 -192.224 724.903 50 2.20093 0 0
54.3699 #3 -152.079 -55.3391 50 0.547383 0 0
54.3699 #4 -63.5874 -102.421 50 1.73012 0 0
54.3699 #5 -271.406 769.846 50 3.07235 0 0
54.3699 #7 -171.318 -149.936 50 1.63727 0 0
54.3699 #1 -160.347 266.098 50 -0.977009 0 0
54.5937 #2 -192.224 724.903 50 2.20093 0 0
54.5937 #3 -152.079 -55.3391 50 0.547383 0 0
54.5937 #5 -271.406 769.846 50 3.07235 0 0
54.5937 #7 -171.318 -149.936 50 1.63727 0 0
54.8383 #2 -192.224 724.903 50 2.20093 0 0
54.8383 #3 -152.079 -55.3391 50 0.547383 0 0
54.8383 #4 -63.5874 -102.421 50 1.68535 0 0
54.8383 #5 -271.406 769.846 50 3.07235 0 0
54.8383 #7 -171.318 -149.936 50 1.63727 0 0
55.0554 #2 -192.224 724.903 50 2.20093 0 0
55.0554 #3 -152.079 -55.3391 50 0.547383 0 0
55.0554 #5 -271.406 769.846 50 3.07235 0 0
55.0554 #7 -171.318 -149.936 50 1.63727 0 0
55.2872 #2 -192.224 724.903 50 2.20093 0 0
55.2872 #3 -152.079 -55.3391 50 0.547383 0 0
55.2872 #4 -63.5874 -102.421 50 1.64193 0 0
55.2872 #5 -271.406 769.846 50 3.07235 0 0
55.2872 #7 -171.318 -149.936 50 1.63727 0 0
55.5317 #2 -192.224 724.903 50 2.20093 0 0
55.5317 #3 -152.079 -55.3391 50 0.547383 0 0
55.5317 #5 -271.406 769.846 50 3.07235 0 0
55.5317 #7 -171.318 -149.936 50 1.63727 0 0
55.7628 #2 -192.224 724.903 50 2.20093 0 0
55.7628 #3 -152.079 -55.3391 50 0.547383 0 0
55.7628 #4 -63.5874 -102.421 50 1.59303 0 0
55.7628 #5 -271.406 769.846 50 3.07235 0 0
55.7628 #7 -171.318 -149.936 50 1.63727 0 0
55.9969 #2 -192.224 724.903 50 2.20093 0 0
55.9969 #3 -152.079 -55.3391 50 0.547383 0 0
55.9969 #5 -271.406 769.846 50 3.07235 0 0
55.9969 #7 -171.318 -149.936 50 1.63727 0 0
56.2266 #2 -192.224 724.903 50 2.20093 0 0
56.2266 #3 -152.079 -55.3391 50 0.547383 0 0
56.2266 #4 -63.5874 -102.421 50 1.54622 0 0
56.2266 #5 -271.406 769.846 50 3.07235 0 0
56.2266 #7 -171.318 -149.936 50 1.63727 0 0
56.4595 #2 -192.224 724.903 50 2.20093 0 0
56.4595 #3 -152.079 -55.3391 50 0.547383 0 0
56.4595 #5 -271.406 769.846 50 3.07235 0 0
56.4595 #7 -171.318 -149.936 50 1.63727 0 0
56.7145 #2 -192.224 724.903 50 2.20093 0 0
56.7145 #3 -152.079 -55.3391 50 0.547383 0 0
56.7145 #5 -271.406 769.846 50 3.07235 0 0
56.7145 #7 -171.318 -149.936 50 1.63727 0 0
57.2564 #2 -192.224 724.903 50 2.20093 0 0
57.2564 #3 -152.079 -55.3391 50 0.547383 0 0
57.2564 #5 -271.406 769.846 50 3.07235 0 0
57.2564 #7 -171.318 -149.936 50 1.63727 0 0
