3.98636 #7 492.415 -243.224 50 5.8086 10 -10  #12 600 -300 75 90
4.93634 #3 416.232 305.225 50 3.20286 10 -10  #14 300 300 75 90
4.93634 #5 735.532 -31.9468 50 -1.44721 -10 10  #10 750 -150 75 90
5.39079 #2 -477.084 246.726 50 3.23866 -10 10  #1 -675 225 150 90
5.39079 #6 -477.084 -246.726 50 3.04452 10 -10  #5 -675 -225 150 90
5.63228 #1 -32.2028 270.001 50 3.37205 10 -10  #2 -225 225 150 90
5.63228 #8 -32.2028 -270.001 50 2.91114 -10 10  #6 -225 -225 150 90
9.39945 #3 334.901 265.089 50 4.42185 10 -10  #13 300 150 75 90
10.5515 #7 637.534 -288.323 50 6.59301 -10 10  #19 713 -263 37 90
11.0322 #5 597.359 31.9546 50 -4.72292 -10 10  #24 600 150 75 90
11.9761 #1 35.9116 132.107 50 6.44797 10 -10  #16 150 150 75 90
12.8937 #8 45.6794 -143.844 50 -0.410513 -10 10  #7 225 -225 150 90
14.7805 #7 649.582 -286.359 50 5.59417 -10 10  #20 713 -337 37 90
17.8299 #7 715.008 -335.802 50 5.958 10 -10  #28 769 -355 18 90
19.9258 #5 634.741 115.125 50 -6.00377 -10 10  #21 750 150 75 90
21.5655 #7 749.638 -339.579 50 6.16176 -10 10  #35 796 -346 9 90
23.4402 #7 749.638 -339.579 50 5.78683 10 -10  #36 796 -364 9 90
24.1455 #5 712.022 181.069 50 -4.7279 10 -10  #32 713 263 37 90
29.7641 #5 710.855 250.559 50 -4.72366 10 -10  #31 713 337 37 90
43.4466 #5 835.65 -256.366 50 -8.24092 -10 10  #38 814 -310 9 90
43.4466 #7 765.936 -357.364 50 6.8238 10 -10  #37 814 -328 9 90
