4.44185 #5 -62.6089 861.322 50 3.01042 -10 10  #12 -175 875 75 90
8.89827 #5 -138.179 833.774 50 4.37896 10 -10  #11 -175 725 75 90
9.13159 #7 -62.6089 -738.678 50 3.00682 -10 10  #24 -175 -725 75 90
11.466 #6 511.022 26.0383 50 4.21097 10 -10  #7 425 -125 125 88
12.6352 #3 406.066 -687.469 50 3.78324 10 -10  #6 250 -800 150 90
12.8722 #5 -202.633 771.368 50 3.02317 -10 10  #32 -270 780 18 90
13.3408 #1 -394.837 839.837 50 -1.31044 -10 10  #45 -380 780 18 90
14.0488 #2 368.904 835.23 50 4.3432 10 -10  #15 325 725 75 90
15.447 #5 -249.327 775.206 50 2.86403 10 -10  #40 -297 789 9 90
15.6816 #8 -562.725 136.932 50 -0.760399 10 -10  #50 -487 63 62 88
15.914 #6 332.114 -52.8849 50 3.55873 10 -10  #10 175 -125 125 88
16.862 #1 -386.875 818.118 50 -0.7128 10 -10  #44 -344 780 18 90
16.862 #4 -340.787 -752.119 50 -1.44593 -10 10  #26 -325 -875 75 90
16.862 #7 -138.018 -765.307 50 4.37098 -10 10  #23 -175 -875 75 90
17.3423 #5 -249.327 775.206 50 3.24308 10 -10  #39 -297 771 9 90
18.5103 #2 296.84 745.232 50 3.30977 -10 10  #18 175 725 75 90
19.9098 #5 -249.327 775.206 50 3.66226 10 -10  #34 -306 744 18 90
21.3028 #1 -379.335 810.317 50 -1.72892 10 -10  #61 -389 753 9 90
21.5516 #8 -562.725 136.932 50 0.413614 10 -10  #86 -518 156 31 88
22.4853 #5 -259.976 769.694 50 3.10911 10 -10  #42 -315 771 9 90
23.1827 #1 -379.335 810.317 50 -1.44144 -10 10  #60 -371 753 9 90
24.5844 #8 -544.037 149.736 50 1.20878 10 -10  #85 -518 218 31 88
25.7599 #1 -377.692 798.785 50 -1.03538 -10 10  #43 -344 744 18 90
25.7599 #6 -23.5749 -22.627 50 2.3753 -10 10  #71 -82 32 31 88
28.3504 #1 -367.26 765.341 50 -1.78577 -10 10  #29 -380 706 18 90
28.3504 #6 -72.0839 9.4755 50 3.02205 10 -10  #87 -129 17 15 88
28.5754 #8 -531.133 168.847 50 0.0402947 -10 10  #97 -471 171 15 88
30.9356 #6 -83.9152 11.3875 50 2.47166 -10 10  #88 -129 47 15 88
32.3347 #1 -368.62 755.205 50 -0.873817 10 -10  #80 -335 715 9 90
34.6719 #8 -519.679 167.936 50 -0.521816 -10 10  #98 -471 141 15 88
40.059 #8 -496.914 158.618 50 -0.306487 -10 10  #95 -441 141 15 88
43.1203 #8 -463.047 151.063 50 0.340547 10 -10  #48 -363 187 62 88
49.4346 #6 -156.088 67.6029 50 4.11372 10 -10  #107 -191 17 15 88
50.3688 #8 -338.43 64.7281 50 -0.293306 10 -10  #121 -283 47 15 88
52.7283 #8 -327.473 61.1328 50 -0.766537 -10 10  #122 -283 17 15 88
53.1898 #6 -173.714 53.9073 50 3.79383 10 -10  #110 -221 17 15 88
53.8889 #1 -168.097 275.345 50 -0.817384 10 -10  #124 -129 233 15 88
57.2564 #1 -160.347 266.098 50 -1.55431 -10 10  #126 -159 203 15 88
