0.466975 décomposition 0
2.09973 désintégration 0
3.75023 décomposition 0
4.44185 décontamination 2
4.66442 décomposition 2
5.84983 décomposition 2
6.5541 décomposition 2
7.02823 désintégration 2
7.02823 désintégration 2
7.50091 décomposition 2
7.97185 désintégration 2
7.97185 décomposition 2
8.18525 désintégration 2
8.89827 décontamination 4
9.13159 décontamination 6
9.59085 décomposition 5
9.81979 désintégration 5
10.0738 décomposition 5
11.0077 décomposition 5
11.466 décontamination 9
11.9449 décomposition 8
12.1783 désintégration 8
12.1783 décomposition 8
12.3978 décomposition 8
12.6352 décontamination 11
12.6352 décomposition 11
12.6352 décomposition 11
12.8722 décontamination 11
12.8722 désintégration 11
13.3408 décontamination 11
13.3408 désintégration 11
13.8089 désintégration 11
14.0488 décontamination 13
14.2807 désintégration 13
14.5145 décomposition 12
14.7456 désintégration 12
15.447 décontamination 12
15.447 décomposition 12
15.6816 décontamination 13
15.914 décontamination 17
16.1522 désintégration 17
16.862 décontamination 17
16.862 décontamination 19
16.862 décontamination 20
17.0862 désintégration 20
17.3423 décontamination 20
17.3423 désintégration 20
18.5103 décontamination 21
18.5103 décomposition 21
18.7273 décomposition 20
18.9695 désintégration 20
19.2039 désintégration 20
19.2039 désintégration 20
19.9098 décontamination 21
20.1331 décomposition 20
20.1331 décomposition 20
20.3732 désintégration 20
21.3028 décontamination 20
21.5516 décontamination 21
21.7881 décomposition 20
22.2426 désintégration 20
22.4853 décontamination 20
22.4853 désintégration 20
22.9614 désintégration 20
22.9614 décomposition 20
23.1827 décontamination 20
23.1827 décomposition 20
23.4311 désintégration 20
24.1318 désintégration 20
24.1318 désintégration 20
24.3542 désintégration 20
24.5844 décontamination 21
25.2943 désintégration 21
25.7599 décontamination 21
25.7599 décontamination 22
26.9306 désintégration 22
27.8754 désintégration 22
27.8754 désintégration 22
28.3504 décontamination 22
28.3504 décontamination 23
28.3504 désintégration 23
28.5754 décontamination 23
29.9758 désintégration 23
30.4458 désintégration 23
30.9356 décontamination 23
32.3347 décontamination 23
32.5663 décomposition 23
33.0218 désintégration 23
33.0218 décomposition 22
33.0218 désintégration 22
33.2778 désintégration 22
33.7281 décomposition 22
33.7281 désintégration 22
33.977 décomposition 21
34.2002 désintégration 21
34.4434 désintégration 21
34.6719 décontamination 22
35.1487 désintégration 22
37.2593 désintégration 22
37.9453 désintégration 22
37.9453 désintégration 22
40.059 décontamination 22
40.059 désintégration 22
40.3039 désintégration 22
41.2294 désintégration 22
41.9303 décomposition 22
42.4166 désintégration 22
42.6433 désintégration 22
43.1203 décontamination 23
43.3405 décomposition 23
43.5914 désintégration 23
44.0436 désintégration 23
44.2729 désintégration 23
46.3891 désintégration 23
47.1022 désintégration 23
48.27 désintégration 23
49.4346 décontamination 23
50.3688 décontamination 24
50.3688 désintégration 24
51.5464 désintégration 24
52.7283 décontamination 24
53.1898 décontamination 24
53.8889 décontamination 25
53.8889 désintégration 25
56.4595 désintégration 25
57.2564 décontamination 25
