0.238905 décomposition 0
1.41764 décomposition 0
2.10831 désintégration 0
3.98636 décontamination 4
4.93634 décontamination 8
4.93634 décontamination 12
5.39079 décontamination 20
5.39079 décontamination 29
5.39079 désintégration 29
5.63228 décontamination 37
5.63228 décontamination 45
6.57437 décomposition 42
8.67704 décomposition 36
9.39945 décontamination 40
10.5515 décontamination 41
11.0322 décontamination 45
11.9761 décontamination 48
12.8937 décontamination 55
12.8937 décomposition 53
14.7805 décontamination 54
14.7805 désintégration 54
15.0111 désintégration 54
16.183 décomposition 51
17.8299 décontamination 52
19.4568 décomposition 51
19.9258 décontamination 54
20.8805 désintégration 54
20.8805 désintégration 54
21.5655 décontamination 54
23.4402 décontamination 55
24.1455 décontamination 56
25.7897 désintégration 56
27.6676 désintégration 56
28.1455 désintégration 56
29.7641 décontamination 58
30.946 décomposition 57
31.1691 désintégration 57
37.1242 désintégration 57
43.4466 décontamination 57
43.4466 décontamination 58
