18.5103 #4 -301.986 -790.365 50 -0.0656201 110 -10  #7 -186.543 -790.078 50 2.90101 -10 110
18.5103 #7 -186.543 -790.078 50 2.90101 -10 110  #4 -301.986 -790.365 50 -0.0656201 0 0
18.9695 #4 -301.986 -790.365 50 -0.109023 110 -10  #7 -186.543 -790.078 50 2.85761 -10 110
18.9695 #7 -186.543 -790.078 50 2.85761 -10 110  #4 -301.986 -790.365 50 -0.109023 0 0
19.4422 #4 -301.986 -790.365 50 -0.155889 110 -10  #7 -186.543 -790.078 50 2.81074 -10 110
19.4422 #7 -186.543 -790.078 50 2.81074 -10 110  #4 -301.986 -790.365 50 -0.155889 0 0
19.9098 #4 -301.986 -790.365 50 -0.203045 110 -10  #7 -186.543 -790.078 50 2.76359 -10 110
19.9098 #7 -186.543 -790.078 50 2.76359 -10 110  #4 -301.986 -790.365 50 -0.203045 0 0
20.3732 #4 -301.986 -790.365 50 -0.247706 110 -10  #7 -186.543 -790.078 50 2.71893 -10 110
20.3732 #7 -186.543 -790.078 50 2.71893 -10 110  #4 -301.986 -790.365 50 -0.247706 0 0
20.8382 #4 -301.986 -790.365 50 -0.294514 110 -10  #7 -186.543 -790.078 50 2.67212 -10 110
20.8382 #7 -186.543 -790.078 50 2.67212 -10 110  #4 -301.986 -790.365 50 -0.294514 0 0
21.3028 #4 -301.986 -790.365 50 -0.344263 110 -10  #7 -186.543 -790.078 50 2.62237 -10 110
21.3028 #7 -186.543 -790.078 50 2.62237 -10 110  #4 -301.986 -790.365 50 -0.344263 0 0
21.7881 #4 -301.986 -790.365 50 -0.394041 110 -10  #7 -186.543 -790.078 50 2.57259 43.5982 56.4018
21.7881 #7 -186.543 -790.078 50 2.57259 43.5982 56.4018  #4 -301.986 -790.365 50 -0.394041 0 0
22.2426 #4 -301.986 -790.365 50 -0.438455 110 -10  #7 -186.543 -790.078 50 2.52818 43.7795 56.2205
22.2426 #7 -186.543 -790.078 50 2.52818 43.7795 56.2205  #4 -301.986 -790.365 50 -0.438455 0 0
22.7133 #4 -301.986 -790.365 50 -0.486994 110 -10  #7 -186.543 -790.078 50 2.47964 43.9915 56.0085
22.7133 #7 -186.543 -790.078 50 2.47964 43.9915 56.0085  #4 -301.986 -790.365 50 -0.486994 0 0
23.1827 #4 -301.986 -790.365 50 -0.536604 110 -10  #7 -186.543 -790.078 50 2.43003 44.2229 55.7771
23.1827 #7 -186.543 -790.078 50 2.43003 44.2229 55.7771  #4 -301.986 -790.365 50 -0.536604 0 0
24.1318 #4 -301.986 -790.365 50 -0.677289 110 -10  #7 -186.543 -790.078 50 2.28934 45.7675 54.2325
24.1318 #7 -186.543 -790.078 50 2.28934 45.7675 54.2325  #4 -301.986 -790.365 50 -0.677289 0 0
24.827 #4 -292.413 -796.687 50 -0.445572 110 -10  #7 -193.642 -781.02 50 2.22632 45.9727 54.0273
24.827 #7 -193.642 -781.02 50 2.22632 45.9727 54.0273  #4 -292.413 -796.687 50 -0.445572 0 0
25.2943 #4 -292.413 -796.687 50 -0.493603 110 -10  #7 -193.642 -781.02 50 2.17829 46.2074 53.7926
25.2943 #7 -193.642 -781.02 50 2.17829 46.2074 53.7926  #4 -292.413 -796.687 50 -0.493603 0 0
25.7599 #4 -292.413 -796.687 50 -0.543214 110 -10  #7 -193.642 -781.02 50 2.12868 46.459 53.541
25.7599 #7 -193.642 -781.02 50 2.12868 46.459 53.541  #4 -292.413 -796.687 50 -0.543214 0 0
26.2313 #4 -292.413 -796.687 50 -0.589633 110 -10  #7 -193.642 -781.02 50 2.08226 46.7024 53.2976
26.2313 #7 -193.642 -781.02 50 2.08226 46.7024 53.2976  #4 -292.413 -796.687 50 -0.589633 0 0
26.6968 #4 -292.413 -796.687 50 -0.636778 110 -10  #7 -193.642 -781.02 50 2.03511 46.9568 53.0432
26.6968 #7 -193.642 -781.02 50 2.03511 46.9568 53.0432  #4 -292.413 -796.687 50 -0.636778 0 0
27.1655 #4 -292.413 -796.687 50 -0.683538 110 -10  #7 -193.642 -781.02 50 1.98835 47.2158 52.7842
27.1655 #7 -193.642 -781.02 50 1.98835 47.2158 52.7842  #4 -292.413 -796.687 50 -0.683538 0 0
27.6354 #4 -292.413 -796.687 50 -0.73251 110 -10  #7 -193.642 -781.02 50 1.93938 47.4936 52.5064
27.6354 #7 -193.642 -781.02 50 1.93938 47.4936 52.5064  #4 -292.413 -796.687 50 -0.73251 0 0
28.1006 #4 -292.413 -796.687 50 -0.780509 110 -10  #7 -193.642 -781.02 50 1.89138 47.7717 52.2283
28.1006 #7 -193.642 -781.02 50 1.89138 47.7717 52.2283  #4 -292.413 -796.687 50 -0.780509 0 0
28.5754 #2 -182.3 704.826 50 3.14639 69.3197 30.6803  #5 -259.976 769.694 50 4.28213 37.642 62.358
28.5754 #4 -292.413 -796.687 50 -0.830477 110 -10  #7 -193.642 -781.02 50 1.84141 48.0666 51.9334
28.5754 #5 -259.976 769.694 50 4.28213 37.642 62.358  #2 -182.3 704.826 50 3.14639 0 0
28.5754 #7 -193.642 -781.02 50 1.84141 48.0666 51.9334  #4 -292.413 -796.687 50 -0.830477 0 0
29.0454 #2 -182.3 704.826 50 3.09839 71.6648 28.3352  #5 -259.976 769.694 50 4.23414 40.6509 59.3491
29.0454 #4 -292.413 -796.687 50 -0.878475 110 -10  #7 -193.642 -781.02 50 1.79341 48.3545 51.6455
29.0454 #5 -259.976 769.694 50 4.23414 40.6509 59.3491  #2 -182.3 704.826 50 3.09839 0 0
29.0454 #7 -193.642 -781.02 50 1.79341 48.3545 51.6455  #4 -292.413 -796.687 50 -0.878475 0 0
29.5106 #2 -182.3 704.826 50 3.05139 73.9127 26.0873  #5 -259.976 769.694 50 4.18714 43.6182 56.3818
29.5106 #4 -292.413 -796.687 50 -0.925475 110 -10  #7 -193.642 -781.02 50 1.74641 48.6401 51.3599
29.5106 #5 -259.976 769.694 50 4.18714 43.6182 56.3818  #2 -182.3 704.826 50 3.05139 0 0
29.5106 #7 -193.642 -781.02 50 1.74641 48.6401 51.3599  #4 -292.413 -796.687 50 -0.925475 0 0
29.9758 #2 -182.3 704.826 50 3.00139 76.2461 23.7539  #5 -259.976 769.694 50 4.13713 46.7903 53.2097
29.9758 #4 -292.413 -796.687 50 -0.975476 110 -10  #7 -193.642 -781.02 50 1.69641 48.9472 51.0528
29.9758 #5 -259.976 769.694 50 4.13713 46.7903 53.2097  #2 -182.3 704.826 50 3.00139 0 0
29.9758 #7 -193.642 -781.02 50 1.69641 48.9472 51.0528  #4 -292.413 -796.687 50 -0.975476 0 0
30.4458 #2 -182.3 704.826 50 2.95139 78.5138 21.4862  #5 -259.976 769.694 50 4.08714 49.9702 50.0298
30.4458 #4 -292.413 -796.687 50 -1.02547 110 -10  #7 -193.642 -781.02 50 1.64642 49.2568 50.7432
30.4458 #5 -259.976 769.694 50 4.08714 49.9702 50.0298  #2 -182.3 704.826 50 2.95139 0 0
30.4458 #7 -193.642 -781.02 50 1.64642 49.2568 50.7432  #4 -292.413 -796.687 50 -1.02547 0 0
30.9356 #2 -182.3 704.826 50 2.90139 80.7103 19.2897  #5 -259.976 769.694 50 4.03714 53.1503 46.8497
30.9356 #4 -292.413 -796.687 50 -1.07547 110 -10  #7 -193.642 -781.02 50 1.59642 49.5684 50.4316
30.9356 #5 -259.976 769.694 50 4.03714 53.1503 46.8497  #2 -182.3 704.826 50 2.90139 0 0
30.9356 #7 -193.642 -781.02 50 1.59642 49.5684 50.4316  #4 -292.413 -796.687 50 -1.07547 0 0
31.3958 #2 -182.3 704.826 50 2.85539 82.6634 17.3366  #5 -259.976 769.694 50 3.99114 56.0693 43.9307
31.3958 #4 -292.413 -796.687 50 -1.12147 110 -10  #7 -193.642 -781.02 50 1.55042 49.856 50.144
31.3958 #5 -259.976 769.694 50 3.99114 56.0693 43.9307  #2 -182.3 704.826 50 2.85539 0 0
31.3958 #7 -193.642 -781.02 50 1.55042 49.856 50.144  #4 -292.413 -796.687 50 -1.12147 0 0
31.6356 #3 -159.424 -64.142 50 1.60003 47.8774 52.1226  #6 -93.2378 18.1064 50 2.60853 89.7275 10.2725
31.6356 #6 -93.2378 18.1064 50 2.60853 89.7275 10.2725  #3 -159.424 -64.142 50 1.60003 0 0
31.8658 #2 -182.3 704.826 50 2.80742 84.6265 15.3735  #5 -259.976 769.694 50 3.94317 59.0994 40.9006
31.8658 #5 -259.976 769.694 50 3.94317 59.0994 40.9006  #2 -182.3 704.826 50 2.80742 0 0
32.095 #3 -159.424 -64.142 50 1.55399 50.7136 49.2864  #6 -93.2378 18.1064 50 2.5625 92.6681 7.33188
32.095 #6 -93.2378 18.1064 50 2.5625 92.6681 7.33188  #3 -159.424 -64.142 50 1.55399 0 0
32.3347 #2 -182.3 704.826 50 2.76158 86.4282 13.5718  #5 -259.976 769.694 50 3.89732 61.9759 38.0241
32.3347 #5 -259.976 769.694 50 3.89732 61.9759 38.0241  #2 -182.3 704.826 50 2.76158 0 0
32.5663 #3 -159.424 -64.142 50 1.50605 53.6658 46.3342  #6 -93.2378 18.1064 50 2.51455 95.6345 4.3655
32.5663 #6 -93.2378 18.1064 50 2.51455 95.6345 4.3655  #3 -159.424 -64.142 50 1.50605 0 0
32.7911 #1 -368.62 755.205 50 -0.827498 60.095 39.905  #5 -259.976 769.694 50 3.851 64.8566 35.1434
32.7911 #2 -182.3 704.826 50 2.71526 88.1708 11.8292  #5 -259.976 769.694 50 3.851 64.8566 35.1434
32.7911 #5 -259.976 769.694 50 3.851 64.8566 35.1434  #1 -368.62 755.205 50 -0.827498 0 0
33.0218 #3 -159.424 -64.142 50 1.46109 56.4261 43.5739  #6 -93.2378 18.1064 50 2.4696 98.3205 1.67949
33.0218 #6 -93.2378 18.1064 50 2.4696 98.3205 1.67949  #3 -159.424 -64.142 50 1.46109 0 0
33.2778 #1 -368.62 755.205 50 -0.873647 62.9429 37.0571  #5 -259.976 769.694 50 3.80485 67.695 32.305
33.2778 #2 -182.3 704.826 50 2.66911 89.8256 10.1744  #5 -259.976 769.694 50 3.80485 67.695 32.305
33.2778 #5 -259.976 769.694 50 3.80485 67.695 32.305  #1 -368.62 755.205 50 -0.873647 0 0
33.5109 #3 -159.424 -64.142 50 1.4099 59.5539 40.4461  #6 -93.2378 18.1064 50 2.4184 101.261 -1.26053
33.5109 #6 -93.2378 18.1064 50 2.4184 101.261 -1.26053  #3 -159.424 -64.142 50 1.4099 0 0
33.7281 #1 -368.62 755.205 50 -0.920256 65.7912 34.2088  #5 -259.976 769.694 50 3.75825 70.5234 29.4766
33.7281 #2 -182.3 704.826 50 2.6225 91.4108 8.58923  #5 -259.976 769.694 50 3.75825 70.5234 29.4766
33.7281 #5 -259.976 769.694 50 3.75825 70.5234 29.4766  #1 -368.62 755.205 50 -0.920256 0 0
33.977 #3 -159.424 -64.142 50 1.36644 62.1893 37.8107  #6 -93.2378 18.1064 50 2.37495 103.651 -3.65086
33.977 #6 -93.2378 18.1064 50 2.37495 103.651 -3.65086  #3 -159.424 -64.142 50 1.36644 0 0
34.2002 #1 -368.62 755.205 50 -0.970021 68.7944 31.2056  #5 -259.976 769.694 50 3.70848 73.494 26.506
34.2002 #2 -182.3 704.826 50 2.57273 93.0039 6.99607  #5 -259.976 769.694 50 3.70848 73.494 26.506
34.2002 #5 -259.976 769.694 50 3.70848 73.494 26.506  #1 -368.62 755.205 50 -0.970021 0 0
34.4434 #3 -159.424 -64.142 50 1.3218 64.8727 35.1273  #6 -93.2378 18.1064 50 2.33031 106.001 -6.00091
34.4434 #6 -93.2378 18.1064 50 2.33031 106.001 -6.00091  #3 -159.424 -64.142 50 1.3218 0 0
34.6719 #1 -368.62 755.205 50 -1.01867 71.685 28.315  #5 -259.976 769.694 50 3.65984 76.3415 23.6585
34.6719 #2 -182.3 704.826 50 2.52409 94.4584 5.54164  #5 -259.976 769.694 50 3.65984 76.3415 23.6585
34.6719 #5 -259.976 769.694 50 3.65984 76.3415 23.6585  #1 -368.62 755.205 50 -1.01867 0 0
34.9003 #3 -159.424 -64.142 50 1.2761 67.589 32.411  #6 -93.2378 18.1064 50 2.28461 108.291 -8.29113
34.9003 #6 -93.2378 18.1064 50 2.28461 108.291 -8.29113  #3 -159.424 -64.142 50 1.2761 0 0
35.1487 #1 -368.62 755.205 50 -1.06434 74.3526 25.6474  #5 -259.976 769.694 50 3.61416 78.9586 21.0414
35.1487 #2 -182.3 704.826 50 2.47841 95.7283 4.2717  #5 -259.976 769.694 50 3.61416 78.9586 21.0414
35.1487 #5 -259.976 769.694 50 3.61416 78.9586 21.0414  #1 -368.62 755.205 50 -1.06434 0 0
35.3949 #3 -159.424 -64.142 50 1.22641 70.5005 29.4995  #6 -93.2378 18.1064 50 2.23492 103.959 -10
35.3949 #6 -93.2378 18.1064 50 2.23492 103.959 -10  #3 -159.424 -64.142 50 1.22641 0 0
35.6011 #1 -368.62 755.205 50 -1.11357 77.1709 22.8291  #5 -259.976 769.694 50 3.56493 81.7117 18.2883
35.6011 #2 -182.3 704.826 50 2.42918 110 -10  #5 -259.976 769.694 50 3.56493 81.7117 18.2883
35.6011 #5 -259.976 769.694 50 3.56493 81.7117 18.2883  #1 -368.62 755.205 50 -1.11357 0 0
35.8499 #3 -159.424 -64.142 50 1.18517 72.879 27.121  #6 -93.2378 18.1064 50 2.19367 90.1186 -10
35.8499 #6 -93.2378 18.1064 50 2.19367 90.1186 -10  #3 -159.424 -64.142 50 1.18517 0 0
36.0719 #1 -368.62 755.205 50 -1.16333 79.9523 20.0477  #5 -259.976 769.694 50 3.51517 84.4161 15.5839
36.0719 #2 -182.3 704.826 50 2.37942 110 -10  #5 -259.976 769.694 50 3.51517 84.4161 15.5839
36.0719 #5 -259.976 769.694 50 3.51517 84.4161 15.5839  #1 -368.62 755.205 50 -1.16333 0 0
36.3409 #3 -159.424 -64.142 50 1.14076 75.3966 24.6034  #6 -93.2378 18.1064 50 2.14926 79.7231 -10
36.3409 #6 -93.2378 18.1064 50 2.14926 79.7231 -10  #3 -159.424 -64.142 50 1.14076 0 0
36.5489 #1 -368.62 755.205 50 -1.21712 82.8756 17.1244  #5 -259.976 769.694 50 3.46138 87.2437 12.7563
36.5489 #2 -182.3 704.826 50 2.32563 110 -10  #5 -259.976 769.694 50 3.46138 87.2437 12.7563
36.5489 #5 -259.976 769.694 50 3.46138 87.2437 12.7563  #1 -368.62 755.205 50 -1.21712 0 0
36.7727 #3 -159.424 -64.142 50 1.09915 77.71 22.29  #6 -93.2378 18.1064 50 2.10765 110 -10
36.7727 #6 -93.2378 18.1064 50 2.10765 110 -10  #3 -159.424 -64.142 50 1.09915 0 0
37.0164 #1 -368.62 755.205 50 -1.26187 85.2356 14.7644  #5 -259.976 769.694 50 3.41663 89.5143 10.4857
37.0164 #2 -182.3 704.826 50 2.28088 110 -10  #5 -259.976 769.694 50 3.41663 89.5143 10.4857
37.0164 #5 -259.976 769.694 50 3.41663 89.5143 10.4857  #1 -368.62 755.205 50 -1.26187 0 0
37.2593 #3 -159.424 -64.142 50 1.05041 80.3587 19.6413  #6 -93.2378 18.1064 50 2.05891 110 -10
37.2593 #6 -93.2378 18.1064 50 2.05891 110 -10  #3 -159.424 -64.142 50 1.05041 0 0
37.4844 #1 -368.62 755.205 50 -1.31046 87.7176 12.2824  #5 -259.976 769.694 50 3.36804 91.8898 8.11023
37.4844 #2 -182.3 704.826 50 2.2323 110 -10  #5 -259.976 769.694 50 3.36804 91.8898 8.11023
37.4844 #5 -259.976 769.694 50 3.36804 91.8898 8.11023  #1 -368.62 755.205 50 -1.31046 0 0
37.7182 #3 -159.424 -64.142 50 1.00539 82.7411 17.2589  #6 -93.2378 18.1064 50 2.01389 110 -10
37.7182 #6 -93.2378 18.1064 50 2.01389 110 -10  #3 -159.424 -64.142 50 1.00539 0 0
37.9453 #1 -368.62 755.205 50 -1.35722 90.0223 9.9777  #5 -259.976 769.694 50 3.32129 94.0825 5.91746
37.9453 #2 -182.3 704.826 50 2.18554 110 -10  #5 -259.976 769.694 50 3.32129 94.0825 5.91746
37.9453 #5 -259.976 769.694 50 3.32129 94.0825 5.91746  #1 -368.62 755.205 50 -1.35722 0 0
38.1936 #3 -159.424 -64.142 50 0.959959 85.0779 14.9221  #6 -93.2378 18.1064 50 1.96846 110 -10
38.1936 #6 -93.2378 18.1064 50 1.96846 110 -10  #3 -159.424 -64.142 50 0.959959 0 0
38.4221 #2 -182.3 704.826 50 2.1359 110 -10  #5 -259.976 769.694 50 3.27164 -10 10
38.4221 #5 -259.976 769.694 50 3.27164 -10 10  #2 -182.3 704.826 50 2.1359 0 0
38.6484 #3 -159.424 -64.142 50 0.91426 87.3556 12.6444  #6 -93.2378 18.1064 50 1.92276 110 -10
38.6484 #6 -93.2378 18.1064 50 1.92276 110 -10  #3 -159.424 -64.142 50 0.91426 0 0
38.8885 #1 -366.631 744.071 50 -1.33545 75.8687 24.1313  #5 -259.976 769.694 50 3.22637 110 -10
38.8885 #2 -182.3 704.826 50 2.09063 110 -10  #5 -259.976 769.694 50 3.22637 110 -10
38.8885 #5 -259.976 769.694 50 3.22637 110 -10  #1 -366.631 744.071 50 -1.33545 0 0
39.1296 #3 -159.424 -64.142 50 0.866238 89.665 10.335  #6 -93.2378 18.1064 50 1.87474 110 -10
39.1296 #6 -93.2378 18.1064 50 1.87474 110 -10  #3 -159.424 -64.142 50 0.866238 0 0
39.3507 #1 -366.631 744.071 50 -1.38368 77.3762 22.6238  #5 -259.976 769.694 50 3.17815 110 -10
39.3507 #2 -182.3 704.826 50 2.0424 110 -10  #5 -259.976 769.694 50 3.17815 110 -10
39.3507 #5 -259.976 769.694 50 3.17815 110 -10  #1 -366.631 744.071 50 -1.38368 0 0
39.5933 #3 -159.424 -64.142 50 0.822016 91.7109 8.28915  #6 -93.2378 18.1064 50 1.83052 110 -10
39.5933 #6 -93.2378 18.1064 50 1.83052 110 -10  #3 -159.424 -64.142 50 0.822016 0 0
39.8293 #1 -366.631 744.071 50 -1.43218 78.8282 21.1718  #5 -259.976 769.694 50 3.12964 110 -10
39.8293 #2 -182.3 704.826 50 1.9939 110 -10  #5 -259.976 769.694 50 3.12964 110 -10
39.8293 #5 -259.976 769.694 50 3.12964 110 -10  #1 -366.631 744.071 50 -1.43218 0 0
40.3039 #1 -366.631 744.071 50 -1.47812 80.1408 19.8592  #5 -259.976 769.694 50 3.08371 110 -10
40.3039 #2 -182.3 704.826 50 1.94796 110 -10  #5 -259.976 769.694 50 3.08371 110 -10
40.3039 #3 -152.079 -55.3391 50 0.976039 93.8045 6.19555  #6 -97.1668 28.8589 50 2.05894 10 -10
40.3039 #5 -259.976 769.694 50 3.08371 110 -10  #1 -366.631 744.071 50 -1.47812 0 0
40.3039 #6 -97.1668 28.8589 50 2.05894 10 -10  #3 -152.079 -55.3391 50 0.976039 0 0
40.7591 #2 -182.3 704.826 50 1.9031 110 -10  #5 -259.976 769.694 50 3.03885 110 -10
40.7591 #5 -259.976 769.694 50 3.03885 110 -10  #2 -182.3 704.826 50 1.9031 0 0
41.0001 #3 -152.079 -55.3391 50 0.885 110 -10  #6 -97.1668 28.8589 50 1.9679 110 -10
41.0001 #6 -97.1668 28.8589 50 1.9679 110 -10  #3 -152.079 -55.3391 50 0.885 0 0
41.4643 #1 -357.432 710.533 50 -1.08319 81.3613 18.6387  #5 -271.406 769.846 50 3.26587 110 -10
41.4643 #2 -186.979 715.256 50 2.13012 110 -10  #5 -271.406 769.846 50 3.26587 110 -10
41.4643 #3 -152.079 -55.3391 50 0.839132 110 -10  #6 -97.1668 28.8589 50 1.92203 110 -10
41.4643 #5 -271.406 769.846 50 3.26587 110 -10  #1 -357.432 710.533 50 -1.08319 0 0
41.4643 #6 -97.1668 28.8589 50 1.92203 110 -10  #3 -152.079 -55.3391 50 0.839132 0 0
41.9303 #1 -357.432 710.533 50 -1.13142 83.3175 16.6825  #5 -271.406 769.846 50 3.21764 110 -10
41.9303 #2 -186.979 715.256 50 2.08189 110 -10  #5 -271.406 769.846 50 3.21764 110 -10
41.9303 #3 -152.079 -55.3391 50 0.790902 110 -10  #6 -97.1668 28.8589 50 1.8738 110 -10
41.9303 #5 -271.406 769.846 50 3.21764 110 -10  #1 -357.432 710.533 50 -1.13142 0 0
41.9303 #6 -97.1668 28.8589 50 1.8738 110 -10  #3 -152.079 -55.3391 50 0.790902 0 0
42.4166 #1 -357.432 710.533 50 -1.18256 85.3072 14.6928  #5 -271.406 769.846 50 3.16649 110 -10
42.4166 #2 -186.979 715.256 50 2.03074 110 -10  #5 -271.406 769.846 50 3.16649 110 -10
42.4166 #3 -152.079 -55.3391 50 0.739758 110 -10  #6 -97.1668 28.8589 50 1.82266 110 -10
42.4166 #5 -271.406 769.846 50 3.16649 110 -10  #1 -357.432 710.533 50 -1.18256 0 0
42.4166 #6 -97.1668 28.8589 50 1.82266 110 -10  #3 -152.079 -55.3391 50 0.739758 0 0
42.8762 #1 -357.432 710.533 50 -1.22789 86.9937 13.0063  #5 -271.406 769.846 50 3.12116 110 -10
42.8762 #2 -186.979 715.256 50 1.98541 110 -10  #5 -271.406 769.846 50 3.12116 110 -10
42.8762 #3 -152.079 -55.3391 50 0.694427 110 -10  #6 -97.1668 28.8589 50 1.77733 110 -10
42.8762 #5 -271.406 769.846 50 3.12116 110 -10  #1 -357.432 710.533 50 -1.22789 0 0
42.8762 #6 -97.1668 28.8589 50 1.77733 110 -10  #3 -152.079 -55.3391 50 0.694427 0 0
43.3405 #1 -357.432 710.533 50 -1.2767 88.7244 11.2756  #5 -271.406 769.846 50 3.07235 110 -10
43.3405 #3 -152.079 -55.3391 50 0.645621 110 -10  #6 -97.1668 28.8589 50 1.72852 110 -10
43.3405 #5 -271.406 769.846 50 3.07235 110 -10  #1 -357.432 710.533 50 -1.2767 0 0
43.3405 #6 -97.1668 28.8589 50 1.72852 110 -10  #3 -152.079 -55.3391 50 0.645621 0 0
43.5914 #2 -192.224 724.903 50 2.20093 110 -10  #5 -271.406 769.846 50 3.07235 -10 10
43.5914 #5 -271.406 769.846 50 3.07235 -10 10  #2 -192.224 724.903 50 2.20093 0 0
43.8033 #2 -192.224 724.903 50 2.20093 -10 10  #5 -271.406 769.846 50 3.07235 -10 10
43.8033 #3 -152.079 -55.3391 50 0.595445 110 -10  #6 -97.1668 28.8589 50 1.67835 110 -10
43.8033 #5 -271.406 769.846 50 3.07235 -10 10  #2 -192.224 724.903 50 2.20093 0 0
43.8033 #6 -97.1668 28.8589 50 1.67835 110 -10  #3 -152.079 -55.3391 50 0.595445 0 0
44.0436 #2 -192.224 724.903 50 2.20093 -10 10  #5 -271.406 769.846 50 3.07235 -10 10
44.0436 #5 -271.406 769.846 50 3.07235 -10 10  #2 -192.224 724.903 50 2.20093 0 0
44.2729 #2 -192.224 724.903 50 2.20093 -10 10  #5 -271.406 769.846 50 3.07235 -10 10
44.2729 #3 -152.079 -55.3391 50 0.547383 110 -10  #6 -97.1668 28.8589 50 1.63029 110 -10
44.2729 #5 -271.406 769.846 50 3.07235 -10 10  #2 -192.224 724.903 50 2.20093 0 0
44.2729 #6 -97.1668 28.8589 50 1.63029 110 -10  #3 -152.079 -55.3391 50 0.547383 0 0
44.5135 #2 -192.224 724.903 50 2.20093 -10 10  #5 -271.406 769.846 50 3.07235 -10 10
44.5135 #3 -152.079 -55.3391 50 0.547383 -10 10  #7 -171.318 -149.936 50 1.63727 51.5128 48.4872
44.5135 #5 -271.406 769.846 50 3.07235 -10 10  #2 -192.224 724.903 50 2.20093 0 0
44.5135 #7 -171.318 -149.936 50 1.63727 51.5128 48.4872  #3 -152.079 -55.3391 50 0.547383 0 0
44.7517 #2 -192.224 724.903 50 2.20093 -10 10  #5 -271.406 769.846 50 3.07235 -10 10
44.7517 #3 -152.079 -55.3391 50 0.547383 -10 10  #7 -171.318 -149.936 50 1.63727 -10 10
44.7517 #5 -271.406 769.846 50 3.07235 -10 10  #2 -192.224 724.903 50 2.20093 0 0
44.7517 #7 -171.318 -149.936 50 1.63727 -10 10  #3 -152.079 -55.3391 50 0.547383 0 0
44.9995 #2 -192.224 724.903 50 2.20093 -10 10  #5 -271.406 769.846 50 3.07235 -10 10
44.9995 #3 -152.079 -55.3391 50 0.547383 -10 10  #7 -171.318 -149.936 50 1.63727 -10 10
44.9995 #5 -271.406 769.846 50 3.07235 -10 10  #2 -192.224 724.903 50 2.20093 0 0
44.9995 #7 -171.318 -149.936 50 1.63727 -10 10  #3 -152.079 -55.3391 50 0.547383 0 0
45.2308 #2 -192.224 724.903 50 2.20093 -10 10  #5 -271.406 769.846 50 3.07235 -10 10
45.2308 #3 -152.079 -55.3391 50 0.547383 -10 10  #7 -171.318 -149.936 50 1.63727 -10 10
45.2308 #5 -271.406 769.846 50 3.07235 -10 10  #2 -192.224 724.903 50 2.20093 0 0
45.2308 #7 -171.318 -149.936 50 1.63727 -10 10  #3 -152.079 -55.3391 50 0.547383 0 0
45.4532 #2 -192.224 724.903 50 2.20093 -10 10  #5 -271.406 769.846 50 3.07235 -10 10
45.4532 #3 -152.079 -55.3391 50 0.547383 -10 10  #7 -171.318 -149.936 50 1.63727 -10 10
45.4532 #5 -271.406 769.846 50 3.07235 -10 10  #2 -192.224 724.903 50 2.20093 0 0
45.4532 #7 -171.318 -149.936 50 1.63727 -10 10  #3 -152.079 -55.3391 50 0.547383 0 0
45.6897 #2 -192.224 724.903 50 2.20093 -10 10  #5 -271.406 769.846 50 3.07235 -10 10
45.6897 #3 -152.079 -55.3391 50 0.547383 -10 10  #7 -171.318 -149.936 50 1.63727 -10 10
45.6897 #5 -271.406 769.846 50 3.07235 -10 10  #2 -192.224 724.903 50 2.20093 0 0
45.6897 #7 -171.318 -149.936 50 1.63727 -10 10  #3 -152.079 -55.3391 50 0.547383 0 0
45.9133 #2 -192.224 724.903 50 2.20093 -10 10  #5 -271.406 769.846 50 3.07235 -10 10
45.9133 #3 -152.079 -55.3391 50 0.547383 -10 10  #7 -171.318 -149.936 50 1.63727 -10 10
45.9133 #5 -271.406 769.846 50 3.07235 -10 10  #2 -192.224 724.903 50 2.20093 0 0
45.9133 #7 -171.318 -149.936 50 1.63727 -10 10  #3 -152.079 -55.3391 50 0.547383 0 0
46.1637 #2 -192.224 724.903 50 2.20093 -10 10  #5 -271.406 769.846 50 3.07235 -10 10
46.1637 #3 -152.079 -55.3391 50 0.547383 -10 10  #7 -171.318 -149.936 50 1.63727 -10 10
46.1637 #5 -271.406 769.846 50 3.07235 -10 10  #2 -192.224 724.903 50 2.20093 0 0
46.1637 #7 -171.318 -149.936 50 1.63727 -10 10  #3 -152.079 -55.3391 50 0.547383 0 0
46.3891 #2 -192.224 724.903 50 2.20093 -10 10  #5 -271.406 769.846 50 3.07235 -10 10
46.3891 #3 -152.079 -55.3391 50 0.547383 -10 10  #7 -171.318 -149.936 50 1.63727 -10 10
46.3891 #5 -271.406 769.846 50 3.07235 -10 10  #2 -192.224 724.903 50 2.20093 0 0
46.3891 #7 -171.318 -149.936 50 1.63727 -10 10  #3 -152.079 -55.3391 50 0.547383 0 0
46.6211 #2 -192.224 724.903 50 2.20093 -10 10  #5 -271.406 769.846 50 3.07235 -10 10
46.6211 #3 -152.079 -55.3391 50 0.547383 -10 10  #7 -171.318 -149.936 50 1.63727 -10 10
46.6211 #5 -271.406 769.846 50 3.07235 -10 10  #2 -192.224 724.903 50 2.20093 0 0
46.6211 #7 -171.318 -149.936 50 1.63727 -10 10  #3 -152.079 -55.3391 50 0.547383 0 0
46.8585 #2 -192.224 724.903 50 2.20093 -10 10  #5 -271.406 769.846 50 3.07235 -10 10
46.8585 #3 -152.079 -55.3391 50 0.547383 -10 10  #7 -171.318 -149.936 50 1.63727 -10 10
46.8585 #5 -271.406 769.846 50 3.07235 -10 10  #2 -192.224 724.903 50 2.20093 0 0
46.8585 #7 -171.318 -149.936 50 1.63727 -10 10  #3 -152.079 -55.3391 50 0.547383 0 0
47.1022 #2 -192.224 724.903 50 2.20093 -10 10  #5 -271.406 769.846 50 3.07235 -10 10
47.1022 #3 -152.079 -55.3391 50 0.547383 -10 10  #7 -171.318 -149.936 50 1.63727 -10 10
47.1022 #5 -271.406 769.846 50 3.07235 -10 10  #2 -192.224 724.903 50 2.20093 0 0
47.1022 #7 -171.318 -149.936 50 1.63727 -10 10  #3 -152.079 -55.3391 50 0.547383 0 0
47.3258 #2 -192.224 724.903 50 2.20093 -10 10  #5 -271.406 769.846 50 3.07235 -10 10
47.3258 #3 -152.079 -55.3391 50 0.547383 -10 10  #7 -171.318 -149.936 50 1.63727 -10 10
47.3258 #5 -271.406 769.846 50 3.07235 -10 10  #2 -192.224 724.903 50 2.20093 0 0
47.3258 #7 -171.318 -149.936 50 1.63727 -10 10  #3 -152.079 -55.3391 50 0.547383 0 0
47.5562 #2 -192.224 724.903 50 2.20093 -10 10  #5 -271.406 769.846 50 3.07235 -10 10
47.5562 #3 -152.079 -55.3391 50 0.547383 -10 10  #7 -171.318 -149.936 50 1.63727 -10 10
47.5562 #5 -271.406 769.846 50 3.07235 -10 10  #2 -192.224 724.903 50 2.20093 0 0
47.5562 #7 -171.318 -149.936 50 1.63727 -10 10  #3 -152.079 -55.3391 50 0.547383 0 0
47.7936 #2 -192.224 724.903 50 2.20093 -10 10  #5 -271.406 769.846 50 3.07235 -10 10
47.7936 #3 -152.079 -55.3391 50 0.547383 -10 10  #7 -171.318 -149.936 50 1.63727 -10 10
47.7936 #5 -271.406 769.846 50 3.07235 -10 10  #2 -192.224 724.903 50 2.20093 0 0
47.7936 #7 -171.318 -149.936 50 1.63727 -10 10  #3 -152.079 -55.3391 50 0.547383 0 0
48.0349 #2 -192.224 724.903 50 2.20093 -10 10  #5 -271.406 769.846 50 3.07235 -10 10
48.0349 #3 -152.079 -55.3391 50 0.547383 -10 10  #7 -171.318 -149.936 50 1.63727 -10 10
48.0349 #5 -271.406 769.846 50 3.07235 -10 10  #2 -192.224 724.903 50 2.20093 0 0
48.0349 #7 -171.318 -149.936 50 1.63727 -10 10  #3 -152.079 -55.3391 50 0.547383 0 0
48.27 #2 -192.224 724.903 50 2.20093 -10 10  #5 -271.406 769.846 50 3.07235 -10 10
48.27 #3 -152.079 -55.3391 50 0.547383 -10 10  #7 -171.318 -149.936 50 1.63727 -10 10
48.27 #5 -271.406 769.846 50 3.07235 -10 10  #2 -192.224 724.903 50 2.20093 0 0
48.27 #7 -171.318 -149.936 50 1.63727 -10 10  #3 -152.079 -55.3391 50 0.547383 0 0
48.4955 #2 -192.224 724.903 50 2.20093 -10 10  #5 -271.406 769.846 50 3.07235 -10 10
48.4955 #3 -152.079 -55.3391 50 0.547383 -10 10  #7 -171.318 -149.936 50 1.63727 -10 10
48.4955 #5 -271.406 769.846 50 3.07235 -10 10  #2 -192.224 724.903 50 2.20093 0 0
48.4955 #7 -171.318 -149.936 50 1.63727 -10 10  #3 -152.079 -55.3391 50 0.547383 0 0
48.7333 #2 -192.224 724.903 50 2.20093 -10 10  #5 -271.406 769.846 50 3.07235 -10 10
48.7333 #3 -152.079 -55.3391 50 0.547383 -10 10  #7 -171.318 -149.936 50 1.63727 -10 10
48.7333 #5 -271.406 769.846 50 3.07235 -10 10  #2 -192.224 724.903 50 2.20093 0 0
48.7333 #7 -171.318 -149.936 50 1.63727 -10 10  #3 -152.079 -55.3391 50 0.547383 0 0
48.9763 #2 -192.224 724.903 50 2.20093 -10 10  #5 -271.406 769.846 50 3.07235 -10 10
48.9763 #3 -152.079 -55.3391 50 0.547383 -10 10  #7 -171.318 -149.936 50 1.63727 -10 10
48.9763 #5 -271.406 769.846 50 3.07235 -10 10  #2 -192.224 724.903 50 2.20093 0 0
48.9763 #7 -171.318 -149.936 50 1.63727 -10 10  #3 -152.079 -55.3391 50 0.547383 0 0
49.2185 #2 -192.224 724.903 50 2.20093 -10 10  #5 -271.406 769.846 50 3.07235 -10 10
49.2185 #3 -152.079 -55.3391 50 0.547383 -10 10  #7 -171.318 -149.936 50 1.63727 -10 10
49.2185 #5 -271.406 769.846 50 3.07235 -10 10  #2 -192.224 724.903 50 2.20093 0 0
49.2185 #7 -171.318 -149.936 50 1.63727 -10 10  #3 -152.079 -55.3391 50 0.547383 0 0
49.4346 #2 -192.224 724.903 50 2.20093 -10 10  #5 -271.406 769.846 50 3.07235 -10 10
49.4346 #3 -152.079 -55.3391 50 0.547383 -10 10  #7 -171.318 -149.936 50 1.63727 -10 10
49.4346 #5 -271.406 769.846 50 3.07235 -10 10  #2 -192.224 724.903 50 2.20093 0 0
49.4346 #7 -171.318 -149.936 50 1.63727 -10 10  #3 -152.079 -55.3391 50 0.547383 0 0
49.6771 #2 -192.224 724.903 50 2.20093 -10 10  #5 -271.406 769.846 50 3.07235 -10 10
49.6771 #3 -152.079 -55.3391 50 0.547383 -10 10  #7 -171.318 -149.936 50 1.63727 -10 10
49.6771 #5 -271.406 769.846 50 3.07235 -10 10  #2 -192.224 724.903 50 2.20093 0 0
49.6771 #7 -171.318 -149.936 50 1.63727 -10 10  #3 -152.079 -55.3391 50 0.547383 0 0
49.8999 #2 -192.224 724.903 50 2.20093 -10 10  #5 -271.406 769.846 50 3.07235 -10 10
49.8999 #3 -152.079 -55.3391 50 0.547383 -10 10  #4 -63.5874 -102.421 50 2.20365 55.2641 44.7359
49.8999 #4 -63.5874 -102.421 50 2.20365 55.2641 44.7359  #3 -152.079 -55.3391 50 0.547383 0 0
49.8999 #5 -271.406 769.846 50 3.07235 -10 10  #2 -192.224 724.903 50 2.20093 0 0
49.8999 #7 -171.318 -149.936 50 1.63727 -10 10  #3 -152.079 -55.3391 50 0.547383 0 0
50.1432 #2 -192.224 724.903 50 2.20093 -10 10  #5 -271.406 769.846 50 3.07235 -10 10
50.1432 #3 -152.079 -55.3391 50 0.547383 -10 10  #7 -171.318 -149.936 50 1.63727 -10 10
50.1432 #5 -271.406 769.846 50 3.07235 -10 10  #2 -192.224 724.903 50 2.20093 0 0
50.1432 #7 -171.318 -149.936 50 1.63727 -10 10  #3 -152.079 -55.3391 50 0.547383 0 0
50.3688 #2 -192.224 724.903 50 2.20093 -10 10  #5 -271.406 769.846 50 3.07235 -10 10
50.3688 #3 -152.079 -55.3391 50 0.547383 -10 10  #4 -63.5874 -102.421 50 2.155 58.3814 41.6186
50.3688 #4 -63.5874 -102.421 50 2.155 58.3814 41.6186  #3 -152.079 -55.3391 50 0.547383 0 0
50.3688 #5 -271.406 769.846 50 3.07235 -10 10  #2 -192.224 724.903 50 2.20093 0 0
50.3688 #7 -171.318 -149.936 50 1.63727 -10 10  #3 -152.079 -55.3391 50 0.547383 0 0
50.6035 #2 -192.224 724.903 50 2.20093 -10 10  #5 -271.406 769.846 50 3.07235 -10 10
50.6035 #3 -152.079 -55.3391 50 0.547383 -10 10  #7 -171.318 -149.936 50 1.63727 -10 10
50.6035 #5 -271.406 769.846 50 3.07235 -10 10  #2 -192.224 724.903 50 2.20093 0 0
50.6035 #7 -171.318 -149.936 50 1.63727 -10 10  #3 -152.079 -55.3391 50 0.547383 0 0
50.8343 #2 -192.224 724.903 50 2.20093 -10 10  #5 -271.406 769.846 50 3.07235 -10 10
50.8343 #3 -152.079 -55.3391 50 0.547383 -10 10  #4 -63.5874 -102.421 50 2.10807 59.4923 40.5077
50.8343 #4 -63.5874 -102.421 50 2.10807 59.4923 40.5077  #3 -152.079 -55.3391 50 0.547383 0 0
50.8343 #5 -271.406 769.846 50 3.07235 -10 10  #2 -192.224 724.903 50 2.20093 0 0
50.8343 #7 -171.318 -149.936 50 1.63727 -10 10  #3 -152.079 -55.3391 50 0.547383 0 0
51.0689 #2 -192.224 724.903 50 2.20093 -10 10  #5 -271.406 769.846 50 3.07235 -10 10
51.0689 #3 -152.079 -55.3391 50 0.547383 -10 10  #7 -171.318 -149.936 50 1.63727 -10 10
51.0689 #5 -271.406 769.846 50 3.07235 -10 10  #2 -192.224 724.903 50 2.20093 0 0
51.0689 #7 -171.318 -149.936 50 1.63727 -10 10  #3 -152.079 -55.3391 50 0.547383 0 0
51.3078 #2 -192.224 724.903 50 2.20093 -10 10  #5 -271.406 769.846 50 3.07235 -10 10
51.3078 #3 -152.079 -55.3391 50 0.547383 -10 10  #4 -63.5874 -102.421 50 2.06114 60.5821 39.4179
51.3078 #4 -63.5874 -102.421 50 2.06114 60.5821 39.4179  #3 -152.079 -55.3391 50 0.547383 0 0
51.3078 #5 -271.406 769.846 50 3.07235 -10 10  #2 -192.224 724.903 50 2.20093 0 0
51.3078 #7 -171.318 -149.936 50 1.63727 -10 10  #3 -152.079 -55.3391 50 0.547383 0 0
51.5464 #2 -192.224 724.903 50 2.20093 -10 10  #5 -271.406 769.846 50 3.07235 -10 10
51.5464 #3 -152.079 -55.3391 50 0.547383 -10 10  #7 -171.318 -149.936 50 1.63727 -10 10
51.5464 #5 -271.406 769.846 50 3.07235 -10 10  #2 -192.224 724.903 50 2.20093 0 0
51.5464 #7 -171.318 -149.936 50 1.63727 -10 10  #3 -152.079 -55.3391 50 0.547383 0 0
51.7772 #2 -192.224 724.903 50 2.20093 -10 10  #5 -271.406 769.846 50 3.07235 -10 10
51.7772 #3 -152.079 -55.3391 50 0.547383 -10 10  #4 -63.5874 -102.421 50 2.01342 61.6666 38.3334
51.7772 #4 -63.5874 -102.421 50 2.01342 61.6666 38.3334  #3 -152.079 -55.3391 50 0.547383 0 0
51.7772 #5 -271.406 769.846 50 3.07235 -10 10  #2 -192.224 724.903 50 2.20093 0 0
51.7772 #7 -171.318 -149.936 50 1.63727 -10 10  #3 -152.079 -55.3391 50 0.547383 0 0
52.0079 #2 -192.224 724.903 50 2.20093 -10 10  #5 -271.406 769.846 50 3.07235 -10 10
52.0079 #3 -152.079 -55.3391 50 0.547383 -10 10  #7 -171.318 -149.936 50 1.63727 -10 10
52.0079 #5 -271.406 769.846 50 3.07235 -10 10  #2 -192.224 724.903 50 2.20093 0 0
52.0079 #7 -171.318 -149.936 50 1.63727 -10 10  #3 -152.079 -55.3391 50 0.547383 0 0
52.2457 #2 -192.224 724.903 50 2.20093 -10 10  #5 -271.406 769.846 50 3.07235 -10 10
52.2457 #3 -152.079 -55.3391 50 0.547383 -10 10  #4 -63.5874 -102.421 50 1.96728 62.6899 37.3101
52.2457 #4 -63.5874 -102.421 50 1.96728 62.6899 37.3101  #3 -152.079 -55.3391 50 0.547383 0 0
52.2457 #5 -271.406 769.846 50 3.07235 -10 10  #2 -192.224 724.903 50 2.20093 0 0
52.2457 #7 -171.318 -149.936 50 1.63727 -10 10  #3 -152.079 -55.3391 50 0.547383 0 0
52.4956 #2 -192.224 724.903 50 2.20093 -10 10  #5 -271.406 769.846 50 3.07235 -10 10
52.4956 #3 -152.079 -55.3391 50 0.547383 -10 10  #7 -171.318 -149.936 50 1.63727 -10 10
52.4956 #5 -271.406 769.846 50 3.07235 -10 10  #2 -192.224 724.903 50 2.20093 0 0
52.4956 #7 -171.318 -149.936 50 1.63727 -10 10  #3 -152.079 -55.3391 50 0.547383 0 0
52.7283 #2 -192.224 724.903 50 2.20093 -10 10  #5 -271.406 769.846 50 3.07235 -10 10
52.7283 #3 -152.079 -55.3391 50 0.547383 -10 10  #4 -63.5874 -102.421 50 1.91731 63.7676 36.2324
52.7283 #4 -63.5874 -102.421 50 1.91731 63.7676 36.2324  #3 -152.079 -55.3391 50 0.547383 0 0
52.7283 #5 -271.406 769.846 50 3.07235 -10 10  #2 -192.224 724.903 50 2.20093 0 0
52.7283 #7 -171.318 -149.936 50 1.63727 -10 10  #3 -152.079 -55.3391 50 0.547383 0 0
52.9508 #2 -192.224 724.903 50 2.20093 -10 10  #5 -271.406 769.846 50 3.07235 -10 10
52.9508 #3 -152.079 -55.3391 50 0.547383 -10 10  #7 -171.318 -149.936 50 1.63727 -10 10
52.9508 #5 -271.406 769.846 50 3.07235 -10 10  #2 -192.224 724.903 50 2.20093 0 0
52.9508 #7 -171.318 -149.936 50 1.63727 -10 10  #3 -152.079 -55.3391 50 0.547383 0 0
53.1898 #2 -192.224 724.903 50 2.20093 -10 10  #5 -271.406 769.846 50 3.07235 -10 10
53.1898 #3 -152.079 -55.3391 50 0.547383 -10 10  #4 -63.5874 -102.421 50 1.8728 64.6987 35.3013
53.1898 #4 -63.5874 -102.421 50 1.8728 64.6987 35.3013  #3 -152.079 -55.3391 50 0.547383 0 0
53.1898 #5 -271.406 769.846 50 3.07235 -10 10  #2 -192.224 724.903 50 2.20093 0 0
53.1898 #7 -171.318 -149.936 50 1.63727 -10 10  #3 -152.079 -55.3391 50 0.547383 0 0
53.4202 #2 -192.224 724.903 50 2.20093 -10 10  #5 -271.406 769.846 50 3.07235 -10 10
53.4202 #3 -152.079 -55.3391 50 0.547383 -10 10  #7 -171.318 -149.936 50 1.63727 -10 10
53.4202 #5 -271.406 769.846 50 3.07235 -10 10  #2 -192.224 724.903 50 2.20093 0 0
53.4202 #7 -171.318 -149.936 50 1.63727 -10 10  #3 -152.079 -55.3391 50 0.547383 0 0
53.6639 #2 -192.224 724.903 50 2.20093 -10 10  #5 -271.406 769.846 50 3.07235 -10 10
53.6639 #3 -152.079 -55.3391 50 0.547383 -10 10  #7 -171.318 -149.936 50 1.63727 -10 10
53.6639 #5 -271.406 769.846 50 3.07235 -10 10  #2 -192.224 724.903 50 2.20093 0 0
53.6639 #7 -171.318 -149.936 50 1.63727 -10 10  #3 -152.079 -55.3391 50 0.547383 0 0
53.8889 #2 -192.224 724.903 50 2.20093 -10 10  #5 -271.406 769.846 50 3.07235 -10 10
53.8889 #3 -152.079 -55.3391 50 0.547383 -10 10  #4 -63.5874 -102.421 50 1.77797 63.2833 36.7167
53.8889 #4 -63.5874 -102.421 50 1.77797 63.2833 36.7167  #3 -152.079 -55.3391 50 0.547383 0 0
53.8889 #5 -271.406 769.846 50 3.07235 -10 10  #2 -192.224 724.903 50 2.20093 0 0
53.8889 #7 -171.318 -149.936 50 1.63727 -10 10  #3 -152.079 -55.3391 50 0.547383 0 0
54.1281 #2 -192.224 724.903 50 2.20093 -10 10  #5 -271.406 769.846 50 3.07235 -10 10
54.1281 #3 -152.079 -55.3391 50 0.547383 -10 10  #7 -171.318 -149.936 50 1.63727 -10 10
54.1281 #5 -271.406 769.846 50 3.07235 -10 10  #2 -192.224 724.903 50 2.20093 0 0
54.1281 #7 -171.318 -149.936 50 1.63727 -10 10  #3 -152.079 -55.3391 50 0.547383 0 0
54.3699 #2 -192.224 724.903 50 2.20093 -10 10  #5 -271.406 769.846 50 3.07235 -10 10
54.3699 #3 -152.079 -55.3391 50 0.547383 -10 10  #4 -63.5874 -102.421 50 1.73012 64.029 35.971
54.3699 #4 -63.5874 -102.421 50 1.73012 64.029 35.971  #3 -152.079 -55.3391 50 0.547383 0 0
54.3699 #5 -271.406 769.846 50 3.07235 -10 10  #2 -192.224 724.903 50 2.20093 0 0
54.3699 #7 -171.318 -149.936 50 1.63727 -10 10  #3 -152.079 -55.3391 50 0.547383 0 0
54.5937 #2 -192.224 724.903 50 2.20093 -10 10  #5 -271.406 769.846 50 3.07235 -10 10
54.5937 #3 -152.079 -55.3391 50 0.547383 -10 10  #7 -171.318 -149.936 50 1.63727 -10 10
54.5937 #5 -271.406 769.846 50 3.07235 -10 10  #2 -192.224 724.903 50 2.20093 0 0
54.5937 #7 -171.318 -149.936 50 1.63727 -10 10  #3 -152.079 -55.3391 50 0.547383 0 0
54.8383 #2 -192.224 724.903 50 2.20093 -10 10  #5 -271.406 769.846 50 3.07235 -10 10
54.8383 #3 -152.079 -55.3391 50 0.547383 -10 10  #4 -63.5874 -102.421 50 1.68535 64.6977 35.3023
54.8383 #4 -63.5874 -102.421 50 1.68535 64.6977 35.3023  #3 -152.079 -55.3391 50 0.547383 0 0
54.8383 #5 -271.406 769.846 50 3.07235 -10 10  #2 -192.224 724.903 50 2.20093 0 0
54.8383 #7 -171.318 -149.936 50 1.63727 -10 10  #3 -152.079 -55.3391 50 0.547383 0 0
55.0554 #2 -192.224 724.903 50 2.20093 -10 10  #5 -271.406 769.846 50 3.07235 -10 10
55.0554 #3 -152.079 -55.3391 50 0.547383 -10 10  #7 -171.318 -149.936 50 1.63727 -10 10
55.0554 #5 -271.406 769.846 50 3.07235 -10 10  #2 -192.224 724.903 50 2.20093 0 0
55.0554 #7 -171.318 -149.936 50 1.63727 -10 10  #3 -152.079 -55.3391 50 0.547383 0 0
55.2872 #2 -192.224 724.903 50 2.20093 -10 10  #5 -271.406 769.846 50 3.07235 -10 10
55.2872 #3 -152.079 -55.3391 50 0.547383 -10 10  #4 -63.5874 -102.421 50 1.64193 65.3181 34.6819
55.2872 #4 -63.5874 -102.421 50 1.64193 65.3181 34.6819  #3 -152.079 -55.3391 50 0.547383 0 0
55.2872 #5 -271.406 769.846 50 3.07235 -10 10  #2 -192.224 724.903 50 2.20093 0 0
55.2872 #7 -171.318 -149.936 50 1.63727 -10 10  #3 -152.079 -55.3391 50 0.547383 0 0
55.5317 #2 -192.224 724.903 50 2.20093 -10 10  #5 -271.406 769.846 50 3.07235 -10 10
55.5317 #3 -152.079 -55.3391 50 0.547383 -10 10  #7 -171.318 -149.936 50 1.63727 -10 10
55.5317 #5 -271.406 769.846 50 3.07235 -10 10  #2 -192.224 724.903 50 2.20093 0 0
55.5317 #7 -171.318 -149.936 50 1.63727 -10 10  #3 -152.079 -55.3391 50 0.547383 0 0
55.7628 #2 -192.224 724.903 50 2.20093 -10 10  #5 -271.406 769.846 50 3.07235 -10 10
55.7628 #3 -152.079 -55.3391 50 0.547383 -10 10  #4 -63.5874 -102.421 50 1.59303 65.9821 34.0179
55.7628 #4 -63.5874 -102.421 50 1.59303 65.9821 34.0179  #3 -152.079 -55.3391 50 0.547383 0 0
55.7628 #5 -271.406 769.846 50 3.07235 -10 10  #2 -192.224 724.903 50 2.20093 0 0
55.7628 #7 -171.318 -149.936 50 1.63727 -10 10  #3 -152.079 -55.3391 50 0.547383 0 0
55.9969 #2 -192.224 724.903 50 2.20093 -10 10  #5 -271.406 769.846 50 3.07235 -10 10
55.9969 #3 -152.079 -55.3391 50 0.547383 -10 10  #7 -171.318 -149.936 50 1.63727 -10 10
55.9969 #5 -271.406 769.846 50 3.07235 -10 10  #2 -192.224 724.903 50 2.20093 0 0
55.9969 #7 -171.318 -149.936 50 1.63727 -10 10  #3 -152.079 -55.3391 50 0.547383 0 0
56.2266 #2 -192.224 724.903 50 2.20093 -10 10  #5 -271.406 769.846 50 3.07235 -10 10
56.2266 #3 -152.079 -55.3391 50 0.547383 -10 10  #4 -63.5874 -102.421 50 1.54622 66.582 33.418
56.2266 #4 -63.5874 -102.421 50 1.54622 66.582 33.418  #3 -152.079 -55.3391 50 0.547383 0 0
56.2266 #5 -271.406 769.846 50 3.07235 -10 10  #2 -192.224 724.903 50 2.20093 0 0
56.2266 #7 -171.318 -149.936 50 1.63727 -10 10  #3 -152.079 -55.3391 50 0.547383 0 0
56.4595 #2 -192.224 724.903 50 2.20093 -10 10  #5 -271.406 769.846 50 3.07235 -10 10
56.4595 #3 -152.079 -55.3391 50 0.547383 -10 10  #7 -171.318 -149.936 50 1.63727 -10 10
56.4595 #5 -271.406 769.846 50 3.07235 -10 10  #2 -192.224 724.903 50 2.20093 0 0
56.4595 #7 -171.318 -149.936 50 1.63727 -10 10  #3 -152.079 -55.3391 50 0.547383 0 0
56.7145 #2 -192.224 724.903 50 2.20093 -10 10  #5 -271.406 769.846 50 3.07235 -10 10
56.7145 #3 -152.079 -55.3391 50 0.547383 -10 10  #7 -171.318 -149.936 50 1.63727 -10 10
56.7145 #5 -271.406 769.846 50 3.07235 -10 10  #2 -192.224 724.903 50 2.20093 0 0
56.7145 #7 -171.318 -149.936 50 1.63727 -10 10  #3 -152.079 -55.3391 50 0.547383 0 0
57.2564 #2 -192.224 724.903 50 2.20093 -10 10  #5 -271.406 769.846 50 3.07235 -10 10
57.2564 #3 -152.079 -55.3391 50 0.547383 -10 10  #7 -171.318 -149.936 50 1.63727 -10 10
57.2564 #5 -271.406 769.846 50 3.07235 -10 10  #2 -192.224 724.903 50 2.20093 0 0
57.2564 #7 -171.318 -149.936 50 1.63727 -10 10  #3 -152.079 -55.3391 50 0.547383 0 0
