22.51 #1 -212.779 276.729 50 -1.55688 77.3561 22.6439  #5 -291.688 214.37 50 5.68024 31.9202 68.0798
22.51 #5 -291.688 214.37 50 5.68024 31.9202 68.0798  #1 -212.779 276.729 50 -1.55688 0 0
22.9771 #1 -212.779 276.729 50 -1.60466 78.5331 21.4669  #5 -291.688 214.37 50 5.63246 33.1473 66.8527
22.9771 #5 -291.688 214.37 50 5.63246 33.1473 66.8527  #1 -212.779 276.729 50 -1.60466 0 0
23.4344 #1 -212.779 276.729 50 -1.64852 79.5564 20.4436  #5 -291.688 214.37 50 5.5886 34.3079 65.6921
23.4344 #5 -291.688 214.37 50 5.5886 34.3079 65.6921  #1 -212.779 276.729 50 -1.64852 0 0
23.8994 #1 -212.779 276.729 50 -1.69452 -10 10  #5 -291.688 214.37 50 5.5426 35.5574 64.4426
23.8994 #5 -291.688 214.37 50 5.5426 35.5574 64.4426  #1 -212.779 276.729 50 -1.69452 0 0
24.3769 #1 -212.779 276.729 50 -1.74353 63.0064 36.9936  #5 -291.688 214.37 50 5.49359 36.9221 63.0779
24.3769 #5 -291.688 214.37 50 5.49359 36.9221 63.0779  #1 -212.779 276.729 50 -1.74353 0 0
24.8472 #1 -212.779 276.729 50 -1.7923 64.0665 35.9335  #5 -291.688 214.37 50 5.44481 38.3117 61.6883
24.8472 #5 -291.688 214.37 50 5.44481 38.3117 61.6883  #1 -212.779 276.729 50 -1.7923 0 0
25.3096 #1 -212.779 276.729 50 -1.83763 65.0216 34.9784  #5 -291.688 214.37 50 5.39949 39.6278 60.3722
25.3096 #5 -291.688 214.37 50 5.39949 39.6278 60.3722  #1 -212.779 276.729 50 -1.83763 0 0
25.7851 #1 -212.779 276.729 50 -1.88333 65.9536 34.0464  #5 -291.688 214.37 50 5.35378 40.9767 59.0233
25.7851 #5 -291.688 214.37 50 5.35378 40.9767 59.0233  #1 -212.779 276.729 50 -1.88333 0 0
26.265 #1 -212.779 276.729 50 -1.9295 66.861 33.139  #5 -291.688 214.37 50 5.30762 -10 10
26.265 #5 -291.688 214.37 50 5.30762 -10 10  #1 -212.779 276.729 50 -1.9295 0 0
26.7208 #1 -212.779 276.729 50 -1.97442 67.7097 32.2903  #5 -291.688 214.37 50 5.2627 -10 10
26.7208 #5 -291.688 214.37 50 5.2627 -10 10  #1 -212.779 276.729 50 -1.97442 0 0
27.2048 #1 -212.779 276.729 50 -2.01913 68.5187 31.4813  #5 -291.688 214.37 50 5.21799 59.7672 40.2328
27.2048 #5 -291.688 214.37 50 5.21799 59.7672 40.2328  #1 -212.779 276.729 50 -2.01913 0 0
27.6673 #1 -212.779 276.729 50 -2.06525 69.3144 30.6856  #5 -291.688 214.37 50 5.17187 60.8797 39.1203
27.6673 #5 -291.688 214.37 50 5.17187 60.8797 39.1203  #1 -212.779 276.729 50 -2.06525 0 0
28.1212 #1 -212.779 276.729 50 -2.11122 70.0669 29.9331  #5 -291.688 214.37 50 5.1259 61.9657 38.0343
28.1212 #5 -291.688 214.37 50 5.1259 61.9657 38.0343  #1 -212.779 276.729 50 -2.11122 0 0
28.6024 #1 -212.779 276.729 50 -2.15959 70.8126 29.1874  #5 -291.688 214.37 50 5.07753 63.081 36.919
28.6024 #5 -291.688 214.37 50 5.07753 63.081 36.919  #1 -212.779 276.729 50 -2.15959 0 0
29.0602 #1 -212.779 276.729 50 -2.2061 71.4839 28.5161  #5 -291.688 214.37 50 5.03102 64.1247 35.8753
29.0602 #5 -291.688 214.37 50 5.03102 64.1247 35.8753  #1 -212.779 276.729 50 -2.2061 0 0
29.535 #1 -212.779 276.729 50 -2.25424 72.1297 27.8703  #5 -291.688 214.37 50 4.98288 65.1726 34.8274
29.535 #5 -291.688 214.37 50 4.98288 65.1726 34.8274  #1 -212.779 276.729 50 -2.25424 0 0
30.2423 #1 -212.779 276.729 50 -2.34981 110 -10  #5 -291.688 214.37 50 4.88731 65.8696 34.1304
30.2423 #5 -291.688 214.37 50 4.88731 65.8696 34.1304  #1 -212.779 276.729 50 -2.34981 0 0
30.7033 #1 -212.779 276.729 50 -2.3957 110 -10  #5 -291.688 214.37 50 4.84142 66.4611 33.5389
30.7033 #5 -291.688 214.37 50 4.84142 66.4611 33.5389  #1 -212.779 276.729 50 -2.3957 0 0
31.1635 #1 -212.779 276.729 50 -2.44247 110 -10  #5 -291.688 214.37 50 4.79465 67.0283 32.9717
31.1635 #5 -291.688 214.37 50 4.79465 67.0283 32.9717  #1 -212.779 276.729 50 -2.44247 0 0
31.6486 #1 -212.779 276.729 50 -2.49016 110 -10  #5 -291.688 214.37 50 4.74695 67.5685 32.4315
31.6486 #5 -291.688 214.37 50 4.74695 67.5685 32.4315  #1 -212.779 276.729 50 -2.49016 0 0
31.8771 #4 -187.471 -36.7506 50 0.503398 51.5527 48.4473  #8 -157.114 64.6846 50 0.182426 10 -10
31.8771 #8 -157.114 64.6846 50 0.182426 10 -10  #4 -187.471 -36.7506 50 0.503398 0 0
32.1104 #1 -212.779 276.729 50 -2.53587 110 -10  #5 -291.688 214.37 50 4.70124 110 -10
32.1104 #5 -291.688 214.37 50 4.70124 110 -10  #1 -212.779 276.729 50 -2.53587 0 0
32.344 #4 -187.471 -36.7506 50 0.456736 48.5952 51.4048  #8 -157.114 64.6846 50 0.135764 10 -10
32.344 #8 -157.114 64.6846 50 0.135764 10 -10  #4 -187.471 -36.7506 50 0.456736 0 0
32.8215 #1 -212.779 276.729 50 -2.62827 110 -10  #5 -291.688 214.37 50 4.60884 63.6341 36.3659
32.8215 #4 -187.471 -36.7506 50 0.41106 50.3261 49.6739  #8 -157.114 64.6846 50 0.0900878 -10 10
32.8215 #5 -291.688 214.37 50 4.60884 63.6341 36.3659  #1 -212.779 276.729 50 -2.62827 0 0
32.8215 #8 -157.114 64.6846 50 0.0900878 -10 10  #4 -187.471 -36.7506 50 0.41106 0 0
33.2948 #1 -212.779 276.729 50 -2.67171 110 -10  #5 -291.688 214.37 50 4.56541 64.0414 35.9586
33.2948 #5 -291.688 214.37 50 4.56541 64.0414 35.9586  #1 -212.779 276.729 50 -2.67171 0 0
33.5225 #4 -175.544 -32.0877 50 0.377722 51.9716 48.0284  #8 -144.318 64.4643 50 -0.0810775 25.0657 74.9343
33.5225 #8 -144.318 64.4643 50 -0.0810775 25.0657 74.9343  #4 -175.544 -32.0877 50 0.377722 0 0
33.7487 #1 -212.779 276.729 50 -2.71725 110 -10  #5 -291.688 214.37 50 4.51986 64.44 35.56
33.7487 #5 -291.688 214.37 50 4.51986 64.44 35.56  #1 -212.779 276.729 50 -2.71725 0 0
33.9817 #4 -175.544 -32.0877 50 0.33249 53.8653 46.1347  #8 -144.318 64.4643 50 -0.126309 27.3136 72.6864
33.9817 #8 -144.318 64.4643 50 -0.126309 27.3136 72.6864  #4 -175.544 -32.0877 50 0.33249 0 0
34.2234 #1 -212.779 276.729 50 -2.76385 110 -10  #5 -291.688 214.37 50 4.47327 110 -10
34.2234 #5 -291.688 214.37 50 4.47327 110 -10  #1 -212.779 276.729 50 -2.76385 0 0
34.4525 #4 -175.544 -32.0877 50 0.284142 55.8806 44.1194  #8 -144.318 64.4643 50 -0.174657 29.7675 70.2325
34.4525 #8 -144.318 64.4643 50 -0.174657 29.7675 70.2325  #4 -175.544 -32.0877 50 0.284142 0 0
34.7062 #1 -212.779 276.729 50 -2.80968 110 -10  #5 -291.688 214.37 50 4.42744 110 -10
34.7062 #5 -291.688 214.37 50 4.42744 110 -10  #1 -212.779 276.729 50 -2.80968 0 0
34.9303 #4 -175.544 -32.0877 50 0.233421 57.98 42.02  #8 -144.318 64.4643 50 -0.225378 32.3925 67.6075
34.9303 #8 -144.318 64.4643 50 -0.225378 32.3925 67.6075  #4 -175.544 -32.0877 50 0.233421 0 0
35.1603 #1 -212.779 276.729 50 -2.85451 110 -10  #5 -291.688 214.37 50 4.38261 110 -10
35.1603 #5 -291.688 214.37 50 4.38261 110 -10  #1 -212.779 276.729 50 -2.85451 0 0
35.392 #4 -175.544 -32.0877 50 0.187427 59.8661 40.1339  #8 -144.318 64.4643 50 -0.271372 34.8123 65.1877
35.392 #8 -144.318 64.4643 50 -0.271372 34.8123 65.1877  #4 -175.544 -32.0877 50 0.187427 0 0
35.6256 #1 -212.779 276.729 50 -2.90085 110 -10  #5 -291.688 214.37 50 4.33626 110 -10
35.6256 #5 -291.688 214.37 50 4.33626 110 -10  #1 -212.779 276.729 50 -2.90085 0 0
35.8519 #3 299.008 -174.752 50 2.42842 39.0345 60.9655  #7 195.973 -137.225 50 0.921996 70.401 29.599
35.8519 #4 -175.544 -32.0877 50 0.140703 61.7608 38.2392  #8 -144.318 64.4643 50 -0.318096 37.3033 62.6967
35.8519 #7 195.973 -137.225 50 0.921996 70.401 29.599  #3 299.008 -174.752 50 2.42842 0 0
35.8519 #8 -144.318 64.4643 50 -0.318096 37.3033 62.6967  #4 -175.544 -32.0877 50 0.140703 0 0
36.0904 #1 -212.779 276.729 50 -2.94611 110 -10  #5 -291.688 214.37 50 4.29101 110 -10
36.0904 #5 -291.688 214.37 50 4.29101 110 -10  #1 -212.779 276.729 50 -2.94611 0 0
36.3219 #3 299.008 -174.752 50 2.38072 40.073 59.927  #7 195.973 -137.225 50 0.8743 71.578 28.422
36.3219 #4 -175.544 -32.0877 50 0.0930075 63.6684 36.3316  #8 -144.318 64.4643 50 -0.365792 39.8746 60.1254
36.3219 #7 195.973 -137.225 50 0.8743 71.578 28.422  #3 299.008 -174.752 50 2.38072 0 0
36.3219 #8 -144.318 64.4643 50 -0.365792 39.8746 60.1254  #4 -175.544 -32.0877 50 0.0930075 0 0
36.8095 #1 -223.974 273.39 50 -2.7111 110 -10  #5 -295.44 203.306 50 4.52602 110 -10
36.8095 #3 299.008 -174.752 50 2.33384 41.1159 58.8841  #7 195.973 -137.225 50 0.827415 72.6873 27.3127
36.8095 #4 -175.544 -32.0877 50 0.0461225 65.5133 34.4867  #8 -144.318 64.4643 50 -0.412677 42.4248 57.5752
36.8095 #5 -295.44 203.306 50 4.52602 110 -10  #1 -223.974 273.39 50 -2.7111 0 0
36.8095 #7 195.973 -137.225 50 0.827415 72.6873 27.3127  #3 299.008 -174.752 50 2.33384 0 0
36.8095 #8 -144.318 64.4643 50 -0.412677 42.4248 57.5752  #4 -175.544 -32.0877 50 0.0461225 0 0
37.2711 #1 -223.974 273.39 50 -2.75394 110 -10  #5 -295.44 203.306 50 4.48318 110 -10
37.2711 #3 299.008 -174.752 50 2.29099 42.086 57.914  #7 195.973 -137.225 50 0.784573 73.6574 26.3426
37.2711 #4 -175.544 -32.0877 50 0.00328049 67.1694 32.8306  #8 -144.318 64.4643 50 -0.455519 44.7697 55.2303
37.2711 #5 -295.44 203.306 50 4.48318 110 -10  #1 -223.974 273.39 50 -2.75394 0 0
37.2711 #7 195.973 -137.225 50 0.784573 73.6574 26.3426  #3 299.008 -174.752 50 2.29099 0 0
37.2711 #8 -144.318 64.4643 50 -0.455519 44.7697 55.2303  #4 -175.544 -32.0877 50 0.00328049 0 0
37.7464 #1 -223.974 273.39 50 -2.79943 110 -10  #5 -295.44 203.306 50 4.43769 110 -10
37.7464 #3 299.008 -174.752 50 2.2455 43.1318 56.8682  #7 195.973 -137.225 50 0.739084 74.6398 25.3602
37.7464 #4 -175.544 -32.0877 50 -0.0422085 68.8932 31.1068  #8 -144.318 64.4643 50 -0.501008 47.2699 52.7301
37.7464 #5 -295.44 203.306 50 4.43769 110 -10  #1 -223.974 273.39 50 -2.79943 0 0
37.7464 #7 195.973 -137.225 50 0.739084 74.6398 25.3602  #3 299.008 -174.752 50 2.2455 0 0
37.7464 #8 -144.318 64.4643 50 -0.501008 47.2699 52.7301  #4 -175.544 -32.0877 50 -0.0422085 0 0
38.2136 #1 -223.974 273.39 50 -2.8449 110 -10  #5 -295.44 203.306 50 4.39222 110 -10
38.2136 #3 299.008 -174.752 50 2.20004 44.1915 55.8085  #7 195.973 -137.225 50 0.693615 75.5708 24.4292
38.2136 #4 -175.544 -32.0877 50 -0.0876775 70.5772 29.4228  #8 -144.318 64.4643 50 -0.546477 49.7747 50.2253
38.2136 #5 -295.44 203.306 50 4.39222 110 -10  #1 -223.974 273.39 50 -2.8449 0 0
38.2136 #7 195.973 -137.225 50 0.693615 75.5708 24.4292  #3 299.008 -174.752 50 2.20004 0 0
38.2136 #8 -144.318 64.4643 50 -0.546477 49.7747 50.2253  #4 -175.544 -32.0877 50 -0.0876775 0 0
38.4489 #2 136.216 53.3022 50 6.10344 19.9906 80.0094  #6 241.316 72.4974 50 3.65666 10 -10
38.4489 #6 241.316 72.4974 50 3.65666 10 -10  #2 136.216 53.3022 50 6.10344 0 0
38.6716 #1 -223.974 273.39 50 -2.89196 110 -10  #5 -295.44 203.306 50 4.34516 110 -10
38.6716 #3 299.008 -174.752 50 2.15297 45.3008 54.6992  #7 195.973 -137.225 50 0.646554 76.4788 23.5212
38.6716 #4 -175.544 -32.0877 50 -0.134739 72.2754 27.7246  #8 -144.318 64.4643 50 -0.593538 52.3676 47.6324
38.6716 #5 -295.44 203.306 50 4.34516 110 -10  #1 -223.974 273.39 50 -2.89196 0 0
38.6716 #7 195.973 -137.225 50 0.646554 76.4788 23.5212  #3 299.008 -174.752 50 2.15297 0 0
38.6716 #8 -144.318 64.4643 50 -0.593538 52.3676 47.6324  #4 -175.544 -32.0877 50 -0.134739 0 0
38.9189 #2 136.216 53.3022 50 6.05889 23.1344 76.8656  #6 241.316 72.4974 50 3.61211 10 -10
38.9189 #6 241.316 72.4974 50 3.61211 10 -10  #2 136.216 53.3022 50 6.05889 0 0
39.1492 #3 299.008 -174.752 50 2.10353 46.4774 53.5226  #7 195.973 -137.225 50 0.597112 77.3695 22.6305
39.1492 #4 -175.544 -32.0877 50 -0.184181 74.0062 25.9938  #8 -144.318 64.4643 50 -0.64298 55.0859 44.9141
39.1492 #7 195.973 -137.225 50 0.597112 77.3695 22.6305  #3 299.008 -174.752 50 2.10353 0 0
39.1492 #8 -144.318 64.4643 50 -0.64298 55.0859 44.9141  #4 -175.544 -32.0877 50 -0.184181 0 0
39.376 #1 -234.802 269.579 50 -2.66502 110 -10  #5 -298.596 192.269 50 4.57209 110 -10
39.376 #2 136.216 53.3022 50 6.01282 26.4404 73.5596  #6 241.316 72.4974 50 3.56604 10 -10
39.376 #5 -298.596 192.269 50 4.57209 110 -10  #1 -234.802 269.579 50 -2.66502 0 0
39.376 #6 241.316 72.4974 50 3.56604 10 -10  #2 136.216 53.3022 50 6.01282 0 0
39.6201 #3 299.008 -174.752 50 2.05817 47.5646 52.4354  #7 195.973 -137.225 50 0.551749 110 -10
39.6201 #4 -175.544 -32.0877 50 -0.229544 75.5428 24.4572  #8 -144.318 64.4643 50 -0.688343 57.5692 42.4308
39.6201 #7 195.973 -137.225 50 0.551749 110 -10  #3 299.008 -174.752 50 2.05817 0 0
39.6201 #8 -144.318 64.4643 50 -0.688343 57.5692 42.4308  #4 -175.544 -32.0877 50 -0.229544 0 0
39.858 #1 -234.802 269.579 50 -2.71385 110 -10  #5 -298.596 192.269 50 4.52327 110 -10
39.858 #2 136.216 53.3022 50 5.964 29.9988 70.0012  #6 241.316 72.4974 50 3.51722 10 -10
39.858 #5 -298.596 192.269 50 4.52327 110 -10  #1 -234.802 269.579 50 -2.71385 0 0
39.858 #6 241.316 72.4974 50 3.51722 10 -10  #2 136.216 53.3022 50 5.964 0 0
40.0813 #3 299.008 -174.752 50 2.01059 48.7103 51.2897  #7 195.973 -137.225 50 0.504171 110 -10
40.0813 #4 -175.544 -32.0877 50 -0.277122 77.0979 22.9021  #8 -144.318 64.4643 50 -0.735921 60.1569 39.8431
40.0813 #7 195.973 -137.225 50 0.504171 110 -10  #3 299.008 -174.752 50 2.01059 0 0
40.0813 #8 -144.318 64.4643 50 -0.735921 60.1569 39.8431  #4 -175.544 -32.0877 50 -0.277122 0 0
40.3145 #1 -234.802 269.579 50 -2.75851 110 -10  #5 -298.596 192.269 50 4.47861 110 -10
40.3145 #2 136.216 53.3022 50 5.91934 33.2961 66.7039  #6 241.316 72.4974 50 3.47256 10 -10
40.3145 #5 -298.596 192.269 50 4.47861 110 -10  #1 -234.802 269.579 50 -2.75851 0 0
40.3145 #6 241.316 72.4974 50 3.47256 10 -10  #2 136.216 53.3022 50 5.91934 0 0
40.549 #3 299.008 -174.752 50 1.96394 49.8364 50.1636  #7 195.973 -137.225 50 0.457521 110 -10
40.549 #4 -175.544 -32.0877 50 -0.323772 78.5631 21.4369  #8 -144.318 64.4643 50 -0.782571 62.6719 37.3281
40.549 #7 195.973 -137.225 50 0.457521 110 -10  #3 299.008 -174.752 50 1.96394 0 0
40.549 #8 -144.318 64.4643 50 -0.782571 62.6719 37.3281  #4 -175.544 -32.0877 50 -0.323772 0 0
40.7809 #2 136.216 53.3022 50 5.87245 36.7931 63.2069  #6 241.316 72.4974 50 3.42567 10 -10
40.7809 #6 241.316 72.4974 50 3.42567 10 -10  #2 136.216 53.3022 50 5.87245 0 0
41.0296 #1 -245.081 264.289 50 -2.52705 110 -10  #5 -300.226 180.825 50 4.71006 64.3788 35.6212
41.0296 #3 299.008 -174.752 50 1.91755 50.9566 49.0434  #7 195.973 -137.225 50 0.411131 110 -10
41.0296 #4 -175.544 -32.0877 50 -0.370162 79.9585 20.0415  #8 -144.318 64.4643 50 -0.828961 65.1455 34.8545
41.0296 #5 -300.226 180.825 50 4.71006 64.3788 35.6212  #1 -245.081 264.289 50 -2.52705 0 0
41.0296 #7 195.973 -137.225 50 0.411131 110 -10  #3 299.008 -174.752 50 1.91755 0 0
41.0296 #8 -144.318 64.4643 50 -0.828961 65.1455 34.8545  #4 -175.544 -32.0877 50 -0.370162 0 0
41.2557 #2 136.216 53.3022 50 5.82271 40.535 59.465  #6 241.316 72.4974 50 3.37593 10 -10
41.2557 #6 241.316 72.4974 50 3.37593 10 -10  #2 136.216 53.3022 50 5.82271 0 0
41.4815 #1 -245.081 264.289 50 -2.57226 110 -10  #5 -300.226 180.825 50 4.66486 64.8183 35.1817
41.4815 #3 299.008 -174.752 50 1.87234 52.0463 47.9537  #7 195.973 -137.225 50 0.365922 110 -10
41.4815 #4 -175.544 -32.0877 50 -0.415371 81.2564 18.7436  #8 -144.318 64.4643 50 -0.87417 67.5248 32.4752
41.4815 #5 -300.226 180.825 50 4.66486 64.8183 35.1817  #1 -245.081 264.289 50 -2.57226 0 0
41.4815 #7 195.973 -137.225 50 0.365922 110 -10  #3 299.008 -174.752 50 1.87234 0 0
41.4815 #8 -144.318 64.4643 50 -0.87417 67.5248 32.4752  #4 -175.544 -32.0877 50 -0.415371 0 0
41.7266 #2 136.216 53.3022 50 5.77756 43.9521 56.0479  #6 241.316 72.4974 50 3.33078 10 -10
41.7266 #6 241.316 72.4974 50 3.33078 10 -10  #2 136.216 53.3022 50 5.77756 0 0
41.9506 #1 -245.081 264.289 50 -2.62129 110 -10  #5 -300.226 180.825 50 4.61582 110 -10
41.9506 #3 299.008 -174.752 50 1.82331 53.2235 46.7765  #7 195.973 -137.225 50 0.316889 110 -10
41.9506 #4 -175.544 -32.0877 50 -0.464404 82.5918 17.4082  #8 -144.318 64.4643 50 -0.923203 70.0648 29.9352
41.9506 #5 -300.226 180.825 50 4.61582 110 -10  #1 -245.081 264.289 50 -2.62129 0 0
41.9506 #7 195.973 -137.225 50 0.316889 110 -10  #3 299.008 -174.752 50 1.82331 0 0
41.9506 #8 -144.318 64.4643 50 -0.923203 70.0648 29.9352  #4 -175.544 -32.0877 50 -0.464404 0 0
42.1869 #2 136.216 53.3022 50 5.73275 47.355 52.645  #6 241.316 72.4974 50 3.28597 10 -10
42.1869 #6 241.316 72.4974 50 3.28597 10 -10  #2 136.216 53.3022 50 5.73275 0 0
42.4197 #3 299.008 -174.752 50 1.77605 54.3506 45.6494  #7 195.973 -137.225 50 0.269634 110 -10
42.4197 #7 195.973 -137.225 50 0.269634 110 -10  #3 299.008 -174.752 50 1.77605 0 0
42.6486 #2 136.216 53.3022 50 5.68619 50.897 49.103  #6 241.316 72.4974 50 3.23941 10 -10
42.6486 #4 -175.544 -32.0877 50 -0.558223 58.6202 41.3798  #8 -144.318 64.4643 50 -1.01702 61.3453 38.6547
42.6486 #6 241.316 72.4974 50 3.23941 10 -10  #2 136.216 53.3022 50 5.68619 0 0
42.6486 #8 -144.318 64.4643 50 -1.01702 61.3453 38.6547  #4 -175.544 -32.0877 50 -0.558223 0 0
42.9 #1 -254.723 258.192 50 -2.44045 110 -10  #5 -300.831 169.433 50 4.79667 110 -10
42.9 #3 299.008 -174.752 50 1.73028 55.4332 44.5668  #7 195.973 -137.225 50 0.223857 110 -10
42.9 #5 -300.831 169.433 50 4.79667 110 -10  #1 -254.723 258.192 50 -2.44045 0 0
42.9 #7 195.973 -137.225 50 0.223857 110 -10  #3 299.008 -174.752 50 1.73028 0 0
43.1284 #2 136.216 53.3022 50 5.63591 54.7192 45.2808  #6 241.316 72.4974 50 3.18913 10 -10
43.1284 #4 -175.544 -32.0877 50 -0.608502 59.1328 40.8672  #8 -144.318 64.4643 50 -1.0673 61.8058 38.1942
43.1284 #6 241.316 72.4974 50 3.18913 10 -10  #2 136.216 53.3022 50 5.63591 0 0
43.1284 #8 -144.318 64.4643 50 -1.0673 61.8058 38.1942  #4 -175.544 -32.0877 50 -0.608502 0 0
43.3562 #1 -254.723 258.192 50 -2.48613 110 -10  #5 -300.831 169.433 50 4.75098 110 -10
43.3562 #3 299.008 -174.752 50 1.6846 56.5023 43.4977  #7 195.973 -137.225 50 0.178176 110 -10
43.3562 #5 -300.831 169.433 50 4.75098 110 -10  #1 -254.723 258.192 50 -2.48613 0 0
43.3562 #7 195.973 -137.225 50 0.178176 110 -10  #3 299.008 -174.752 50 1.6846 0 0
43.5981 #2 136.216 53.3022 50 5.59035 58.1728 41.8272  #6 241.316 72.4974 50 3.14357 10 -10
43.5981 #4 -175.544 -32.0877 50 -0.654064 59.5774 40.4226  #8 -144.318 64.4643 50 -1.11286 62.1974 37.8026
43.5981 #6 241.316 72.4974 50 3.14357 10 -10  #2 136.216 53.3022 50 5.59035 0 0
43.5981 #8 -144.318 64.4643 50 -1.11286 62.1974 37.8026  #4 -175.544 -32.0877 50 -0.654064 0 0
43.834 #1 -254.723 258.192 50 -2.5345 110 -10  #5 -300.831 169.433 50 4.70262 110 -10
43.834 #3 299.008 -174.752 50 1.63623 57.6193 42.3807  #7 195.973 -137.225 50 0.129808 110 -10
43.834 #5 -300.831 169.433 50 4.70262 110 -10  #1 -254.723 258.192 50 -2.5345 0 0
43.834 #7 195.973 -137.225 50 0.129808 110 -10  #3 299.008 -174.752 50 1.63623 0 0
44.0563 #4 -175.544 -32.0877 50 -0.701246 60.0168 39.9832  #8 -144.318 64.4643 50 -1.16005 62.5761 37.4239
44.0563 #8 -144.318 64.4643 50 -1.16005 62.5761 37.4239  #4 -175.544 -32.0877 50 -0.701246 0 0
44.3081 #1 -254.723 258.192 50 -2.57897 110 -10  #5 -300.831 169.433 50 4.65815 110 -10
44.3081 #3 299.008 -174.752 50 1.59176 58.6307 41.3693  #7 195.973 -137.225 50 0.0853401 110 -10
44.3081 #5 -300.831 169.433 50 4.65815 110 -10  #1 -254.723 258.192 50 -2.57897 0 0
44.3081 #7 195.973 -137.225 50 0.0853401 110 -10  #3 299.008 -174.752 50 1.59176 0 0
44.547 #4 -175.544 -32.0877 50 -0.751605 60.4612 39.5388  #8 -144.318 64.4643 50 -1.2104 110 -10
44.547 #8 -144.318 64.4643 50 -1.2104 110 -10  #4 -175.544 -32.0877 50 -0.751605 0 0
44.7622 #3 299.008 -174.752 50 1.54398 59.6983 40.3017  #7 195.973 -137.225 50 0.0375581 110 -10
44.7622 #7 195.973 -137.225 50 0.0375581 110 -10  #3 299.008 -174.752 50 1.54398 0 0
45.0095 #1 -263.303 251.751 50 -2.36856 110 -10  #5 -300.541 158.709 50 4.86855 110 -10
45.0095 #5 -300.541 158.709 50 4.86855 110 -10  #1 -263.303 251.751 50 -2.36856 0 0
45.2309 #2 144.617 46.0234 50 5.78596 58.1816 41.8184  #6 241.316 72.4974 50 3.33148 10 -10
45.2309 #4 -175.544 -32.0877 50 -0.84409 60.3027 39.6973  #8 -144.318 64.4643 50 -1.30289 110 -10
45.2309 #6 241.316 72.4974 50 3.33148 10 -10  #2 144.617 46.0234 50 5.78596 0 0
45.2309 #8 -144.318 64.4643 50 -1.30289 110 -10  #4 -175.544 -32.0877 50 -0.84409 0 0
45.4818 #3 299.588 -163.694 50 1.54227 60.7799 39.2201  #7 195.973 -137.225 50 -0.0561899 110 -10
45.4818 #7 195.973 -137.225 50 -0.0561899 110 -10  #3 299.588 -163.694 50 1.54227 0 0
45.7046 #2 144.617 46.0234 50 5.73578 61.2127 38.7873  #6 241.316 72.4974 50 3.2813 10 -10
45.7046 #4 -175.544 -32.0877 50 -0.894265 60.6459 39.3541  #8 -144.318 64.4643 50 -1.35306 110 -10
45.7046 #6 241.316 72.4974 50 3.2813 10 -10  #2 144.617 46.0234 50 5.73578 0 0
45.7046 #8 -144.318 64.4643 50 -1.35306 110 -10  #4 -175.544 -32.0877 50 -0.894265 0 0
45.9342 #3 299.588 -163.694 50 1.49772 61.7923 38.2077  #7 195.973 -137.225 50 -0.100742 110 -10
45.9342 #7 195.973 -137.225 50 -0.100742 110 -10  #3 299.588 -163.694 50 1.49772 0 0
