0.702475 #2 -450 225 50 2.35619 65.7135 34.2865
0.702475 #6 -450 -225 50 3.92699 34.2865 65.7135
0.951095 #5 685.959 -1.46697 50 -0.266142 25.8326 74.1674
0.951095 #7 458.786 -231.712 50 5.76393 76.4888 23.5112
1.17649 #2 -477.084 246.726 50 2.57486 0 0
1.17649 #6 -467.798 -240.344 50 3.77916 34.2865 65.7135
1.17649 #6 -477.084 -246.726 50 3.70832 0 0
1.41764 #1 -13.6999 255.886 50 2.40576 68.0608 31.9392
1.41764 #7 480.617 -240.78 50 6.01505 76.4888 23.5112
1.41764 #7 492.415 -243.224 50 6.14281 0 0
1.64248 #1 -32.2028 270.001 50 2.57409 0 0
1.64248 #4 -720.001 32.2028 50 2.1383 0 0
1.64248 #5 718.166 -16.5892 50 -0.611816 25.8326 74.1674
1.64248 #8 -32.2028 -270.001 50 3.7091 0 0
1.88226 #5 735.532 -31.9468 50 -0.836391 0 0
2.10831 #3 446.552 287.01 50 2.46729 68.7916 31.2084
2.59178 #3 426.368 300.33 50 2.64931 68.7916 31.2084
2.59178 #3 416.232 305.225 50 2.73395 0 0
4.69879 #7 502.445 -247.659 50 5.87545 53.9137 46.0863
4.93634 #7 513.724 -252.403 50 5.8946 53.9137 46.0863
5.39079 #3 416.232 305.225 50 3.25173 68.8154 31.1846
6.11231 #7 568.25 -271.89 50 5.98528 53.9137 46.0863
6.34602 #3 371.764 292.177 50 3.60231 68.8154 31.1846
6.57437 #4 -708.205 53.4562 50 0.968831 45.6245 54.3755
7.0318 #3 343.362 273.174 50 3.86021 68.8154 31.1846
7.0318 #3 334.901 265.089 50 3.94832 0 0
7.28316 #7 637.534 -288.323 50 6.20171 0 0
7.99059 #1 -48.3152 193.263 50 5.28481 67.3866 32.6134
7.99059 #4 -665.543 108.122 50 0.847392 45.6245 54.3755
7.99059 #5 643.969 -48.0719 50 -3.91858 35.6705 64.3295
7.99059 #8 -45.7446 -194.988 50 0.824649 35.2309 64.7691
8.22063 #8 -36.6774 -185.897 50 0.748777 35.2309 64.7691
8.4459 #8 -27.9925 -178.36 50 0.680828 35.2309 64.7691
8.67704 #8 -19.011 -171.566 50 0.614289 35.2309 64.7691
8.92751 #1 -16.7789 158.477 50 5.61282 67.3866 32.6134
9.39945 #1 3.09461 145.249 50 5.77904 67.3866 32.6134
9.39945 #8 11.8852 -154.302 50 0.404821 35.2309 64.7691
9.60751 #1 14.0324 139.808 50 5.86403 67.3866 32.6134
9.60751 #5 597.359 31.9546 50 -4.43798 0 0
9.86385 #1 35.9116 132.107 50 6.02552 0 0
9.86385 #4 -598.059 172.96 50 0.683417 45.6245 54.3755
9.86385 #8 45.6794 -143.844 50 0.195453 0 0
10.0945 #3 331.24 252.81 50 4.38194 34.0991 65.9009
10.0945 #4 -588.031 180.941 50 0.660985 45.6245 54.3755
10.5515 #4 -569.173 194.993 50 0.61982 45.6245 54.3755
11.0322 #7 649.582 -286.359 50 6.34381 0 0
11.5044 #3 294.581 193.541 50 3.93498 34.0991 65.9009
11.7193 #3 286.032 185.48 50 3.86022 34.0991 65.9009
12.4341 #5 608.353 76.9094 50 -5.13416 30.4549 69.5451
12.6705 #4 -478.596 247.793 50 0.432953 44.9598 55.0402
13.134 #5 634.741 115.125 50 -5.49926 0 0
13.3665 #8 45.6794 -143.844 50 -0.458583 51.2661 48.7339
13.6146 #8 56.1181 -148.959 50 -0.452696 51.2661 48.7339
13.841 #6 -267.071 -455.335 50 6.05099 51.7479 48.2521
14.0804 #6 -256.044 -457.896 50 6.0589 51.7479 48.2521
14.3066 #3 261.668 90.4598 50 5.89544 60.1628 39.8372
14.3066 #6 -244.365 -460.509 50 6.06727 51.7479 48.2521
14.5424 #3 272.231 86.4262 50 5.94141 60.1628 39.8372
14.7805 #2 -221.996 5.48677 50 5.97038 53.4966 46.5034
14.7805 #6 -221.764 -465.275 50 6.08342 51.7479 48.2521
15.7163 #1 197.072 108.141 50 6.23411 55.3071 44.6929
16.183 #1 220.989 107.574 50 6.2849 55.3071 44.6929
16.183 #3 352.767 72.2054 50 6.27541 60.1628 39.8372
16.183 #7 666.669 -303.092 50 5.56049 60.9184 39.0816
16.4202 #3 364.421 72.3909 50 6.3228 60.1628 39.8372
16.4202 #7 675.604 -310.576 50 5.6114 60.9184 39.0816
16.6374 #3 376.259 73.1463 50 6.37102 60.1628 39.8372
16.6374 #8 195.841 -210.436 50 -0.37838 51.1075 48.8925
17.1204 #3 399.171 76.2548 50 6.46505 60.1628 39.8372
17.1204 #7 704.548 -330.182 50 5.76422 60.9184 39.0816
17.1204 #7 715.008 -335.802 50 5.81609 0 0
17.8299 #3 433.44 85.1474 50 6.6091 60.1628 39.8372
18.2865 #7 715.008 -335.802 50 6.00323 74.4685 25.5315
18.5233 #3 465.467 98.5577 50 6.75036 60.1628 39.8372
18.5233 #7 726.239 -338.355 50 6.11602 74.4685 25.5315
18.7562 #7 738.001 -339.645 50 6.23189 74.4685 25.5315
18.7562 #7 749.638 -339.579 50 6.34585 0 0
18.9857 #6 -13.0761 -493.176 50 6.21358 51.4145 48.5855
19.224 #1 370.126 132.076 50 6.60714 55.3071 44.6929
19.224 #3 495.457 116.463 50 6.89247 60.1628 39.8372
19.224 #6 -1.62615 -493.937 50 6.22008 51.4145 48.5855
19.4568 #1 381.371 136.011 50 6.63243 55.3071 44.6929
19.4568 #6 10.2661 -494.648 50 6.22682 51.4145 48.5855
19.7006 #8 338.917 -261.106 50 -0.292117 51.7857 48.2143
19.9258 #8 350.606 -264.566 50 -0.28341 51.7857 48.2143
20.1649 #1 413.869 149.236 50 6.70693 55.3071 44.6929
20.1649 #8 361.429 -267.671 50 -0.275367 51.7857 48.2143
20.3903 #8 372.947 -270.872 50 -0.266828 51.7857 48.2143
20.6315 #5 645.561 118.264 50 -5.95014 72.5004 27.4996
20.6315 #8 383.831 -273.8 50 -0.258777 51.7857 48.2143
20.8805 #1 445.459 164.934 50 6.78183 55.3071 44.6929
20.8805 #3 560.931 184.128 50 7.2776 0 0
20.8805 #8 395.501 -276.836 50 -0.250164 51.7857 48.2143
21.1004 #1 456.313 171.032 50 6.80825 0 0
21.1004 #3 560.931 184.128 50 7.2776 0 0
21.1004 #8 407.577 -279.864 50 -0.241271 51.7857 48.2143
21.5655 #2 113.219 -19.8678 50 6.44501 52.0755 47.9245
21.5655 #8 429.41 -285.052 50 -0.225241 51.7857 48.2143
21.8106 #1 456.313 171.032 50 6.71522 48.3885 51.6115
21.8106 #3 560.931 184.128 50 7.18457 38.0207 61.9793
21.8106 #6 127.292 -497.424 50 6.29171 51.3734 48.6266
22.0505 #4 -24.0995 355.828 50 0.0996381 49.1534 50.8466
22.0505 #5 701.026 160.657 50 -5.31101 72.5004 27.4996
22.2752 #1 478.412 181.013 50 6.69959 0 0
22.2752 #3 577.048 202.228 50 7.06838 0 0
22.2752 #2 148.715 -13.5264 50 6.47494 52.0755 47.9245
22.2752 #5 707.238 170.912 50 -5.20305 72.5004 27.4996
22.2752 #5 712.022 181.069 50 -5.10196 0 0
22.2752 #8 464.658 -292.651 50 -0.199484 51.7857 48.2143
22.7553 #1 478.412 181.013 50 6.65391 0 0
22.7553 #3 577.048 202.228 50 7.0227 0 0
22.7553 #2 170.909 -9.00054 50 6.49375 52.0755 47.9245
22.969 #2 183.206 -6.30514 50 6.5042 52.0755 47.9245
22.969 #4 22.9376 360.15 50 0.0836418 49.1534 50.8466
22.969 #8 499.284 -299.199 50 -0.174312 51.7857 48.2143
23.2191 #1 478.412 181.013 50 6.61117 0 0
23.2191 #3 577.048 202.228 50 6.97996 0 0
23.2191 #8 509.813 -301.012 50 -0.166681 51.7857 48.2143
23.6861 #1 478.412 181.013 50 6.56696 0 0
23.6861 #3 577.048 202.228 50 6.93575 0 0
24.1455 #2 240.062 7.93105 50 6.55286 52.0755 47.9245
24.1455 #3 577.048 202.228 50 6.88744 43.8608 56.1392
24.3997 #1 488.99 183.6 50 6.52746 0 0
24.3997 #3 586.092 208.294 50 6.86069 0 0
25.0957 #1 488.99 183.6 50 6.43792 0 0
25.0957 #3 586.092 208.294 50 6.77115 0 0
25.0957 #4 127.308 367.041 50 0.0482185 49.1534 50.8466
25.32 #5 711.115 215.859 50 -4.69563 48.6665 51.3335
25.32 #6 303.451 -487.439 50 6.38632 51.2726 48.7274
25.5456 #3 586.092 208.294 50 6.7263 59.4676 40.5324
25.5456 #6 314.601 -486.253 50 6.39203 51.2726 48.7274
25.7897 #1 500.179 185.056 50 6.43223 0 0
25.7897 #3 596.179 213.348 50 6.76903 0 0
25.7897 #5 710.855 250.559 50 -4.71414 0 0
26.0341 #7 749.638 -339.579 50 6.25673 0 0
26.0341 #8 649.837 -317.372 50 -0.0659385 0 0
26.2685 #1 500.179 185.056 50 6.38335 59.4984 40.5016
26.4958 #3 606.665 218.574 50 6.77085 0 0
26.4958 #5 710.855 250.559 50 -4.71615 0 0
26.4958 #7 749.638 -339.579 50 6.20986 0 0
26.4958 #8 649.837 -317.372 50 -0.112809 0 0
26.4958 #6 361.679 -480.533 50 6.41617 52.2757 47.7243
26.7202 #1 523.015 188.368 50 6.47105 0 0
26.7202 #3 606.665 218.574 50 6.77085 0 0
26.7202 #2 361.208 50.1547 50 6.69338 52.979 47.021
26.7202 #4 209.677 369.865 50 0.0203072 49.1534 50.8466
26.9709 #1 523.015 188.368 50 6.47105 0 0
26.9709 #3 606.665 218.574 50 6.77085 0 0
26.9709 #7 749.638 -339.579 50 6.16497 0 0
26.9709 #8 649.837 -317.372 50 -0.157702 0 0
27.2039 #1 523.015 188.368 50 6.47105 0 0
27.2039 #3 606.665 218.574 50 6.77085 0 0
27.2039 #6 396.409 -475.32 50 6.44814 52.2757 47.7243
27.4423 #1 523.015 188.368 50 6.47105 0 0
27.4423 #3 606.665 218.574 50 6.77085 0 0
27.4423 #7 749.638 -339.579 50 6.11837 0 0
27.4423 #8 649.837 -317.372 50 -0.204298 0 0
27.4423 #2 393.368 64.9542 50 6.73557 52.979 47.021
27.6676 #1 523.015 188.368 50 6.47105 0 0
27.6676 #3 606.665 218.574 50 6.77085 0 0
27.6676 #4 256.997 370.446 50 0.00428077 49.1534 50.8466
27.6676 #6 419.615 -471.201 50 6.4696 52.2757 47.7243
27.9061 #1 523.015 188.368 50 6.47105 0 0
27.9061 #3 606.665 218.574 50 6.77085 0 0
27.9061 #7 749.638 -339.579 50 6.0733 0 0
27.9061 #8 649.837 -317.372 50 -0.249372 0 0
27.9061 #6 430.677 -469.056 50 6.47985 52.2757 47.7243
28.1455 #1 523.015 188.368 50 6.47105 0 0
28.1455 #3 606.665 218.574 50 6.77085 0 0
28.3647 #1 523.015 188.368 50 6.47105 0 0
28.3647 #3 606.665 218.574 50 6.77085 0 0
28.3647 #7 749.638 -339.579 50 6.02542 0 0
28.3647 #8 649.837 -317.372 50 -0.297252 0 0
28.3647 #2 435.116 86.712 50 6.79168 52.979 47.021
28.6016 #1 523.015 188.368 50 6.47105 0 0
28.6016 #3 606.665 218.574 50 6.77085 0 0
28.6016 #6 464.745 -461.704 50 6.51158 52.2757 47.7243
28.8307 #1 523.015 188.368 50 6.47105 0 0
28.8307 #3 606.665 218.574 50 6.77085 0 0
28.8307 #7 749.638 -339.579 50 5.97804 0 0
28.8307 #8 649.837 -317.372 50 -0.34463 0 0
28.8307 #2 454.88 98.0829 50 6.81885 52.979 47.021
29.0709 #1 523.015 188.368 50 6.47105 0 0
29.0709 #2 464.689 103.996 50 6.83249 0 0
29.0709 #3 606.665 218.574 50 6.77085 0 0
29.297 #1 523.015 188.368 50 6.47105 0 0
29.297 #3 606.665 218.574 50 6.77085 0 0
29.297 #7 749.638 -339.579 50 5.93 0 0
29.297 #8 649.837 -317.372 50 -0.392674 0 0
29.5506 #1 523.015 188.368 50 6.47105 0 0
29.5506 #2 464.689 103.996 50 6.78727 0 0
29.5506 #3 606.665 218.574 50 6.77085 0 0
29.5506 #6 509.911 -450.19 50 6.55401 52.2757 47.7243
29.7641 #1 523.015 188.368 50 6.47105 0 0
29.7641 #3 606.665 218.574 50 6.77085 0 0
29.7641 #7 749.638 -339.579 50 5.87927 0 0
29.7641 #8 649.837 -317.372 50 -0.443405 0 0
29.7641 #6 522.112 -446.727 50 6.56555 52.2757 47.7243
30.0078 #1 523.015 188.368 50 6.47105 0 0
30.0078 #3 606.665 218.574 50 6.77085 0 0
30.0078 #6 532.349 -443.703 50 6.57527 52.2757 47.7243
30.2472 #1 523.015 188.368 50 6.47105 0 0
30.2472 #3 606.665 218.574 50 6.77085 0 0
30.2472 #7 749.638 -339.579 50 5.83054 0 0
30.2472 #8 649.837 -317.372 50 -0.492129 0 0
30.4903 #1 523.015 188.368 50 6.47105 0 0
30.4903 #2 464.689 103.996 50 6.64796 0 0
30.4903 #3 606.665 218.574 50 6.77085 0 0
30.4903 #4 397.203 367.717 50 -0.043213 44.7603 55.2397
30.4903 #6 555.4 -436.495 50 6.59726 52.2757 47.7243
30.7133 #1 523.015 188.368 50 6.47105 0 0
30.7133 #3 606.665 218.574 50 6.77085 0 0
30.7133 #7 749.638 -339.579 50 5.78193 0 0
30.7133 #8 649.837 -317.372 50 -0.540743 0 0
30.7133 #4 409.338 367.037 50 -0.0686853 44.7603 55.2397
30.7133 #6 566.938 -432.676 50 6.60832 52.2757 47.7243
30.946 #1 523.015 188.368 50 6.47105 0 0
30.946 #2 464.689 103.996 50 6.60335 0 0
30.946 #3 606.665 218.574 50 6.77085 0 0
31.1691 #1 523.015 188.368 50 6.47105 0 0
31.1691 #3 606.665 218.574 50 6.77085 0 0
31.4235 #1 523.015 188.368 50 6.47105 0 0
31.4235 #3 606.665 218.574 50 6.77085 0 0
31.65 #1 523.015 188.368 50 6.47105 0 0
31.65 #2 464.689 103.996 50 6.50785 0 0
31.65 #3 606.665 218.574 50 6.77085 0 0
31.65 #6 610.825 -416.837 50 6.65079 0 0
31.65 #7 749.638 -339.579 50 5.8309 0 0
31.65 #8 649.837 -317.372 50 -0.682773 0 0
32.1908 #1 523.015 188.368 50 6.47105 0 0
32.1908 #3 606.665 218.574 50 6.77085 0 0
32.4241 #1 523.015 188.368 50 6.47105 0 0
32.4241 #2 464.689 103.996 50 6.3997 0 0
32.4241 #3 606.665 218.574 50 6.77085 0 0
32.4241 #6 610.825 -416.837 50 6.54265 0 0
32.4241 #7 749.638 -339.579 50 5.72276 0 0
32.4241 #8 649.837 -317.372 50 -0.790919 0 0
32.4241 #4 493.188 353.665 50 -0.248494 44.6556 55.3444
32.6616 #1 523.015 188.368 50 6.47105 0 0
32.6616 #3 606.665 218.574 50 6.77085 0 0
32.8984 #1 523.015 188.368 50 6.47105 0 0
32.8984 #2 464.689 103.996 50 6.35219 0 0
32.8984 #3 606.665 218.574 50 6.77085 0 0
32.8984 #6 610.825 -416.837 50 6.49514 0 0
32.8984 #7 749.638 -339.579 50 5.67525 0 0
32.8984 #8 649.837 -317.372 50 -0.838429 0 0
33.1306 #1 523.015 188.368 50 6.47105 0 0
33.1306 #3 606.665 218.574 50 6.77085 0 0
33.3635 #1 523.015 188.368 50 6.47105 0 0
33.3635 #2 464.689 103.996 50 6.30575 0 0
33.3635 #3 606.665 218.574 50 6.77085 0 0
33.3635 #6 610.825 -416.837 50 6.44869 0 0
33.3635 #7 749.638 -339.579 50 5.6288 0 0
33.3635 #8 649.837 -317.372 50 -0.884874 0 0
33.5908 #1 523.015 188.368 50 6.47105 0 0
33.5908 #3 606.665 218.574 50 6.77085 0 0
33.8277 #1 523.015 188.368 50 6.47105 0 0
33.8277 #2 464.689 103.996 50 6.26028 0 0
33.8277 #3 606.665 218.574 50 6.77085 0 0
33.8277 #6 610.825 -416.837 50 6.40322 0 0
33.8277 #7 749.638 -339.579 50 5.58333 0 0
33.8277 #8 649.837 -317.372 50 -0.930342 0 0
34.0783 #1 523.015 188.368 50 6.47105 0 0
34.0783 #3 606.665 218.574 50 6.77085 0 0
34.3115 #1 523.015 188.368 50 6.47105 0 0
34.3115 #2 464.689 103.996 50 6.21015 0 0
34.3115 #3 606.665 218.574 50 6.77085 0 0
34.3115 #4 581.713 321.414 50 -0.450251 0 0
34.3115 #6 610.825 -416.837 50 6.3531 0 0
34.3115 #7 749.638 -339.579 50 5.5332 0 0
34.3115 #8 649.837 -317.372 50 -0.98047 0 0
34.5435 #1 523.015 188.368 50 6.47105 0 0
34.5435 #3 606.665 218.574 50 6.77085 0 0
34.7674 #1 523.015 188.368 50 6.47105 0 0
34.7674 #2 464.689 103.996 50 6.16376 0 0
34.7674 #3 606.665 218.574 50 6.77085 0 0
34.7674 #4 581.713 321.414 50 -0.496646 0 0
34.7674 #6 610.825 -416.837 50 6.3067 0 0
34.7674 #7 749.638 -339.579 50 5.48681 0 0
34.7674 #8 649.837 -317.372 50 -1.02686 0 0
34.7674 #5 839.41 168.758 50 -7.50342 45.5605 54.4395
35.0214 #1 523.015 188.368 50 6.47105 0 0
35.0214 #3 606.665 218.574 50 6.77085 0 0
35.2467 #1 523.015 188.368 50 6.47105 0 0
35.2467 #2 464.689 103.996 50 6.11296 0 0
35.2467 #3 606.665 218.574 50 6.77085 0 0
35.2467 #4 581.713 321.414 50 -0.547445 0 0
35.2467 #6 610.825 -416.837 50 6.2559 0 0
35.2467 #7 749.638 -339.579 50 5.43601 0 0
35.2467 #8 649.837 -317.372 50 -1.07766 0 0
35.2467 #5 847.138 146.149 50 -7.54585 45.5605 54.4395
35.4839 #1 523.015 188.368 50 6.47105 0 0
35.4839 #3 606.665 218.574 50 6.77085 0 0
35.7233 #1 523.015 188.368 50 6.47105 0 0
35.7233 #2 464.689 103.996 50 6.0655 0 0
35.7233 #3 606.665 218.574 50 6.77085 0 0
35.7233 #4 581.713 321.414 50 -0.5949 0 0
35.7233 #6 610.825 -416.837 50 6.20845 0 0
35.7233 #7 749.638 -339.579 50 5.38856 0 0
35.7233 #8 649.837 -317.372 50 -1.12512 0 0
35.7233 #5 853.698 123.971 50 -7.58692 45.5605 54.4395
35.9407 #1 523.015 188.368 50 6.47105 0 0
35.9407 #3 606.665 218.574 50 6.77085 0 0
36.1857 #1 523.015 188.368 50 6.47105 0 0
36.1857 #2 464.689 103.996 50 6.02202 0 0
36.1857 #3 606.665 218.574 50 6.77085 0 0
36.1857 #4 581.713 321.414 50 -0.638385 0 0
36.1857 #6 610.825 -416.837 50 6.16496 0 0
36.1857 #7 749.638 -339.579 50 5.34507 0 0
36.1857 #8 649.837 -317.372 50 -1.1686 0 0
36.4175 #1 523.015 188.368 50 6.47105 0 0
36.4175 #3 606.665 218.574 50 6.77085 0 0
36.6409 #1 523.015 188.368 50 6.47105 0 0
36.6409 #2 464.689 103.996 50 5.97565 0 0
36.6409 #3 606.665 218.574 50 6.77085 0 0
36.6409 #4 581.713 321.414 50 -0.684749 0 0
36.6409 #6 610.825 -416.837 50 6.1186 0 0
36.6409 #7 749.638 -339.579 50 5.29871 0 0
36.6409 #8 649.837 -317.372 50 -1.21497 0 0
36.8786 #1 523.015 188.368 50 6.47105 0 0
36.8786 #3 606.665 218.574 50 6.77085 0 0
36.8786 #5 866.073 67.4896 50 -7.68965 45.5605 54.4395
37.1242 #1 523.015 188.368 50 6.47105 0 0
37.1242 #3 606.665 218.574 50 6.77085 0 0
37.1242 #4 581.713 321.414 50 -0.732293 0 0
37.1242 #6 610.825 -416.837 50 6.07105 0 0
37.1242 #7 749.638 -339.579 50 5.25116 0 0
37.1242 #8 649.837 -317.372 50 -1.26251 0 0
37.3428 #1 523.015 188.368 50 6.47105 0 0
37.3428 #2 476.151 99.5896 50 5.90426 0 0
37.3428 #3 606.665 218.574 50 6.77085 0 0
37.5775 #1 523.015 188.368 50 6.47105 0 0
37.5775 #3 606.665 218.574 50 6.77085 0 0
37.8123 #1 523.015 188.368 50 6.47105 0 0
37.8123 #3 606.665 218.574 50 6.77085 0 0
37.8123 #4 581.713 321.414 50 -0.822958 0 0
37.8123 #6 610.825 -416.837 50 5.98039 0 0
37.8123 #8 649.837 -317.372 50 -1.35318 0 0
37.8123 #5 871.806 21.0234 50 -7.77281 46.2604 53.7396
38.067 #1 523.015 188.368 50 6.47105 0 0
38.067 #3 606.665 218.574 50 6.77085 0 0
38.067 #7 765.936 -357.364 50 5.74787 0 0
38.2788 #1 523.015 188.368 50 6.47105 0 0
38.2788 #3 606.665 218.574 50 6.77085 0 0
38.2788 #4 581.713 321.414 50 -0.873891 0 0
38.2788 #6 610.825 -416.837 50 5.92946 0 0
38.2788 #8 649.837 -317.372 50 -1.40411 0 0
38.5216 #1 523.015 188.368 50 6.47105 0 0
38.5216 #3 606.665 218.574 50 6.77085 0 0
38.5216 #5 873.731 -13.9817 50 -7.82526 46.2604 53.7396
38.7491 #1 523.015 188.368 50 6.47105 0 0
38.7491 #3 606.665 218.574 50 6.77085 0 0
38.7491 #4 581.713 321.414 50 -0.922451 0 0
38.7491 #6 610.825 -416.837 50 5.8809 0 0
38.7491 #8 649.837 -317.372 50 -1.45267 0 0
39.0029 #1 523.015 188.368 50 6.47105 0 0
39.0029 #3 606.665 218.574 50 6.77085 0 0
39.0029 #2 517.067 76.818 50 5.74032 46.2613 53.7387
39.2186 #1 523.015 188.368 50 6.47105 0 0
39.2186 #3 606.665 218.574 50 6.77085 0 0
39.2186 #4 581.713 321.414 50 -0.973228 0 0
39.2186 #6 610.825 -416.837 50 5.83012 0 0
39.2186 #8 649.837 -317.372 50 -1.50345 0 0
39.4559 #1 523.015 188.368 50 6.47105 0 0
39.4559 #3 606.665 218.574 50 6.77085 0 0
39.4559 #2 536.951 64.3403 50 5.70521 46.2613 53.7387
39.6929 #1 523.015 188.368 50 6.47105 0 0
39.6929 #3 606.665 218.574 50 6.77085 0 0
39.6929 #4 581.713 321.414 50 -1.0207 0 0
39.6929 #6 610.825 -416.837 50 5.78265 0 0
39.6929 #8 649.837 -317.372 50 -1.55092 0 0
39.6929 #2 546.833 57.7686 50 5.68746 46.2613 53.7387
39.6929 #5 872.831 -72.8143 50 -7.9133 46.2604 53.7396
39.9366 #1 523.015 188.368 50 6.47105 0 0
39.9366 #3 606.665 218.574 50 6.77085 0 0
39.9366 #2 556.58 51.0345 50 5.66974 46.2613 53.7387
40.1535 #1 523.015 188.368 50 6.47105 0 0
40.1535 #3 606.665 218.574 50 6.77085 0 0
40.1535 #4 581.713 321.414 50 -1.06944 0 0
40.1535 #6 610.825 -416.837 50 5.7339 0 0
40.1535 #8 649.837 -317.372 50 -1.59966 0 0
40.1535 #2 566.48 43.9286 50 5.65152 46.2613 53.7387
40.4057 #1 523.015 188.368 50 6.47105 0 0
40.4057 #3 606.665 218.574 50 6.77085 0 0
40.635 #1 523.015 188.368 50 6.47105 0 0
40.635 #3 606.665 218.574 50 6.77085 0 0
40.635 #4 581.713 321.414 50 -1.11988 0 0
40.635 #6 610.825 -416.837 50 5.68347 0 0
40.635 #8 649.837 -317.372 50 -1.6501 0 0
40.8592 #1 523.015 188.368 50 6.47105 0 0
40.8592 #3 606.665 218.574 50 6.77085 0 0
40.8592 #2 594.113 22.581 50 5.59929 46.2613 53.7387
41.1097 #1 523.015 188.368 50 6.47105 0 0
41.1097 #3 606.665 218.574 50 6.77085 0 0
41.1097 #4 581.713 321.414 50 -1.16471 0 0
41.1097 #6 610.825 -416.837 50 5.63864 0 0
41.1097 #8 649.837 -317.372 50 -1.69493 0 0
41.1097 #2 602.74 15.4276 50 5.58253 46.2613 53.7387
41.3513 #1 523.015 188.368 50 6.47105 0 0
41.3513 #3 606.665 218.574 50 6.77085 0 0
41.3513 #2 612.239 7.26303 50 5.5638 46.2613 53.7387
41.5722 #1 523.015 188.368 50 6.47105 0 0
41.5722 #3 606.665 218.574 50 6.77085 0 0
41.5722 #4 581.713 321.414 50 -1.21303 0 0
41.5722 #6 610.825 -416.837 50 5.59031 0 0
41.5722 #8 649.837 -317.372 50 -1.74325 0 0
41.5722 #2 621.253 -0.778723 50 5.54574 46.2613 53.7387
41.7952 #1 523.015 188.368 50 6.47105 0 0
41.7952 #3 606.665 218.574 50 6.77085 0 0
42.0439 #1 523.015 188.368 50 6.47105 0 0
42.0439 #3 606.665 218.574 50 6.77085 0 0
42.0439 #4 581.713 321.414 50 -1.25763 0 0
42.0439 #6 610.825 -416.837 50 5.54572 0 0
42.0439 #8 649.837 -317.372 50 -1.78784 0 0
42.2744 #1 523.015 188.368 50 6.47105 0 0
42.2744 #3 606.665 218.574 50 6.77085 0 0
42.5061 #1 523.015 188.368 50 6.47105 0 0
42.5061 #3 606.665 218.574 50 6.77085 0 0
42.5061 #4 581.713 321.414 50 -1.30373 0 0
42.5061 #6 610.825 -416.837 50 5.49962 0 0
42.5061 #8 649.837 -317.372 50 -1.83395 0 0
42.5061 #5 849.765 -211.573 50 -8.12411 46.2604 53.7396
42.7364 #1 523.015 188.368 50 6.47105 0 0
42.7364 #3 606.665 218.574 50 6.77085 0 0
42.9811 #1 523.015 188.368 50 6.47105 0 0
42.9811 #3 606.665 218.574 50 6.77085 0 0
42.9811 #4 581.713 321.414 50 -1.34979 0 0
42.9811 #6 610.825 -416.837 50 5.45356 0 0
42.9811 #8 649.837 -317.372 50 -1.88 0 0
42.9811 #5 843.217 -233.724 50 -8.15866 46.2604 53.7396
43.2139 #1 523.015 188.368 50 6.47105 0 0
43.2139 #3 606.665 218.574 50 6.77085 0 0
43.2139 #5 835.65 -256.366 50 -8.19437 0 0
43.4466 #1 523.015 188.368 50 6.47105 0 0
43.4466 #3 606.665 218.574 50 6.77085 0 0
43.4466 #4 581.713 321.414 50 -1.39634 0 0
43.4466 #6 610.825 -416.837 50 5.407 0 0
43.4466 #8 649.837 -317.372 50 -1.92656 0 0
