0.93556 #1 692.367 -692.27 45 2.34357 47.3847 52.6153
1.1763 #1 684.028 -683.597 45 2.32958 47.3847 52.6153
1.65003 #2 655.399 -786.784 45 2.7689 44.7904 55.2096
1.65003 #3 656.828 -907.082 45 2.68138 45.7155 54.2845
1.8882 #1 659.994 -657.171 45 2.28806 47.3847 52.6153
2.35783 #1 644.931 -639.422 45 2.261 47.3847 52.6153
2.5722 #1 637.286 -630.03 45 2.24692 47.3847 52.6153
2.5722 #2 612.378 -767.187 45 2.65939 44.7904 55.2096
2.5722 #7 948.388 -728.983 45 1.34533 54.7437 45.2563
2.82371 #1 630.631 -621.628 45 2.23446 47.3847 52.6153
2.82371 #3 606.375 -878.498 45 2.5709 45.7155 54.2845
3.03817 #1 622.957 -611.665 45 2.21985 47.3847 52.6153
3.03817 #3 595.875 -871.579 45 2.54696 45.7155 54.2845
3.2768 #4 786.552 -572.921 45 1.78166 53.7059 46.2941
3.2768 #7 954.798 -695.583 45 1.41705 54.7437 45.2563
3.51859 #1 609.504 -593.439 45 2.19351 47.3847 52.6153
3.51859 #2 572.878 -743.756 45 2.553 44.7904 55.2096
4.21245 #1 589.649 -564.564 45 2.15278 47.3847 52.6153
4.21245 #2 544.551 -723.138 45 2.47185 44.7904 55.2096
4.46248 #2 535.449 -715.728 45 2.44468 44.7904 55.2096
4.46248 #3 541.092 -828.996 45 2.41473 45.7155 54.2845
4.6887 #3 531.85 -820.578 45 2.39093 45.7155 54.2845
4.6887 #7 960.39 -624.654 45 1.56719 54.7437 45.2563
4.93146 #2 517.619 -699.948 45 2.38954 44.7904 55.2096
5.15725 #2 508.873 -691.533 45 2.36144 44.7904 55.2096
5.39048 #2 500.953 -683.488 45 2.3353 44.7904 55.2096
5.39048 #3 507.25 -796.059 45 2.32478 45.7155 54.2845
5.39048 #4 755.47 -471.769 45 1.95617 53.7059 46.2941
5.39048 #7 959.243 -589.942 45 1.64043 54.7437 45.2563
5.62047 #4 750.983 -461.006 45 1.97538 53.7059 46.2941
5.85548 #7 957.068 -566.886 45 1.68926 54.7437 45.2563
6.09093 #3 484.215 -769.834 45 2.2583 45.7155 54.2845
6.33359 #3 476.846 -760.653 45 2.23588 45.7155 54.2845
6.33359 #4 736.276 -429.226 45 2.03307 53.7059 46.2941
6.57008 #8 964.544 -669.995 45 8.01591 53.5652 46.4348
6.80061 #8 962.528 -658.343 45 8.03465 53.5652 46.4348
7.26694 #3 449.294 -722.052 45 2.14554 45.7155 54.2845
7.26694 #4 713.481 -387.633 45 2.1112 53.7059 46.2941
7.49157 #3 443.223 -712.452 45 2.12391 45.7155 54.2845
7.49157 #7 940.311 -486.391 45 1.86282 54.7437 45.2563
7.74052 #4 701.501 -368.483 45 2.14841 53.7059 46.2941
7.97257 #8 949.36 -601.344 45 8.12738 53.5652 46.4348
8.19813 #3 425.71 -681.832 45 2.05673 45.7155 54.2845
8.19813 #4 687.974 -348.6 45 2.18802 53.7059 46.2941
8.4331 #1 496.326 -375.889 45 1.90749 47.3847 52.6153
8.4331 #4 681.361 -339.464 45 2.2066 53.7059 46.2941
8.66935 #1 492.52 -364.774 45 1.89384 47.3847 52.6153
8.66935 #3 415.405 -661.242 45 2.01288 45.7155 54.2845
9.14727 #1 481.89 -330.687 45 1.85233 0 0
9.39029 #4 651.717 -302.42 45 2.28477 59.1978 40.8022
9.39029 #6 800.949 -298.817 45 2.30493 58.571 41.429
9.616 #2 396.872 -501.607 45 1.85548 46.6862 53.3138
9.616 #4 643.535 -293.438 45 2.33444 59.1978 40.8022
9.616 #6 792.603 -289.987 45 2.35121 58.571 41.429
9.85271 #4 626.781 -277.517 45 2.42895 0 0
9.85271 #5 454.389 -701.299 45 2.09782 44.1657 55.8343
10.0909 #6 775.634 -274.294 45 2.43929 58.571 41.429
10.3185 #6 766.371 -266.81 45 2.48465 58.571 41.429
10.544 #6 757.213 -260.059 45 2.528 58.571 41.429
11.4847 #5 421.12 -627.071 45 1.8865 44.1657 55.8343
11.7155 #4 626.781 -277.517 45 2.68962 0 0
11.7155 #6 706.215 -232.031 45 2.75013 0 0
11.7155 #2 375.312 -399.235 45 1.70125 46.6862 53.3138
11.9573 #2 373.908 -387.784 45 1.68426 46.6862 53.3138
11.9573 #8 863.833 -423.213 45 8.4943 54.4764 45.5236
12.1964 #4 626.781 -277.517 45 2.63589 0 0
12.1964 #6 706.215 -232.031 45 2.6964 0 0
12.1964 #2 372.647 -375.76 45 1.66645 46.6862 53.3138
12.1964 #8 856.494 -413.606 45 8.51836 54.4764 45.5236
12.661 #6 706.215 -232.031 45 2.64303 0 0
12.661 #7 796.093 -278.03 45 2.53711 0 0
12.661 #2 370.195 -340.662 45 1.61463 0 0
12.8831 #1 485.192 -320.004 45 1.42067 76.1822 23.8178
12.8831 #3 359.277 -458.395 45 1.68048 46.6138 53.3862
13.1294 #3 358.154 -447.35 45 1.66377 46.6138 53.3862
13.1294 #4 617.825 -270.956 45 2.486 40.5491 59.4509
13.1294 #5 403.579 -547.229 45 1.7233 49.1097 50.8903
13.1294 #6 706.215 -232.031 45 2.59368 46.897 53.103
13.3815 #2 370.195 -340.662 45 1.51053 0 0
13.3815 #3 357.124 -435.074 45 1.64523 0 0
13.3815 #7 786.312 -270.541 45 2.48857 50.1463 49.8537
13.3815 #8 818.503 -368.989 45 8.57639 50.6729 49.3271
13.5895 #3 357.124 -435.074 45 1.64523 0 0
13.5895 #5 399.915 -522.577 45 1.71344 0 0
13.5895 #1 483.066 -284.306 45 1.83988 76.1822 23.8178
13.5895 #1 479.704 -274.474 45 1.96086 0 0
13.5895 #8 810.151 -359.549 45 8.58016 50.6729 49.3271
13.8246 #4 591.525 -247.43 45 2.33764 0 0
13.8246 #6 676.526 -212.906 45 2.54497 0 0
13.8246 #7 768.033 -256.58 45 2.49006 50.1463 49.8537
14.0543 #6 676.526 -212.906 45 2.54497 0 0
14.0543 #7 758.682 -249.455 45 2.49083 0 0
14.0543 #8 795.386 -343.034 45 8.58679 50.6729 49.3271
14.2969 #6 676.526 -212.906 45 2.54497 0 0
14.2969 #7 758.682 -249.455 45 2.49083 0 0
14.2969 #8 787.687 -334.508 45 8.59022 0 0
14.2969 #4 591.525 -247.43 45 2.28658 41.7066 58.2934
14.2969 #5 399.915 -522.577 45 1.61013 56.1592 43.8408
14.5372 #6 676.526 -212.906 45 2.54497 0 0
14.5372 #7 758.682 -249.455 45 2.49083 0 0
14.5372 #8 787.687 -334.508 45 8.59022 0 0
14.7711 #6 676.526 -212.906 45 2.54497 0 0
14.7711 #7 758.682 -249.455 45 2.49083 0 0
14.7711 #8 787.687 -334.508 45 8.59022 0 0
14.9989 #6 676.526 -212.906 45 2.54497 0 0
14.9989 #7 758.682 -249.455 45 2.49083 0 0
14.9989 #8 787.687 -334.508 45 8.59022 0 0
14.9989 #1 469.05 -253.319 45 1.95658 34.6766 65.3234
15.2389 #6 676.526 -212.906 45 2.54497 0 0
15.2389 #7 758.682 -249.455 45 2.49083 0 0
15.2389 #8 787.687 -334.508 45 8.59022 0 0
15.2389 #2 361.043 -294.649 45 1.96662 52.7528 47.2472
15.2389 #4 563.784 -209.282 45 2.1125 41.7066 58.2934
15.4688 #6 676.526 -212.906 45 2.54497 0 0
15.4688 #7 758.682 -249.455 45 2.49083 0 0
15.4688 #8 787.687 -334.508 45 8.59022 0 0
15.4688 #4 552.556 -188.65 45 2.02589 0 0
15.7152 #6 676.526 -212.906 45 2.54497 0 0
15.7152 #7 758.682 -249.455 45 2.49083 0 0
15.7152 #8 787.687 -334.508 45 8.59022 0 0
15.934 #6 676.526 -212.906 45 2.54497 0 0
15.934 #7 758.682 -249.455 45 2.49083 0 0
15.934 #8 787.687 -334.508 45 8.59022 0 0
16.1833 #2 341.793 -252.049 45 2.02382 0 0
16.1833 #3 343.691 -342.367 45 1.81042 0 0
16.1833 #6 676.526 -212.906 45 2.54497 0 0
16.1833 #7 758.682 -249.455 45 2.49083 0 0
16.1833 #8 787.687 -334.508 45 8.59022 0 0
16.41 #3 343.691 -342.367 45 1.81042 0 0
16.41 #5 388.909 -416.775 45 1.60897 0 0
16.41 #6 676.526 -212.906 45 2.54497 0 0
16.41 #7 758.682 -249.455 45 2.49083 0 0
16.41 #8 787.687 -334.508 45 8.59022 0 0
16.41 #1 460.431 -172.897 45 1.39852 0 0
16.6434 #3 343.691 -342.367 45 1.81042 0 0
16.6434 #5 388.909 -416.775 45 1.60897 0 0
16.6434 #6 676.526 -212.906 45 2.54497 0 0
16.6434 #7 758.682 -249.455 45 2.49083 0 0
16.6434 #8 787.687 -334.508 45 8.59022 0 0
16.8659 #1 460.431 -172.897 45 1.34665 0 0
16.8659 #3 343.691 -342.367 45 1.81042 0 0
16.8659 #4 552.556 -188.65 45 1.76488 0 0
16.8659 #5 388.909 -416.775 45 1.60897 0 0
16.8659 #6 676.526 -212.906 45 2.54497 0 0
16.8659 #7 758.682 -249.455 45 2.49083 0 0
16.8659 #8 787.687 -334.508 45 8.59022 0 0
17.1144 #3 343.691 -342.367 45 1.81042 0 0
17.1144 #5 388.909 -416.775 45 1.60897 0 0
17.1144 #6 676.526 -212.906 45 2.54497 0 0
17.1144 #7 758.682 -249.455 45 2.49083 0 0
17.1144 #8 787.687 -334.508 45 8.59022 0 0
17.1144 #2 332.457 -231.253 45 2.01203 53.8086 46.1914
17.3573 #1 460.431 -172.897 45 1.29143 0 0
17.3573 #3 343.691 -342.367 45 1.81042 0 0
17.3573 #4 552.556 -188.65 45 1.70966 0 0
17.3573 #5 388.909 -416.775 45 1.60897 0 0
17.3573 #6 676.526 -212.906 45 2.54497 0 0
17.3573 #7 758.682 -249.455 45 2.49083 0 0
17.3573 #8 787.687 -334.508 45 8.59022 0 0
17.5832 #3 343.691 -342.367 45 1.81042 0 0
17.5832 #5 388.909 -416.775 45 1.60897 0 0
17.5832 #6 676.526 -212.906 45 2.54497 0 0
17.5832 #7 758.682 -249.455 45 2.49083 0 0
17.5832 #8 787.687 -334.508 45 8.59022 0 0
17.8088 #1 460.431 -172.897 45 1.24123 0 0
17.8088 #3 343.691 -342.367 45 1.81042 0 0
17.8088 #4 552.556 -188.65 45 1.65946 0 0
17.8088 #5 388.909 -416.775 45 1.60897 0 0
17.8088 #6 676.526 -212.906 45 2.54497 0 0
17.8088 #7 758.682 -249.455 45 2.49083 0 0
17.8088 #8 787.687 -334.508 45 8.59022 0 0
18.0556 #3 343.691 -342.367 45 1.81042 0 0
18.0556 #5 388.909 -416.775 45 1.60897 0 0
18.0556 #6 676.526 -212.906 45 2.54497 0 0
18.0556 #7 758.682 -249.455 45 2.49083 0 0
18.0556 #8 787.687 -334.508 45 8.59022 0 0
18.0556 #2 310.647 -189.475 45 2.09183 53.8086 46.1914
18.2799 #1 460.431 -172.897 45 1.18639 0 0
18.2799 #3 343.691 -342.367 45 1.81042 0 0
18.2799 #4 552.556 -188.65 45 1.60461 0 0
18.2799 #5 388.909 -416.775 45 1.60897 0 0
18.2799 #6 676.526 -212.906 45 2.54497 0 0
18.2799 #7 758.682 -249.455 45 2.49083 0 0
18.2799 #8 787.687 -334.508 45 8.59022 0 0
18.2799 #2 298.517 -169.284 45 2.1317 0 0
18.5311 #3 343.691 -342.367 45 1.81042 0 0
18.5311 #5 388.909 -416.775 45 1.60897 0 0
18.5311 #6 676.526 -212.906 45 2.54497 0 0
18.5311 #7 758.682 -249.455 45 2.49083 0 0
18.5311 #8 787.687 -334.508 45 8.59022 0 0
18.748 #1 460.431 -172.897 45 1.13057 0 0
18.748 #3 343.691 -342.367 45 1.81042 0 0
18.748 #4 552.556 -188.65 45 1.54879 0 0
18.748 #5 388.909 -416.775 45 1.60897 0 0
18.748 #6 676.526 -212.906 45 2.54497 0 0
18.748 #7 758.682 -249.455 45 2.49083 0 0
18.748 #8 787.687 -334.508 45 8.59022 0 0
18.9928 #3 343.691 -342.367 45 1.81042 0 0
18.9928 #5 388.909 -416.775 45 1.60897 0 0
18.9928 #6 676.526 -212.906 45 2.54497 0 0
18.9928 #7 758.682 -249.455 45 2.49083 0 0
18.9928 #8 787.687 -334.508 45 8.59022 0 0
19.2168 #3 343.691 -342.367 45 1.81042 0 0
19.2168 #5 388.909 -416.775 45 1.60897 0 0
19.2168 #6 676.526 -212.906 45 2.54497 0 0
19.2168 #7 758.682 -249.455 45 2.49083 0 0
19.2168 #8 787.687 -334.508 45 8.59022 0 0
19.4536 #3 343.691 -342.367 45 1.81042 0 0
19.4536 #5 388.909 -416.775 45 1.60897 0 0
19.4536 #6 676.526 -212.906 45 2.54497 0 0
19.4536 #7 758.682 -249.455 45 2.49083 0 0
19.4536 #8 787.687 -334.508 45 8.59022 0 0
19.6893 #3 343.691 -342.367 45 1.81042 0 0
19.6893 #5 388.909 -416.775 45 1.60897 0 0
19.6893 #6 676.526 -212.906 45 2.54497 0 0
19.6893 #7 758.682 -249.455 45 2.49083 0 0
19.6893 #8 787.687 -334.508 45 8.59022 0 0
19.9193 #1 460.431 -172.897 45 0.921399 0 0
19.9193 #3 343.691 -342.367 45 1.81042 0 0
19.9193 #4 552.556 -188.65 45 1.33962 0 0
19.9193 #5 388.909 -416.775 45 1.60897 0 0
19.9193 #6 676.526 -212.906 45 2.54497 0 0
19.9193 #7 758.682 -249.455 45 2.49083 0 0
19.9193 #8 787.687 -334.508 45 8.59022 0 0
20.1543 #3 343.691 -342.367 45 1.81042 0 0
20.1543 #5 388.909 -416.775 45 1.60897 0 0
20.1543 #6 676.526 -212.906 45 2.54497 0 0
20.1543 #7 758.682 -249.455 45 2.49083 0 0
20.1543 #8 787.687 -334.508 45 8.59022 0 0
20.3845 #1 460.431 -172.897 45 0.869174 0 0
20.3845 #3 343.691 -342.367 45 1.81042 0 0
20.3845 #4 552.556 -188.65 45 1.2874 0 0
20.3845 #5 388.909 -416.775 45 1.60897 0 0
20.3845 #6 676.526 -212.906 45 2.54497 0 0
20.3845 #7 758.682 -249.455 45 2.49083 0 0
20.3845 #8 787.687 -334.508 45 8.59022 0 0
20.6195 #3 343.691 -342.367 45 1.81042 0 0
20.6195 #5 388.909 -416.775 45 1.60897 0 0
20.6195 #6 676.526 -212.906 45 2.54497 0 0
20.6195 #7 758.682 -249.455 45 2.49083 0 0
20.6195 #8 787.687 -334.508 45 8.59022 0 0
20.8595 #1 460.431 -172.897 45 0.816952 0 0
20.8595 #3 343.691 -342.367 45 1.81042 0 0
20.8595 #4 552.556 -188.65 45 1.23518 0 0
20.8595 #5 388.909 -416.775 45 1.60897 0 0
20.8595 #6 676.526 -212.906 45 2.54497 0 0
20.8595 #7 758.682 -249.455 45 2.49083 0 0
20.8595 #8 787.687 -334.508 45 8.59022 0 0
21.0945 #3 343.691 -342.367 45 1.81042 0 0
21.0945 #5 388.909 -416.775 45 1.60897 0 0
21.0945 #6 676.526 -212.906 45 2.54497 0 0
21.0945 #7 758.682 -249.455 45 2.49083 0 0
21.0945 #8 787.687 -334.508 45 8.59022 0 0
21.3195 #1 460.431 -172.897 45 0.76473 0 0
21.3195 #3 343.691 -342.367 45 1.81042 0 0
21.3195 #4 552.556 -188.65 45 1.18295 0 0
21.3195 #5 388.909 -416.775 45 1.60897 0 0
21.3195 #6 676.526 -212.906 45 2.54497 0 0
21.3195 #7 758.682 -249.455 45 2.49083 0 0
21.3195 #8 787.687 -334.508 45 8.59022 0 0
21.5695 #3 343.691 -342.367 45 1.81042 0 0
21.5695 #5 388.909 -416.775 45 1.60897 0 0
21.5695 #6 676.526 -212.906 45 2.54497 0 0
21.5695 #7 758.682 -249.455 45 2.49083 0 0
21.5695 #8 787.687 -334.508 45 8.59022 0 0
21.7995 #1 460.431 -172.897 45 0.709174 0 0
21.7995 #3 343.691 -342.367 45 1.81042 0 0
21.7995 #4 552.556 -188.65 45 1.1274 0 0
21.7995 #5 388.909 -416.775 45 1.60897 0 0
21.7995 #6 676.526 -212.906 45 2.54497 0 0
21.7995 #7 758.682 -249.455 45 2.49083 0 0
21.7995 #8 787.687 -334.508 45 8.59022 0 0
22.0445 #3 343.691 -342.367 45 1.81042 0 0
22.0445 #5 388.909 -416.775 45 1.60897 0 0
22.0445 #6 676.526 -212.906 45 2.54497 0 0
22.0445 #7 758.682 -249.455 45 2.49083 0 0
22.0445 #8 787.687 -334.508 45 8.59022 0 0
22.2645 #1 460.431 -172.897 45 0.654731 0 0
22.2645 #3 343.691 -342.367 45 1.81042 0 0
22.2645 #4 552.556 -188.65 45 1.07295 0 0
22.2645 #5 388.909 -416.775 45 1.60897 0 0
22.2645 #6 676.526 -212.906 45 2.54497 0 0
22.2645 #7 758.682 -249.455 45 2.49083 0 0
22.2645 #8 787.687 -334.508 45 8.59022 0 0
22.4995 #3 343.691 -342.367 45 1.81042 0 0
22.4995 #5 388.909 -416.775 45 1.60897 0 0
22.4995 #6 676.526 -212.906 45 2.54497 0 0
22.4995 #7 758.682 -249.455 45 2.49083 0 0
22.4995 #8 787.687 -334.508 45 8.59022 0 0
22.7342 #1 460.431 -172.897 45 0.602509 0 0
22.7342 #3 343.691 -342.367 45 1.81042 0 0
22.7342 #4 552.556 -188.65 45 1.02073 0 0
22.7342 #5 388.909 -416.775 45 1.60897 0 0
22.7342 #6 676.526 -212.906 45 2.54497 0 0
22.7342 #7 758.682 -249.455 45 2.49083 0 0
22.7342 #8 787.687 -334.508 45 8.59022 0 0
22.9652 #3 343.691 -342.367 45 1.81042 0 0
22.9652 #5 388.909 -416.775 45 1.60897 0 0
22.9652 #6 676.526 -212.906 45 2.54497 0 0
22.9652 #7 758.682 -249.455 45 2.49083 0 0
22.9652 #8 787.687 -334.508 45 8.59022 0 0
23.2046 #1 460.431 -172.897 45 0.551176 0 0
23.2046 #3 343.691 -342.367 45 1.81042 0 0
23.2046 #4 552.556 -188.65 45 0.969399 0 0
23.2046 #5 388.909 -416.775 45 1.60897 0 0
23.2046 #6 676.526 -212.906 45 2.54497 0 0
23.2046 #7 758.682 -249.455 45 2.49083 0 0
23.2046 #8 787.687 -334.508 45 8.59022 0 0
23.4339 #3 343.691 -342.367 45 1.81042 0 0
23.4339 #5 388.909 -416.775 45 1.60897 0 0
23.4339 #6 676.526 -212.906 45 2.54497 0 0
23.4339 #7 758.682 -249.455 45 2.49083 0 0
23.4339 #8 787.687 -334.508 45 8.59022 0 0
23.6864 #1 460.431 -172.897 45 0.500226 0 0
23.6864 #3 343.691 -342.367 45 1.81042 0 0
23.6864 #4 552.556 -188.65 45 0.918449 0 0
23.6864 #5 388.909 -416.775 45 1.60897 0 0
23.6864 #6 676.526 -212.906 45 2.54497 0 0
23.6864 #7 758.682 -249.455 45 2.49083 0 0
23.6864 #8 787.687 -334.508 45 8.59022 0 0
23.9264 #3 343.691 -342.367 45 1.81042 0 0
23.9264 #5 388.909 -416.775 45 1.60897 0 0
23.9264 #6 676.526 -212.906 45 2.54497 0 0
23.9264 #7 758.682 -249.455 45 2.49083 0 0
23.9264 #8 787.687 -334.508 45 8.59022 0 0
24.1515 #1 460.431 -172.897 45 0.446892 0 0
24.1515 #3 343.691 -342.367 45 1.81042 0 0
24.1515 #4 552.556 -188.65 45 0.865115 0 0
24.1515 #5 388.909 -416.775 45 1.60897 0 0
24.1515 #6 676.526 -212.906 45 2.54497 0 0
24.1515 #7 758.682 -249.455 45 2.49083 0 0
24.1515 #8 787.687 -334.508 45 8.59022 0 0
24.3822 #3 343.691 -342.367 45 1.81042 0 0
24.3822 #5 388.909 -416.775 45 1.60897 0 0
24.3822 #6 676.526 -212.906 45 2.54497 0 0
24.3822 #7 758.682 -249.455 45 2.49083 0 0
24.3822 #8 787.687 -334.508 45 8.59022 0 0
24.6139 #3 343.691 -342.367 45 1.81042 0 0
24.6139 #5 388.909 -416.775 45 1.60897 0 0
24.6139 #6 676.526 -212.906 45 2.54497 0 0
24.6139 #7 758.682 -249.455 45 2.49083 0 0
24.6139 #8 787.687 -334.508 45 8.59022 0 0
24.8348 #3 343.691 -342.367 45 1.81042 0 0
24.8348 #5 388.909 -416.775 45 1.60897 0 0
24.8348 #6 676.526 -212.906 45 2.54497 0 0
24.8348 #7 758.682 -249.455 45 2.49083 0 0
24.8348 #8 787.687 -334.508 45 8.59022 0 0
25.0819 #1 460.431 -172.897 45 0.295061 0 0
25.0819 #3 343.691 -342.367 45 1.81042 0 0
25.0819 #4 552.556 -188.65 45 0.713284 0 0
25.0819 #5 388.909 -416.775 45 1.60897 0 0
25.0819 #6 676.526 -212.906 45 2.54497 0 0
25.0819 #7 758.682 -249.455 45 2.49083 0 0
25.0819 #8 787.687 -334.508 45 8.59022 0 0
25.0819 #2 59.5335 -4.13217 45 2.70787 53.6278 46.3722
25.3123 #3 343.691 -342.367 45 1.81042 0 0
25.3123 #5 388.909 -416.775 45 1.60897 0 0
25.3123 #6 676.526 -212.906 45 2.54497 0 0
25.3123 #7 758.682 -249.455 45 2.49083 0 0
25.3123 #8 787.687 -334.508 45 8.59022 0 0
25.3123 #2 48.2713 0.948108 45 2.72779 53.6278 46.3722
25.551 #3 343.691 -342.367 45 1.81042 0 0
25.551 #5 388.909 -416.775 45 1.60897 0 0
25.551 #6 676.526 -212.906 45 2.54497 0 0
25.551 #7 758.682 -249.455 45 2.49083 0 0
25.551 #8 787.687 -334.508 45 8.59022 0 0
25.7891 #1 471.364 -168.236 45 0.562114 0 0
25.7891 #3 343.691 -342.367 45 1.81042 0 0
25.7891 #4 560.653 -179.951 45 0.980337 0 0
25.7891 #5 388.909 -416.775 45 1.60897 0 0
25.7891 #6 676.526 -212.906 45 2.54497 0 0
25.7891 #7 758.682 -249.455 45 2.49083 0 0
25.7891 #8 787.687 -334.508 45 8.59022 0 0
25.7891 #2 26.6215 9.97135 45 2.76561 53.6278 46.3722
26.0378 #3 343.691 -342.367 45 1.81042 0 0
26.0378 #5 388.909 -416.775 45 1.60897 0 0
26.0378 #6 676.526 -212.906 45 2.54497 0 0
26.0378 #7 758.682 -249.455 45 2.49083 0 0
26.0378 #8 787.687 -334.508 45 8.59022 0 0
26.2678 #1 471.364 -168.236 45 0.506854 0 0
26.2678 #3 343.691 -342.367 45 1.81042 0 0
26.2678 #4 560.653 -179.951 45 0.925077 0 0
26.2678 #5 388.909 -416.775 45 1.60897 0 0
26.2678 #6 676.526 -212.906 45 2.54497 0 0
26.2678 #7 758.682 -249.455 45 2.49083 0 0
26.2678 #8 787.687 -334.508 45 8.59022 0 0
26.4978 #3 343.691 -342.367 45 1.81042 0 0
26.4978 #5 388.909 -416.775 45 1.60897 0 0
26.4978 #6 676.526 -212.906 45 2.54497 0 0
26.4978 #7 758.682 -249.455 45 2.49083 0 0
26.4978 #8 787.687 -334.508 45 8.59022 0 0
26.4978 #2 -7.0737 22.16 45 2.82339 53.6278 46.3722
26.7278 #1 471.364 -168.236 45 0.455741 0 0
26.7278 #3 343.691 -342.367 45 1.81042 0 0
26.7278 #4 560.653 -179.951 45 0.873964 0 0
26.7278 #5 388.909 -416.775 45 1.60897 0 0
26.7278 #6 676.526 -212.906 45 2.54497 0 0
26.7278 #7 758.682 -249.455 45 2.49083 0 0
26.7278 #8 787.687 -334.508 45 8.59022 0 0
26.7278 #2 -18.0296 25.6566 45 2.84194 53.6278 46.3722
26.9603 #3 343.691 -342.367 45 1.81042 0 0
26.9603 #5 388.909 -416.775 45 1.60897 0 0
26.9603 #6 676.526 -212.906 45 2.54497 0 0
26.9603 #7 758.682 -249.455 45 2.49083 0 0
26.9603 #8 787.687 -334.508 45 8.59022 0 0
26.9603 #2 -29.0477 28.9492 45 2.86048 53.6278 46.3722
27.1833 #1 471.364 -168.236 45 0.404059 0 0
27.1833 #3 343.691 -342.367 45 1.81042 0 0
27.1833 #4 560.653 -179.951 45 0.822282 0 0
27.1833 #5 388.909 -416.775 45 1.60897 0 0
27.1833 #6 676.526 -212.906 45 2.54497 0 0
27.1833 #7 758.682 -249.455 45 2.49083 0 0
27.1833 #8 787.687 -334.508 45 8.59022 0 0
27.4318 #3 343.691 -342.367 45 1.81042 0 0
27.4318 #5 388.909 -416.775 45 1.60897 0 0
27.4318 #6 676.526 -212.906 45 2.54497 0 0
27.4318 #7 758.682 -249.455 45 2.49083 0 0
27.4318 #8 787.687 -334.508 45 8.59022 0 0
27.665 #1 471.364 -168.236 45 0.348829 0 0
27.665 #3 343.691 -342.367 45 1.81042 0 0
27.665 #4 560.653 -179.951 45 0.767052 0 0
27.665 #5 388.909 -416.775 45 1.60897 0 0
27.665 #6 676.526 -212.906 45 2.54497 0 0
27.665 #7 758.682 -249.455 45 2.49083 0 0
27.665 #8 787.687 -334.508 45 8.59022 0 0
27.8912 #3 343.691 -342.367 45 1.81042 0 0
27.8912 #5 388.909 -416.775 45 1.60897 0 0
27.8912 #6 676.526 -212.906 45 2.54497 0 0
27.8912 #7 758.682 -249.455 45 2.49083 0 0
27.8912 #8 787.687 -334.508 45 8.59022 0 0
27.8912 #2 -74.5174 40.2373 45 2.93603 53.6278 46.3722
28.1314 #1 471.364 -168.236 45 0.29855 0 0
28.1314 #3 343.691 -342.367 45 1.81042 0 0
28.1314 #4 560.653 -179.951 45 0.716773 0 0
28.1314 #5 388.909 -416.775 45 1.60897 0 0
28.1314 #6 676.526 -212.906 45 2.54497 0 0
28.1314 #7 758.682 -249.455 45 2.49083 0 0
28.1314 #8 787.687 -334.508 45 8.59022 0 0
28.3653 #3 343.691 -342.367 45 1.81042 0 0
28.3653 #5 388.909 -416.775 45 1.60897 0 0
28.3653 #6 676.526 -212.906 45 2.54497 0 0
28.3653 #7 758.682 -249.455 45 2.49083 0 0
28.3653 #8 787.687 -334.508 45 8.59022 0 0
28.5853 #1 471.364 -168.236 45 0.246551 0 0
28.5853 #3 343.691 -342.367 45 1.81042 0 0
28.5853 #4 560.653 -179.951 45 0.664774 0 0
28.5853 #5 388.909 -416.775 45 1.60897 0 0
28.5853 #6 676.526 -212.906 45 2.54497 0 0
28.5853 #7 758.682 -249.455 45 2.49083 0 0
28.5853 #8 787.687 -334.508 45 8.59022 0 0
28.5853 #2 -108.982 46.4137 45 2.99249 53.6278 46.3722
28.8378 #3 343.691 -342.367 45 1.81042 0 0
28.8378 #5 388.909 -416.775 45 1.60897 0 0
28.8378 #6 676.526 -212.906 45 2.54497 0 0
28.8378 #7 758.682 -249.455 45 2.49083 0 0
28.8378 #8 787.687 -334.508 45 8.59022 0 0
29.0771 #1 471.364 -168.236 45 0.190443 0 0
29.0771 #3 343.691 -342.367 45 1.81042 0 0
29.0771 #4 560.653 -179.951 45 0.608666 0 0
29.0771 #5 388.909 -416.775 45 1.60897 0 0
29.0771 #6 676.526 -212.906 45 2.54497 0 0
29.0771 #7 758.682 -249.455 45 2.49083 0 0
29.0771 #8 787.687 -334.508 45 8.59022 0 0
29.3075 #3 343.691 -342.367 45 1.81042 0 0
29.3075 #5 388.909 -416.775 45 1.60897 0 0
29.3075 #6 676.526 -212.906 45 2.54497 0 0
29.3075 #7 758.682 -249.455 45 2.49083 0 0
29.3075 #8 787.687 -334.508 45 8.59022 0 0
29.3075 #2 -144.305 50.6877 45 3.04987 53.6278 46.3722
29.5374 #1 471.364 -168.236 45 0.139226 0 0
29.5374 #3 343.691 -342.367 45 1.81042 0 0
29.5374 #4 560.653 -179.951 45 0.557449 0 0
29.5374 #5 388.909 -416.775 45 1.60897 0 0
29.5374 #6 676.526 -212.906 45 2.54497 0 0
29.5374 #7 758.682 -249.455 45 2.49083 0 0
29.5374 #8 787.687 -334.508 45 8.59022 0 0
29.7689 #3 343.691 -342.367 45 1.81042 0 0
29.7689 #5 388.909 -416.775 45 1.60897 0 0
29.7689 #6 676.526 -212.906 45 2.54497 0 0
29.7689 #7 758.682 -249.455 45 2.49083 0 0
29.7689 #8 787.687 -334.508 45 8.59022 0 0
29.7689 #2 -167.258 52.37 45 3.08698 53.6278 46.3722
30.0094 #1 471.364 -168.236 45 0.0877767 0 0
30.0094 #3 343.691 -342.367 45 1.81042 0 0
30.0094 #4 560.653 -179.951 45 0.506 0 0
30.0094 #5 388.909 -416.775 45 1.60897 0 0
30.0094 #6 676.526 -212.906 45 2.54497 0 0
30.0094 #7 758.682 -249.455 45 2.49083 0 0
30.0094 #8 787.687 -334.508 45 8.59022 0 0
30.248 #3 343.691 -342.367 45 1.81042 0 0
30.248 #5 388.909 -416.775 45 1.60897 0 0
30.248 #6 676.526 -212.906 45 2.54497 0 0
30.248 #7 758.682 -249.455 45 2.49083 0 0
30.248 #8 787.687 -334.508 45 8.59022 0 0
30.248 #2 -190.844 53.2097 45 3.12504 53.6278 46.3722
30.4764 #1 471.364 -168.236 45 0.0347656 0 0
30.4764 #3 343.691 -342.367 45 1.81042 0 0
30.4764 #4 560.653 -179.951 45 0.452989 0 0
30.4764 #5 388.909 -416.775 45 1.60897 0 0
30.4764 #6 676.526 -212.906 45 2.54497 0 0
30.4764 #7 758.682 -249.455 45 2.49083 0 0
30.4764 #8 787.687 -334.508 45 8.59022 0 0
30.7214 #3 343.691 -342.367 45 1.81042 0 0
30.7214 #5 388.909 -416.775 45 1.60897 0 0
30.7214 #6 676.526 -212.906 45 2.54497 0 0
30.7214 #7 758.682 -249.455 45 2.49083 0 0
30.7214 #8 787.687 -334.508 45 8.59022 0 0
30.7214 #2 -214.193 53.1568 45 3.16268 53.6278 46.3722
30.9429 #1 471.364 -168.236 45 -0.0196633 0 0
30.9429 #3 343.691 -342.367 45 1.81042 0 0
30.9429 #4 560.653 -179.951 45 0.39856 0 0
30.9429 #5 388.909 -416.775 45 1.60897 0 0
30.9429 #6 676.526 -212.906 45 2.54497 0 0
30.9429 #7 758.682 -249.455 45 2.49083 0 0
30.9429 #8 787.687 -334.508 45 8.59022 0 0
31.1736 #3 343.691 -342.367 45 1.81042 0 0
31.1736 #5 388.909 -416.775 45 1.60897 0 0
31.1736 #6 676.526 -212.906 45 2.54497 0 0
31.1736 #7 758.682 -249.455 45 2.49083 0 0
31.1736 #8 787.687 -334.508 45 8.59022 0 0
31.1736 #2 -237.494 52.2267 45 3.20029 53.6278 46.3722
31.409 #1 471.364 -168.236 45 -0.0709433 0 0
31.409 #3 343.691 -342.367 45 1.81042 0 0
31.409 #4 560.653 -179.951 45 0.34728 0 0
31.409 #5 388.909 -416.775 45 1.60897 0 0
31.409 #6 676.526 -212.906 45 2.54497 0 0
31.409 #7 758.682 -249.455 45 2.49083 0 0
31.409 #8 787.687 -334.508 45 8.59022 0 0
31.409 #2 -249.005 51.4428 45 3.21889 53.6278 46.3722
31.409 #2 -260.732 50.4225 45 3.23787 0 0
31.6523 #3 343.691 -342.367 45 1.81042 0 0
31.6523 #5 388.909 -416.775 45 1.60897 0 0
31.6523 #6 676.526 -212.906 45 2.54497 0 0
31.6523 #7 758.682 -249.455 45 2.49083 0 0
31.6523 #8 787.687 -334.508 45 8.59022 0 0
31.8843 #3 343.691 -342.367 45 1.81042 0 0
31.8843 #5 388.909 -416.775 45 1.60897 0 0
31.8843 #6 676.526 -212.906 45 2.54497 0 0
31.8843 #7 758.682 -249.455 45 2.49083 0 0
31.8843 #8 787.687 -334.508 45 8.59022 0 0
32.1179 #3 343.691 -342.367 45 1.81042 0 0
32.1179 #5 388.909 -416.775 45 1.60897 0 0
32.1179 #6 676.526 -212.906 45 2.54497 0 0
32.1179 #7 758.682 -249.455 45 2.49083 0 0
32.1179 #8 787.687 -334.508 45 8.59022 0 0
32.1179 #2 -260.732 50.4225 45 3.34348 15.0493 84.9507
32.3546 #3 343.691 -342.367 45 1.81042 0 0
32.3546 #5 388.909 -416.775 45 1.60897 0 0
32.3546 #6 676.526 -212.906 45 2.54497 0 0
32.3546 #7 758.682 -249.455 45 2.49083 0 0
32.3546 #8 787.687 -334.508 45 8.59022 0 0
32.5943 #3 343.691 -342.367 45 1.81042 0 0
32.5943 #5 388.909 -416.775 45 1.60897 0 0
32.5943 #6 676.526 -212.906 45 2.54497 0 0
32.5943 #7 758.682 -249.455 45 2.49083 0 0
32.5943 #8 787.687 -334.508 45 8.59022 0 0
32.5943 #2 -295.689 53.0083 45 2.79203 0 0
32.8148 #1 494.693 -166.151 45 0.406759 0 0
32.8148 #3 343.691 -342.367 45 1.81042 0 0
32.8148 #4 586.469 -157.536 45 1.18834 0 0
32.8148 #5 388.909 -416.775 45 1.60897 0 0
32.8148 #6 676.526 -212.906 45 2.54497 0 0
32.8148 #7 758.682 -249.455 45 2.49083 0 0
32.8148 #8 787.687 -334.508 45 8.59022 0 0
33.052 #3 343.691 -342.367 45 1.81042 0 0
33.052 #5 388.909 -416.775 45 1.60897 0 0
33.052 #6 676.526 -212.906 45 2.54497 0 0
33.052 #7 758.682 -249.455 45 2.49083 0 0
33.052 #8 787.687 -334.508 45 8.59022 0 0
33.2851 #1 494.693 -166.151 45 0.35404 0 0
33.2851 #3 343.691 -342.367 45 1.81042 0 0
33.2851 #4 586.469 -157.536 45 1.13562 0 0
33.2851 #5 388.909 -416.775 45 1.60897 0 0
33.2851 #6 676.526 -212.906 45 2.54497 0 0
33.2851 #7 758.682 -249.455 45 2.49083 0 0
33.2851 #8 787.687 -334.508 45 8.59022 0 0
33.5182 #3 343.691 -342.367 45 1.81042 0 0
33.5182 #5 388.909 -416.775 45 1.60897 0 0
33.5182 #6 676.526 -212.906 45 2.54497 0 0
33.5182 #7 758.682 -249.455 45 2.49083 0 0
33.5182 #8 787.687 -334.508 45 8.59022 0 0
33.7607 #1 494.693 -166.151 45 0.302243 0 0
33.7607 #3 343.691 -342.367 45 1.81042 0 0
33.7607 #4 586.469 -157.536 45 1.08382 0 0
33.7607 #5 388.909 -416.775 45 1.60897 0 0
33.7607 #6 676.526 -212.906 45 2.54497 0 0
33.7607 #7 758.682 -249.455 45 2.49083 0 0
33.7607 #8 787.687 -334.508 45 8.59022 0 0
33.976 #3 343.691 -342.367 45 1.81042 0 0
33.976 #5 388.909 -416.775 45 1.60897 0 0
33.976 #6 676.526 -212.906 45 2.54497 0 0
33.976 #7 758.682 -249.455 45 2.49083 0 0
33.976 #8 787.687 -334.508 45 8.59022 0 0
34.221 #1 494.693 -166.151 45 0.254412 0 0
34.221 #3 343.691 -342.367 45 1.81042 0 0
34.221 #4 586.469 -157.536 45 1.03599 0 0
34.221 #5 388.909 -416.775 45 1.60897 0 0
34.221 #6 676.526 -212.906 45 2.54497 0 0
34.221 #7 758.682 -249.455 45 2.49083 0 0
34.221 #8 787.687 -334.508 45 8.59022 0 0
34.4455 #3 343.691 -342.367 45 1.81042 0 0
34.4455 #5 388.909 -416.775 45 1.60897 0 0
34.4455 #6 676.526 -212.906 45 2.54497 0 0
34.4455 #7 758.682 -249.455 45 2.49083 0 0
34.4455 #8 787.687 -334.508 45 8.59022 0 0
34.7021 #1 494.693 -166.151 45 0.204516 0 0
34.7021 #3 343.691 -342.367 45 1.81042 0 0
34.7021 #4 586.469 -157.536 45 0.986093 0 0
34.7021 #5 388.909 -416.775 45 1.60897 0 0
34.7021 #6 676.526 -212.906 45 2.54497 0 0
34.7021 #7 758.682 -249.455 45 2.49083 0 0
34.7021 #8 787.687 -334.508 45 8.59022 0 0
34.9186 #3 343.691 -342.367 45 1.81042 0 0
34.9186 #5 388.909 -416.775 45 1.60897 0 0
34.9186 #6 676.526 -212.906 45 2.54497 0 0
34.9186 #7 758.682 -249.455 45 2.49083 0 0
34.9186 #8 787.687 -334.508 45 8.59022 0 0
35.1498 #1 494.693 -166.151 45 0.156404 0 0
35.1498 #3 343.691 -342.367 45 1.81042 0 0
35.1498 #4 586.469 -157.536 45 0.937982 0 0
35.1498 #5 388.909 -416.775 45 1.60897 0 0
35.1498 #6 676.526 -212.906 45 2.54497 0 0
35.1498 #7 758.682 -249.455 45 2.49083 0 0
35.1498 #8 787.687 -334.508 45 8.59022 0 0
35.3996 #3 343.691 -342.367 45 1.81042 0 0
35.3996 #5 388.909 -416.775 45 1.60897 0 0
35.3996 #6 676.526 -212.906 45 2.54497 0 0
35.3996 #7 758.682 -249.455 45 2.49083 0 0
35.3996 #8 787.687 -334.508 45 8.59022 0 0
35.6201 #1 494.693 -166.151 45 0.100907 0 0
35.6201 #3 343.691 -342.367 45 1.81042 0 0
35.6201 #4 586.469 -157.536 45 0.882484 0 0
35.6201 #5 388.909 -416.775 45 1.60897 0 0
35.6201 #6 676.526 -212.906 45 2.54497 0 0
35.6201 #7 758.682 -249.455 45 2.49083 0 0
35.6201 #8 787.687 -334.508 45 8.59022 0 0
35.8654 #3 343.691 -342.367 45 1.81042 0 0
35.8654 #5 388.909 -416.775 45 1.60897 0 0
35.8654 #6 676.526 -212.906 45 2.54497 0 0
35.8654 #7 758.682 -249.455 45 2.49083 0 0
35.8654 #8 787.687 -334.508 45 8.59022 0 0
36.0925 #1 494.693 -166.151 45 0.0463911 0 0
36.0925 #3 343.691 -342.367 45 1.81042 0 0
36.0925 #4 586.469 -157.536 45 0.827969 0 0
36.0925 #5 388.909 -416.775 45 1.60897 0 0
36.0925 #6 676.526 -212.906 45 2.54497 0 0
36.0925 #7 758.682 -249.455 45 2.49083 0 0
36.0925 #8 787.687 -334.508 45 8.59022 0 0
36.3254 #3 343.691 -342.367 45 1.81042 0 0
36.3254 #5 388.909 -416.775 45 1.60897 0 0
36.3254 #6 676.526 -212.906 45 2.54497 0 0
36.3254 #7 758.682 -249.455 45 2.49083 0 0
36.3254 #8 787.687 -334.508 45 8.59022 0 0
36.5563 #1 494.693 -166.151 45 -0.00536111 0 0
36.5563 #3 343.691 -342.367 45 1.81042 0 0
36.5563 #4 586.469 -157.536 45 0.776216 0 0
36.5563 #5 388.909 -416.775 45 1.60897 0 0
36.5563 #6 676.526 -212.906 45 2.54497 0 0
36.5563 #7 758.682 -249.455 45 2.49083 0 0
36.5563 #8 787.687 -334.508 45 8.59022 0 0
36.7962 #3 343.691 -342.367 45 1.81042 0 0
36.7962 #5 388.909 -416.775 45 1.60897 0 0
36.7962 #6 676.526 -212.906 45 2.54497 0 0
36.7962 #7 758.682 -249.455 45 2.49083 0 0
36.7962 #8 787.687 -334.508 45 8.59022 0 0
37.026 #1 494.693 -166.151 45 -0.05866 0 0
37.026 #3 343.691 -342.367 45 1.81042 0 0
37.026 #4 586.469 -157.536 45 0.722917 0 0
37.026 #5 388.909 -416.775 45 1.60897 0 0
37.026 #6 676.526 -212.906 45 2.54497 0 0
37.026 #7 758.682 -249.455 45 2.49083 0 0
37.026 #8 787.687 -334.508 45 8.59022 0 0
37.26 #3 343.691 -342.367 45 1.81042 0 0
37.26 #5 388.909 -416.775 45 1.60897 0 0
37.26 #6 676.526 -212.906 45 2.54497 0 0
37.26 #7 758.682 -249.455 45 2.49083 0 0
37.26 #8 787.687 -334.508 45 8.59022 0 0
37.4956 #1 494.693 -166.151 45 -0.110671 0 0
37.4956 #3 343.691 -342.367 45 1.81042 0 0
37.4956 #4 586.469 -157.536 45 0.670906 0 0
37.4956 #5 388.909 -416.775 45 1.60897 0 0
37.4956 #6 676.526 -212.906 45 2.54497 0 0
37.4956 #7 758.682 -249.455 45 2.49083 0 0
37.4956 #8 787.687 -334.508 45 8.59022 0 0
37.726 #3 343.691 -342.367 45 1.81042 0 0
37.726 #5 388.909 -416.775 45 1.60897 0 0
37.726 #6 676.526 -212.906 45 2.54497 0 0
37.726 #7 758.682 -249.455 45 2.49083 0 0
37.726 #8 787.687 -334.508 45 8.59022 0 0
37.96 #3 343.691 -342.367 45 1.81042 0 0
37.96 #5 388.909 -416.775 45 1.60897 0 0
37.96 #6 676.526 -212.906 45 2.54497 0 0
37.96 #7 758.682 -249.455 45 2.49083 0 0
37.96 #8 787.687 -334.508 45 8.59022 0 0
38.2014 #1 506.343 -166.22 45 0.150054 0 0
38.2014 #3 343.691 -342.367 45 1.81042 0 0
38.2014 #4 594.786 -149.379 45 0.931632 0 0
38.2014 #5 388.909 -416.775 45 1.60897 0 0
38.2014 #6 676.526 -212.906 45 2.54497 0 0
38.2014 #7 758.682 -249.455 45 2.49083 0 0
38.2014 #8 787.687 -334.508 45 8.59022 0 0
38.4466 #3 343.691 -342.367 45 1.81042 0 0
38.4466 #5 388.909 -416.775 45 1.60897 0 0
38.4466 #6 676.526 -212.906 45 2.54497 0 0
38.4466 #7 758.682 -249.455 45 2.49083 0 0
38.4466 #8 787.687 -334.508 45 8.59022 0 0
38.6702 #1 506.343 -166.22 45 0.0955856 0 0
38.6702 #3 343.691 -342.367 45 1.81042 0 0
38.6702 #4 594.786 -149.379 45 0.877163 0 0
38.6702 #5 388.909 -416.775 45 1.60897 0 0
38.6702 #6 676.526 -212.906 45 2.54497 0 0
38.6702 #7 758.682 -249.455 45 2.49083 0 0
38.6702 #8 787.687 -334.508 45 8.59022 0 0
38.9013 #3 343.691 -342.367 45 1.81042 0 0
38.9013 #5 388.909 -416.775 45 1.60897 0 0
38.9013 #6 676.526 -212.906 45 2.54497 0 0
38.9013 #7 758.682 -249.455 45 2.49083 0 0
38.9013 #8 787.687 -334.508 45 8.59022 0 0
39.144 #1 506.343 -166.22 45 0.0442278 0 0
39.144 #3 343.691 -342.367 45 1.81042 0 0
39.144 #4 594.786 -149.379 45 0.825805 0 0
39.144 #5 388.909 -416.775 45 1.60897 0 0
39.144 #6 676.526 -212.906 45 2.54497 0 0
39.144 #7 758.682 -249.455 45 2.49083 0 0
39.144 #8 787.687 -334.508 45 8.59022 0 0
39.3713 #3 343.691 -342.367 45 1.81042 0 0
39.3713 #5 388.909 -416.775 45 1.60897 0 0
39.3713 #6 676.526 -212.906 45 2.54497 0 0
39.3713 #7 758.682 -249.455 45 2.49083 0 0
39.3713 #8 787.687 -334.508 45 8.59022 0 0
39.6085 #1 506.343 -166.22 45 -0.00627333 0 0
39.6085 #3 343.691 -342.367 45 1.81042 0 0
39.6085 #4 594.786 -149.379 45 0.775304 0 0
39.6085 #5 388.909 -416.775 45 1.60897 0 0
39.6085 #6 676.526 -212.906 45 2.54497 0 0
39.6085 #7 758.682 -249.455 45 2.49083 0 0
39.6085 #8 787.687 -334.508 45 8.59022 0 0
39.8464 #3 343.691 -342.367 45 1.81042 0 0
39.8464 #5 388.909 -416.775 45 1.60897 0 0
39.8464 #6 676.526 -212.906 45 2.54497 0 0
39.8464 #7 758.682 -249.455 45 2.49083 0 0
39.8464 #8 787.687 -334.508 45 8.59022 0 0
40.0747 #1 506.343 -166.22 45 -0.0591356 0 0
40.0747 #3 343.691 -342.367 45 1.81042 0 0
40.0747 #4 594.786 -149.379 45 0.722442 0 0
40.0747 #5 388.909 -416.775 45 1.60897 0 0
40.0747 #6 676.526 -212.906 45 2.54497 0 0
40.0747 #7 758.682 -249.455 45 2.49083 0 0
40.0747 #8 787.687 -334.508 45 8.59022 0 0
40.3114 #3 343.691 -342.367 45 1.81042 0 0
40.3114 #5 388.909 -416.775 45 1.60897 0 0
40.3114 #6 676.526 -212.906 45 2.54497 0 0
40.3114 #7 758.682 -249.455 45 2.49083 0 0
40.3114 #8 787.687 -334.508 45 8.59022 0 0
40.5458 #1 506.343 -166.22 45 -0.111744 0 0
40.5458 #3 343.691 -342.367 45 1.81042 0 0
40.5458 #4 594.786 -149.379 45 0.669833 0 0
40.5458 #5 388.909 -416.775 45 1.60897 0 0
40.5458 #6 676.526 -212.906 45 2.54497 0 0
40.5458 #7 758.682 -249.455 45 2.49083 0 0
40.5458 #8 787.687 -334.508 45 8.59022 0 0
40.7798 #3 343.691 -342.367 45 1.81042 0 0
40.7798 #5 388.909 -416.775 45 1.60897 0 0
40.7798 #6 676.526 -212.906 45 2.54497 0 0
40.7798 #7 758.682 -249.455 45 2.49083 0 0
40.7798 #8 787.687 -334.508 45 8.59022 0 0
41.015 #1 506.343 -166.22 45 -0.163736 0 0
41.015 #3 343.691 -342.367 45 1.81042 0 0
41.015 #4 594.786 -149.379 45 0.617842 0 0
41.015 #5 388.909 -416.775 45 1.60897 0 0
41.015 #6 676.526 -212.906 45 2.54497 0 0
41.015 #7 758.682 -249.455 45 2.49083 0 0
41.015 #8 787.687 -334.508 45 8.59022 0 0
41.2459 #3 343.691 -342.367 45 1.81042 0 0
41.2459 #5 388.909 -416.775 45 1.60897 0 0
41.2459 #6 676.526 -212.906 45 2.54497 0 0
41.2459 #7 758.682 -249.455 45 2.49083 0 0
41.2459 #8 787.687 -334.508 45 8.59022 0 0
41.4881 #1 506.343 -166.22 45 -0.215046 0 0
41.4881 #3 343.691 -342.367 45 1.81042 0 0
41.4881 #4 594.786 -149.379 45 0.566532 0 0
41.4881 #5 388.909 -416.775 45 1.60897 0 0
41.4881 #6 676.526 -212.906 45 2.54497 0 0
41.4881 #7 758.682 -249.455 45 2.49083 0 0
41.4881 #8 787.687 -334.508 45 8.59022 0 0
41.7226 #3 343.691 -342.367 45 1.81042 0 0
41.7226 #5 388.909 -416.775 45 1.60897 0 0
41.7226 #6 676.526 -212.906 45 2.54497 0 0
41.7226 #7 758.682 -249.455 45 2.49083 0 0
41.7226 #8 787.687 -334.508 45 8.59022 0 0
41.9626 #3 343.691 -342.367 45 1.81042 0 0
41.9626 #5 388.909 -416.775 45 1.60897 0 0
41.9626 #6 676.526 -212.906 45 2.54497 0 0
41.9626 #7 758.682 -249.455 45 2.49083 0 0
41.9626 #8 787.687 -334.508 45 8.59022 0 0
42.1858 #3 343.691 -342.367 45 1.81042 0 0
42.1858 #5 388.909 -416.775 45 1.60897 0 0
42.1858 #6 676.526 -212.906 45 2.54497 0 0
42.1858 #7 758.682 -249.455 45 2.49083 0 0
42.1858 #8 787.687 -334.508 45 8.59022 0 0
42.4308 #1 506.343 -166.22 45 -0.370094 0 0
42.4308 #3 343.691 -342.367 45 1.81042 0 0
42.4308 #4 594.786 -149.379 45 0.411483 0 0
42.4308 #5 388.909 -416.775 45 1.60897 0 0
42.4308 #6 676.526 -212.906 45 2.54497 0 0
42.4308 #7 758.682 -249.455 45 2.49083 0 0
42.4308 #8 787.687 -334.508 45 8.59022 0 0
42.6582 #3 343.691 -342.367 45 1.81042 0 0
42.6582 #5 388.909 -416.775 45 1.60897 0 0
42.6582 #6 676.526 -212.906 45 2.54497 0 0
42.6582 #7 758.682 -249.455 45 2.49083 0 0
42.6582 #8 787.687 -334.508 45 8.59022 0 0
42.8965 #3 343.691 -342.367 45 1.81042 0 0
42.8965 #5 388.909 -416.775 45 1.60897 0 0
42.8965 #6 676.526 -212.906 45 2.54497 0 0
42.8965 #7 758.682 -249.455 45 2.49083 0 0
42.8965 #8 787.687 -334.508 45 8.59022 0 0
43.1256 #3 343.691 -342.367 45 1.81042 0 0
43.1256 #5 388.909 -416.775 45 1.60897 0 0
43.1256 #6 676.526 -212.906 45 2.54497 0 0
43.1256 #7 758.682 -249.455 45 2.49083 0 0
43.1256 #8 787.687 -334.508 45 8.59022 0 0
43.1256 #2 -346.307 78.025 45 3.10147 0 0
43.3682 #3 343.691 -342.367 45 1.81042 0 0
43.3682 #5 388.909 -416.775 45 1.60897 0 0
43.3682 #6 676.526 -212.906 45 2.54497 0 0
43.3682 #7 758.682 -249.455 45 2.49083 0 0
43.3682 #8 787.687 -334.508 45 8.59022 0 0
43.5927 #3 343.691 -342.367 45 1.81042 0 0
43.5927 #5 388.909 -416.775 45 1.60897 0 0
43.5927 #6 676.526 -212.906 45 2.54497 0 0
43.5927 #7 758.682 -249.455 45 2.49083 0 0
43.5927 #8 787.687 -334.508 45 8.59022 0 0
43.839 #3 343.691 -342.367 45 1.81042 0 0
43.839 #5 388.909 -416.775 45 1.60897 0 0
43.839 #6 676.526 -212.906 45 2.54497 0 0
43.839 #7 758.682 -249.455 45 2.49083 0 0
43.839 #8 787.687 -334.508 45 8.59022 0 0
44.0536 #3 343.691 -342.367 45 1.81042 0 0
44.0536 #5 388.909 -416.775 45 1.60897 0 0
44.0536 #6 676.526 -212.906 45 2.54497 0 0
44.0536 #7 758.682 -249.455 45 2.49083 0 0
44.0536 #8 787.687 -334.508 45 8.59022 0 0
44.0536 #4 616.578 -100.926 45 1.93533 53.6758 46.3242
44.3093 #3 343.691 -342.367 45 1.81042 0 0
44.3093 #5 388.909 -416.775 45 1.60897 0 0
44.3093 #6 676.526 -212.906 45 2.54497 0 0
44.3093 #7 758.682 -249.455 45 2.49083 0 0
44.3093 #8 787.687 -334.508 45 8.59022 0 0
44.3093 #4 612.665 -90.9346 45 1.95286 53.6758 46.3242
44.5228 #3 343.691 -342.367 45 1.81042 0 0
44.5228 #5 388.909 -416.775 45 1.60897 0 0
44.5228 #6 676.526 -212.906 45 2.54497 0 0
44.5228 #7 758.682 -249.455 45 2.49083 0 0
44.5228 #8 787.687 -334.508 45 8.59022 0 0
44.5228 #4 607.774 -79.1216 45 1.97375 53.6758 46.3242
44.7776 #3 343.691 -342.367 45 1.81042 0 0
44.7776 #5 388.909 -416.775 45 1.60897 0 0
44.7776 #6 676.526 -212.906 45 2.54497 0 0
44.7776 #7 758.682 -249.455 45 2.49083 0 0
44.7776 #8 787.687 -334.508 45 8.59022 0 0
44.7776 #4 603.503 -69.3397 45 1.99119 53.6758 46.3242
44.9984 #3 343.691 -342.367 45 1.81042 0 0
44.9984 #5 388.909 -416.775 45 1.60897 0 0
44.9984 #6 676.526 -212.906 45 2.54497 0 0
44.9984 #7 758.682 -249.455 45 2.49083 0 0
44.9984 #8 787.687 -334.508 45 8.59022 0 0
45.2417 #3 343.691 -342.367 45 1.81042 0 0
45.2417 #5 388.909 -416.775 45 1.60897 0 0
45.2417 #6 676.526 -212.906 45 2.54497 0 0
45.2417 #7 758.682 -249.455 45 2.49083 0 0
45.2417 #8 787.687 -334.508 45 8.59022 0 0
45.2417 #1 479.225 -249.162 45 -2.6846 45.9171 54.0829
45.2417 #4 593.379 -47.8239 45 2.03004 53.6758 46.3242
45.4776 #3 343.691 -342.367 45 1.81042 0 0
45.4776 #5 388.909 -416.775 45 1.60897 0 0
45.4776 #6 676.526 -212.906 45 2.54497 0 0
45.4776 #7 758.682 -249.455 45 2.49083 0 0
45.4776 #8 787.687 -334.508 45 8.59022 0 0
45.7112 #3 343.691 -342.367 45 1.81042 0 0
45.7112 #5 388.909 -416.775 45 1.60897 0 0
45.7112 #6 676.526 -212.906 45 2.54497 0 0
45.7112 #7 758.682 -249.455 45 2.49083 0 0
45.7112 #8 787.687 -334.508 45 8.59022 0 0
45.9513 #3 343.691 -342.367 45 1.81042 0 0
45.9513 #5 388.909 -416.775 45 1.60897 0 0
45.9513 #6 676.526 -212.906 45 2.54497 0 0
45.9513 #7 758.682 -249.455 45 2.49083 0 0
45.9513 #8 787.687 -334.508 45 8.59022 0 0
45.9513 #1 446.756 -263.844 45 -2.74928 45.9171 54.0829
46.1862 #3 343.691 -342.367 45 1.81042 0 0
46.1862 #5 388.909 -416.775 45 1.60897 0 0
46.1862 #6 676.526 -212.906 45 2.54497 0 0
46.1862 #7 758.682 -249.455 45 2.49083 0 0
46.1862 #8 787.687 -334.508 45 8.59022 0 0
46.1862 #4 570.619 -5.97944 45 2.10787 53.6758 46.3242
46.417 #3 343.691 -342.367 45 1.81042 0 0
46.417 #5 388.909 -416.775 45 1.60897 0 0
46.417 #6 676.526 -212.906 45 2.54497 0 0
46.417 #7 758.682 -249.455 45 2.49083 0 0
46.417 #8 787.687 -334.508 45 8.59022 0 0
46.417 #1 424.62 -272.449 45 -2.79238 45.9171 54.0829
46.417 #4 564.513 4.05432 45 2.12706 53.6758 46.3242
46.6486 #1 413.737 -276.283 45 -2.81332 0 0
46.6486 #3 343.691 -342.367 45 1.81042 0 0
46.6486 #5 388.909 -416.775 45 1.60897 0 0
46.6486 #6 676.526 -212.906 45 2.54497 0 0
46.6486 #7 758.682 -249.455 45 2.49083 0 0
46.6486 #8 787.687 -334.508 45 8.59022 0 0
46.6486 #4 558.329 13.795 45 2.14591 53.6758 46.3242
46.8797 #3 343.691 -342.367 45 1.81042 0 0
46.8797 #5 388.909 -416.775 45 1.60897 0 0
46.8797 #6 676.526 -212.906 45 2.54497 0 0
46.8797 #7 758.682 -249.455 45 2.49083 0 0
46.8797 #8 787.687 -334.508 45 8.59022 0 0
46.8797 #4 551.939 23.4517 45 2.16483 53.6758 46.3242
47.108 #1 413.737 -276.283 45 -2.86467 0 0
47.108 #3 343.691 -342.367 45 1.81042 0 0
47.108 #5 388.909 -416.775 45 1.60897 0 0
47.108 #6 676.526 -212.906 45 2.54497 0 0
47.108 #7 758.682 -249.455 45 2.49083 0 0
47.108 #8 787.687 -334.508 45 8.59022 0 0
47.3357 #3 343.691 -342.367 45 1.81042 0 0
47.3357 #5 388.909 -416.775 45 1.60897 0 0
47.3357 #6 676.526 -212.906 45 2.54497 0 0
47.3357 #7 758.682 -249.455 45 2.49083 0 0
47.3357 #8 787.687 -334.508 45 8.59022 0 0
47.3357 #4 538.725 42.2449 45 2.20237 53.6758 46.3242
47.5834 #1 413.737 -276.283 45 -2.91526 0 0
47.5834 #3 343.691 -342.367 45 1.81042 0 0
47.5834 #5 388.909 -416.775 45 1.60897 0 0
47.5834 #6 676.526 -212.906 45 2.54497 0 0
47.5834 #7 758.682 -249.455 45 2.49083 0 0
47.5834 #8 787.687 -334.508 45 8.59022 0 0
47.5834 #4 531.92 51.3683 45 2.22096 53.6758 46.3242
47.8184 #3 343.691 -342.367 45 1.81042 0 0
47.8184 #5 388.909 -416.775 45 1.60897 0 0
47.8184 #6 676.526 -212.906 45 2.54497 0 0
47.8184 #7 758.682 -249.455 45 2.49083 0 0
47.8184 #8 787.687 -334.508 45 8.59022 0 0
48.0564 #1 413.737 -276.283 45 -2.96748 0 0
48.0564 #3 343.691 -342.367 45 1.81042 0 0
48.0564 #5 388.909 -416.775 45 1.60897 0 0
48.0564 #6 676.526 -212.906 45 2.54497 0 0
48.0564 #7 758.682 -249.455 45 2.49083 0 0
48.0564 #8 787.687 -334.508 45 8.59022 0 0
48.0564 #4 516.936 70.2862 45 2.26039 53.6758 46.3242
48.2829 #3 343.691 -342.367 45 1.81042 0 0
48.2829 #5 388.909 -416.775 45 1.60897 0 0
48.2829 #6 676.526 -212.906 45 2.54497 0 0
48.2829 #7 758.682 -249.455 45 2.49083 0 0
48.2829 #8 787.687 -334.508 45 8.59022 0 0
48.2829 #4 509.275 79.3941 45 2.27983 53.6758 46.3242
48.5282 #1 413.737 -276.283 45 -3.0178 0 0
48.5282 #3 343.691 -342.367 45 1.81042 0 0
48.5282 #5 388.909 -416.775 45 1.60897 0 0
48.5282 #6 676.526 -212.906 45 2.54497 0 0
48.5282 #7 758.682 -249.455 45 2.49083 0 0
48.5282 #8 787.687 -334.508 45 8.59022 0 0
48.7492 #3 343.691 -342.367 45 1.81042 0 0
48.7492 #5 388.909 -416.775 45 1.60897 0 0
48.7492 #6 676.526 -212.906 45 2.54497 0 0
48.7492 #7 758.682 -249.455 45 2.49083 0 0
48.7492 #8 787.687 -334.508 45 8.59022 0 0
48.7492 #4 493.577 96.9963 45 2.31837 53.6758 46.3242
48.992 #1 413.737 -276.283 45 -3.06693 0 0
48.992 #3 343.691 -342.367 45 1.81042 0 0
48.992 #5 388.909 -416.775 45 1.60897 0 0
48.992 #6 676.526 -212.906 45 2.54497 0 0
48.992 #7 758.682 -249.455 45 2.49083 0 0
48.992 #8 787.687 -334.508 45 8.59022 0 0
49.302 #3 343.691 -342.367 45 1.81042 0 0
49.302 #5 388.909 -416.775 45 1.60897 0 0
49.302 #6 676.526 -212.906 45 2.54497 0 0
49.302 #7 758.682 -249.455 45 2.49083 0 0
49.302 #8 787.687 -334.508 45 8.59022 0 0
49.537 #1 413.737 -276.283 45 -3.13582 0 0
49.537 #3 343.691 -342.367 45 1.81042 0 0
49.537 #5 388.909 -416.775 45 1.60897 0 0
49.537 #6 676.526 -212.906 45 2.54497 0 0
49.537 #7 758.682 -249.455 45 2.49083 0 0
49.537 #8 787.687 -334.508 45 8.59022 0 0
49.758 #3 343.691 -342.367 45 1.81042 0 0
49.758 #5 388.909 -416.775 45 1.60897 0 0
49.758 #6 676.526 -212.906 45 2.54497 0 0
49.758 #7 758.682 -249.455 45 2.49083 0 0
49.758 #8 787.687 -334.508 45 8.59022 0 0
49.758 #4 457.8 132.532 45 2.40077 53.6758 46.3242
50.0132 #1 413.737 -276.283 45 -3.18494 0 0
50.0132 #3 343.691 -342.367 45 1.81042 0 0
50.0132 #5 388.909 -416.775 45 1.60897 0 0
50.0132 #6 676.526 -212.906 45 2.54497 0 0
50.0132 #7 758.682 -249.455 45 2.49083 0 0
50.0132 #8 787.687 -334.508 45 8.59022 0 0
50.0132 #2 -346.307 78.025 45 2.77674 21.4803 78.5197
50.0132 #2 -357.806 83.5189 45 2.61503 0 0
50.238 #3 343.691 -342.367 45 1.81042 0 0
50.238 #5 388.909 -416.775 45 1.60897 0 0
50.238 #6 676.526 -212.906 45 2.54497 0 0
50.238 #7 758.682 -249.455 45 2.49083 0 0
50.238 #8 787.687 -334.508 45 8.59022 0 0
50.238 #4 439.921 148.256 45 2.43967 53.6758 46.3242
50.4786 #1 413.737 -276.283 45 -3.23491 0 0
50.4786 #3 343.691 -342.367 45 1.81042 0 0
50.4786 #5 388.909 -416.775 45 1.60897 0 0
50.4786 #6 676.526 -212.906 45 2.54497 0 0
50.4786 #7 758.682 -249.455 45 2.49083 0 0
50.4786 #8 787.687 -334.508 45 8.59022 0 0
50.7115 #3 343.691 -342.367 45 1.81042 0 0
50.7115 #5 388.909 -416.775 45 1.60897 0 0
50.7115 #6 676.526 -212.906 45 2.54497 0 0
50.7115 #7 758.682 -249.455 45 2.49083 0 0
50.7115 #8 787.687 -334.508 45 8.59022 0 0
50.7115 #4 421.871 162.94 45 2.47769 53.6758 46.3242
50.9478 #1 413.737 -276.283 45 -3.28666 0 0
50.9478 #3 343.691 -342.367 45 1.81042 0 0
50.9478 #5 388.909 -416.775 45 1.60897 0 0
50.9478 #6 676.526 -212.906 45 2.54497 0 0
50.9478 #7 758.682 -249.455 45 2.49083 0 0
50.9478 #8 787.687 -334.508 45 8.59022 0 0
50.9478 #4 412.633 170.027 45 2.49671 53.6758 46.3242
51.1749 #3 343.691 -342.367 45 1.81042 0 0
51.1749 #5 388.909 -416.775 45 1.60897 0 0
51.1749 #6 676.526 -212.906 45 2.54497 0 0
51.1749 #7 758.682 -249.455 45 2.49083 0 0
51.1749 #8 787.687 -334.508 45 8.59022 0 0
51.1749 #4 403.121 177.039 45 2.51602 53.6758 46.3242
51.4148 #1 413.737 -276.283 45 -3.33714 0 0
51.4148 #3 343.691 -342.367 45 1.81042 0 0
51.4148 #5 388.909 -416.775 45 1.60897 0 0
51.4148 #6 676.526 -212.906 45 2.54497 0 0
51.4148 #7 758.682 -249.455 45 2.49083 0 0
51.4148 #8 787.687 -334.508 45 8.59022 0 0
51.6415 #3 343.691 -342.367 45 1.81042 0 0
51.6415 #5 388.909 -416.775 45 1.60897 0 0
51.6415 #6 676.526 -212.906 45 2.54497 0 0
51.6415 #7 758.682 -249.455 45 2.49083 0 0
51.6415 #8 787.687 -334.508 45 8.59022 0 0
51.6415 #4 383.935 190.348 45 2.55417 53.6758 46.3242
51.8765 #3 343.691 -342.367 45 1.81042 0 0
51.8765 #5 388.909 -416.775 45 1.60897 0 0
51.8765 #6 676.526 -212.906 45 2.54497 0 0
51.8765 #7 758.682 -249.455 45 2.49083 0 0
51.8765 #8 787.687 -334.508 45 8.59022 0 0
52.1167 #1 402.353 -273.374 45 -3.39602 0 0
52.1167 #3 343.691 -342.367 45 1.81042 0 0
52.1167 #5 388.909 -416.775 45 1.60897 0 0
52.1167 #6 676.526 -212.906 45 2.54497 0 0
52.1167 #7 758.682 -249.455 45 2.49083 0 0
52.1167 #8 787.687 -334.508 45 8.59022 0 0
52.1167 #4 364.485 202.777 45 2.59188 53.6758 46.3242
52.3509 #3 343.691 -342.367 45 1.81042 0 0
52.3509 #5 388.909 -416.775 45 1.60897 0 0
52.3509 #6 676.526 -212.906 45 2.54497 0 0
52.3509 #7 758.682 -249.455 45 2.49083 0 0
52.3509 #8 787.687 -334.508 45 8.59022 0 0
52.3509 #2 -357.806 83.5189 45 2.14759 6.27236 93.7276
52.3509 #4 354.185 208.949 45 2.6115 53.6758 46.3242
52.5744 #1 402.353 -273.374 45 -3.44806 0 0
52.5744 #3 343.691 -342.367 45 1.81042 0 0
52.5744 #5 388.909 -416.775 45 1.60897 0 0
52.5744 #6 676.526 -212.906 45 2.54497 0 0
52.5744 #7 758.682 -249.455 45 2.49083 0 0
52.5744 #8 787.687 -334.508 45 8.59022 0 0
52.5744 #4 344.025 214.773 45 2.63063 53.6758 46.3242
52.808 #3 343.691 -342.367 45 1.81042 0 0
52.808 #5 388.909 -416.775 45 1.60897 0 0
52.808 #6 676.526 -212.906 45 2.54497 0 0
52.808 #7 758.682 -249.455 45 2.49083 0 0
52.808 #8 787.687 -334.508 45 8.59022 0 0
52.808 #4 334.229 220.148 45 2.64888 53.6758 46.3242
53.0532 #1 402.353 -273.374 45 -3.49999 0 0
53.0532 #3 343.691 -342.367 45 1.81042 0 0
53.0532 #5 388.909 -416.775 45 1.60897 0 0
53.0532 #6 676.526 -212.906 45 2.54497 0 0
53.0532 #7 758.682 -249.455 45 2.49083 0 0
53.0532 #8 787.687 -334.508 45 8.59022 0 0
53.0532 #2 -363.299 128.413 45 1.23751 0 0
53.0532 #4 323.884 225.576 45 2.66797 53.6758 46.3242
53.2934 #3 343.691 -342.367 45 1.81042 0 0
53.2934 #5 388.909 -416.775 45 1.60897 0 0
53.2934 #6 676.526 -212.906 45 2.54497 0 0
53.2934 #7 758.682 -249.455 45 2.49083 0 0
53.2934 #8 787.687 -334.508 45 8.59022 0 0
53.518 #1 402.353 -273.374 45 -3.55336 0 0
53.518 #3 343.691 -342.367 45 1.81042 0 0
53.518 #5 388.909 -416.775 45 1.60897 0 0
53.518 #6 676.526 -212.906 45 2.54497 0 0
53.518 #7 758.682 -249.455 45 2.49083 0 0
53.518 #8 787.687 -334.508 45 8.59022 0 0
53.7591 #3 343.691 -342.367 45 1.81042 0 0
53.7591 #5 388.909 -416.775 45 1.60897 0 0
53.7591 #6 676.526 -212.906 45 2.54497 0 0
53.7591 #7 758.682 -249.455 45 2.49083 0 0
53.7591 #8 787.687 -334.508 45 8.59022 0 0
53.7591 #4 291.839 240.843 45 2.72597 53.6758 46.3242
53.9781 #1 402.353 -273.374 45 -3.60692 0 0
53.9781 #3 343.691 -342.367 45 1.81042 0 0
53.9781 #5 388.909 -416.775 45 1.60897 0 0
53.9781 #6 676.526 -212.906 45 2.54497 0 0
53.9781 #7 758.682 -249.455 45 2.49083 0 0
53.9781 #8 787.687 -334.508 45 8.59022 0 0
54.2194 #3 343.691 -342.367 45 1.81042 0 0
54.2194 #5 388.909 -416.775 45 1.60897 0 0
54.2194 #6 676.526 -212.906 45 2.54497 0 0
54.2194 #7 758.682 -249.455 45 2.49083 0 0
54.2194 #8 787.687 -334.508 45 8.59022 0 0
54.2194 #4 270.622 249.734 45 2.76355 53.6758 46.3242
54.4462 #1 402.353 -273.374 45 -3.66054 0 0
54.4462 #3 343.691 -342.367 45 1.81042 0 0
54.4462 #5 388.909 -416.775 45 1.60897 0 0
54.4462 #6 676.526 -212.906 45 2.54497 0 0
54.4462 #7 758.682 -249.455 45 2.49083 0 0
54.4462 #8 787.687 -334.508 45 8.59022 0 0
54.6877 #3 343.691 -342.367 45 1.81042 0 0
54.6877 #5 388.909 -416.775 45 1.60897 0 0
54.6877 #6 676.526 -212.906 45 2.54497 0 0
54.6877 #7 758.682 -249.455 45 2.49083 0 0
54.6877 #8 787.687 -334.508 45 8.59022 0 0
54.6877 #4 248.714 257.954 45 2.80178 53.6758 46.3242
54.9276 #1 402.353 -273.374 45 -3.71422 0 0
54.9276 #3 343.691 -342.367 45 1.81042 0 0
54.9276 #5 388.909 -416.775 45 1.60897 0 0
54.9276 #6 676.526 -212.906 45 2.54497 0 0
54.9276 #7 758.682 -249.455 45 2.49083 0 0
54.9276 #8 787.687 -334.508 45 8.59022 0 0
55.1476 #3 343.691 -342.367 45 1.81042 0 0
55.1476 #5 388.909 -416.775 45 1.60897 0 0
55.1476 #6 676.526 -212.906 45 2.54497 0 0
55.1476 #7 758.682 -249.455 45 2.49083 0 0
55.1476 #8 787.687 -334.508 45 8.59022 0 0
55.3976 #3 343.691 -342.367 45 1.81042 0 0
55.3976 #5 388.909 -416.775 45 1.60897 0 0
55.3976 #6 676.526 -212.906 45 2.54497 0 0
55.3976 #7 758.682 -249.455 45 2.49083 0 0
55.3976 #8 787.687 -334.508 45 8.59022 0 0
55.3976 #4 215.329 268.691 45 2.85908 53.6758 46.3242
55.6302 #3 343.691 -342.367 45 1.81042 0 0
55.6302 #5 388.909 -416.775 45 1.60897 0 0
55.6302 #6 676.526 -212.906 45 2.54497 0 0
55.6302 #7 758.682 -249.455 45 2.49083 0 0
55.6302 #8 787.687 -334.508 45 8.59022 0 0
55.6302 #4 203.29 272.052 45 2.8795 53.6758 46.3242
55.8552 #3 343.691 -342.367 45 1.81042 0 0
55.8552 #5 388.909 -416.775 45 1.60897 0 0
55.8552 #6 676.526 -212.906 45 2.54497 0 0
55.8552 #7 758.682 -249.455 45 2.49083 0 0
55.8552 #8 787.687 -334.508 45 8.59022 0 0
55.8552 #1 382.715 -259.357 45 -3.75989 50.3001 49.6999
55.8552 #4 192.031 274.959 45 2.8985 53.6758 46.3242
56.1128 #3 343.691 -342.367 45 1.81042 0 0
56.1128 #5 388.909 -416.775 45 1.60897 0 0
56.1128 #6 676.526 -212.906 45 2.54497 0 0
56.1128 #7 758.682 -249.455 45 2.49083 0 0
56.1128 #8 787.687 -334.508 45 8.59022 0 0
56.1128 #1 373.542 -252.842 45 -3.75839 50.3001 49.6999
56.1128 #4 181.087 277.566 45 2.91688 53.6758 46.3242
56.3328 #3 343.691 -342.367 45 1.81042 0 0
56.3328 #5 388.909 -416.775 45 1.60897 0 0
56.3328 #6 676.526 -212.906 45 2.54497 0 0
56.3328 #7 758.682 -249.455 45 2.49083 0 0
56.3328 #8 787.687 -334.508 45 8.59022 0 0
56.5779 #3 343.691 -342.367 45 1.81042 0 0
56.5779 #5 388.909 -416.775 45 1.60897 0 0
56.5779 #6 676.526 -212.906 45 2.54497 0 0
56.5779 #7 758.682 -249.455 45 2.49083 0 0
56.5779 #8 787.687 -334.508 45 8.59022 0 0
56.5779 #1 354.042 -239.062 45 -3.7552 50.3001 49.6999
56.5779 #4 157.711 282.431 45 2.95589 53.6758 46.3242
56.7882 #3 343.691 -342.367 45 1.81042 0 0
56.7882 #5 388.909 -416.775 45 1.60897 0 0
56.7882 #6 676.526 -212.906 45 2.54497 0 0
56.7882 #7 758.682 -249.455 45 2.49083 0 0
56.7882 #8 787.687 -334.508 45 8.59022 0 0
57.0398 #3 343.691 -342.367 45 1.81042 0 0
57.0398 #5 388.909 -416.775 45 1.60897 0 0
57.0398 #6 676.526 -212.906 45 2.54497 0 0
57.0398 #7 758.682 -249.455 45 2.49083 0 0
57.0398 #8 787.687 -334.508 45 8.59022 0 0
57.0398 #1 335.407 -225.979 45 -3.75217 50.3001 49.6999
57.2713 #3 343.691 -342.367 45 1.81042 0 0
57.2713 #5 388.909 -416.775 45 1.60897 0 0
57.2713 #6 676.526 -212.906 45 2.54497 0 0
57.2713 #7 758.682 -249.455 45 2.49083 0 0
57.2713 #8 787.687 -334.508 45 8.59022 0 0
57.2713 #4 122.801 287.952 45 3.01364 53.6758 46.3242
57.4946 #3 343.691 -342.367 45 1.81042 0 0
57.4946 #5 388.909 -416.775 45 1.60897 0 0
57.4946 #6 676.526 -212.906 45 2.54497 0 0
57.4946 #7 758.682 -249.455 45 2.49083 0 0
57.4946 #8 787.687 -334.508 45 8.59022 0 0
57.4946 #1 315.591 -212.16 45 -3.74895 50.3001 49.6999
57.4946 #4 111.303 289.32 45 3.03256 53.6758 46.3242
57.7299 #3 343.691 -342.367 45 1.81042 0 0
57.7299 #5 388.909 -416.775 45 1.60897 0 0
57.7299 #6 676.526 -212.906 45 2.54497 0 0
57.7299 #7 758.682 -249.455 45 2.49083 0 0
57.7299 #8 787.687 -334.508 45 8.59022 0 0
57.7299 #4 100.194 290.434 45 3.0508 53.6758 46.3242
57.9845 #3 343.691 -342.367 45 1.81042 0 0
57.9845 #5 388.909 -416.775 45 1.60897 0 0
57.9845 #6 676.526 -212.906 45 2.54497 0 0
57.9845 #7 758.682 -249.455 45 2.49083 0 0
57.9845 #8 787.687 -334.508 45 8.59022 0 0
57.9845 #2 -364.489 152.446 45 1.94685 0 0
57.9845 #4 88.4703 291.388 45 3.07002 53.6758 46.3242
58.2045 #3 343.691 -342.367 45 1.81042 0 0
58.2045 #5 388.909 -416.775 45 1.60897 0 0
58.2045 #6 676.526 -212.906 45 2.54497 0 0
58.2045 #7 758.682 -249.455 45 2.49083 0 0
58.2045 #8 787.687 -334.508 45 8.59022 0 0
58.2045 #4 75.7618 292.166 45 3.09082 53.6758 46.3242
58.4394 #3 343.691 -342.367 45 1.81042 0 0
58.4394 #5 388.909 -416.775 45 1.60897 0 0
58.4394 #6 676.526 -212.906 45 2.54497 0 0
58.4394 #7 758.682 -249.455 45 2.49083 0 0
58.4394 #8 787.687 -334.508 45 8.59022 0 0
58.666 #3 343.691 -342.367 45 1.81042 0 0
58.666 #5 388.909 -416.775 45 1.60897 0 0
58.666 #6 676.526 -212.906 45 2.54497 0 0
58.666 #7 758.682 -249.455 45 2.49083 0 0
58.666 #8 787.687 -334.508 45 8.59022 0 0
58.666 #2 -370.138 162.266 45 2.13778 0 0
58.9044 #3 343.691 -342.367 45 1.81042 0 0
58.9044 #5 388.909 -416.775 45 1.60897 0 0
58.9044 #6 676.526 -212.906 45 2.54497 0 0
58.9044 #7 758.682 -249.455 45 2.49083 0 0
58.9044 #8 787.687 -334.508 45 8.59022 0 0
58.9044 #1 258.142 -172.629 45 -3.73964 50.3001 49.6999
59.1358 #3 343.691 -342.367 45 1.81042 0 0
59.1358 #5 388.909 -416.775 45 1.60897 0 0
59.1358 #6 676.526 -212.906 45 2.54497 0 0
59.1358 #7 758.682 -249.455 45 2.49083 0 0
59.1358 #8 787.687 -334.508 45 8.59022 0 0
59.1358 #4 29.7852 292.774 45 3.16595 53.6758 46.3242
59.3842 #3 343.691 -342.367 45 1.81042 0 0
59.3842 #5 388.909 -416.775 45 1.60897 0 0
59.3842 #6 676.526 -212.906 45 2.54497 0 0
59.3842 #7 758.682 -249.455 45 2.49083 0 0
59.3842 #8 787.687 -334.508 45 8.59022 0 0
59.3842 #4 18.2189 292.382 45 3.18486 53.6758 46.3242
59.6027 #3 343.691 -342.367 45 1.81042 0 0
59.6027 #5 388.909 -416.775 45 1.60897 0 0
59.6027 #6 676.526 -212.906 45 2.54497 0 0
59.6027 #7 758.682 -249.455 45 2.49083 0 0
59.6027 #8 787.687 -334.508 45 8.59022 0 0
59.8377 #3 343.691 -342.367 45 1.81042 0 0
59.8377 #5 388.909 -416.775 45 1.60897 0 0
59.8377 #6 676.526 -212.906 45 2.54497 0 0
59.8377 #7 758.682 -249.455 45 2.49083 0 0
59.8377 #8 787.687 -334.508 45 8.59022 0 0
60.0928 #3 343.691 -342.367 45 1.81042 0 0
60.0928 #5 388.909 -416.775 45 1.60897 0 0
60.0928 #6 676.526 -212.906 45 2.54497 0 0
60.0928 #7 758.682 -249.455 45 2.49083 0 0
60.0928 #8 787.687 -334.508 45 8.59022 0 0
60.0928 #4 -16.7768 289.861 45 3.24219 53.6758 46.3242
60.3277 #3 343.691 -342.367 45 1.81042 0 0
60.3277 #5 388.909 -416.775 45 1.60897 0 0
60.3277 #6 676.526 -212.906 45 2.54497 0 0
60.3277 #7 758.682 -249.455 45 2.49083 0 0
60.3277 #8 787.687 -334.508 45 8.59022 0 0
60.3277 #4 -29.456 288.447 45 3.26303 53.6758 46.3242
60.5527 #3 343.691 -342.367 45 1.81042 0 0
60.5527 #5 388.909 -416.775 45 1.60897 0 0
60.5527 #6 676.526 -212.906 45 2.54497 0 0
60.5527 #7 758.682 -249.455 45 2.49083 0 0
60.5527 #8 787.687 -334.508 45 8.59022 0 0
60.5527 #4 -41.0972 286.913 45 3.28222 53.6758 46.3242
60.7727 #3 343.691 -342.367 45 1.81042 0 0
60.7727 #5 388.909 -416.775 45 1.60897 0 0
60.7727 #6 676.526 -212.906 45 2.54497 0 0
60.7727 #7 758.682 -249.455 45 2.49083 0 0
60.7727 #8 787.687 -334.508 45 8.59022 0 0
60.7727 #4 -52.2217 285.234 45 3.3006 53.6758 46.3242
61.0077 #3 343.691 -342.367 45 1.81042 0 0
61.0077 #5 388.909 -416.775 45 1.60897 0 0
61.0077 #6 676.526 -212.906 45 2.54497 0 0
61.0077 #7 758.682 -249.455 45 2.49083 0 0
61.0077 #8 787.687 -334.508 45 8.59022 0 0
61.0077 #4 -63.0665 283.395 45 3.31857 53.6758 46.3242
61.2627 #3 343.691 -342.367 45 1.81042 0 0
61.2627 #5 388.909 -416.775 45 1.60897 0 0
61.2627 #6 676.526 -212.906 45 2.54497 0 0
61.2627 #7 758.682 -249.455 45 2.49083 0 0
61.2627 #8 787.687 -334.508 45 8.59022 0 0
61.2627 #4 -74.6122 281.215 45 3.33776 53.6758 46.3242
61.4777 #3 343.691 -342.367 45 1.81042 0 0
61.4777 #5 388.909 -416.775 45 1.60897 0 0
61.4777 #6 676.526 -212.906 45 2.54497 0 0
61.4777 #7 758.682 -249.455 45 2.49083 0 0
61.4777 #8 787.687 -334.508 45 8.59022 0 0
61.4777 #4 -87.0906 278.6 45 3.35859 53.6758 46.3242
61.7126 #3 343.691 -342.367 45 1.81042 0 0
61.7126 #5 388.909 -416.775 45 1.60897 0 0
61.7126 #6 676.526 -212.906 45 2.54497 0 0
61.7126 #7 758.682 -249.455 45 2.49083 0 0
61.7126 #8 787.687 -334.508 45 8.59022 0 0
61.7126 #1 141.227 -94.5712 45 -3.72089 50.3001 49.6999
61.7126 #4 -97.5676 276.194 45 3.37615 53.6758 46.3242
61.9477 #3 343.691 -342.367 45 1.81042 0 0
61.9477 #5 388.909 -416.775 45 1.60897 0 0
61.9477 #6 676.526 -212.906 45 2.54497 0 0
61.9477 #7 758.682 -249.455 45 2.49083 0 0
61.9477 #8 787.687 -334.508 45 8.59022 0 0
62.1873 #3 343.691 -342.367 45 1.81042 0 0
62.1873 #5 388.909 -416.775 45 1.60897 0 0
62.1873 #6 676.526 -212.906 45 2.54497 0 0
62.1873 #7 758.682 -249.455 45 2.49083 0 0
62.1873 #8 787.687 -334.508 45 8.59022 0 0
62.1873 #2 -380.961 167.286 45 2.54755 0 0
62.1873 #4 -120.314 270.294 45 3.41455 53.6758 46.3242
62.4137 #3 343.691 -342.367 45 1.81042 0 0
62.4137 #5 388.909 -416.775 45 1.60897 0 0
62.4137 #6 676.526 -212.906 45 2.54497 0 0
62.4137 #7 758.682 -249.455 45 2.49083 0 0
62.4137 #8 787.687 -334.508 45 8.59022 0 0
62.4137 #4 -131.819 266.952 45 3.43412 53.6758 46.3242
62.6596 #3 343.691 -342.367 45 1.81042 0 0
62.6596 #5 388.909 -416.775 45 1.60897 0 0
62.6596 #6 676.526 -212.906 45 2.54497 0 0
62.6596 #7 758.682 -249.455 45 2.49083 0 0
62.6596 #8 787.687 -334.508 45 8.59022 0 0
62.8854 #3 343.691 -342.367 45 1.81042 0 0
62.8854 #5 388.909 -416.775 45 1.60897 0 0
62.8854 #6 676.526 -212.906 45 2.54497 0 0
62.8854 #7 758.682 -249.455 45 2.49083 0 0
62.8854 #8 787.687 -334.508 45 8.59022 0 0
62.8854 #4 -154.295 259.707 45 3.4727 53.6758 46.3242
63.1176 #3 343.691 -342.367 45 1.81042 0 0
63.1176 #5 388.909 -416.775 45 1.60897 0 0
63.1176 #6 676.526 -212.906 45 2.54497 0 0
63.1176 #7 758.682 -249.455 45 2.49083 0 0
63.1176 #8 787.687 -334.508 45 8.59022 0 0
63.364 #3 343.691 -342.367 45 1.81042 0 0
63.364 #5 388.909 -416.775 45 1.60897 0 0
63.364 #6 676.526 -212.906 45 2.54497 0 0
63.364 #7 758.682 -249.455 45 2.49083 0 0
63.364 #8 787.687 -334.508 45 8.59022 0 0
63.5958 #3 343.691 -342.367 45 1.81042 0 0
63.5958 #5 388.909 -416.775 45 1.60897 0 0
63.5958 #6 676.526 -212.906 45 2.54497 0 0
63.5958 #7 758.682 -249.455 45 2.49083 0 0
63.5958 #8 787.687 -334.508 45 8.59022 0 0
63.8376 #3 343.691 -342.367 45 1.81042 0 0
63.8376 #5 388.909 -416.775 45 1.60897 0 0
63.8376 #6 676.526 -212.906 45 2.54497 0 0
63.8376 #7 758.682 -249.455 45 2.49083 0 0
63.8376 #8 787.687 -334.508 45 8.59022 0 0
64.0703 #3 343.691 -342.367 45 1.81042 0 0
64.0703 #5 388.909 -416.775 45 1.60897 0 0
64.0703 #6 676.526 -212.906 45 2.54497 0 0
64.0703 #7 758.682 -249.455 45 2.49083 0 0
64.0703 #8 787.687 -334.508 45 8.59022 0 0
64.0703 #4 -208.987 237.912 45 3.56892 53.6758 46.3242
64.3035 #3 343.691 -342.367 45 1.81042 0 0
64.3035 #5 388.909 -416.775 45 1.60897 0 0
64.3035 #6 676.526 -212.906 45 2.54497 0 0
64.3035 #7 758.682 -249.455 45 2.49083 0 0
64.3035 #8 787.687 -334.508 45 8.59022 0 0
64.5337 #3 343.691 -342.367 45 1.81042 0 0
64.5337 #5 388.909 -416.775 45 1.60897 0 0
64.5337 #6 676.526 -212.906 45 2.54497 0 0
64.5337 #7 758.682 -249.455 45 2.49083 0 0
64.5337 #8 787.687 -334.508 45 8.59022 0 0
64.7642 #3 343.691 -342.367 45 1.81042 0 0
64.7642 #5 388.909 -416.775 45 1.60897 0 0
64.7642 #6 676.526 -212.906 45 2.54497 0 0
64.7642 #7 758.682 -249.455 45 2.49083 0 0
64.7642 #8 787.687 -334.508 45 8.59022 0 0
65.0026 #3 343.691 -342.367 45 1.81042 0 0
65.0026 #5 388.909 -416.775 45 1.60897 0 0
65.0026 #6 676.526 -212.906 45 2.54497 0 0
65.0026 #7 758.682 -249.455 45 2.49083 0 0
65.0026 #8 787.687 -334.508 45 8.59022 0 0
65.2352 #3 343.691 -342.367 45 1.81042 0 0
65.2352 #5 388.909 -416.775 45 1.60897 0 0
65.2352 #6 676.526 -212.906 45 2.54497 0 0
65.2352 #7 758.682 -249.455 45 2.49083 0 0
65.2352 #8 787.687 -334.508 45 8.59022 0 0
65.2352 #4 -270.795 205.386 45 3.68309 0 0
65.4708 #3 343.691 -342.367 45 1.81042 0 0
65.4708 #5 388.909 -416.775 45 1.60897 0 0
65.4708 #6 676.526 -212.906 45 2.54497 0 0
65.4708 #7 758.682 -249.455 45 2.49083 0 0
65.4708 #8 787.687 -334.508 45 8.59022 0 0
65.6965 #3 343.691 -342.367 45 1.81042 0 0
65.6965 #5 388.909 -416.775 45 1.60897 0 0
65.6965 #6 676.526 -212.906 45 2.54497 0 0
65.6965 #7 758.682 -249.455 45 2.49083 0 0
65.6965 #8 787.687 -334.508 45 8.59022 0 0
65.9359 #3 343.691 -342.367 45 1.81042 0 0
65.9359 #5 388.909 -416.775 45 1.60897 0 0
65.9359 #6 676.526 -212.906 45 2.54497 0 0
65.9359 #7 758.682 -249.455 45 2.49083 0 0
65.9359 #8 787.687 -334.508 45 8.59022 0 0
66.18 #3 343.691 -342.367 45 1.81042 0 0
66.18 #5 388.909 -416.775 45 1.60897 0 0
66.18 #6 676.526 -212.906 45 2.54497 0 0
66.18 #7 758.682 -249.455 45 2.49083 0 0
66.18 #8 787.687 -334.508 45 8.59022 0 0
66.4063 #2 -380.961 167.286 45 3.43483 0 0
66.4063 #3 343.691 -342.367 45 1.81042 0 0
66.4063 #4 -290.599 191.523 45 3.71909 0 0
66.4063 #5 388.909 -416.775 45 1.60897 0 0
66.4063 #6 676.526 -212.906 45 2.54497 0 0
66.4063 #7 758.682 -249.455 45 2.49083 0 0
66.4063 #8 787.687 -334.508 45 8.59022 0 0
66.6364 #3 343.691 -342.367 45 1.81042 0 0
66.6364 #5 388.909 -416.775 45 1.60897 0 0
66.6364 #6 676.526 -212.906 45 2.54497 0 0
66.6364 #7 758.682 -249.455 45 2.49083 0 0
66.6364 #8 787.687 -334.508 45 8.59022 0 0
66.8775 #2 -380.961 167.286 45 3.38368 0 0
66.8775 #3 343.691 -342.367 45 1.81042 0 0
66.8775 #4 -290.599 191.523 45 3.66794 0 0
66.8775 #5 388.909 -416.775 45 1.60897 0 0
66.8775 #6 676.526 -212.906 45 2.54497 0 0
66.8775 #7 758.682 -249.455 45 2.49083 0 0
66.8775 #8 787.687 -334.508 45 8.59022 0 0
67.1104 #3 343.691 -342.367 45 1.81042 0 0
67.1104 #5 388.909 -416.775 45 1.60897 0 0
67.1104 #6 676.526 -212.906 45 2.54497 0 0
67.1104 #7 758.682 -249.455 45 2.49083 0 0
67.1104 #8 787.687 -334.508 45 8.59022 0 0
67.3379 #2 -380.961 167.286 45 3.33192 0 0
67.3379 #3 343.691 -342.367 45 1.81042 0 0
67.3379 #4 -290.599 191.523 45 3.61618 0 0
67.3379 #5 388.909 -416.775 45 1.60897 0 0
67.3379 #6 676.526 -212.906 45 2.54497 0 0
67.3379 #7 758.682 -249.455 45 2.49083 0 0
67.3379 #8 787.687 -334.508 45 8.59022 0 0
67.5691 #3 343.691 -342.367 45 1.81042 0 0
67.5691 #5 388.909 -416.775 45 1.60897 0 0
67.5691 #6 676.526 -212.906 45 2.54497 0 0
67.5691 #7 758.682 -249.455 45 2.49083 0 0
67.5691 #8 787.687 -334.508 45 8.59022 0 0
67.8055 #2 -380.961 167.286 45 3.28054 0 0
67.8055 #3 343.691 -342.367 45 1.81042 0 0
67.8055 #4 -290.599 191.523 45 3.56479 0 0
67.8055 #5 388.909 -416.775 45 1.60897 0 0
67.8055 #6 676.526 -212.906 45 2.54497 0 0
67.8055 #7 758.682 -249.455 45 2.49083 0 0
67.8055 #8 787.687 -334.508 45 8.59022 0 0
68.0414 #3 343.691 -342.367 45 1.81042 0 0
68.0414 #5 388.909 -416.775 45 1.60897 0 0
68.0414 #6 676.526 -212.906 45 2.54497 0 0
68.0414 #7 758.682 -249.455 45 2.49083 0 0
68.0414 #8 787.687 -334.508 45 8.59022 0 0
68.2753 #2 -380.961 167.286 45 3.2281 0 0
68.2753 #3 343.691 -342.367 45 1.81042 0 0
68.2753 #4 -290.599 191.523 45 3.51236 0 0
68.2753 #5 388.909 -416.775 45 1.60897 0 0
68.2753 #6 676.526 -212.906 45 2.54497 0 0
68.2753 #7 758.682 -249.455 45 2.49083 0 0
68.2753 #8 787.687 -334.508 45 8.59022 0 0
68.5154 #3 343.691 -342.367 45 1.81042 0 0
68.5154 #5 388.909 -416.775 45 1.60897 0 0
68.5154 #6 676.526 -212.906 45 2.54497 0 0
68.5154 #7 758.682 -249.455 45 2.49083 0 0
68.5154 #8 787.687 -334.508 45 8.59022 0 0
68.7456 #2 -380.961 167.286 45 3.17474 0 0
68.7456 #3 343.691 -342.367 45 1.81042 0 0
68.7456 #4 -290.599 191.523 45 3.459 0 0
68.7456 #5 388.909 -416.775 45 1.60897 0 0
68.7456 #6 676.526 -212.906 45 2.54497 0 0
68.7456 #7 758.682 -249.455 45 2.49083 0 0
68.7456 #8 787.687 -334.508 45 8.59022 0 0
68.7456 #1 -162.958 80.8732 45 -3.49538 53.4154 46.5846
68.9756 #3 343.691 -342.367 45 1.81042 0 0
68.9756 #5 388.909 -416.775 45 1.60897 0 0
68.9756 #6 676.526 -212.906 45 2.54497 0 0
68.9756 #7 758.682 -249.455 45 2.49083 0 0
68.9756 #8 787.687 -334.508 45 8.59022 0 0
69.2284 #2 -380.961 167.286 45 3.12364 0 0
69.2284 #3 343.691 -342.367 45 1.81042 0 0
69.2284 #4 -290.599 191.523 45 3.4079 0 0
69.2284 #5 388.909 -416.775 45 1.60897 0 0
69.2284 #6 676.526 -212.906 45 2.54497 0 0
69.2284 #7 758.682 -249.455 45 2.49083 0 0
69.2284 #8 787.687 -334.508 45 8.59022 0 0
69.2284 #1 -184.678 88.4665 45 -3.46046 53.4154 46.5846
69.5355 #3 343.691 -342.367 45 1.81042 0 0
69.5355 #5 388.909 -416.775 45 1.60897 0 0
69.5355 #6 676.526 -212.906 45 2.54497 0 0
69.5355 #7 758.682 -249.455 45 2.49083 0 0
69.5355 #8 787.687 -334.508 45 8.59022 0 0
69.7572 #2 -380.961 167.286 45 3.05539 0 0
69.7572 #3 343.691 -342.367 45 1.81042 0 0
69.7572 #4 -290.599 191.523 45 3.33965 0 0
69.7572 #5 388.909 -416.775 45 1.60897 0 0
69.7572 #6 676.526 -212.906 45 2.54497 0 0
69.7572 #7 758.682 -249.455 45 2.49083 0 0
69.7572 #8 787.687 -334.508 45 8.59022 0 0
70.0128 #3 343.691 -342.367 45 1.81042 0 0
70.0128 #5 388.909 -416.775 45 1.60897 0 0
70.0128 #6 676.526 -212.906 45 2.54497 0 0
70.0128 #7 758.682 -249.455 45 2.49083 0 0
70.0128 #8 787.687 -334.508 45 8.59022 0 0
70.2445 #2 -380.961 167.286 45 2.99859 0 0
70.2445 #3 343.691 -342.367 45 1.81042 0 0
70.2445 #4 -290.599 191.523 45 3.28284 0 0
70.2445 #5 388.909 -416.775 45 1.60897 0 0
70.2445 #6 676.526 -212.906 45 2.54497 0 0
70.2445 #7 758.682 -249.455 45 2.49083 0 0
70.2445 #8 787.687 -334.508 45 8.59022 0 0
70.4634 #3 343.691 -342.367 45 1.81042 0 0
70.4634 #5 388.909 -416.775 45 1.60897 0 0
70.4634 #6 676.526 -212.906 45 2.54497 0 0
70.4634 #7 758.682 -249.455 45 2.49083 0 0
70.4634 #8 787.687 -334.508 45 8.59022 0 0
70.696 #1 -256.486 107.754 45 -3.34753 0 0
70.696 #2 -380.961 167.286 45 2.94993 0 0
70.696 #3 343.691 -342.367 45 1.81042 0 0
70.696 #4 -290.599 191.523 45 3.23419 0 0
70.696 #5 388.909 -416.775 45 1.60897 0 0
70.696 #6 676.526 -212.906 45 2.54497 0 0
70.696 #7 758.682 -249.455 45 2.49083 0 0
70.696 #8 787.687 -334.508 45 8.59022 0 0
70.9313 #3 343.691 -342.367 45 1.81042 0 0
70.9313 #5 388.909 -416.775 45 1.60897 0 0
70.9313 #6 676.526 -212.906 45 2.54497 0 0
70.9313 #7 758.682 -249.455 45 2.49083 0 0
70.9313 #8 787.687 -334.508 45 8.59022 0 0
71.1713 #1 -256.486 107.754 45 -3.39982 0 0
71.1713 #2 -380.961 167.286 45 2.89764 0 0
71.1713 #3 343.691 -342.367 45 1.81042 0 0
71.1713 #4 -290.599 191.523 45 3.1819 0 0
71.1713 #5 388.909 -416.775 45 1.60897 0 0
71.1713 #6 676.526 -212.906 45 2.54497 0 0
71.1713 #7 758.682 -249.455 45 2.49083 0 0
71.1713 #8 787.687 -334.508 45 8.59022 0 0
71.4111 #3 343.691 -342.367 45 1.81042 0 0
71.4111 #5 388.909 -416.775 45 1.60897 0 0
71.4111 #6 676.526 -212.906 45 2.54497 0 0
71.4111 #7 758.682 -249.455 45 2.49083 0 0
71.4111 #8 787.687 -334.508 45 8.59022 0 0
71.6395 #1 -256.486 107.754 45 -3.45313 0 0
71.6395 #2 -380.961 167.286 45 2.84434 0 0
71.6395 #3 343.691 -342.367 45 1.81042 0 0
71.6395 #4 -290.599 191.523 45 3.12859 0 0
71.6395 #5 388.909 -416.775 45 1.60897 0 0
71.6395 #6 676.526 -212.906 45 2.54497 0 0
71.6395 #7 758.682 -249.455 45 2.49083 0 0
71.6395 #8 787.687 -334.508 45 8.59022 0 0
71.876 #3 343.691 -342.367 45 1.81042 0 0
71.876 #5 388.909 -416.775 45 1.60897 0 0
71.876 #6 676.526 -212.906 45 2.54497 0 0
71.876 #7 758.682 -249.455 45 2.49083 0 0
71.876 #8 787.687 -334.508 45 8.59022 0 0
72.101 #1 -256.486 107.754 45 -3.50568 0 0
72.101 #2 -380.961 167.286 45 2.79178 0 0
72.101 #3 343.691 -342.367 45 1.81042 0 0
72.101 #4 -290.599 191.523 45 3.07604 0 0
72.101 #5 388.909 -416.775 45 1.60897 0 0
72.101 #6 676.526 -212.906 45 2.54497 0 0
72.101 #7 758.682 -249.455 45 2.49083 0 0
72.101 #8 787.687 -334.508 45 8.59022 0 0
72.3517 #3 343.691 -342.367 45 1.81042 0 0
72.3517 #5 388.909 -416.775 45 1.60897 0 0
72.3517 #6 676.526 -212.906 45 2.54497 0 0
72.3517 #7 758.682 -249.455 45 2.49083 0 0
72.3517 #8 787.687 -334.508 45 8.59022 0 0
72.5826 #1 -256.486 107.754 45 -3.56139 0 0
72.5826 #2 -380.961 167.286 45 2.73607 0 0
72.5826 #3 343.691 -342.367 45 1.81042 0 0
72.5826 #4 -290.599 191.523 45 3.02033 0 0
72.5826 #5 388.909 -416.775 45 1.60897 0 0
72.5826 #6 676.526 -212.906 45 2.54497 0 0
72.5826 #7 758.682 -249.455 45 2.49083 0 0
72.5826 #8 787.687 -334.508 45 8.59022 0 0
72.8037 #3 343.691 -342.367 45 1.81042 0 0
72.8037 #5 388.909 -416.775 45 1.60897 0 0
72.8037 #6 676.526 -212.906 45 2.54497 0 0
72.8037 #7 758.682 -249.455 45 2.49083 0 0
72.8037 #8 787.687 -334.508 45 8.59022 0 0
73.06 #1 -256.486 107.754 45 -3.61051 0 0
73.06 #2 -380.961 167.286 45 2.68695 0 0
73.06 #3 343.691 -342.367 45 1.81042 0 0
73.06 #4 -290.599 191.523 45 2.9712 0 0
73.06 #5 388.909 -416.775 45 1.60897 0 0
73.06 #6 676.526 -212.906 45 2.54497 0 0
73.06 #7 758.682 -249.455 45 2.49083 0 0
73.06 #8 787.687 -334.508 45 8.59022 0 0
73.2901 #3 343.691 -342.367 45 1.81042 0 0
73.2901 #5 388.909 -416.775 45 1.60897 0 0
73.2901 #6 676.526 -212.906 45 2.54497 0 0
73.2901 #7 758.682 -249.455 45 2.49083 0 0
73.2901 #8 787.687 -334.508 45 8.59022 0 0
73.524 #1 -256.486 107.754 45 -3.66165 0 0
73.524 #2 -380.961 167.286 45 2.63581 0 0
73.524 #3 343.691 -342.367 45 1.81042 0 0
73.524 #4 -290.599 191.523 45 2.92007 0 0
73.524 #5 388.909 -416.775 45 1.60897 0 0
73.524 #6 676.526 -212.906 45 2.54497 0 0
73.524 #7 758.682 -249.455 45 2.49083 0 0
73.524 #8 787.687 -334.508 45 8.59022 0 0
73.7587 #3 343.691 -342.367 45 1.81042 0 0
73.7587 #5 388.909 -416.775 45 1.60897 0 0
73.7587 #6 676.526 -212.906 45 2.54497 0 0
73.7587 #7 758.682 -249.455 45 2.49083 0 0
73.7587 #8 787.687 -334.508 45 8.59022 0 0
73.9849 #1 -256.486 107.754 45 -3.71381 0 0
73.9849 #2 -380.961 167.286 45 2.58366 0 0
73.9849 #3 343.691 -342.367 45 1.81042 0 0
73.9849 #4 -290.599 191.523 45 2.86791 0 0
73.9849 #5 388.909 -416.775 45 1.60897 0 0
73.9849 #6 676.526 -212.906 45 2.54497 0 0
73.9849 #7 758.682 -249.455 45 2.49083 0 0
73.9849 #8 787.687 -334.508 45 8.59022 0 0
74.2172 #3 343.691 -342.367 45 1.81042 0 0
74.2172 #5 388.909 -416.775 45 1.60897 0 0
74.2172 #6 676.526 -212.906 45 2.54497 0 0
74.2172 #7 758.682 -249.455 45 2.49083 0 0
74.2172 #8 787.687 -334.508 45 8.59022 0 0
74.4555 #1 -256.486 107.754 45 -3.76542 0 0
74.4555 #2 -380.961 167.286 45 2.53204 0 0
74.4555 #3 343.691 -342.367 45 1.81042 0 0
74.4555 #4 -290.599 191.523 45 2.8163 0 0
74.4555 #5 388.909 -416.775 45 1.60897 0 0
74.4555 #6 676.526 -212.906 45 2.54497 0 0
74.4555 #7 758.682 -249.455 45 2.49083 0 0
74.4555 #8 787.687 -334.508 45 8.59022 0 0
74.6797 #3 343.691 -342.367 45 1.81042 0 0
74.6797 #5 388.909 -416.775 45 1.60897 0 0
74.6797 #6 676.526 -212.906 45 2.54497 0 0
74.6797 #7 758.682 -249.455 45 2.49083 0 0
74.6797 #8 787.687 -334.508 45 8.59022 0 0
74.922 #1 -256.486 107.754 45 -3.81525 0 0
74.922 #2 -380.961 167.286 45 2.48221 0 0
74.922 #3 343.691 -342.367 45 1.81042 0 0
74.922 #4 -290.599 191.523 45 2.76647 0 0
74.922 #5 388.909 -416.775 45 1.60897 0 0
74.922 #6 676.526 -212.906 45 2.54497 0 0
74.922 #7 758.682 -249.455 45 2.49083 0 0
74.922 #8 787.687 -334.508 45 8.59022 0 0
75.1526 #3 343.691 -342.367 45 1.81042 0 0
75.1526 #5 388.909 -416.775 45 1.60897 0 0
75.1526 #6 676.526 -212.906 45 2.54497 0 0
75.1526 #7 758.682 -249.455 45 2.49083 0 0
75.1526 #8 787.687 -334.508 45 8.59022 0 0
75.3891 #1 -256.486 107.754 45 -3.86648 0 0
75.3891 #3 343.691 -342.367 45 1.81042 0 0
75.3891 #4 -290.599 191.523 45 2.71524 0 0
75.3891 #5 388.909 -416.775 45 1.60897 0 0
75.3891 #6 676.526 -212.906 45 2.54497 0 0
75.3891 #7 758.682 -249.455 45 2.49083 0 0
75.3891 #8 787.687 -334.508 45 8.59022 0 0
75.6222 #3 343.691 -342.367 45 1.81042 0 0
75.6222 #5 388.909 -416.775 45 1.60897 0 0
75.6222 #6 676.526 -212.906 45 2.54497 0 0
75.6222 #7 758.682 -249.455 45 2.49083 0 0
75.6222 #8 787.687 -334.508 45 8.59022 0 0
75.8553 #1 -256.486 107.754 45 -3.91827 0 0
75.8553 #3 343.691 -342.367 45 1.81042 0 0
75.8553 #4 -290.599 191.523 45 2.66345 0 0
75.8553 #5 388.909 -416.775 45 1.60897 0 0
75.8553 #6 676.526 -212.906 45 2.54497 0 0
75.8553 #7 758.682 -249.455 45 2.49083 0 0
75.8553 #8 787.687 -334.508 45 8.59022 0 0
76.0868 #3 343.691 -342.367 45 1.81042 0 0
76.0868 #5 388.909 -416.775 45 1.60897 0 0
76.0868 #6 676.526 -212.906 45 2.54497 0 0
76.0868 #7 758.682 -249.455 45 2.49083 0 0
76.0868 #8 787.687 -334.508 45 8.59022 0 0
76.3233 #1 -256.486 107.754 45 -3.96972 0 0
76.3233 #3 343.691 -342.367 45 1.81042 0 0
76.3233 #4 -290.599 191.523 45 2.612 0 0
76.3233 #5 388.909 -416.775 45 1.60897 0 0
76.3233 #6 676.526 -212.906 45 2.54497 0 0
76.3233 #7 758.682 -249.455 45 2.49083 0 0
76.3233 #8 787.687 -334.508 45 8.59022 0 0
76.3233 #2 -424.276 173.409 45 3.62393 0 0
76.5566 #3 343.691 -342.367 45 1.81042 0 0
76.5566 #5 388.909 -416.775 45 1.60897 0 0
76.5566 #6 676.526 -212.906 45 2.54497 0 0
76.5566 #7 758.682 -249.455 45 2.49083 0 0
76.5566 #8 787.687 -334.508 45 8.59022 0 0
76.7891 #3 343.691 -342.367 45 1.81042 0 0
76.7891 #5 388.909 -416.775 45 1.60897 0 0
76.7891 #6 676.526 -212.906 45 2.54497 0 0
76.7891 #7 758.682 -249.455 45 2.49083 0 0
76.7891 #8 787.687 -334.508 45 8.59022 0 0
77.0224 #3 343.691 -342.367 45 1.81042 0 0
77.0224 #5 388.909 -416.775 45 1.60897 0 0
77.0224 #6 676.526 -212.906 45 2.54497 0 0
77.0224 #7 758.682 -249.455 45 2.49083 0 0
77.0224 #8 787.687 -334.508 45 8.59022 0 0
77.2622 #1 -256.486 107.754 45 -4.12507 0 0
77.2622 #3 343.691 -342.367 45 1.81042 0 0
77.2622 #4 -290.599 191.523 45 2.45664 0 0
77.2622 #5 388.909 -416.775 45 1.60897 0 0
77.2622 #6 676.526 -212.906 45 2.54497 0 0
77.2622 #7 758.682 -249.455 45 2.49083 0 0
77.2622 #8 787.687 -334.508 45 8.59022 0 0
77.2622 #2 -424.276 173.409 45 3.77928 37.5831 62.4169
77.5022 #3 343.691 -342.367 45 1.81042 0 0
77.5022 #5 388.909 -416.775 45 1.60897 0 0
77.5022 #6 676.526 -212.906 45 2.54497 0 0
77.5022 #7 758.682 -249.455 45 2.49083 0 0
77.5022 #8 787.687 -334.508 45 8.59022 0 0
77.7272 #1 -256.486 107.754 45 -4.17841 0 0
77.7272 #3 343.691 -342.367 45 1.81042 0 0
77.7272 #4 -290.599 191.523 45 2.40331 0 0
77.7272 #5 388.909 -416.775 45 1.60897 0 0
77.7272 #6 676.526 -212.906 45 2.54497 0 0
77.7272 #7 758.682 -249.455 45 2.49083 0 0
77.7272 #8 787.687 -334.508 45 8.59022 0 0
77.7272 #2 -444.442 160.44 45 3.64687 37.5831 62.4169
77.9722 #3 343.691 -342.367 45 1.81042 0 0
77.9722 #5 388.909 -416.775 45 1.60897 0 0
77.9722 #6 676.526 -212.906 45 2.54497 0 0
77.9722 #7 758.682 -249.455 45 2.49083 0 0
77.9722 #8 787.687 -334.508 45 8.59022 0 0
78.2072 #1 -256.486 107.754 45 -4.23285 0 0
78.2072 #3 343.691 -342.367 45 1.81042 0 0
78.2072 #4 -290.599 191.523 45 2.34887 0 0
78.2072 #5 388.909 -416.775 45 1.60897 0 0
78.2072 #6 676.526 -212.906 45 2.54497 0 0
78.2072 #7 758.682 -249.455 45 2.49083 0 0
78.2072 #8 787.687 -334.508 45 8.59022 0 0
78.4522 #3 343.691 -342.367 45 1.81042 0 0
78.4522 #5 388.909 -416.775 45 1.60897 0 0
78.4522 #6 676.526 -212.906 45 2.54497 0 0
78.4522 #7 758.682 -249.455 45 2.49083 0 0
78.4522 #8 787.687 -334.508 45 8.59022 0 0
78.6872 #1 -256.486 107.754 45 -4.2873 0 0
78.6872 #3 343.691 -342.367 45 1.81042 0 0
78.6872 #4 -290.599 191.523 45 2.29442 0 0
78.6872 #5 388.909 -416.775 45 1.60897 0 0
78.6872 #6 676.526 -212.906 45 2.54497 0 0
78.6872 #7 758.682 -249.455 45 2.49083 0 0
78.6872 #8 787.687 -334.508 45 8.59022 0 0
78.6872 #2 -500.016 140.67 45 3.31989 0 0
78.8972 #3 343.691 -342.367 45 1.81042 0 0
78.8972 #5 388.909 -416.775 45 1.60897 0 0
78.8972 #6 676.526 -212.906 45 2.54497 0 0
78.8972 #7 758.682 -249.455 45 2.49083 0 0
78.8972 #8 787.687 -334.508 45 8.59022 0 0
79.1322 #1 -256.486 107.754 45 -4.33396 0 0
79.1322 #3 343.691 -342.367 45 1.81042 0 0
79.1322 #4 -290.599 191.523 45 2.24775 0 0
79.1322 #5 388.909 -416.775 45 1.60897 0 0
79.1322 #6 676.526 -212.906 45 2.54497 0 0
79.1322 #7 758.682 -249.455 45 2.49083 0 0
79.1322 #8 787.687 -334.508 45 8.59022 0 0
79.3672 #3 343.691 -342.367 45 1.81042 0 0
79.3672 #5 388.909 -416.775 45 1.60897 0 0
79.3672 #6 676.526 -212.906 45 2.54497 0 0
79.3672 #7 758.682 -249.455 45 2.49083 0 0
79.3672 #8 787.687 -334.508 45 8.59022 0 0
79.6174 #3 343.691 -342.367 45 1.81042 0 0
79.6174 #5 388.909 -416.775 45 1.60897 0 0
79.6174 #6 676.526 -212.906 45 2.54497 0 0
79.6174 #7 758.682 -249.455 45 2.49083 0 0
79.6174 #8 787.687 -334.508 45 8.59022 0 0
79.8479 #3 343.691 -342.367 45 1.81042 0 0
79.8479 #5 388.909 -416.775 45 1.60897 0 0
79.8479 #6 676.526 -212.906 45 2.54497 0 0
79.8479 #7 758.682 -249.455 45 2.49083 0 0
79.8479 #8 787.687 -334.508 45 8.59022 0 0
80.0868 #3 343.691 -342.367 45 1.81042 0 0
80.0868 #5 388.909 -416.775 45 1.60897 0 0
80.0868 #6 676.526 -212.906 45 2.54497 0 0
80.0868 #7 758.682 -249.455 45 2.49083 0 0
80.0868 #8 787.687 -334.508 45 8.59022 0 0
80.3233 #3 343.691 -342.367 45 1.81042 0 0
80.3233 #5 388.909 -416.775 45 1.60897 0 0
80.3233 #6 676.526 -212.906 45 2.54497 0 0
80.3233 #7 758.682 -249.455 45 2.49083 0 0
80.3233 #8 787.687 -334.508 45 8.59022 0 0
80.3233 #4 -307.516 207.6 45 2.48513 57.1276 42.8724
80.5577 #3 343.691 -342.367 45 1.81042 0 0
80.5577 #5 388.909 -416.775 45 1.60897 0 0
80.5577 #6 676.526 -212.906 45 2.54497 0 0
80.5577 #7 758.682 -249.455 45 2.49083 0 0
80.5577 #8 787.687 -334.508 45 8.59022 0 0
80.7927 #3 343.691 -342.367 45 1.81042 0 0
80.7927 #5 388.909 -416.775 45 1.60897 0 0
80.7927 #6 676.526 -212.906 45 2.54497 0 0
80.7927 #7 758.682 -249.455 45 2.49083 0 0
80.7927 #8 787.687 -334.508 45 8.59022 0 0
81.0086 #3 343.691 -342.367 45 1.81042 0 0
81.0086 #5 388.909 -416.775 45 1.60897 0 0
81.0086 #6 676.526 -212.906 45 2.54497 0 0
81.0086 #7 758.682 -249.455 45 2.49083 0 0
81.0086 #8 787.687 -334.508 45 8.59022 0 0
81.2528 #3 343.691 -342.367 45 1.81042 0 0
81.2528 #5 388.909 -416.775 45 1.60897 0 0
81.2528 #6 676.526 -212.906 45 2.54497 0 0
81.2528 #7 758.682 -249.455 45 2.49083 0 0
81.2528 #8 787.687 -334.508 45 8.59022 0 0
81.2528 #2 -569.502 138.425 45 3.21755 49.8238 50.1762
81.2528 #4 -345.933 232.994 45 2.62598 56.0525 43.9475
81.4786 #3 343.691 -342.367 45 1.81042 0 0
81.4786 #5 388.909 -416.775 45 1.60897 0 0
81.4786 #6 676.526 -212.906 45 2.54497 0 0
81.4786 #7 758.682 -249.455 45 2.49083 0 0
81.4786 #8 787.687 -334.508 45 8.59022 0 0
81.4786 #4 -356.653 238.839 45 2.65882 56.0525 43.9475
81.7128 #3 343.691 -342.367 45 1.81042 0 0
81.7128 #5 388.909 -416.775 45 1.60897 0 0
81.7128 #6 676.526 -212.906 45 2.54497 0 0
81.7128 #7 758.682 -249.455 45 2.49083 0 0
81.7128 #8 787.687 -334.508 45 8.59022 0 0
81.7128 #4 -366.729 243.927 45 2.68919 56.0525 43.9475
81.9523 #3 343.691 -342.367 45 1.81042 0 0
81.9523 #5 388.909 -416.775 45 1.60897 0 0
81.9523 #6 676.526 -212.906 45 2.54497 0 0
81.9523 #7 758.682 -249.455 45 2.49083 0 0
81.9523 #8 787.687 -334.508 45 8.59022 0 0
82.1947 #3 343.691 -342.367 45 1.81042 0 0
82.1947 #5 388.909 -416.775 45 1.60897 0 0
82.1947 #6 676.526 -212.906 45 2.54497 0 0
82.1947 #7 758.682 -249.455 45 2.49083 0 0
82.1947 #8 787.687 -334.508 45 8.59022 0 0
82.4352 #3 343.691 -342.367 45 1.81042 0 0
82.4352 #5 388.909 -416.775 45 1.60897 0 0
82.4352 #6 676.526 -212.906 45 2.54497 0 0
82.4352 #7 758.682 -249.455 45 2.49083 0 0
82.4352 #8 787.687 -334.508 45 8.59022 0 0
82.6579 #3 343.691 -342.367 45 1.81042 0 0
82.6579 #5 388.909 -416.775 45 1.60897 0 0
82.6579 #6 676.526 -212.906 45 2.54497 0 0
82.6579 #7 758.682 -249.455 45 2.49083 0 0
82.6579 #8 787.687 -334.508 45 8.59022 0 0
82.6579 #2 -640.641 133.211 45 3.21196 49.8238 50.1762
82.6579 #4 -410.973 262.014 45 2.81785 56.0525 43.9475
82.8894 #3 343.691 -342.367 45 1.81042 0 0
82.8894 #5 388.909 -416.775 45 1.60897 0 0
82.8894 #6 676.526 -212.906 45 2.54497 0 0
82.8894 #7 758.682 -249.455 45 2.49083 0 0
82.8894 #8 787.687 -334.508 45 8.59022 0 0
83.2862 #3 343.691 -342.367 45 1.81042 0 0
83.2862 #5 388.909 -416.775 45 1.60897 0 0
83.2862 #6 676.526 -212.906 45 2.54497 0 0
83.2862 #7 758.682 -249.455 45 2.49083 0 0
83.2862 #8 787.687 -334.508 45 8.59022 0 0
83.2862 #4 -432.708 268.576 45 2.87894 56.0525 43.9475
83.5109 #3 343.691 -342.367 45 1.81042 0 0
83.5109 #5 388.909 -416.775 45 1.60897 0 0
83.5109 #6 676.526 -212.906 45 2.54497 0 0
83.5109 #7 758.682 -249.455 45 2.49083 0 0
83.5109 #8 787.687 -334.508 45 8.59022 0 0
83.5109 #2 -683.092 130.289 45 3.20863 49.8238 50.1762
83.5109 #4 -452 273.214 45 2.93232 56.0525 43.9475
83.7474 #3 343.691 -342.367 45 1.81042 0 0
83.7474 #5 388.909 -416.775 45 1.60897 0 0
83.7474 #6 676.526 -212.906 45 2.54497 0 0
83.7474 #7 758.682 -249.455 45 2.49083 0 0
83.7474 #8 787.687 -334.508 45 8.59022 0 0
83.7474 #1 -425.285 145.302 45 -3.17317 50.9944 49.0056
83.7474 #4 -463.02 275.381 45 2.96253 56.0525 43.9475
83.9815 #3 343.691 -342.367 45 1.81042 0 0
83.9815 #5 388.909 -416.775 45 1.60897 0 0
83.9815 #6 676.526 -212.906 45 2.54497 0 0
83.9815 #7 758.682 -249.455 45 2.49083 0 0
83.9815 #8 787.687 -334.508 45 8.59022 0 0
84.2189 #3 343.691 -342.367 45 1.81042 0 0
84.2189 #5 388.909 -416.775 45 1.60897 0 0
84.2189 #6 676.526 -212.906 45 2.54497 0 0
84.2189 #7 758.682 -249.455 45 2.49083 0 0
84.2189 #8 787.687 -334.508 45 8.59022 0 0
84.2189 #1 -448.808 145.922 45 -3.16277 50.9944 49.0056
84.4454 #3 343.691 -342.367 45 1.81042 0 0
84.4454 #5 388.909 -416.775 45 1.60897 0 0
84.4454 #6 676.526 -212.906 45 2.54497 0 0
84.4454 #7 758.682 -249.455 45 2.49083 0 0
84.4454 #8 787.687 -334.508 45 8.59022 0 0
84.6847 #3 343.691 -342.367 45 1.81042 0 0
84.6847 #5 388.909 -416.775 45 1.60897 0 0
84.6847 #6 676.526 -212.906 45 2.54497 0 0
84.6847 #7 758.682 -249.455 45 2.49083 0 0
84.6847 #8 787.687 -334.508 45 8.59022 0 0
84.915 #3 343.691 -342.367 45 1.81042 0 0
84.915 #5 388.909 -416.775 45 1.60897 0 0
84.915 #6 676.526 -212.906 45 2.54497 0 0
84.915 #7 758.682 -249.455 45 2.49083 0 0
84.915 #8 787.687 -334.508 45 8.59022 0 0
85.1688 #3 343.691 -342.367 45 1.81042 0 0
85.1688 #5 388.909 -416.775 45 1.60897 0 0
85.1688 #6 676.526 -212.906 45 2.54497 0 0
85.1688 #7 758.682 -249.455 45 2.49083 0 0
85.1688 #8 787.687 -334.508 45 8.59022 0 0
85.3931 #3 343.691 -342.367 45 1.81042 0 0
85.3931 #5 388.909 -416.775 45 1.60897 0 0
85.3931 #6 676.526 -212.906 45 2.54497 0 0
85.3931 #7 758.682 -249.455 45 2.49083 0 0
85.3931 #8 787.687 -334.508 45 8.59022 0 0
85.3931 #4 -545.555 280.966 45 3.18552 55.4815 44.5185
85.6269 #3 343.691 -342.367 45 1.81042 0 0
85.6269 #5 388.909 -416.775 45 1.60897 0 0
85.6269 #6 676.526 -212.906 45 2.54497 0 0
85.6269 #7 758.682 -249.455 45 2.49083 0 0
85.6269 #8 787.687 -334.508 45 8.59022 0 0
85.863 #3 343.691 -342.367 45 1.81042 0 0
85.863 #5 388.909 -416.775 45 1.60897 0 0
85.863 #6 676.526 -212.906 45 2.54497 0 0
85.863 #7 758.682 -249.455 45 2.49083 0 0
85.863 #8 787.687 -334.508 45 8.59022 0 0
86.1 #3 343.691 -342.367 45 1.81042 0 0
86.1 #5 388.909 -416.775 45 1.60897 0 0
86.1 #6 676.526 -212.906 45 2.54497 0 0
86.1 #7 758.682 -249.455 45 2.49083 0 0
86.1 #8 787.687 -334.508 45 8.59022 0 0
86.1 #2 -823.483 121.373 45 3.28899 0 0
86.1 #4 -580.128 277.978 45 3.27009 55.3216 44.6784
86.3314 #3 343.691 -342.367 45 1.81042 0 0
86.3314 #5 388.909 -416.775 45 1.60897 0 0
86.3314 #6 676.526 -212.906 45 2.54497 0 0
86.3314 #7 758.682 -249.455 45 2.49083 0 0
86.3314 #8 787.687 -334.508 45 8.59022 0 0
86.3314 #4 -591.856 276.295 45 3.29811 55.3216 44.6784
86.5736 #3 343.691 -342.367 45 1.81042 0 0
86.5736 #5 388.909 -416.775 45 1.60897 0 0
86.5736 #6 676.526 -212.906 45 2.54497 0 0
86.5736 #7 758.682 -249.455 45 2.49083 0 0
86.5736 #8 787.687 -334.508 45 8.59022 0 0
86.5736 #4 -603.258 274.336 45 3.32548 55.3216 44.6784
86.7896 #3 343.691 -342.367 45 1.81042 0 0
86.7896 #5 388.909 -416.775 45 1.60897 0 0
86.7896 #6 676.526 -212.906 45 2.54497 0 0
86.7896 #7 758.682 -249.455 45 2.49083 0 0
86.7896 #8 787.687 -334.508 45 8.59022 0 0
87.0222 #3 343.691 -342.367 45 1.81042 0 0
87.0222 #5 388.909 -416.775 45 1.60897 0 0
87.0222 #6 676.526 -212.906 45 2.54497 0 0
87.0222 #7 758.682 -249.455 45 2.49083 0 0
87.0222 #8 787.687 -334.508 45 8.59022 0 0
87.2745 #3 343.691 -342.367 45 1.81042 0 0
87.2745 #5 388.909 -416.775 45 1.60897 0 0
87.2745 #6 676.526 -212.906 45 2.54497 0 0
87.2745 #7 758.682 -249.455 45 2.49083 0 0
87.2745 #8 787.687 -334.508 45 8.59022 0 0
87.5069 #3 343.691 -342.367 45 1.81042 0 0
87.5069 #5 388.909 -416.775 45 1.60897 0 0
87.5069 #6 676.526 -212.906 45 2.54497 0 0
87.5069 #7 758.682 -249.455 45 2.49083 0 0
87.5069 #8 787.687 -334.508 45 8.59022 0 0
87.726 #3 343.691 -342.367 45 1.81042 0 0
87.726 #5 388.909 -416.775 45 1.60897 0 0
87.726 #6 676.526 -212.906 45 2.54497 0 0
87.726 #7 758.682 -249.455 45 2.49083 0 0
87.726 #8 787.687 -334.508 45 8.59022 0 0
87.726 #2 -844.572 113.344 45 3.4607 0 0
87.9863 #3 343.691 -342.367 45 1.81042 0 0
87.9863 #5 388.909 -416.775 45 1.60897 0 0
87.9863 #6 676.526 -212.906 45 2.54497 0 0
87.9863 #7 758.682 -249.455 45 2.49083 0 0
87.9863 #8 787.687 -334.508 45 8.59022 0 0
88.2066 #3 343.691 -342.367 45 1.81042 0 0
88.2066 #5 388.909 -416.775 45 1.60897 0 0
88.2066 #6 676.526 -212.906 45 2.54497 0 0
88.2066 #7 758.682 -249.455 45 2.49083 0 0
88.2066 #8 787.687 -334.508 45 8.59022 0 0
