21.8019 #2 231.702 273.417 50 4.40885 45.8116 54.1884  #5 202.102 168.799 50 -2.19395 -10 10
21.8019 #5 202.102 168.799 50 -2.19395 -10 10  #2 231.702 273.417 50 4.40885 0 0
22.2738 #2 231.702 273.417 50 4.36246 46.8266 53.1734  #5 202.102 168.799 50 -2.24033 -10 10
22.2738 #5 202.102 168.799 50 -2.24033 -10 10  #2 231.702 273.417 50 4.36246 0 0
22.74 #2 231.702 273.417 50 4.31593 47.8519 52.1481  #5 202.102 168.799 50 -2.28687 10 -10
22.74 #5 202.102 168.799 50 -2.28687 10 -10  #2 231.702 273.417 50 4.31593 0 0
23.207 #2 231.702 273.417 50 4.26862 48.8989 51.1011  #5 202.102 168.799 50 -2.33417 10 -10
23.207 #5 202.102 168.799 50 -2.33417 10 -10  #2 231.702 273.417 50 4.26862 0 0
23.6869 #5 202.102 168.799 50 -2.38116 -10 10  #6 247.092 77.9056 50 3.12364 85.1728 14.8272
23.6869 #6 247.092 77.9056 50 3.12364 85.1728 14.8272  #5 202.102 168.799 50 -2.38116 0 0
23.9171 #2 231.702 273.417 50 4.17264 55.9956 44.0044  #5 202.102 168.799 50 -2.38116 -10 10
23.9171 #5 202.102 168.799 50 -2.38116 -10 10  #2 231.702 273.417 50 4.17264 0 0
24.1493 #5 202.102 168.799 50 -2.38116 -10 10  #6 247.092 77.9056 50 3.07761 86.2024 13.7976
24.1493 #6 247.092 77.9056 50 3.07761 86.2024 13.7976  #5 202.102 168.799 50 -2.38116 0 0
24.3772 #2 231.702 273.417 50 4.1262 56.7168 43.2832  #5 202.102 168.799 50 -2.38116 -10 10
24.3772 #5 202.102 168.799 50 -2.38116 -10 10  #2 231.702 273.417 50 4.1262 0 0
24.6268 #5 202.102 168.799 50 -2.38116 -10 10  #6 247.092 77.9056 50 3.03201 110 -10
24.6268 #6 247.092 77.9056 50 3.03201 110 -10  #5 202.102 168.799 50 -2.38116 0 0
24.8492 #2 231.702 273.417 50 4.07628 57.4759 42.5241  #5 202.102 168.799 50 -2.38116 -10 10
24.8492 #5 202.102 168.799 50 -2.38116 -10 10  #2 231.702 273.417 50 4.07628 0 0
25.5672 #5 202.102 168.799 50 -2.47676 70.527 29.473  #6 247.092 77.9056 50 2.89195 110 -10
25.5672 #6 247.092 77.9056 50 2.89195 110 -10  #5 202.102 168.799 50 -2.47676 0 0
25.7855 #2 223.891 264.306 50 4.02661 59.5664 40.4336  #5 202.102 168.799 50 -2.47676 -10 10
25.7855 #5 202.102 168.799 50 -2.47676 -10 10  #2 223.891 264.306 50 4.02661 0 0
26.0221 #2 223.891 264.306 50 4.02661 -10 10  #5 202.102 168.799 50 -2.47676 -10 10
26.0221 #5 202.102 168.799 50 -2.47676 -10 10  #2 223.891 264.306 50 4.02661 0 0
26.0221 #6 247.092 77.9056 50 2.84829 110 -10  #5 202.102 168.799 50 -2.47676 0 0
26.2529 #2 223.891 264.306 50 4.02661 -10 10  #5 202.102 168.799 50 -2.47676 -10 10
26.2529 #5 202.102 168.799 50 -2.47676 -10 10  #2 223.891 264.306 50 4.02661 0 0
26.5047 #2 223.891 264.306 50 4.02661 -10 10  #5 202.102 168.799 50 -2.47676 -10 10
26.5047 #5 202.102 168.799 50 -2.47676 -10 10  #2 223.891 264.306 50 4.02661 0 0
26.5047 #6 247.092 77.9056 50 2.80214 110 -10  #5 202.102 168.799 50 -2.47676 0 0
26.7265 #2 223.891 264.306 50 4.02661 -10 10  #5 202.102 168.799 50 -2.47676 -10 10
26.7265 #5 202.102 168.799 50 -2.47676 -10 10  #2 223.891 264.306 50 4.02661 0 0
26.9603 #2 223.891 264.306 50 4.02661 -10 10  #5 202.102 168.799 50 -2.47676 -10 10
26.9603 #5 202.102 168.799 50 -2.47676 -10 10  #2 223.891 264.306 50 4.02661 0 0
26.9603 #6 247.092 77.9056 50 2.75777 110 -10  #5 202.102 168.799 50 -2.47676 0 0
27.1931 #1 60.2358 147.85 50 -1.32668 44.5003 55.4997  #8 57.5104 40.4702 50 -1.2232 -10 10
27.1931 #2 223.891 264.306 50 4.02661 -10 10  #5 202.102 168.799 50 -2.47676 -10 10
27.1931 #5 202.102 168.799 50 -2.47676 -10 10  #2 223.891 264.306 50 4.02661 0 0
27.1931 #8 57.5104 40.4702 50 -1.2232 -10 10  #1 60.2358 147.85 50 -1.32668 0 0
27.4197 #2 223.891 264.306 50 4.02661 -10 10  #5 202.102 168.799 50 -2.47676 -10 10
27.4197 #5 202.102 168.799 50 -2.47676 -10 10  #2 223.891 264.306 50 4.02661 0 0
27.4197 #6 247.092 77.9056 50 2.71121 110 -10  #5 202.102 168.799 50 -2.47676 0 0
27.6577 #1 60.2358 147.85 50 -1.37199 45.8298 54.1702  #8 57.5104 40.4702 50 -1.26851 -10 10
27.6577 #2 223.891 264.306 50 4.02661 -10 10  #5 202.102 168.799 50 -2.47676 -10 10
27.6577 #5 202.102 168.799 50 -2.47676 -10 10  #2 223.891 264.306 50 4.02661 0 0
27.6577 #8 57.5104 40.4702 50 -1.26851 -10 10  #1 60.2358 147.85 50 -1.37199 0 0
27.8918 #2 223.891 264.306 50 4.02661 -10 10  #5 202.102 168.799 50 -2.47676 -10 10
27.8918 #5 202.102 168.799 50 -2.47676 -10 10  #2 223.891 264.306 50 4.02661 0 0
27.8918 #6 247.092 77.9056 50 2.66361 110 -10  #5 202.102 168.799 50 -2.47676 0 0
28.128 #1 60.2358 147.85 50 -1.41881 47.2123 52.7877  #8 57.5104 40.4702 50 -1.31533 -10 10
28.128 #2 223.891 264.306 50 4.02661 -10 10  #5 202.102 168.799 50 -2.47676 -10 10
28.128 #5 202.102 168.799 50 -2.47676 -10 10  #2 223.891 264.306 50 4.02661 0 0
28.128 #8 57.5104 40.4702 50 -1.31533 -10 10  #1 60.2358 147.85 50 -1.41881 0 0
28.3657 #2 223.891 264.306 50 4.02661 -10 10  #5 202.102 168.799 50 -2.47676 -10 10
28.3657 #5 202.102 168.799 50 -2.47676 -10 10  #2 223.891 264.306 50 4.02661 0 0
28.3657 #6 247.092 77.9056 50 2.61637 110 -10  #5 202.102 168.799 50 -2.47676 0 0
28.6023 #2 223.891 264.306 50 4.02661 -10 10  #5 202.102 168.799 50 -2.47676 -10 10
28.6023 #5 202.102 168.799 50 -2.47676 -10 10  #2 223.891 264.306 50 4.02661 0 0
28.8407 #2 223.891 264.306 50 4.02661 -10 10  #5 202.102 168.799 50 -2.47676 -10 10
28.8407 #4 -10.7317 -41.1719 50 -0.127035 46.675 53.325  #8 57.5104 40.4702 50 -1.41019 48.3627 51.6373
28.8407 #5 202.102 168.799 50 -2.47676 -10 10  #2 223.891 264.306 50 4.02661 0 0
28.8407 #6 247.092 77.9056 50 2.56905 110 -10  #5 202.102 168.799 50 -2.47676 0 0
28.8407 #8 57.5104 40.4702 50 -1.41019 48.3627 51.6373  #4 -10.7317 -41.1719 50 -0.127035 0 0
29.0788 #1 60.2358 147.85 50 -1.56136 61.6762 38.3238  #8 57.5104 40.4702 50 -1.41019 -10 10
29.0788 #2 223.891 264.306 50 4.02661 -10 10  #5 202.102 168.799 50 -2.47676 -10 10
29.0788 #5 202.102 168.799 50 -2.47676 -10 10  #2 223.891 264.306 50 4.02661 0 0
29.0788 #8 57.5104 40.4702 50 -1.41019 -10 10  #1 60.2358 147.85 50 -1.56136 0 0
29.2978 #2 223.891 264.306 50 4.02661 -10 10  #5 202.102 168.799 50 -2.47676 -10 10
29.2978 #5 202.102 168.799 50 -2.47676 -10 10  #2 223.891 264.306 50 4.02661 0 0
29.2978 #6 247.092 77.9056 50 2.52145 110 -10  #5 202.102 168.799 50 -2.47676 0 0
29.5515 #2 223.891 264.306 50 4.02661 -10 10  #5 202.102 168.799 50 -2.47676 -10 10
29.5515 #4 0.0514275 -43.0848 50 -0.176509 49.5731 50.4269  #8 57.5104 40.4702 50 -1.45399 50.6141 49.3859
29.5515 #5 202.102 168.799 50 -2.47676 -10 10  #2 223.891 264.306 50 4.02661 0 0
29.5515 #8 57.5104 40.4702 50 -1.45399 50.6141 49.3859  #4 0.0514275 -43.0848 50 -0.176509 0 0
29.781 #1 60.2089 135.168 50 -1.54066 62.7143 37.2857  #8 57.5104 40.4702 50 -1.45399 -10 10
29.781 #2 223.891 264.306 50 4.02661 -10 10  #5 202.102 168.799 50 -2.47676 -10 10
29.781 #5 202.102 168.799 50 -2.47676 -10 10  #2 223.891 264.306 50 4.02661 0 0
29.781 #6 247.092 77.9056 50 2.47071 110 -10  #5 202.102 168.799 50 -2.47676 0 0
29.781 #8 57.5104 40.4702 50 -1.45399 -10 10  #1 60.2089 135.168 50 -1.54066 0 0
30.014 #1 60.2089 135.168 50 -1.54066 -10 10  #8 57.5104 40.4702 50 -1.45399 -10 10
30.014 #2 223.891 264.306 50 4.02661 -10 10  #5 202.102 168.799 50 -2.47676 -10 10
30.014 #4 0.0514275 -43.0848 50 -0.222419 52.7995 47.2005  #8 57.5104 40.4702 50 -1.45399 -10 10
30.014 #5 202.102 168.799 50 -2.47676 -10 10  #2 223.891 264.306 50 4.02661 0 0
30.014 #8 57.5104 40.4702 50 -1.45399 -10 10  #1 60.2089 135.168 50 -1.54066 0 0
30.2512 #1 60.2089 135.168 50 -1.54066 -10 10  #8 57.5104 40.4702 50 -1.45399 -10 10
30.2512 #2 223.891 264.306 50 4.02661 -10 10  #5 202.102 168.799 50 -2.47676 -10 10
30.2512 #5 202.102 168.799 50 -2.47676 -10 10  #2 223.891 264.306 50 4.02661 0 0
30.2512 #6 247.092 77.9056 50 2.42411 110 -10  #5 202.102 168.799 50 -2.47676 0 0
30.2512 #8 57.5104 40.4702 50 -1.45399 -10 10  #1 60.2089 135.168 50 -1.54066 0 0
30.4727 #1 60.2089 135.168 50 -1.54066 -10 10  #8 57.5104 40.4702 50 -1.45399 -10 10
30.4727 #2 223.891 264.306 50 4.02661 -10 10  #5 202.102 168.799 50 -2.47676 -10 10
30.4727 #4 0.0514275 -43.0848 50 -0.269851 56.1266 43.8734  #8 57.5104 40.4702 50 -1.45399 -10 10
30.4727 #5 202.102 168.799 50 -2.47676 -10 10  #2 223.891 264.306 50 4.02661 0 0
30.4727 #8 57.5104 40.4702 50 -1.45399 -10 10  #1 60.2089 135.168 50 -1.54066 0 0
30.7059 #1 60.2089 135.168 50 -1.54066 -10 10  #8 57.5104 40.4702 50 -1.45399 -10 10
30.7059 #2 223.891 264.306 50 4.02661 -10 10  #5 202.102 168.799 50 -2.47676 -10 10
30.7059 #5 202.102 168.799 50 -2.47676 -10 10  #2 223.891 264.306 50 4.02661 0 0
30.7059 #6 247.092 77.9056 50 2.3798 110 -10  #5 202.102 168.799 50 -2.47676 0 0
30.7059 #8 57.5104 40.4702 50 -1.45399 -10 10  #1 60.2089 135.168 50 -1.54066 0 0
30.9371 #1 60.2089 135.168 50 -1.54066 -10 10  #8 57.5104 40.4702 50 -1.45399 -10 10
30.9371 #2 223.891 264.306 50 4.02661 -10 10  #5 202.102 168.799 50 -2.47676 -10 10
30.9371 #4 0.0514275 -43.0848 50 -0.316475 59.3836 40.6164  #8 57.5104 40.4702 50 -1.45399 -10 10
30.9371 #5 202.102 168.799 50 -2.47676 -10 10  #2 223.891 264.306 50 4.02661 0 0
30.9371 #8 57.5104 40.4702 50 -1.45399 -10 10  #1 60.2089 135.168 50 -1.54066 0 0
31.1792 #1 60.2089 135.168 50 -1.54066 -10 10  #8 57.5104 40.4702 50 -1.45399 -10 10
31.1792 #2 223.891 264.306 50 4.02661 -10 10  #5 202.102 168.799 50 -2.47676 -10 10
31.1792 #5 202.102 168.799 50 -2.47676 -10 10  #2 223.891 264.306 50 4.02661 0 0
31.1792 #6 247.092 77.9056 50 2.33356 110 -10  #5 202.102 168.799 50 -2.47676 0 0
31.1792 #8 57.5104 40.4702 50 -1.45399 -10 10  #1 60.2089 135.168 50 -1.54066 0 0
31.4267 #1 60.2089 135.168 50 -1.54066 -10 10  #8 57.5104 40.4702 50 -1.45399 -10 10
31.4267 #2 223.891 264.306 50 4.02661 -10 10  #5 202.102 168.799 50 -2.47676 -10 10
31.4267 #4 0.0514275 -43.0848 50 -0.364904 62.745 37.255  #8 57.5104 40.4702 50 -1.45399 -10 10
31.4267 #5 202.102 168.799 50 -2.47676 -10 10  #2 223.891 264.306 50 4.02661 0 0
31.4267 #8 57.5104 40.4702 50 -1.45399 -10 10  #1 60.2089 135.168 50 -1.54066 0 0
31.6547 #1 60.2089 135.168 50 -1.54066 -10 10  #8 57.5104 40.4702 50 -1.45399 -10 10
31.6547 #2 223.891 264.306 50 4.02661 -10 10  #5 202.102 168.799 50 -2.47676 -10 10
31.6547 #5 202.102 168.799 50 -2.47676 -10 10  #2 223.891 264.306 50 4.02661 0 0
31.6547 #8 57.5104 40.4702 50 -1.45399 -10 10  #1 60.2089 135.168 50 -1.54066 0 0
31.8815 #1 60.2089 135.168 50 -1.54066 -10 10  #8 57.5104 40.4702 50 -1.45399 -10 10
31.8815 #2 223.891 264.306 50 4.02661 -10 10  #5 202.102 168.799 50 -2.47676 -10 10
31.8815 #4 0.0514275 -43.0848 50 -0.4105 65.8826 34.1174  #8 57.5104 40.4702 50 -1.45399 -10 10
31.8815 #5 202.102 168.799 50 -2.47676 -10 10  #2 223.891 264.306 50 4.02661 0 0
31.8815 #6 247.092 77.9056 50 2.23845 110 -10  #5 202.102 168.799 50 -2.47676 0 0
31.8815 #8 57.5104 40.4702 50 -1.45399 -10 10  #1 60.2089 135.168 50 -1.54066 0 0
32.1227 #1 60.2089 135.168 50 -1.54066 -10 10  #8 57.5104 40.4702 50 -1.45399 -10 10
32.1227 #2 223.891 264.306 50 4.02661 -10 10  #5 202.102 168.799 50 -2.47676 -10 10
32.1227 #5 202.102 168.799 50 -2.47676 -10 10  #2 223.891 264.306 50 4.02661 0 0
32.1227 #8 57.5104 40.4702 50 -1.45399 -10 10  #1 60.2089 135.168 50 -1.54066 0 0
32.353 #1 60.2089 135.168 50 -1.54066 -10 10  #8 57.5104 40.4702 50 -1.45399 -10 10
32.353 #2 223.891 264.306 50 4.02661 -10 10  #5 202.102 168.799 50 -2.47676 -10 10
32.353 #4 0.0514275 -43.0848 50 -0.458747 69.1666 30.8334  #8 57.5104 40.4702 50 -1.45399 -10 10
32.353 #5 202.102 168.799 50 -2.47676 -10 10  #2 223.891 264.306 50 4.02661 0 0
32.353 #6 247.092 77.9056 50 2.19021 110 -10  #5 202.102 168.799 50 -2.47676 0 0
32.353 #8 57.5104 40.4702 50 -1.45399 -10 10  #1 60.2089 135.168 50 -1.54066 0 0
32.6014 #1 60.2089 135.168 50 -1.54066 -10 10  #8 57.5104 40.4702 50 -1.45399 -10 10
32.6014 #2 223.891 264.306 50 4.02661 -10 10  #5 202.102 168.799 50 -2.47676 -10 10
32.6014 #5 202.102 168.799 50 -2.47676 -10 10  #2 223.891 264.306 50 4.02661 0 0
32.6014 #8 57.5104 40.4702 50 -1.45399 -10 10  #1 60.2089 135.168 50 -1.54066 0 0
32.8284 #1 60.2089 135.168 50 -1.54066 -10 10  #8 57.5104 40.4702 50 -1.45399 -10 10
32.8284 #2 223.891 264.306 50 4.02661 -10 10  #5 202.102 168.799 50 -2.47676 -10 10
32.8284 #5 202.102 168.799 50 -2.47676 -10 10  #2 223.891 264.306 50 4.02661 0 0
32.8284 #6 247.092 77.9056 50 2.14053 110 -10  #5 202.102 168.799 50 -2.47676 0 0
32.8284 #8 57.5104 40.4702 50 -1.45399 -10 10  #1 60.2089 135.168 50 -1.54066 0 0
33.0583 #1 60.2089 135.168 50 -1.54066 -10 10  #8 57.5104 40.4702 50 -1.45399 -10 10
33.0583 #2 223.891 264.306 50 4.02661 -10 10  #5 202.102 168.799 50 -2.47676 -10 10
33.0583 #5 202.102 168.799 50 -2.47676 -10 10  #2 223.891 264.306 50 4.02661 0 0
33.0583 #8 57.5104 40.4702 50 -1.45399 -10 10  #1 60.2089 135.168 50 -1.54066 0 0
33.2849 #1 60.2089 135.168 50 -1.54066 -10 10  #8 57.5104 40.4702 50 -1.45399 -10 10
33.2849 #2 223.891 264.306 50 4.02661 -10 10  #5 202.102 168.799 50 -2.47676 -10 10
33.2849 #5 202.102 168.799 50 -2.47676 -10 10  #2 223.891 264.306 50 4.02661 0 0
33.2849 #6 247.092 77.9056 50 2.09455 110 -10  #5 202.102 168.799 50 -2.47676 0 0
33.2849 #8 57.5104 40.4702 50 -1.45399 -10 10  #1 60.2089 135.168 50 -1.54066 0 0
33.5252 #1 60.2089 135.168 50 -1.54066 -10 10  #8 57.5104 40.4702 50 -1.45399 -10 10
33.5252 #2 223.891 264.306 50 4.02661 -10 10  #5 202.102 168.799 50 -2.47676 -10 10
33.5252 #4 10.228 -48.0933 50 -0.314987 68.2385 31.7615  #7 114.956 -86.7754 50 2.16701 -8.01811 108.018
33.5252 #5 202.102 168.799 50 -2.47676 -10 10  #2 223.891 264.306 50 4.02661 0 0
33.5252 #7 114.956 -86.7754 50 2.16701 -8.01811 108.018  #4 10.228 -48.0933 50 -0.314987 0 0
33.5252 #8 57.5104 40.4702 50 -1.45399 -10 10  #1 60.2089 135.168 50 -1.54066 0 0
33.7736 #1 60.2089 135.168 50 -1.54066 -10 10  #8 57.5104 40.4702 50 -1.45399 -10 10
33.7736 #2 223.891 264.306 50 4.02661 -10 10  #5 202.102 168.799 50 -2.47676 -10 10
33.7736 #5 202.102 168.799 50 -2.47676 -10 10  #2 223.891 264.306 50 4.02661 0 0
33.7736 #6 247.092 77.9056 50 2.04648 110 -10  #5 202.102 168.799 50 -2.47676 0 0
33.7736 #8 57.5104 40.4702 50 -1.45399 -10 10  #1 60.2089 135.168 50 -1.54066 0 0
33.9918 #1 60.2089 135.168 50 -1.54066 -10 10  #8 57.5104 40.4702 50 -1.45399 -10 10
33.9918 #2 223.891 264.306 50 4.02661 -10 10  #5 202.102 168.799 50 -2.47676 -10 10
33.9918 #4 10.228 -48.0933 50 -0.364652 69.7901 30.2099  #7 114.956 -86.7754 50 2.11734 -6.12344 106.123
33.9918 #5 202.102 168.799 50 -2.47676 -10 10  #2 223.891 264.306 50 4.02661 0 0
33.9918 #7 114.956 -86.7754 50 2.11734 -6.12344 106.123  #4 10.228 -48.0933 50 -0.364652 0 0
33.9918 #8 57.5104 40.4702 50 -1.45399 -10 10  #1 60.2089 135.168 50 -1.54066 0 0
34.2249 #1 60.2089 135.168 50 -1.54066 -10 10  #8 57.5104 40.4702 50 -1.45399 -10 10
34.2249 #2 223.891 264.306 50 4.02661 -10 10  #5 202.102 168.799 50 -2.47676 -10 10
34.2249 #5 202.102 168.799 50 -2.47676 -10 10  #2 223.891 264.306 50 4.02661 0 0
34.2249 #6 247.092 77.9056 50 2.00284 110 -10  #5 202.102 168.799 50 -2.47676 0 0
34.2249 #8 57.5104 40.4702 50 -1.45399 -10 10  #1 60.2089 135.168 50 -1.54066 0 0
