0.24047 désintégration 0
0.24047 désintégration 0
0.24047 désintégration 0
1.65003 désintégration 0
7.49157 désintégration 0
8.66935 décomposition 0
10.544 décomposition 0
12.1964 décontamination 3
12.1964 décomposition 3
12.4365 décomposition 2
13.3815 désintégration 2
13.3815 désintégration 2
13.8246 décontamination 5
14.2969 désintégration 5
14.5372 désintégration 5
14.7711 décomposition 5
15.7152 décomposition 5
16.41 décontamination 8
16.6434 décomposition 8
18.748 décontamination 10
18.9928 décomposition 10
19.2168 décomposition 9
19.2168 désintégration 9
19.4536 décomposition 9
19.9193 décomposition 8
20.1543 décomposition 8
20.1543 désintégration 8
21.5695 décomposition 8
22.4995 décomposition 8
22.7342 désintégration 8
22.7342 désintégration 8
23.2046 désintégration 8
23.2046 désintégration 8
23.2046 décomposition 8
24.3822 décomposition 7
24.3822 désintégration 7
24.8348 décomposition 7
24.8348 décomposition 7
26.0378 décomposition 7
26.2678 désintégration 7
26.9603 désintégration 7
27.1833 décomposition 7
27.4318 décomposition 7
27.8912 décomposition 6
27.8912 désintégration 6
27.8912 décomposition 6
28.1314 décomposition 6
28.3653 décomposition 6
28.8378 désintégration 6
28.8378 désintégration 6
29.0771 décomposition 6
29.5374 désintégration 6
29.5374 désintégration 6
29.5374 désintégration 6
29.5374 désintégration 6
30.248 désintégration 6
30.9429 désintégration 6
31.1736 désintégration 6
31.409 décomposition 6
31.409 désintégration 6
31.6523 décontamination 7
31.6523 décomposition 6
32.3546 désintégration 6
32.5943 décomposition 6
32.5943 décomposition 6
32.5943 décomposition 6
33.052 décomposition 6
33.2851 décomposition 6
33.2851 désintégration 6
33.7607 décomposition 6
33.7607 désintégration 6
34.221 décomposition 6
34.4455 désintégration 6
34.4455 désintégration 6
34.7021 décomposition 6
34.9186 désintégration 6
34.9186 désintégration 6
35.1498 désintégration 6
35.1498 décomposition 6
35.1498 désintégration 6
35.3996 décomposition 6
35.3996 décomposition 6
35.6201 désintégration 6
36.3254 décomposition 6
36.5563 désintégration 6
36.7962 désintégration 6
37.026 désintégration 6
37.26 désintégration 6
37.4956 désintégration 6
37.726 désintégration 6
37.96 désintégration 6
37.96 désintégration 6
38.2014 désintégration 6
38.4466 désintégration 6
38.6702 désintégration 6
38.6702 désintégration 6
38.9013 désintégration 6
38.9013 désintégration 6
38.9013 désintégration 6
38.9013 désintégration 6
38.9013 décomposition 6
39.144 désintégration 6
39.144 désintégration 6
39.3713 désintégration 6
39.6085 décomposition 6
39.8464 désintégration 6
39.8464 désintégration 6
39.8464 désintégration 6
39.8464 désintégration 6
40.0747 désintégration 6
40.0747 désintégration 6
40.0747 désintégration 6
40.7798 désintégration 6
40.7798 désintégration 6
41.015 désintégration 6
41.015 décomposition 6
41.2459 désintégration 6
41.2459 désintégration 6
41.7226 décontamination 6
41.7226 désintégration 6
41.7226 désintégration 6
41.9626 décomposition 6
42.4308 décomposition 6
42.4308 désintégration 6
42.6582 décomposition 6
42.8965 désintégration 6
43.3682 désintégration 6
43.3682 désintégration 6
43.3682 désintégration 6
43.3682 désintégration 6
43.5927 désintégration 6
43.839 désintégration 6
44.3093 décomposition 6
44.5228 désintégration 6
44.7776 désintégration 6
44.7776 décomposition 6
45.2417 désintégration 6
45.2417 décomposition 6
45.2417 désintégration 6
45.7112 décontamination 7
45.7112 désintégration 7
45.7112 désintégration 7
45.7112 décomposition 7
45.9513 désintégration 7
46.1862 décomposition 6
46.1862 désintégration 6
46.417 décomposition 6
46.417 décomposition 6
46.6486 désintégration 6
46.6486 désintégration 6
46.8797 décomposition 6
46.8797 décomposition 6
46.8797 désintégration 6
46.8797 désintégration 6
46.8797 décomposition 6
47.108 désintégration 6
47.5834 désintégration 6
47.5834 désintégration 6
48.2829 désintégration 6
48.2829 désintégration 6
48.2829 désintégration 6
48.5282 désintégration 6
48.5282 décomposition 6
48.7492 décomposition 6
48.7492 désintégration 6
48.7492 désintégration 6
48.992 désintégration 6
48.992 désintégration 6
48.992 désintégration 6
49.302 décomposition 6
49.302 désintégration 6
49.302 désintégration 6
49.537 décontamination 6
49.537 désintégration 6
49.758 désintégration 6
49.758 désintégration 6
50.0132 désintégration 6
50.0132 désintégration 6
50.4786 désintégration 6
50.7115 désintégration 6
50.7115 désintégration 6
50.7115 désintégration 6
51.1749 désintégration 6
51.6415 désintégration 6
51.6415 désintégration 6
51.8765 désintégration 6
51.8765 désintégration 6
52.3509 désintégration 6
52.3509 désintégration 6
52.5744 désintégration 6
52.808 désintégration 6
53.0532 désintégration 6
53.7591 désintégration 6
54.4462 désintégration 6
55.1476 décontamination 6
55.1476 désintégration 6
55.6302 désintégration 6
55.8552 désintégration 6
55.8552 décomposition 6
55.8552 désintégration 6
55.8552 désintégration 6
56.1128 désintégration 6
56.1128 désintégration 6
56.3328 désintégration 6
56.7882 désintégration 6
57.2713 décontamination 7
57.2713 désintégration 7
57.2713 désintégration 7
57.9845 désintégration 7
58.2045 décontamination 7
58.4394 désintégration 7
58.4394 désintégration 7
58.9044 désintégration 7
58.9044 désintégration 7
58.9044 désintégration 7
59.3842 désintégration 7
59.6027 décontamination 7
59.6027 désintégration 7
59.6027 désintégration 7
59.8377 désintégration 7
60.5527 désintégration 7
61.7126 décontamination 7
61.9477 désintégration 7
62.4137 désintégration 7
62.4137 désintégration 7
62.4137 décomposition 7
63.1176 désintégration 7
63.364 désintégration 7
63.364 désintégration 7
63.5958 désintégration 7
63.5958 désintégration 7
63.8376 désintégration 7
64.0703 désintégration 7
65.2352 désintégration 7
65.4708 décontamination 7
65.4708 désintégration 7
65.4708 désintégration 7
65.4708 décomposition 7
65.6965 décomposition 7
65.9359 désintégration 7
65.9359 désintégration 7
66.18 décomposition 7
66.8775 désintégration 7
67.1104 désintégration 7
67.1104 désintégration 7
69.2284 désintégration 7
70.0128 désintégration 7
70.0128 désintégration 7
70.696 désintégration 7
71.876 décomposition 7
73.06 désintégration 7
73.2901 désintégration 7
73.524 désintégration 7
73.9849 désintégration 7
73.9849 désintégration 7
74.922 désintégration 7
75.6222 désintégration 7
76.0868 désintégration 7
76.5566 désintégration 7
77.2622 désintégration 7
78.2072 désintégration 7
79.3672 décontamination 7
79.3672 désintégration 7
79.6174 désintégration 7
80.3233 désintégration 7
84.6847 désintégration 7
85.6269 décontamination 7
87.0222 décontamination 7
87.2745 désintégration 7
88.2066 décontamination 8
