21.1004 #1 456.313 171.032 50 6.80825 55.3071 44.6929  #3 560.931 184.128 50 7.2776 10 -10
21.1004 #3 560.931 184.128 50 7.2776 10 -10  #1 456.313 171.032 50 6.80825 0 0
22.2752 #1 478.412 181.013 50 6.69959 48.3885 51.6115  #3 577.048 202.228 50 7.06838 38.0207 61.9793
22.2752 #3 577.048 202.228 50 7.06838 38.0207 61.9793  #1 478.412 181.013 50 6.69959 0 0
22.7553 #1 478.412 181.013 50 6.65391 49.306 50.694  #3 577.048 202.228 50 7.0227 39.4655 60.5345
22.7553 #3 577.048 202.228 50 7.0227 39.4655 60.5345  #1 478.412 181.013 50 6.65391 0 0
23.2191 #1 478.412 181.013 50 6.61117 50.1657 49.8343  #3 577.048 202.228 50 6.97996 40.8371 59.1629
23.2191 #3 577.048 202.228 50 6.97996 40.8371 59.1629  #1 478.412 181.013 50 6.61117 0 0
23.6861 #1 478.412 181.013 50 6.56696 51.0548 48.9452  #3 577.048 202.228 50 6.93575 42.2738 57.7262
23.6861 #3 577.048 202.228 50 6.93575 42.2738 57.7262  #1 478.412 181.013 50 6.56696 0 0
24.3997 #1 488.99 183.6 50 6.52746 52.024 47.976  #3 586.092 208.294 50 6.86069 43.8608 56.1392
24.3997 #3 586.092 208.294 50 6.86069 43.8608 56.1392  #1 488.99 183.6 50 6.52746 0 0
25.0957 #1 488.99 183.6 50 6.43792 57.9392 42.0608  #3 586.092 208.294 50 6.77115 58.2927 41.7073
25.0957 #3 586.092 208.294 50 6.77115 58.2927 41.7073  #1 488.99 183.6 50 6.43792 0 0
25.7897 #1 500.179 185.056 50 6.43223 58.6763 41.3237  #3 596.179 213.348 50 6.76903 59.4676 40.5324
25.7897 #3 596.179 213.348 50 6.76903 59.4676 40.5324  #1 500.179 185.056 50 6.43223 0 0
26.0341 #7 749.638 -339.579 50 6.25673 10 -10  #8 649.837 -317.372 50 -0.0659385 51.7857 48.2143
26.0341 #8 649.837 -317.372 50 -0.0659385 51.7857 48.2143  #7 749.638 -339.579 50 6.25673 0 0
26.4958 #3 606.665 218.574 50 6.77085 60.8159 39.1841  #5 710.855 250.559 50 -4.71615 -10 10
26.4958 #5 710.855 250.559 50 -4.71615 -10 10  #3 606.665 218.574 50 6.77085 0 0
26.4958 #7 749.638 -339.579 50 6.20986 10 -10  #8 649.837 -317.372 50 -0.112809 53.2912 46.7088
26.4958 #8 649.837 -317.372 50 -0.112809 53.2912 46.7088  #7 749.638 -339.579 50 6.20986 0 0
26.7202 #1 523.015 188.368 50 6.47105 59.4984 40.5016  #3 606.665 218.574 50 6.77085 -10 10
26.7202 #3 606.665 218.574 50 6.77085 -10 10  #1 523.015 188.368 50 6.47105 0 0
26.9709 #1 523.015 188.368 50 6.47105 -10 10  #3 606.665 218.574 50 6.77085 -10 10
26.9709 #3 606.665 218.574 50 6.77085 -10 10  #1 523.015 188.368 50 6.47105 0 0
26.9709 #7 749.638 -339.579 50 6.16497 10 -10  #8 649.837 -317.372 50 -0.157702 54.7264 45.2736
26.9709 #8 649.837 -317.372 50 -0.157702 54.7264 45.2736  #7 749.638 -339.579 50 6.16497 0 0
27.2039 #1 523.015 188.368 50 6.47105 -10 10  #3 606.665 218.574 50 6.77085 -10 10
27.2039 #3 606.665 218.574 50 6.77085 -10 10  #1 523.015 188.368 50 6.47105 0 0
27.4423 #1 523.015 188.368 50 6.47105 -10 10  #3 606.665 218.574 50 6.77085 -10 10
27.4423 #3 606.665 218.574 50 6.77085 -10 10  #1 523.015 188.368 50 6.47105 0 0
27.4423 #7 749.638 -339.579 50 6.11837 10 -10  #8 649.837 -317.372 50 -0.204298 56.2059 43.7941
27.4423 #8 649.837 -317.372 50 -0.204298 56.2059 43.7941  #7 749.638 -339.579 50 6.11837 0 0
27.6676 #1 523.015 188.368 50 6.47105 -10 10  #3 606.665 218.574 50 6.77085 -10 10
27.6676 #3 606.665 218.574 50 6.77085 -10 10  #1 523.015 188.368 50 6.47105 0 0
27.9061 #1 523.015 188.368 50 6.47105 -10 10  #3 606.665 218.574 50 6.77085 -10 10
27.9061 #3 606.665 218.574 50 6.77085 -10 10  #1 523.015 188.368 50 6.47105 0 0
27.9061 #7 749.638 -339.579 50 6.0733 10 -10  #8 649.837 -317.372 50 -0.249372 57.6243 42.3757
27.9061 #8 649.837 -317.372 50 -0.249372 57.6243 42.3757  #7 749.638 -339.579 50 6.0733 0 0
28.1455 #1 523.015 188.368 50 6.47105 -10 10  #3 606.665 218.574 50 6.77085 -10 10
28.1455 #3 606.665 218.574 50 6.77085 -10 10  #1 523.015 188.368 50 6.47105 0 0
28.3647 #1 523.015 188.368 50 6.47105 -10 10  #3 606.665 218.574 50 6.77085 -10 10
28.3647 #3 606.665 218.574 50 6.77085 -10 10  #1 523.015 188.368 50 6.47105 0 0
28.3647 #7 749.638 -339.579 50 6.02542 10 -10  #8 649.837 -317.372 50 -0.297252 59.114 40.886
28.3647 #8 649.837 -317.372 50 -0.297252 59.114 40.886  #7 749.638 -339.579 50 6.02542 0 0
28.6016 #1 523.015 188.368 50 6.47105 -10 10  #3 606.665 218.574 50 6.77085 -10 10
28.6016 #3 606.665 218.574 50 6.77085 -10 10  #1 523.015 188.368 50 6.47105 0 0
28.8307 #1 523.015 188.368 50 6.47105 -10 10  #3 606.665 218.574 50 6.77085 -10 10
28.8307 #3 606.665 218.574 50 6.77085 -10 10  #1 523.015 188.368 50 6.47105 0 0
28.8307 #7 749.638 -339.579 50 5.97804 10 -10  #8 649.837 -317.372 50 -0.34463 60.5675 39.4325
28.8307 #8 649.837 -317.372 50 -0.34463 60.5675 39.4325  #7 749.638 -339.579 50 5.97804 0 0
29.0709 #1 523.015 188.368 50 6.47105 -10 10  #2 464.689 103.996 50 6.83249 52.979 47.021
29.0709 #2 464.689 103.996 50 6.83249 52.979 47.021  #1 523.015 188.368 50 6.47105 0 0
29.0709 #3 606.665 218.574 50 6.77085 -10 10  #1 523.015 188.368 50 6.47105 0 0
29.297 #1 523.015 188.368 50 6.47105 -10 10  #3 606.665 218.574 50 6.77085 -10 10
29.297 #3 606.665 218.574 50 6.77085 -10 10  #1 523.015 188.368 50 6.47105 0 0
29.297 #7 749.638 -339.579 50 5.93 10 -10  #8 649.837 -317.372 50 -0.392674 62.0173 37.9827
29.297 #8 649.837 -317.372 50 -0.392674 62.0173 37.9827  #7 749.638 -339.579 50 5.93 0 0
29.5506 #1 523.015 188.368 50 6.47105 -10 10  #2 464.689 103.996 50 6.78727 53.626 46.374
29.5506 #2 464.689 103.996 50 6.78727 53.626 46.374  #1 523.015 188.368 50 6.47105 0 0
29.5506 #3 606.665 218.574 50 6.77085 -10 10  #1 523.015 188.368 50 6.47105 0 0
29.7641 #1 523.015 188.368 50 6.47105 -10 10  #3 606.665 218.574 50 6.77085 -10 10
29.7641 #3 606.665 218.574 50 6.77085 -10 10  #1 523.015 188.368 50 6.47105 0 0
29.7641 #7 749.638 -339.579 50 5.87927 10 -10  #8 649.837 -317.372 50 -0.443405 63.5179 36.4821
29.7641 #8 649.837 -317.372 50 -0.443405 63.5179 36.4821  #7 749.638 -339.579 50 5.87927 0 0
30.0078 #1 523.015 188.368 50 6.47105 -10 10  #3 606.665 218.574 50 6.77085 -10 10
30.0078 #3 606.665 218.574 50 6.77085 -10 10  #1 523.015 188.368 50 6.47105 0 0
30.2472 #1 523.015 188.368 50 6.47105 -10 10  #3 606.665 218.574 50 6.77085 -10 10
30.2472 #3 606.665 218.574 50 6.77085 -10 10  #1 523.015 188.368 50 6.47105 0 0
30.2472 #7 749.638 -339.579 50 5.83054 10 -10  #8 649.837 -317.372 50 -0.492129 64.9264 35.0736
30.2472 #8 649.837 -317.372 50 -0.492129 64.9264 35.0736  #7 749.638 -339.579 50 5.83054 0 0
30.4903 #1 523.015 188.368 50 6.47105 -10 10  #2 464.689 103.996 50 6.64796 -10 110
30.4903 #2 464.689 103.996 50 6.64796 -10 110  #1 523.015 188.368 50 6.47105 0 0
30.4903 #3 606.665 218.574 50 6.77085 -10 10  #1 523.015 188.368 50 6.47105 0 0
30.7133 #1 523.015 188.368 50 6.47105 -10 10  #3 606.665 218.574 50 6.77085 -10 10
30.7133 #3 606.665 218.574 50 6.77085 -10 10  #1 523.015 188.368 50 6.47105 0 0
30.7133 #7 749.638 -339.579 50 5.78193 10 -10  #8 649.837 -317.372 50 -0.540743 66.2965 33.7035
30.7133 #8 649.837 -317.372 50 -0.540743 66.2965 33.7035  #7 749.638 -339.579 50 5.78193 0 0
30.946 #1 523.015 188.368 50 6.47105 -10 10  #2 464.689 103.996 50 6.60335 -10 110
30.946 #2 464.689 103.996 50 6.60335 -10 110  #1 523.015 188.368 50 6.47105 0 0
30.946 #3 606.665 218.574 50 6.77085 -10 10  #1 523.015 188.368 50 6.47105 0 0
31.1691 #1 523.015 188.368 50 6.47105 -10 10  #3 606.665 218.574 50 6.77085 -10 10
31.1691 #3 606.665 218.574 50 6.77085 -10 10  #1 523.015 188.368 50 6.47105 0 0
31.4235 #1 523.015 188.368 50 6.47105 -10 10  #3 606.665 218.574 50 6.77085 -10 10
31.4235 #3 606.665 218.574 50 6.77085 -10 10  #1 523.015 188.368 50 6.47105 0 0
31.65 #1 523.015 188.368 50 6.47105 -10 10  #2 464.689 103.996 50 6.50785 -10 110
31.65 #2 464.689 103.996 50 6.50785 -10 110  #1 523.015 188.368 50 6.47105 0 0
31.65 #3 606.665 218.574 50 6.77085 -10 10  #1 523.015 188.368 50 6.47105 0 0
31.65 #6 610.825 -416.837 50 6.65079 53.6266 46.3734  #8 649.837 -317.372 50 -0.682773 72.8641 27.1359
31.65 #7 749.638 -339.579 50 5.8309 10 -10  #8 649.837 -317.372 50 -0.682773 72.8641 27.1359
31.65 #8 649.837 -317.372 50 -0.682773 72.8641 27.1359  #6 610.825 -416.837 50 6.65079 0 0
32.1908 #1 523.015 188.368 50 6.47105 -10 10  #3 606.665 218.574 50 6.77085 -10 10
32.1908 #3 606.665 218.574 50 6.77085 -10 10  #1 523.015 188.368 50 6.47105 0 0
32.4241 #1 523.015 188.368 50 6.47105 -10 10  #2 464.689 103.996 50 6.3997 42.0027 57.9973
32.4241 #2 464.689 103.996 50 6.3997 42.0027 57.9973  #1 523.015 188.368 50 6.47105 0 0
32.4241 #3 606.665 218.574 50 6.77085 -10 10  #1 523.015 188.368 50 6.47105 0 0
32.4241 #6 610.825 -416.837 50 6.54265 56.0993 43.9007  #8 649.837 -317.372 50 -0.790919 75.4707 24.5293
32.4241 #7 749.638 -339.579 50 5.72276 10 -10  #8 649.837 -317.372 50 -0.790919 75.4707 24.5293
32.4241 #8 649.837 -317.372 50 -0.790919 75.4707 24.5293  #6 610.825 -416.837 50 6.54265 0 0
32.6616 #1 523.015 188.368 50 6.47105 -10 10  #3 606.665 218.574 50 6.77085 -10 10
32.6616 #3 606.665 218.574 50 6.77085 -10 10  #1 523.015 188.368 50 6.47105 0 0
32.8984 #1 523.015 188.368 50 6.47105 -10 10  #2 464.689 103.996 50 6.35219 42.249 57.751
32.8984 #2 464.689 103.996 50 6.35219 42.249 57.751  #1 523.015 188.368 50 6.47105 0 0
32.8984 #3 606.665 218.574 50 6.77085 -10 10  #1 523.015 188.368 50 6.47105 0 0
32.8984 #6 610.825 -416.837 50 6.49514 57.1647 42.8353  #8 649.837 -317.372 50 -0.838429 76.5234 23.4766
32.8984 #7 749.638 -339.579 50 5.67525 10 -10  #8 649.837 -317.372 50 -0.838429 76.5234 23.4766
32.8984 #8 649.837 -317.372 50 -0.838429 76.5234 23.4766  #6 610.825 -416.837 50 6.49514 0 0
33.1306 #1 523.015 188.368 50 6.47105 -10 10  #3 606.665 218.574 50 6.77085 -10 10
33.1306 #3 606.665 218.574 50 6.77085 -10 10  #1 523.015 188.368 50 6.47105 0 0
33.3635 #1 523.015 188.368 50 6.47105 -10 10  #2 464.689 103.996 50 6.30575 42.5067 57.4933
33.3635 #2 464.689 103.996 50 6.30575 42.5067 57.4933  #1 523.015 188.368 50 6.47105 0 0
33.3635 #3 606.665 218.574 50 6.77085 -10 10  #1 523.015 188.368 50 6.47105 0 0
33.3635 #6 610.825 -416.837 50 6.44869 58.1906 41.8094  #8 649.837 -317.372 50 -0.884874 77.4946 22.5054
33.3635 #7 749.638 -339.579 50 5.6288 10 -10  #8 649.837 -317.372 50 -0.884874 77.4946 22.5054
33.3635 #8 649.837 -317.372 50 -0.884874 77.4946 22.5054  #6 610.825 -416.837 50 6.44869 0 0
33.5908 #1 523.015 188.368 50 6.47105 -10 10  #3 606.665 218.574 50 6.77085 -10 10
33.5908 #3 606.665 218.574 50 6.77085 -10 10  #1 523.015 188.368 50 6.47105 0 0
33.8277 #1 523.015 188.368 50 6.47105 -10 10  #2 464.689 103.996 50 6.26028 42.7746 57.2254
33.8277 #2 464.689 103.996 50 6.26028 42.7746 57.2254  #1 523.015 188.368 50 6.47105 0 0
33.8277 #3 606.665 218.574 50 6.77085 -10 10  #1 523.015 188.368 50 6.47105 0 0
33.8277 #6 610.825 -416.837 50 6.40322 59.1779 40.8221  #8 649.837 -317.372 50 -0.930342 78.388 21.612
33.8277 #7 749.638 -339.579 50 5.58333 10 -10  #8 649.837 -317.372 50 -0.930342 78.388 21.612
33.8277 #8 649.837 -317.372 50 -0.930342 78.388 21.612  #6 610.825 -416.837 50 6.40322 0 0
34.0783 #1 523.015 188.368 50 6.47105 -10 10  #3 606.665 218.574 50 6.77085 -10 10
34.0783 #3 606.665 218.574 50 6.77085 -10 10  #1 523.015 188.368 50 6.47105 0 0
34.3115 #1 523.015 188.368 50 6.47105 -10 10  #2 464.689 103.996 50 6.21015 43.0873 56.9127
34.3115 #2 464.689 103.996 50 6.21015 43.0873 56.9127  #1 523.015 188.368 50 6.47105 0 0
34.3115 #3 606.665 218.574 50 6.77085 -10 10  #1 523.015 188.368 50 6.47105 0 0
34.3115 #4 581.713 321.414 50 -0.450251 44.6556 55.3444  #3 606.665 218.574 50 6.77085 0 0
34.3115 #6 610.825 -416.837 50 6.3531 60.2443 39.7557  #8 649.837 -317.372 50 -0.98047 79.3048 20.6952
34.3115 #7 749.638 -339.579 50 5.5332 10 -10  #8 649.837 -317.372 50 -0.98047 79.3048 20.6952
34.3115 #8 649.837 -317.372 50 -0.98047 79.3048 20.6952  #6 610.825 -416.837 50 6.3531 0 0
34.5435 #1 523.015 188.368 50 6.47105 -10 10  #3 606.665 218.574 50 6.77085 -10 10
34.5435 #3 606.665 218.574 50 6.77085 -10 10  #1 523.015 188.368 50 6.47105 0 0
34.7674 #1 523.015 188.368 50 6.47105 -10 10  #2 464.689 103.996 50 6.16376 43.3921 56.6079
34.7674 #2 464.689 103.996 50 6.16376 43.3921 56.6079  #1 523.015 188.368 50 6.47105 0 0
34.7674 #3 606.665 218.574 50 6.77085 -10 10  #1 523.015 188.368 50 6.47105 0 0
34.7674 #4 581.713 321.414 50 -0.496646 44.9053 55.0947  #3 606.665 218.574 50 6.77085 0 0
34.7674 #6 610.825 -416.837 50 6.3067 61.2083 38.7917  #8 649.837 -317.372 50 -1.02686 110 -10
34.7674 #7 749.638 -339.579 50 5.48681 10 -10  #8 649.837 -317.372 50 -1.02686 110 -10
34.7674 #8 649.837 -317.372 50 -1.02686 110 -10  #6 610.825 -416.837 50 6.3067 0 0
35.0214 #1 523.015 188.368 50 6.47105 -10 10  #3 606.665 218.574 50 6.77085 -10 10
35.0214 #3 606.665 218.574 50 6.77085 -10 10  #1 523.015 188.368 50 6.47105 0 0
35.2467 #1 523.015 188.368 50 6.47105 -10 10  #2 464.689 103.996 50 6.11296 43.7422 56.2578
35.2467 #2 464.689 103.996 50 6.11296 43.7422 56.2578  #1 523.015 188.368 50 6.47105 0 0
35.2467 #3 606.665 218.574 50 6.77085 -10 10  #1 523.015 188.368 50 6.47105 0 0
35.2467 #4 581.713 321.414 50 -0.547445 45.1912 54.8088  #3 606.665 218.574 50 6.77085 0 0
35.2467 #6 610.825 -416.837 50 6.2559 62.2362 37.7638  #8 649.837 -317.372 50 -1.07766 110 -10
35.2467 #7 749.638 -339.579 50 5.43601 10 -10  #8 649.837 -317.372 50 -1.07766 110 -10
35.2467 #8 649.837 -317.372 50 -1.07766 110 -10  #6 610.825 -416.837 50 6.2559 0 0
35.4839 #1 523.015 188.368 50 6.47105 -10 10  #3 606.665 218.574 50 6.77085 -10 10
35.4839 #3 606.665 218.574 50 6.77085 -10 10  #1 523.015 188.368 50 6.47105 0 0
35.7233 #1 523.015 188.368 50 6.47105 -10 10  #2 464.689 103.996 50 6.0655 44.0839 55.9161
35.7233 #2 464.689 103.996 50 6.0655 44.0839 55.9161  #1 523.015 188.368 50 6.47105 0 0
35.7233 #3 606.665 218.574 50 6.77085 -10 10  #1 523.015 188.368 50 6.47105 0 0
35.7233 #4 581.713 321.414 50 -0.5949 45.4696 54.5304  #3 606.665 218.574 50 6.77085 0 0
35.7233 #6 610.825 -416.837 50 6.20845 63.1679 36.8321  #8 649.837 -317.372 50 -1.12512 110 -10
35.7233 #7 749.638 -339.579 50 5.38856 10 -10  #8 649.837 -317.372 50 -1.12512 110 -10
35.7233 #8 649.837 -317.372 50 -1.12512 110 -10  #6 610.825 -416.837 50 6.20845 0 0
35.9407 #1 523.015 188.368 50 6.47105 -10 10  #3 606.665 218.574 50 6.77085 -10 10
35.9407 #3 606.665 218.574 50 6.77085 -10 10  #1 523.015 188.368 50 6.47105 0 0
36.1857 #1 523.015 188.368 50 6.47105 -10 10  #2 464.689 103.996 50 6.02202 44.4087 55.5913
36.1857 #2 464.689 103.996 50 6.02202 44.4087 55.5913  #1 523.015 188.368 50 6.47105 0 0
36.1857 #3 606.665 218.574 50 6.77085 -10 10  #1 523.015 188.368 50 6.47105 0 0
36.1857 #4 581.713 321.414 50 -0.638385 45.7336 54.2664  #3 606.665 218.574 50 6.77085 0 0
36.1857 #6 610.825 -416.837 50 6.16496 63.9957 36.0043  #8 649.837 -317.372 50 -1.1686 110 -10
36.1857 #7 749.638 -339.579 50 5.34507 10 -10  #8 649.837 -317.372 50 -1.1686 110 -10
36.1857 #8 649.837 -317.372 50 -1.1686 110 -10  #6 610.825 -416.837 50 6.16496 0 0
36.4175 #1 523.015 188.368 50 6.47105 -10 10  #3 606.665 218.574 50 6.77085 -10 10
36.4175 #3 606.665 218.574 50 6.77085 -10 10  #1 523.015 188.368 50 6.47105 0 0
36.6409 #1 523.015 188.368 50 6.47105 -10 10  #2 464.689 103.996 50 5.97565 44.7666 55.2334
36.6409 #2 464.689 103.996 50 5.97565 44.7666 55.2334  #1 523.015 188.368 50 6.47105 0 0
36.6409 #3 606.665 218.574 50 6.77085 -10 10  #1 523.015 188.368 50 6.47105 0 0
36.6409 #4 581.713 321.414 50 -0.684749 46.024 53.976  #3 606.665 218.574 50 6.77085 0 0
36.6409 #6 610.825 -416.837 50 6.1186 64.8492 35.1508  #8 649.837 -317.372 50 -1.21497 110 -10
36.6409 #7 749.638 -339.579 50 5.29871 10 -10  #8 649.837 -317.372 50 -1.21497 110 -10
36.6409 #8 649.837 -317.372 50 -1.21497 110 -10  #6 610.825 -416.837 50 6.1186 0 0
36.8786 #1 523.015 188.368 50 6.47105 -10 10  #3 606.665 218.574 50 6.77085 -10 10
36.8786 #3 606.665 218.574 50 6.77085 -10 10  #1 523.015 188.368 50 6.47105 0 0
37.1242 #1 523.015 188.368 50 6.47105 -10 10  #3 606.665 218.574 50 6.77085 -10 10
37.1242 #3 606.665 218.574 50 6.77085 -10 10  #1 523.015 188.368 50 6.47105 0 0
37.1242 #4 581.713 321.414 50 -0.732293 46.3307 53.6693  #3 606.665 218.574 50 6.77085 0 0
37.1242 #6 610.825 -416.837 50 6.07105 65.6911 34.3089  #8 649.837 -317.372 50 -1.26251 110 -10
37.1242 #7 749.638 -339.579 50 5.25116 10 -10  #8 649.837 -317.372 50 -1.26251 110 -10
37.1242 #8 649.837 -317.372 50 -1.26251 110 -10  #6 610.825 -416.837 50 6.07105 0 0
37.3428 #1 523.015 188.368 50 6.47105 -10 10  #2 476.151 99.5896 50 5.90426 45.1453 54.8547
37.3428 #2 476.151 99.5896 50 5.90426 45.1453 54.8547  #1 523.015 188.368 50 6.47105 0 0
37.3428 #3 606.665 218.574 50 6.77085 -10 10  #1 523.015 188.368 50 6.47105 0 0
37.5775 #1 523.015 188.368 50 6.47105 -10 10  #3 606.665 218.574 50 6.77085 -10 10
37.5775 #3 606.665 218.574 50 6.77085 -10 10  #1 523.015 188.368 50 6.47105 0 0
37.8123 #1 523.015 188.368 50 6.47105 -10 10  #3 606.665 218.574 50 6.77085 -10 10
37.8123 #3 606.665 218.574 50 6.77085 -10 10  #1 523.015 188.368 50 6.47105 0 0
37.8123 #4 581.713 321.414 50 -0.822958 47.138 52.862  #3 606.665 218.574 50 6.77085 0 0
37.8123 #6 610.825 -416.837 50 5.98039 64.7828 35.2172  #8 649.837 -317.372 50 -1.35318 110 -10
37.8123 #8 649.837 -317.372 50 -1.35318 110 -10  #6 610.825 -416.837 50 5.98039 0 0
38.067 #1 523.015 188.368 50 6.47105 -10 10  #3 606.665 218.574 50 6.77085 -10 10
38.067 #3 606.665 218.574 50 6.77085 -10 10  #1 523.015 188.368 50 6.47105 0 0
38.2788 #1 523.015 188.368 50 6.47105 -10 10  #3 606.665 218.574 50 6.77085 -10 10
38.2788 #3 606.665 218.574 50 6.77085 -10 10  #1 523.015 188.368 50 6.47105 0 0
38.2788 #4 581.713 321.414 50 -0.873891 47.4909 52.5091  #3 606.665 218.574 50 6.77085 0 0
38.2788 #6 610.825 -416.837 50 5.92946 65.6304 34.3696  #8 649.837 -317.372 50 -1.40411 110 -10
38.2788 #8 649.837 -317.372 50 -1.40411 110 -10  #6 610.825 -416.837 50 5.92946 0 0
38.5216 #1 523.015 188.368 50 6.47105 -10 10  #3 606.665 218.574 50 6.77085 -10 10
38.5216 #3 606.665 218.574 50 6.77085 -10 10  #1 523.015 188.368 50 6.47105 0 0
38.7491 #1 523.015 188.368 50 6.47105 -10 10  #3 606.665 218.574 50 6.77085 -10 10
38.7491 #3 606.665 218.574 50 6.77085 -10 10  #1 523.015 188.368 50 6.47105 0 0
38.7491 #4 581.713 321.414 50 -0.922451 47.8334 52.1666  #3 606.665 218.574 50 6.77085 0 0
38.7491 #6 610.825 -416.837 50 5.8809 66.4009 33.5991  #8 649.837 -317.372 50 -1.45267 110 -10
38.7491 #8 649.837 -317.372 50 -1.45267 110 -10  #6 610.825 -416.837 50 5.8809 0 0
39.0029 #1 523.015 188.368 50 6.47105 -10 10  #3 606.665 218.574 50 6.77085 -10 10
39.0029 #3 606.665 218.574 50 6.77085 -10 10  #1 523.015 188.368 50 6.47105 0 0
39.2186 #1 523.015 188.368 50 6.47105 -10 10  #3 606.665 218.574 50 6.77085 -10 10
39.2186 #3 606.665 218.574 50 6.77085 -10 10  #1 523.015 188.368 50 6.47105 0 0
39.2186 #4 581.713 321.414 50 -0.973228 48.197 51.803  #3 606.665 218.574 50 6.77085 0 0
39.2186 #6 610.825 -416.837 50 5.83012 67.1651 32.8349  #8 649.837 -317.372 50 -1.50345 110 -10
39.2186 #8 649.837 -317.372 50 -1.50345 110 -10  #6 610.825 -416.837 50 5.83012 0 0
39.4559 #1 523.015 188.368 50 6.47105 -10 10  #3 606.665 218.574 50 6.77085 -10 10
39.4559 #3 606.665 218.574 50 6.77085 -10 10  #1 523.015 188.368 50 6.47105 0 0
39.6929 #1 523.015 188.368 50 6.47105 -10 10  #3 606.665 218.574 50 6.77085 -10 10
39.6929 #3 606.665 218.574 50 6.77085 -10 10  #1 523.015 188.368 50 6.47105 0 0
39.6929 #4 581.713 321.414 50 -1.0207 48.5412 51.4588  #3 606.665 218.574 50 6.77085 0 0
39.6929 #6 610.825 -416.837 50 5.78265 67.8396 32.1604  #8 649.837 -317.372 50 -1.55092 110 -10
39.6929 #8 649.837 -317.372 50 -1.55092 110 -10  #6 610.825 -416.837 50 5.78265 0 0
39.9366 #1 523.015 188.368 50 6.47105 -10 10  #3 606.665 218.574 50 6.77085 -10 10
39.9366 #3 606.665 218.574 50 6.77085 -10 10  #1 523.015 188.368 50 6.47105 0 0
40.1535 #1 523.015 188.368 50 6.47105 -10 10  #3 606.665 218.574 50 6.77085 -10 10
40.1535 #3 606.665 218.574 50 6.77085 -10 10  #1 523.015 188.368 50 6.47105 0 0
40.1535 #4 581.713 321.414 50 -1.06944 48.898 51.102  #3 606.665 218.574 50 6.77085 0 0
40.1535 #6 610.825 -416.837 50 5.7339 68.4903 31.5097  #8 649.837 -317.372 50 -1.59966 110 -10
40.1535 #8 649.837 -317.372 50 -1.59966 110 -10  #6 610.825 -416.837 50 5.7339 0 0
40.4057 #1 523.015 188.368 50 6.47105 -10 10  #3 606.665 218.574 50 6.77085 -10 10
40.4057 #3 606.665 218.574 50 6.77085 -10 10  #1 523.015 188.368 50 6.47105 0 0
40.635 #1 523.015 188.368 50 6.47105 -10 10  #3 606.665 218.574 50 6.77085 -10 10
40.635 #3 606.665 218.574 50 6.77085 -10 10  #1 523.015 188.368 50 6.47105 0 0
40.635 #4 581.713 321.414 50 -1.11988 49.2699 50.7301  #3 606.665 218.574 50 6.77085 0 0
40.635 #6 610.825 -416.837 50 5.68347 69.1174 30.8826  #8 649.837 -317.372 50 -1.6501 110 -10
40.635 #8 649.837 -317.372 50 -1.6501 110 -10  #6 610.825 -416.837 50 5.68347 0 0
40.8592 #1 523.015 188.368 50 6.47105 -10 10  #3 606.665 218.574 50 6.77085 -10 10
40.8592 #3 606.665 218.574 50 6.77085 -10 10  #1 523.015 188.368 50 6.47105 0 0
41.1097 #1 523.015 188.368 50 6.47105 -10 10  #3 606.665 218.574 50 6.77085 -10 10
41.1097 #3 606.665 218.574 50 6.77085 -10 10  #1 523.015 188.368 50 6.47105 0 0
41.1097 #4 581.713 321.414 50 -1.16471 49.6021 50.3979  #3 606.665 218.574 50 6.77085 0 0
41.1097 #6 610.825 -416.837 50 5.63864 110 -10  #8 649.837 -317.372 50 -1.69493 110 -10
41.1097 #8 649.837 -317.372 50 -1.69493 110 -10  #6 610.825 -416.837 50 5.63864 0 0
41.3513 #1 523.015 188.368 50 6.47105 -10 10  #3 606.665 218.574 50 6.77085 -10 10
41.3513 #3 606.665 218.574 50 6.77085 -10 10  #1 523.015 188.368 50 6.47105 0 0
41.5722 #1 523.015 188.368 50 6.47105 -10 10  #3 606.665 218.574 50 6.77085 -10 10
41.5722 #3 606.665 218.574 50 6.77085 -10 10  #1 523.015 188.368 50 6.47105 0 0
41.5722 #4 581.713 321.414 50 -1.21303 49.961 50.039  #3 606.665 218.574 50 6.77085 0 0
41.5722 #6 610.825 -416.837 50 5.59031 110 -10  #8 649.837 -317.372 50 -1.74325 110 -10
41.5722 #8 649.837 -317.372 50 -1.74325 110 -10  #6 610.825 -416.837 50 5.59031 0 0
41.7952 #1 523.015 188.368 50 6.47105 -10 10  #3 606.665 218.574 50 6.77085 -10 10
41.7952 #3 606.665 218.574 50 6.77085 -10 10  #1 523.015 188.368 50 6.47105 0 0
42.0439 #1 523.015 188.368 50 6.47105 -10 10  #3 606.665 218.574 50 6.77085 -10 10
42.0439 #3 606.665 218.574 50 6.77085 -10 10  #1 523.015 188.368 50 6.47105 0 0
42.0439 #4 581.713 321.414 50 -1.25763 50.2923 49.7077  #3 606.665 218.574 50 6.77085 0 0
42.0439 #6 610.825 -416.837 50 5.54572 110 -10  #8 649.837 -317.372 50 -1.78784 110 -10
42.0439 #8 649.837 -317.372 50 -1.78784 110 -10  #6 610.825 -416.837 50 5.54572 0 0
42.2744 #1 523.015 188.368 50 6.47105 -10 10  #3 606.665 218.574 50 6.77085 -10 10
42.2744 #3 606.665 218.574 50 6.77085 -10 10  #1 523.015 188.368 50 6.47105 0 0
42.5061 #1 523.015 188.368 50 6.47105 -10 10  #3 606.665 218.574 50 6.77085 -10 10
42.5061 #3 606.665 218.574 50 6.77085 -10 10  #1 523.015 188.368 50 6.47105 0 0
42.5061 #4 581.713 321.414 50 -1.30373 50.6343 49.3657  #3 606.665 218.574 50 6.77085 0 0
42.5061 #6 610.825 -416.837 50 5.49962 110 -10  #8 649.837 -317.372 50 -1.83395 110 -10
42.5061 #8 649.837 -317.372 50 -1.83395 110 -10  #6 610.825 -416.837 50 5.49962 0 0
42.7364 #1 523.015 188.368 50 6.47105 -10 10  #3 606.665 218.574 50 6.77085 -10 10
42.7364 #3 606.665 218.574 50 6.77085 -10 10  #1 523.015 188.368 50 6.47105 0 0
42.9811 #1 523.015 188.368 50 6.47105 -10 10  #3 606.665 218.574 50 6.77085 -10 10
42.9811 #3 606.665 218.574 50 6.77085 -10 10  #1 523.015 188.368 50 6.47105 0 0
42.9811 #4 581.713 321.414 50 -1.34979 50.9745 49.0255  #3 606.665 218.574 50 6.77085 0 0
42.9811 #6 610.825 -416.837 50 5.45356 110 -10  #8 649.837 -317.372 50 -1.88 110 -10
42.9811 #8 649.837 -317.372 50 -1.88 110 -10  #6 610.825 -416.837 50 5.45356 0 0
43.2139 #1 523.015 188.368 50 6.47105 -10 10  #3 606.665 218.574 50 6.77085 -10 10
43.2139 #3 606.665 218.574 50 6.77085 -10 10  #1 523.015 188.368 50 6.47105 0 0
43.4466 #1 523.015 188.368 50 6.47105 -10 10  #3 606.665 218.574 50 6.77085 -10 10
43.4466 #3 606.665 218.574 50 6.77085 -10 10  #1 523.015 188.368 50 6.47105 0 0
43.4466 #4 581.713 321.414 50 -1.39634 51.3164 48.6836  #3 606.665 218.574 50 6.77085 0 0
43.4466 #6 610.825 -416.837 50 5.407 110 -10  #8 649.837 -317.372 50 -1.92656 110 -10
43.4466 #8 649.837 -317.372 50 -1.92656 110 -10  #6 610.825 -416.837 50 5.407 0 0
