1.63702 #4 -898.813 -851.913 50 1.52146 47.4359 52.5641
2.11932 #4 -897.372 -828.456 50 1.49735 47.4359 52.5641
2.58259 #1 -830.289 937.595 50 -0.179489 46.4325 53.5675
2.58259 #3 897.163 -829.863 50 1.65235 53.0647 46.9353
2.80888 #4 -894.229 -794.072 50 1.46194 47.4359 52.5641
2.80888 #6 841.399 44.0422 50 3.0435 55.1525 44.8475
3.2851 #1 -795.923 930.466 50 -0.229579 46.4325 53.5675
3.2851 #3 893.552 -794.95 50 1.69538 53.0647 46.9353
3.5241 #1 -783.925 927.55 50 -0.247198 46.4325 53.5675
3.5241 #3 891.925 -782.711 50 1.71052 53.0647 46.9353
3.5241 #4 -889.784 -759.231 50 1.42591 47.4359 52.5641
3.76105 #1 -772.364 924.528 50 -0.264251 46.4325 53.5675
3.97851 #3 888.267 -759.197 50 1.73969 53.0647 46.9353
3.97851 #7 -9.07252 -735.272 50 1.68084 51.6667 48.3333
4.2277 #1 -750.532 918.239 50 -0.296673 46.4325 53.5675
4.2277 #4 -884.17 -725.02 50 1.39035 47.4359 52.5641
4.45988 #1 -738.649 914.491 50 -0.314453 46.4325 53.5675
4.45988 #3 884.017 -736.255 50 1.76829 53.0647 46.9353
4.92447 #1 -716.083 906.724 50 -0.34851 46.4325 53.5675
4.92447 #3 878.992 -712.925 50 1.79755 53.0647 46.9353
4.92447 #8 -754.679 146.614 50 0.455837 42.731 57.269
5.16186 #6 724.386 45.7977 50 3.13354 48.6505 51.3495
5.61657 #3 870.666 -679.985 50 1.83921 53.0647 46.9353
6.08711 #3 863.998 -657.06 50 1.86847 53.0647 46.9353
6.58181 #1 -640.95 874.344 50 -0.465324 46.4325 53.5675
6.58181 #3 856.62 -634.216 50 1.8979 53.0647 46.9353
6.79925 #4 -852.344 -598.905 50 1.25685 47.4359 52.5641
7.0346 #1 -620.699 863.759 50 -0.497931 46.4325 53.5675
7.0346 #7 -33.3657 -585.383 50 1.78211 51.6667 48.3333
7.26403 #7 -35.8789 -573.887 50 1.78995 51.6667 48.3333
7.51318 #1 -600.47 852.324 50 -0.531093 46.4325 53.5675
7.51318 #6 595.097 51.3593 50 3.06367 0 0
7.9702 #1 -580.413 840.085 50 -0.564624 46.4325 53.5675
7.9702 #3 831.48 -569.352 50 1.98321 53.0647 46.9353
7.9702 #4 -832.946 -544.669 50 1.19776 47.4359 52.5641
8.19907 #6 595.097 51.3593 50 2.97226 30.806 69.194
8.19907 #7 -46.7597 -528.392 50 1.82114 51.6667 48.3333
8.44308 #1 -560.978 827.318 50 -0.597808 46.4325 53.5675
8.44308 #3 821.857 -548.183 50 2.01172 53.0647 46.9353
8.44308 #4 -824.213 -523.118 50 1.17391 47.4359 52.5641
8.44308 #7 -49.6369 -517.316 50 1.82877 51.6667 48.3333
8.67809 #1 -550.953 820.364 50 -0.615218 46.4325 53.5675
8.67809 #6 572.28 57.4314 50 2.79073 30.806 69.194
8.90497 #6 561.442 61.9621 50 2.70052 30.806 69.194
9.13119 #6 551.407 67.2454 50 2.61342 30.806 69.194
9.13119 #8 -539.122 175.694 50 -0.18764 0 0
9.60106 #1 -513.247 791.76 50 -0.682767 46.4325 53.5675
9.60106 #4 -799.538 -468.944 50 1.11285 47.4359 52.5641
9.60106 #6 524.032 88.5697 50 2.34621 0 0
9.83872 #3 789.255 -486.151 50 2.09765 53.0647 46.9353
10.0831 #3 783.205 -475.923 50 2.11222 53.0647 46.9353
10.3142 #1 -486.904 769.231 50 -0.732235 44.775 55.225
10.3142 #3 776.829 -465.497 50 2.1272 53.0647 46.9353
10.3142 #7 -76.5138 -427.044 50 1.89157 49.9122 50.0878
10.5532 #3 770.659 -455.731 50 2.14136 53.0647 46.9353
11.0164 #1 -461.597 744.738 50 -0.805859 47.6148 52.3852
11.0164 #5 -363.501 642.334 50 4.25092 56.5827 43.4173
11.4796 #1 -445.947 728.075 50 -0.827671 47.6148 52.3852
11.4796 #3 744.422 -417.305 50 2.19841 53.0647 46.9353
11.7165 #3 737.463 -407.857 50 2.21279 53.0647 46.9353
11.7165 #4 -747.475 -378.453 50 0.974091 46.3048 53.6952
11.9446 #1 -430.189 710.532 50 -0.85017 47.6148 52.3852
11.9446 #3 730.3 -398.42 50 2.22731 53.0647 46.9353
11.9446 #4 -740.732 -368.712 50 0.956579 46.3048 53.6952
11.9446 #5 -381.589 599.59 50 4.37321 56.5827 43.4173
12.2012 #1 -422.711 701.923 50 -0.86105 47.6148 52.3852
12.2012 #5 -385.221 588.78 50 4.40324 56.5827 43.4173
12.4228 #1 -414.411 692.141 50 -0.873289 47.6148 52.3852
12.8986 #1 -399.721 674.213 50 -0.895403 47.6148 52.3852
12.8986 #4 -712.074 -330.956 50 0.886504 46.3048 53.6952
12.8986 #5 -394.535 554.014 50 4.49805 56.5827 43.4173
12.8986 #6 501.037 115.191 50 2.58187 76.9806 23.0194
13.1301 #6 490.761 120.76 50 2.7081 76.9806 23.0194
13.3564 #3 684.79 -344.371 50 2.31396 53.0647 46.9353
13.3564 #6 479.982 124.953 50 2.83301 76.9806 23.0194
13.608 #6 456.535 129.211 50 3.0909 0 0
14.0781 #1 -364.801 628.066 50 -0.950624 47.6148 52.3852
14.0781 #2 431.109 598.365 50 4.32967 52.601 47.399
14.0781 #5 -402.497 496.743 50 4.65044 56.5827 43.4173
14.0781 #7 -128.487 -248.605 50 1.32678 37.678 62.322
14.0781 #8 -424.113 47.4036 50 -1.20781 0 0
14.2947 #3 651.722 -310.42 50 2.37207 53.0647 46.9353
14.2947 #7 -125.007 -236.297 50 1.26373 37.678 62.322
14.7799 #1 -344.418 598.465 50 -0.984915 47.6148 52.3852
14.7799 #4 -647.926 -262.597 50 0.74783 41.4569 58.5431
14.7799 #5 -403.023 460.818 50 4.74508 56.5827 43.4173
14.7799 #7 -116.767 -214.677 50 1.14963 37.678 62.322
14.7799 #8 -424.113 47.4036 50 -1.30041 59.2326 40.7674
15.0117 #1 -337.873 588.479 50 -0.996308 47.6148 52.3852
15.0117 #8 -420.671 35.9709 50 -1.25632 59.2326 40.7674
15.0117 #8 -416.852 25.032 50 -1.21352 0 0
15.2385 #3 617.286 -278.919 50 2.42929 53.0647 46.9353
15.2385 #4 -630.052 -247.307 50 0.66743 41.4569 58.5431
15.4699 #1 -325.624 569.095 50 -1.01818 47.6148 52.3852
15.4699 #3 608.65 -271.565 50 2.44319 53.0647 46.9353
15.4699 #4 -621.01 -240.461 50 0.62867 41.4569 58.5431
15.697 #4 -611.52 -233.843 50 0.589134 41.4569 58.5431
15.9466 #4 -591.186 -221.421 50 0.507684 0 0
15.9466 #7 -85.9955 -165.985 50 0.864767 37.678 62.322
16.175 #3 571.944 -242.502 50 2.50059 0 0
16.175 #6 445.968 133.449 50 2.89728 0 0
16.175 #7 -77.6119 -156.744 50 0.803259 37.678 62.322
16.4027 #8 -411.882 14.8306 50 -1.25404 0 0
16.6487 #7 -60.8898 -141.257 50 0.690864 37.678 62.322
17.106 #5 -381.426 346.412 50 5.05286 56.5827 43.4173
17.3344 #2 380.621 442.235 50 4.3915 46.7479 53.2521
17.3344 #4 -591.186 -221.421 50 0.275803 67.2539 32.7461
17.3344 #5 -377.474 335.765 50 5.08276 56.5827 43.4173
17.3344 #7 -31.9855 -121.304 50 0.517536 37.678 62.322
17.5688 #2 376.939 431.426 50 4.37665 46.7479 53.2521
17.5688 #4 -580.332 -217.882 50 0.354615 67.2539 32.7461
18.0383 #2 368.457 408.314 50 4.34462 46.7479 53.2521
18.0383 #7 10.9741 -103.691 50 0.16751 0 0
18.2811 #2 364.587 398.472 50 4.33086 46.7479 53.2521
18.5153 #2 359.979 387.244 50 4.31508 46.7479 53.2521
18.5153 #3 498.122 -208.145 50 2.86186 67.4702 32.5298
18.5153 #5 -352.065 282.856 50 5.23746 56.5827 43.4173
18.9772 #2 350.687 366.003 50 4.28492 46.7479 53.2521
18.9772 #3 463.835 -202.678 50 3.10509 0 0
18.9772 #4 -522.623 -178.574 50 0.841299 67.2539 32.7461
18.9772 #4 -515.234 -169.61 50 0.921497 0 0
18.9772 #5 -339.837 263.161 50 5.29851 56.5827 43.4173
19.2171 #1 -242.171 402.101 50 -1.19654 47.6148 52.3852
19.2171 #5 -333.263 253.58 50 5.32911 56.5827 43.4173
19.4451 #2 340.568 344.666 50 4.2542 46.7479 53.2521
19.4451 #5 -326.171 243.906 50 5.36069 56.5827 43.4173
19.6847 #2 335.449 334.478 50 4.23937 46.7479 53.2521
19.6847 #5 -311.49 225.717 50 5.42225 0 0
19.9155 #2 329.91 323.86 50 4.22379 46.7479 53.2521
20.624 #1 -218.965 335.862 50 -1.30975 37.5822 62.4178
20.8589 #2 306.611 283.088 50 4.16269 46.7479 53.2521
20.8589 #2 300.399 273.121 50 4.14741 0 0
21.1035 #4 -490.087 -145.836 50 0.465212 23.7184 76.2816
21.3427 #1 -212.816 300.334 50 -1.48909 37.5822 62.4178
21.3427 #1 -212.195 288.393 50 -1.54849 0 0
21.3427 #4 -478.833 -141.066 50 0.336629 23.7184 76.2816
21.5552 #4 -456.835 -136.195 50 0.0992089 0 0
21.8008 #6 415.207 98.0602 50 4.1596 0 0
21.8008 #7 10.9741 -103.691 50 0.320541 3.71787 96.2821
21.8008 #7 22.9676 -101.174 50 0.0931796 0 0
22.024 #2 300.399 273.121 50 4.14228 31.4697 68.5303
22.024 #5 -311.49 225.717 50 5.84548 31.9202 68.0798
22.2578 #8 -364.256 -47.2372 50 -0.113649 71.8648 28.1352
22.51 #1 -212.779 276.729 50 -1.55688 0 0
22.51 #5 -291.688 214.37 50 5.68024 0 0
22.51 #2 286.501 255.02 50 3.97292 31.4697 68.5303
22.51 #8 -352.597 -47.9673 50 -0.0114356 71.8648 28.1352
22.9771 #1 -212.779 276.729 50 -1.60466 0 0
22.9771 #5 -291.688 214.37 50 5.63246 0 0
23.1964 #8 -317.159 -42.7618 50 0.303129 71.8648 28.1352
23.4344 #1 -212.779 276.729 50 -1.64852 0 0
23.4344 #5 -291.688 214.37 50 5.5886 0 0
23.4344 #2 249.537 226.486 50 3.62505 31.4697 68.5303
23.4344 #6 410.41 87.216 50 4.15318 0 0
23.6644 #2 238.772 221.426 50 3.53686 31.4697 68.5303
23.6644 #3 441.769 -195.301 50 2.63521 0 0
23.6644 #8 -296.162 -33.8077 50 0.503093 71.8648 28.1352
23.6644 #8 -286.383 -27.7663 50 0.603669 0 0
23.8994 #1 -212.779 276.729 50 -1.69452 0 0
23.8994 #5 -291.688 214.37 50 5.5426 0 0
23.8994 #2 216.652 214.362 50 3.36453 0 0
24.3769 #1 -212.779 276.729 50 -1.74353 0 0
24.3769 #5 -291.688 214.37 50 5.49359 0 0
24.8472 #1 -212.779 276.729 50 -1.7923 0 0
24.8472 #5 -291.688 214.37 50 5.44481 0 0
25.3096 #1 -212.779 276.729 50 -1.83763 0 0
25.3096 #5 -291.688 214.37 50 5.39949 0 0
25.7851 #1 -212.779 276.729 50 -1.88333 0 0
25.7851 #5 -291.688 214.37 50 5.35378 0 0
25.7851 #2 216.652 214.362 50 3.03678 97.2284 2.7716
25.7851 #2 204.335 214.217 50 3.27002 0 0
26.265 #1 -212.779 276.729 50 -1.9295 0 0
26.265 #5 -291.688 214.37 50 5.30762 0 0
26.4896 #7 22.9676 -101.174 50 -0.799664 63.7595 36.2405
26.4896 #8 -286.383 -27.7663 50 1.12379 28.4947 71.5053
26.7208 #1 -212.779 276.729 50 -1.97442 0 0
26.7208 #5 -291.688 214.37 50 5.2627 0 0
26.7208 #3 435.16 -185.85 50 2.29192 0 0
26.7208 #4 -422.976 -140.936 50 0.283606 54.0825 45.9175
26.7208 #7 31.0392 -108.981 50 -0.737849 63.7595 36.2405
26.9443 #4 -411.912 -137.598 50 0.302478 54.0825 45.9175
26.9443 #8 -274.588 -8.31066 50 0.927765 28.4947 71.5053
27.2048 #1 -212.779 276.729 50 -2.01913 0 0
27.2048 #5 -291.688 214.37 50 5.21799 0 0
27.2048 #4 -401.274 -134.171 50 0.32073 54.0825 45.9175
27.2048 #8 -267.467 0.298195 50 0.831621 28.4947 71.5053
27.4354 #7 69.7521 -135.907 50 -0.477578 0 0
27.6673 #1 -212.779 276.729 50 -2.06525 0 0
27.6673 #5 -291.688 214.37 50 5.17187 0 0
28.1212 #1 -212.779 276.729 50 -2.11122 0 0
28.1212 #5 -291.688 214.37 50 5.1259 0 0
28.6024 #1 -212.779 276.729 50 -2.15959 0 0
28.6024 #5 -291.688 214.37 50 5.07753 0 0
28.6024 #2 173.999 197.198 50 3.65925 14.255 85.745
28.6024 #8 -199.98 47.9654 50 0.615015 0 0
28.835 #2 163.141 192.191 50 3.48808 14.255 85.745
28.835 #2 151.927 189.167 50 3.32181 0 0
28.835 #4 -324.157 -103.809 50 0.408802 51.5527 48.4473
29.0602 #1 -212.779 276.729 50 -2.2061 0 0
29.0602 #5 -291.688 214.37 50 5.03102 0 0
29.3009 #4 -303.218 -94.5606 50 0.423019 51.5527 48.4473
29.535 #1 -212.779 276.729 50 -2.25424 0 0
29.535 #5 -291.688 214.37 50 4.98288 0 0
29.535 #6 398.446 88.5134 50 3.03914 52.3123 47.6877
30.0129 #6 375.553 90.6214 50 3.0604 52.3123 47.6877
30.2423 #1 -212.779 276.729 50 -2.34981 0 0
30.2423 #5 -291.688 214.37 50 4.88731 0 0
30.4717 #3 423.78 -184.49 50 3.09505 81.5392 18.4608
30.4717 #4 -249.782 -69.3143 50 0.459727 51.5527 48.4473
30.4717 #6 340.08 92.9214 50 3.09329 0 0
30.4717 #7 102.407 -149.406 50 -0.582168 0 0
30.7033 #1 -212.779 276.729 50 -2.3957 0 0
30.7033 #5 -291.688 214.37 50 4.84142 0 0
30.7033 #8 -168.633 63.6871 50 0.179375 9.84255 90.1574
30.7033 #8 -157.114 64.6846 50 -0.00662219 0 0
30.9372 #3 389.827 -190.41 50 3.53336 0 0
31.1635 #1 -212.779 276.729 50 -2.44247 0 0
31.1635 #5 -291.688 214.37 50 4.79465 0 0
31.6486 #1 -212.779 276.729 50 -2.49016 0 0
31.6486 #5 -291.688 214.37 50 4.74695 0 0
31.8771 #4 -187.471 -36.7506 50 0.503398 0 0
31.8771 #8 -157.114 64.6846 50 0.182426 0 0
32.1104 #1 -212.779 276.729 50 -2.53587 0 0
32.1104 #5 -291.688 214.37 50 4.70124 0 0
32.1104 #6 281.437 91.6498 50 3.14017 0 0
32.344 #4 -187.471 -36.7506 50 0.456736 0 0
32.344 #8 -157.114 64.6846 50 0.135764 0 0
32.8215 #1 -212.779 276.729 50 -2.62827 0 0
32.8215 #4 -187.471 -36.7506 50 0.41106 0 0
32.8215 #5 -291.688 214.37 50 4.60884 0 0
32.8215 #8 -157.114 64.6846 50 0.0900878 0 0
32.8215 #6 281.437 91.6498 50 3.04777 85.9261 14.0739
33.0387 #6 268.999 91.7037 50 3.22675 85.9261 14.0739
33.0387 #6 258.295 89.9414 50 3.3828 0 0
33.2948 #1 -212.779 276.729 50 -2.67171 0 0
33.2948 #5 -291.688 214.37 50 4.56541 0 0
33.2948 #4 -187.471 -36.7506 50 0.367623 51.9716 48.0284
33.5225 #4 -175.544 -32.0877 50 0.377722 0 0
33.5225 #8 -144.318 64.4643 50 -0.0810775 0 0
33.5225 #2 94.792 163.486 50 4.41465 74.4283 25.5717
33.7487 #1 -212.779 276.729 50 -2.71725 0 0
33.7487 #5 -291.688 214.37 50 4.51986 0 0
33.9817 #4 -175.544 -32.0877 50 0.33249 0 0
33.9817 #8 -144.318 64.4643 50 -0.126309 0 0
34.2234 #1 -212.779 276.729 50 -2.76385 0 0
34.2234 #5 -291.688 214.37 50 4.47327 0 0
34.2234 #2 90.3624 129.592 50 4.75023 74.4283 25.5717
34.4525 #4 -175.544 -32.0877 50 0.284142 0 0
34.4525 #8 -144.318 64.4643 50 -0.174657 0 0
34.7062 #1 -212.779 276.729 50 -2.80968 0 0
34.7062 #5 -291.688 214.37 50 4.42744 0 0
34.9303 #4 -175.544 -32.0877 50 0.233421 0 0
34.9303 #8 -144.318 64.4643 50 -0.225378 0 0
34.9303 #2 98.0441 94.3847 50 5.10418 81.149 18.851
34.9303 #7 162.05 -167.854 50 0.546837 70.401 29.599
35.1603 #1 -212.779 276.729 50 -2.85451 0 0
35.1603 #5 -291.688 214.37 50 4.38261 0 0
35.1603 #7 171.344 -161.596 50 0.6383 70.401 29.599
35.392 #4 -175.544 -32.0877 50 0.187427 0 0
35.392 #8 -144.318 64.4643 50 -0.271372 0 0
35.392 #2 109.548 74.8958 50 5.3871 81.149 18.851
35.392 #3 317.35 -189.05 50 2.53047 39.0345 60.9655
35.6256 #1 -212.779 276.729 50 -2.90085 0 0
35.6256 #5 -291.688 214.37 50 4.33626 0 0
35.6256 #7 188.482 -146.182 50 0.826675 70.401 29.599
35.8519 #3 299.008 -174.752 50 2.42842 0 0
35.8519 #4 -175.544 -32.0877 50 0.140703 0 0
35.8519 #7 195.973 -137.225 50 0.921996 0 0
35.8519 #8 -144.318 64.4643 50 -0.318096 0 0
35.8519 #2 136.216 53.3022 50 5.81796 0 0
36.0904 #1 -212.779 276.729 50 -2.94611 0 0
36.0904 #5 -291.688 214.37 50 4.29101 0 0
36.3219 #3 299.008 -174.752 50 2.38072 0 0
36.3219 #4 -175.544 -32.0877 50 0.0930075 0 0
36.3219 #7 195.973 -137.225 50 0.8743 0 0
36.3219 #8 -144.318 64.4643 50 -0.365792 0 0
36.8095 #1 -223.974 273.39 50 -2.7111 0 0
36.8095 #3 299.008 -174.752 50 2.33384 0 0
36.8095 #4 -175.544 -32.0877 50 0.0461225 0 0
36.8095 #5 -295.44 203.306 50 4.52602 0 0
36.8095 #7 195.973 -137.225 50 0.827415 0 0
36.8095 #8 -144.318 64.4643 50 -0.412677 0 0
36.8095 #6 241.316 72.4974 50 3.84156 0 0
37.2711 #1 -223.974 273.39 50 -2.75394 0 0
37.2711 #3 299.008 -174.752 50 2.29099 0 0
37.2711 #4 -175.544 -32.0877 50 0.00328049 0 0
37.2711 #5 -295.44 203.306 50 4.48318 0 0
37.2711 #7 195.973 -137.225 50 0.784573 0 0
37.2711 #8 -144.318 64.4643 50 -0.455519 0 0
37.7464 #1 -223.974 273.39 50 -2.79943 0 0
37.7464 #3 299.008 -174.752 50 2.2455 0 0
37.7464 #4 -175.544 -32.0877 50 -0.0422085 0 0
37.7464 #5 -295.44 203.306 50 4.43769 0 0
37.7464 #7 195.973 -137.225 50 0.739084 0 0
37.7464 #8 -144.318 64.4643 50 -0.501008 0 0
38.2136 #1 -223.974 273.39 50 -2.8449 0 0
38.2136 #3 299.008 -174.752 50 2.20004 0 0
38.2136 #4 -175.544 -32.0877 50 -0.0876775 0 0
38.2136 #5 -295.44 203.306 50 4.39222 0 0
38.2136 #7 195.973 -137.225 50 0.693615 0 0
38.2136 #8 -144.318 64.4643 50 -0.546477 0 0
38.4489 #2 136.216 53.3022 50 6.10344 0 0
38.4489 #6 241.316 72.4974 50 3.65666 0 0
38.6716 #1 -223.974 273.39 50 -2.89196 0 0
38.6716 #3 299.008 -174.752 50 2.15297 0 0
38.6716 #4 -175.544 -32.0877 50 -0.134739 0 0
38.6716 #5 -295.44 203.306 50 4.34516 0 0
38.6716 #7 195.973 -137.225 50 0.646554 0 0
38.6716 #8 -144.318 64.4643 50 -0.593538 0 0
38.9189 #2 136.216 53.3022 50 6.05889 0 0
38.9189 #6 241.316 72.4974 50 3.61211 0 0
39.1492 #3 299.008 -174.752 50 2.10353 0 0
39.1492 #4 -175.544 -32.0877 50 -0.184181 0 0
39.1492 #7 195.973 -137.225 50 0.597112 0 0
39.1492 #8 -144.318 64.4643 50 -0.64298 0 0
39.376 #1 -234.802 269.579 50 -2.66502 0 0
39.376 #2 136.216 53.3022 50 6.01282 0 0
39.376 #5 -298.596 192.269 50 4.57209 0 0
39.376 #6 241.316 72.4974 50 3.56604 0 0
39.6201 #3 299.008 -174.752 50 2.05817 0 0
39.6201 #4 -175.544 -32.0877 50 -0.229544 0 0
39.6201 #7 195.973 -137.225 50 0.551749 0 0
39.6201 #8 -144.318 64.4643 50 -0.688343 0 0
39.858 #1 -234.802 269.579 50 -2.71385 0 0
39.858 #2 136.216 53.3022 50 5.964 0 0
39.858 #5 -298.596 192.269 50 4.52327 0 0
39.858 #6 241.316 72.4974 50 3.51722 0 0
40.0813 #3 299.008 -174.752 50 2.01059 0 0
40.0813 #4 -175.544 -32.0877 50 -0.277122 0 0
40.0813 #7 195.973 -137.225 50 0.504171 0 0
40.0813 #8 -144.318 64.4643 50 -0.735921 0 0
40.3145 #1 -234.802 269.579 50 -2.75851 0 0
40.3145 #2 136.216 53.3022 50 5.91934 0 0
40.3145 #5 -298.596 192.269 50 4.47861 0 0
40.3145 #6 241.316 72.4974 50 3.47256 0 0
40.549 #3 299.008 -174.752 50 1.96394 0 0
40.549 #4 -175.544 -32.0877 50 -0.323772 0 0
40.549 #7 195.973 -137.225 50 0.457521 0 0
40.549 #8 -144.318 64.4643 50 -0.782571 0 0
40.7809 #2 136.216 53.3022 50 5.87245 0 0
40.7809 #6 241.316 72.4974 50 3.42567 0 0
41.0296 #1 -245.081 264.289 50 -2.52705 0 0
41.0296 #3 299.008 -174.752 50 1.91755 0 0
41.0296 #4 -175.544 -32.0877 50 -0.370162 0 0
41.0296 #5 -300.226 180.825 50 4.71006 0 0
41.0296 #7 195.973 -137.225 50 0.411131 0 0
41.0296 #8 -144.318 64.4643 50 -0.828961 0 0
41.2557 #2 136.216 53.3022 50 5.82271 0 0
41.2557 #6 241.316 72.4974 50 3.37593 0 0
41.4815 #1 -245.081 264.289 50 -2.57226 0 0
41.4815 #3 299.008 -174.752 50 1.87234 0 0
41.4815 #4 -175.544 -32.0877 50 -0.415371 0 0
41.4815 #5 -300.226 180.825 50 4.66486 0 0
41.4815 #7 195.973 -137.225 50 0.365922 0 0
41.4815 #8 -144.318 64.4643 50 -0.87417 0 0
41.7266 #2 136.216 53.3022 50 5.77756 0 0
41.7266 #6 241.316 72.4974 50 3.33078 0 0
41.9506 #1 -245.081 264.289 50 -2.62129 0 0
41.9506 #3 299.008 -174.752 50 1.82331 0 0
41.9506 #4 -175.544 -32.0877 50 -0.464404 0 0
41.9506 #5 -300.226 180.825 50 4.61582 0 0
41.9506 #7 195.973 -137.225 50 0.316889 0 0
41.9506 #8 -144.318 64.4643 50 -0.923203 0 0
42.1869 #2 136.216 53.3022 50 5.73275 0 0
42.1869 #6 241.316 72.4974 50 3.28597 0 0
42.4197 #3 299.008 -174.752 50 1.77605 0 0
42.4197 #7 195.973 -137.225 50 0.269634 0 0
42.6486 #2 136.216 53.3022 50 5.68619 0 0
42.6486 #4 -175.544 -32.0877 50 -0.558223 0 0
42.6486 #6 241.316 72.4974 50 3.23941 0 0
42.6486 #8 -144.318 64.4643 50 -1.01702 0 0
42.9 #1 -254.723 258.192 50 -2.44045 0 0
42.9 #3 299.008 -174.752 50 1.73028 0 0
42.9 #5 -300.831 169.433 50 4.79667 0 0
42.9 #7 195.973 -137.225 50 0.223857 0 0
43.1284 #2 136.216 53.3022 50 5.63591 0 0
43.1284 #4 -175.544 -32.0877 50 -0.608502 0 0
43.1284 #6 241.316 72.4974 50 3.18913 0 0
43.1284 #8 -144.318 64.4643 50 -1.0673 0 0
43.3562 #1 -254.723 258.192 50 -2.48613 0 0
43.3562 #3 299.008 -174.752 50 1.6846 0 0
43.3562 #5 -300.831 169.433 50 4.75098 0 0
43.3562 #7 195.973 -137.225 50 0.178176 0 0
43.5981 #2 136.216 53.3022 50 5.59035 0 0
43.5981 #4 -175.544 -32.0877 50 -0.654064 0 0
43.5981 #6 241.316 72.4974 50 3.14357 0 0
43.5981 #8 -144.318 64.4643 50 -1.11286 0 0
43.834 #1 -254.723 258.192 50 -2.5345 0 0
43.834 #3 299.008 -174.752 50 1.63623 0 0
43.834 #5 -300.831 169.433 50 4.70262 0 0
43.834 #7 195.973 -137.225 50 0.129808 0 0
44.0563 #4 -175.544 -32.0877 50 -0.701246 0 0
44.0563 #8 -144.318 64.4643 50 -1.16005 0 0
44.0563 #2 144.617 46.0234 50 5.59533 0 0
44.3081 #1 -254.723 258.192 50 -2.57897 0 0
44.3081 #3 299.008 -174.752 50 1.59176 0 0
44.3081 #5 -300.831 169.433 50 4.65815 0 0
44.3081 #7 195.973 -137.225 50 0.0853401 0 0
44.547 #4 -175.544 -32.0877 50 -0.751605 0 0
44.547 #8 -144.318 64.4643 50 -1.2104 0 0
44.7622 #3 299.008 -174.752 50 1.54398 0 0
44.7622 #7 195.973 -137.225 50 0.0375581 0 0
45.0095 #1 -263.303 251.751 50 -2.36856 0 0
45.0095 #5 -300.541 158.709 50 4.86855 0 0
45.2309 #2 144.617 46.0234 50 5.78596 0 0
45.2309 #4 -175.544 -32.0877 50 -0.84409 0 0
45.2309 #6 241.316 72.4974 50 3.33148 0 0
45.2309 #8 -144.318 64.4643 50 -1.30289 0 0
45.4818 #3 299.588 -163.694 50 1.54227 0 0
45.4818 #7 195.973 -137.225 50 -0.0561899 0 0
45.7046 #2 144.617 46.0234 50 5.73578 0 0
45.7046 #4 -175.544 -32.0877 50 -0.894265 0 0
45.7046 #6 241.316 72.4974 50 3.2813 0 0
45.7046 #8 -144.318 64.4643 50 -1.35306 0 0
45.9342 #3 299.588 -163.694 50 1.49772 0 0
45.9342 #7 195.973 -137.225 50 -0.100742 0 0
