7.73398 #6 595.097 51.3593 50 3.01951 -10 10  #11 487 63 62 88
10.3142 #8 -539.122 175.694 50 -0.424239 -10 10  #17 -425 125 125 88
11.7165 #6 524.032 88.5697 50 1.92311 -10 10  #12 487 187 62 88
13.1301 #7 -124.163 -282.338 50 1.88622 49.9122 50.0878  #15 -175 -125 125 88
15.9466 #8 -416.852 25.032 50 -1.02653 10 -10  #24 -363 -63 62 88
16.4027 #3 571.944 -242.502 50 2.54613 10 -10  #7 487 -187 62 88
20.624 #6 445.968 133.449 50 3.78707 10 -10  #44 394 94 31 88
21.3427 #3 463.835 -202.678 50 2.63199 10 -10  #51 409 -171 15 88
21.3427 #7 10.9741 -103.691 50 0.363043 -10 10  #37 113 -63 62 88
21.5552 #2 300.399 273.121 50 4.09316 10 -10  #20 237 187 62 88
21.5552 #5 -311.49 225.717 50 5.79635 10 -10  #61 -237 187 62 88
22.9771 #6 415.207 98.0602 50 4.39487 10 -10  #43 394 32 31 88
25.3096 #2 216.652 214.362 50 3.08249 -10 10  #32 144 218 31 88
25.5381 #4 -456.835 -136.195 50 -0.512505 -10 10  #23 -363 -187 62 88
26.0159 #7 22.9676 -101.174 50 -0.749835 -10 10  #49 82 -156 31 88
26.0159 #8 -286.383 -27.7663 50 1.07397 10 -10  #62 -237 63 62 88
26.265 #3 441.769 -195.301 50 2.11508 -10 10  #52 409 -141 15 88
28.1212 #2 184.52 203.158 50 3.65481 50.9184 49.0816  #57 129 171 15 88
29.535 #7 69.7521 -135.907 50 -0.246962 10 -10  #48 144 -156 31 88
29.535 #8 -199.98 47.9654 50 0.705257 10 -10  #65 -144 94 31 88
29.7607 #3 435.16 -185.85 50 2.89991 10 -10  #54 379 -171 15 88
30.7033 #6 340.08 92.9214 50 3.1396 10 -10  #28 268 94 31 88
31.6486 #2 151.927 189.167 50 2.7591 -10 10  #33 82 218 31 88
32.344 #6 281.437 91.6498 50 3.09345 -10 10  #29 206 94 31 88
32.8215 #3 389.827 -190.41 50 3.91022 10 -10  #67 347 -233 15 88
33.0387 #7 102.407 -149.406 50 -1.09556 -10 10  #77 129 -203 15 88
36.0904 #6 258.295 89.9414 50 3.99314 10 -10  #80 221 47 15 88
37.9738 #2 136.216 53.3022 50 6.1514 -10 10  #81 191 47 15 88
44.7622 #2 144.617 46.0234 50 5.7365 10 -10  #82 191 17 15 88
