0.70465 décomposition 0
4.00321 désintégration 0
6.56612 décontamination 64
8.20797 décomposition 57
8.43918 désintégration 57
11.9741 décontamination 60
12.2027 décomposition 54
12.9103 décomposition 52
15.0198 décontamination 54
15.0198 décontamination 56
18.7568 décontamination 58
19.688 décontamination 61
20.1619 décomposition 58
21.5667 décontamination 59
22.2738 désintégration 59
23.207 décontamination 63
24.3772 décomposition 62
24.8492 décontamination 63
24.8492 décomposition 62
25.0823 décontamination 62
26.0221 désintégration 62
26.9603 décontamination 63
26.9603 décontamination 63
28.3657 décontamination 64
28.6023 décontamination 65
29.0788 décontamination 65
30.014 désintégration 65
31.4267 décontamination 66
32.8284 décontamination 67
34.2249 décontamination 68
