0.713895 #3 900 -900 50 1.5708 52.7778 47.2222
0.95402 #3 899.924 -888.311 50 1.58378 52.7778 47.2222
1.17832 #3 899.688 -876.307 50 1.59713 52.7778 47.2222
1.17832 #4 -899.688 -876.307 50 1.54447 47.2222 52.7778
1.41948 #3 899.323 -865.098 50 1.60959 52.7778 47.2222
1.66317 #3 898.775 -853.053 50 1.62298 52.7778 47.2222
1.66317 #4 -898.775 -853.053 50 1.51861 47.2222 52.7778
2.11084 #3 897.198 -829.039 50 1.64972 52.7778 47.2222
2.11084 #4 -897.198 -829.039 50 1.49187 47.2222 52.7778
2.35133 #3 896.309 -818.574 50 1.66139 52.7778 47.2222
2.60251 #3 895.141 -806.607 50 1.67475 52.7778 47.2222
2.60251 #4 -895.141 -806.607 50 1.46684 47.2222 52.7778
2.82849 #3 893.751 -794.125 50 1.68871 52.7778 47.2222
3.06238 #3 892.351 -782.913 50 1.70126 52.7778 47.2222
3.28125 #3 890.755 -771.328 50 1.71426 52.7778 47.2222
3.53377 #3 889.124 -760.507 50 1.72642 52.7778 47.2222
3.76388 #3 887.08 -748.048 50 1.74044 52.7778 47.2222
4.45115 #1 -737.128 949.881 50 -0.015011 46.7533 53.2467
4.45115 #2 737.128 949.881 50 3.1566 53.2467 46.7533
4.69456 #4 -878.187 -703.054 50 1.35018 47.2222 52.7778
4.94472 #3 875.444 -691.197 50 1.80493 52.7778 47.2222
5.16651 #3 872.457 -679.051 50 1.81883 52.7778 47.2222
5.16651 #4 -872.457 -679.051 50 1.32276 47.2222 52.7778
5.40547 #2 689.939 947.723 50 3.21796 53.2467 46.7533
5.40547 #3 869.669 -668.318 50 1.83115 52.7778 47.2222
5.40547 #4 -869.669 -668.318 50 1.31044 47.2222 52.7778
5.63333 #4 -866.516 -656.793 50 1.29716 47.2222 52.7778
6.09176 #1 -655.112 944.26 50 -0.121824 46.7533 53.2467
6.56738 #3 852.614 -611.817 50 1.89674 52.7778 47.2222
6.56738 #4 -852.614 -611.817 50 1.24485 47.2222 52.7778
7.02924 #4 -844.976 -590.136 50 1.21931 47.2222 52.7778
7.28213 #2 597.729 935.025 50 3.33892 53.2467 46.7533
7.28213 #4 -841.083 -579.72 50 1.20696 47.2222 52.7778
7.50973 #4 -836.501 -567.935 50 1.19291 47.2222 52.7778
7.74837 #1 -574.248 929.949 50 -0.228524 46.7533 53.2467
7.74837 #3 832.235 -557.385 50 1.96133 52.7778 47.2222
7.9786 #1 -562.648 927.156 50 -0.244019 46.7533 53.2467
7.9786 #3 827.62 -546.382 50 1.97459 52.7778 47.2222
7.9786 #4 -827.62 -546.382 50 1.167 47.2222 52.7778
8.20816 #3 823.029 -535.825 50 1.98738 52.7778 47.2222
8.20816 #4 -823.029 -535.825 50 1.15421 47.2222 52.7778
8.45878 #3 818.318 -525.359 50 2.00013 52.7778 47.2222
8.45878 #4 -818.318 -525.359 50 1.14146 47.2222 52.7778
8.67857 #1 -528.39 917.782 50 -0.290149 46.7533 53.2467
8.90995 #1 -517.882 914.563 50 -0.304421 46.7533 53.2467
9.15029 #3 803.093 -493.747 50 2.03912 52.7778 47.2222
9.15029 #4 -803.093 -493.747 50 1.10247 47.2222 52.7778
9.39438 #1 -495.492 907.149 50 -0.335052 46.7533 53.2467
9.39438 #4 -797.597 -483.06 50 1.08912 47.2222 52.7778
9.6195 #2 483.998 903.045 50 3.4925 53.2467 46.7533
9.6195 #3 791.87 -472.283 50 2.06603 52.7778 47.2222
9.6195 #4 -791.87 -472.283 50 1.07556 47.2222 52.7778
10.314 #3 774.481 -441.546 50 2.10528 53.8087 46.1913
11.2683 #1 -409.318 870.701 50 -0.474057 45.8104 54.1896
11.4899 #1 -398.47 864.994 50 -0.494598 45.8104 54.1896
11.4899 #4 -742.551 -392.699 50 0.94738 46.1913 53.8087
11.7179 #3 736.179 -383.634 50 2.19287 51.8564 48.1436
11.7179 #4 -736.006 -383.758 50 0.9305 46.1913 53.8087
11.9575 #3 729.495 -374.395 50 2.20134 51.8564 48.1436
11.9575 #4 -729.115 -374.673 50 0.913127 46.1913 53.8087
12.4299 #2 358.221 841.008 50 3.72989 54.9125 45.0875
12.4299 #4 -713.837 -355.636 50 0.875937 46.1913 53.8087
12.6555 #1 -348.77 834.981 50 -0.591936 45.8104 54.1896
12.6555 #4 -706.6 -347.103 50 0.858891 46.1913 53.8087
12.9021 #1 -339.468 828.598 50 -0.610841 45.8104 54.1896
13.1399 #4 -690.86 -329.51 50 0.822924 46.1913 53.8087
13.3668 #1 -319.915 814.308 50 -0.65143 45.8104 54.1896
13.3668 #3 686.079 -318.1 50 2.25413 51.8564 48.1436
13.3668 #4 -682.693 -320.864 50 0.804805 46.1913 53.8087
13.8406 #4 -666.183 -304.302 50 0.769175 46.1913 53.8087
14.0729 #1 -292.694 792.26 50 -0.710143 45.8104 54.1896
14.3078 #4 -649.189 -288.424 50 0.73374 46.1913 53.8087
14.7718 #4 -631.699 -273.205 50 0.698418 46.1913 53.8087
14.9998 #1 -258.61 760.561 50 -0.788167 45.8104 54.1896
14.9998 #3 632.678 -256.425 50 2.31472 51.8564 48.1436
15.2391 #1 -250.649 752.401 50 -0.807272 45.8104 54.1896
15.4689 #1 -242.463 743.676 50 -0.827322 45.8104 54.1896
15.4689 #4 -604.206 -251.349 50 0.644903 46.1913 53.8087
15.7216 #1 -234.769 735.145 50 -0.846575 45.8104 54.1896
16.1794 #1 -218.951 716.507 50 -0.887545 45.8104 54.1896
16.4074 #4 -565.653 -224.456 50 0.573274 46.1913 53.8087
16.6668 #1 -205.091 698.81 50 -0.925217 45.8104 54.1896
16.6668 #4 -556.023 -218.357 50 0.555906 46.1913 53.8087
16.8873 #1 -197.4 688.366 50 -0.946953 45.8104 54.1896
17.1242 #1 -191.043 679.359 50 -0.965429 45.8104 54.1896
17.3487 #1 -184.398 669.551 50 -0.985283 45.8104 54.1896
17.602 #4 -515.187 -194.973 50 0.4842 46.1913 53.8087
17.8196 #4 -503.925 -189.187 50 0.46491 46.1913 53.8087
18.0539 #4 -494.159 -184.39 50 0.448333 46.1913 53.8087
18.2825 #3 516.311 -140.752 50 2.37086 49.8569 50.1431
18.2825 #4 -483.554 -179.405 50 0.430481 46.1913 53.8087
18.5344 #3 508.114 -132.787 50 2.37021 49.8569 50.1431
18.5344 #4 -473.127 -174.726 50 0.413068 46.1913 53.8087
19.2314 #4 -440.282 -161.376 50 0.359048 46.1913 53.8087
19.4578 #3 474.144 -99.6653 50 2.36749 49.8569 50.1431
19.6984 #4 -418.322 -153.576 50 0.323541 46.1913 53.8087
19.9213 #3 457.458 -83.331 50 2.36615 49.8569 50.1431
20.3972 #3 440.981 -67.1574 50 2.36483 49.8569 50.1431
21.101 #4 -350.834 -132.126 50 0.367002 56.7869 43.2131
21.332 #1 -103.893 488.745 50 -1.3185 45.8104 54.1896
21.332 #3 407.478 -34.1388 50 2.36214 49.8569 50.1431
21.5776 #4 -329.753 -123.261 50 0.429095 56.7869 43.2131
21.8108 #3 390.54 -17.3779 50 2.36077 49.8569 50.1431
21.8108 #4 -318.675 -117.968 50 0.462429 56.7869 43.2131
22.0389 #1 -96.0602 454.133 50 -1.37798 45.8104 54.1896
22.5073 #4 -288.13 -100.884 50 0.557476 56.7869 43.2131
22.7332 #2 144.947 401.067 50 4.83797 55.7795 44.2205
22.7332 #4 -278.489 -94.6629 50 0.588626 56.7869 43.2131
22.9691 #1 -88.9799 408.572 50 -1.45527 45.8104 54.1896
22.9691 #2 146.509 389.877 50 4.86408 55.7795 44.2205
22.9691 #4 -269.19 -88.2469 50 0.619297 56.7869 43.2131
23.9242 #4 -232.529 -58.3862 50 0.747748 56.7869 43.2131
24.1615 #1 -85.0763 349.176 50 -1.55507 45.8104 54.1896
24.384 #1 -85.0076 337.311 50 -1.57495 45.8104 54.1896
24.6164 #1 -85.1575 326.186 50 -1.5936 45.8104 54.1896
24.6164 #4 -200.298 -24.4379 50 0.874917 0 0
24.86 #2 170.716 299.075 50 5.08176 55.7795 44.2205
24.86 #2 175.272 287.782 50 5.10992 0 0
25.096 #1 -87.0298 290.643 50 -1.65325 0 0
26.0202 #3 230.833 118.898 50 2.58991 39.664 60.336
26.2488 #3 212.177 131.617 50 2.49652 0 0
26.5055 #4 -195.526 -14.053 50 1.12447 43.1747 56.8253
26.9697 #1 -85.7021 256.03 50 -1.33824 73.9589 26.0411
27.1943 #1 -82.097 244.058 50 -1.21835 73.9589 26.0411
27.1943 #4 -178.393 17.6435 50 1.02606 43.1747 56.8253
27.6604 #4 -166.095 36.597 50 0.964366 43.1747 56.8253
27.8981 #1 -65.0781 214.19 50 -0.887396 73.9589 26.0411
27.8981 #4 -159.133 46.2923 50 0.931778 43.1747 56.8253
28.1448 #1 -47.7507 197.343 50 -0.655268 0 0
28.3651 #4 -144.055 65.2428 50 0.86565 43.1747 56.8253
29.5536 #1 -47.7507 197.343 50 -0.420514 0 0
29.5536 #4 -102.606 106.703 50 0.705423 0 0
30.0149 #1 -47.7507 197.343 50 -0.463753 0 0
30.0149 #4 -102.606 106.703 50 0.662184 0 0
30.4737 #1 -47.7507 197.343 50 -0.508179 0 0
30.4737 #4 -102.606 106.703 50 0.617758 0 0
30.7249 #3 212.177 131.617 50 2.31811 94.4611 5.53891
30.7249 #3 202.687 139.804 50 2.54147 0 0
30.938 #1 -47.7507 197.343 50 -0.558417 0 0
30.938 #4 -102.606 106.703 50 0.56752 0 0
31.4089 #1 -47.7507 197.343 50 -0.605552 0 0
31.4089 #4 -102.606 106.703 50 0.520385 0 0
31.6566 #2 173.246 276.24 50 4.67971 106.187 -6.18747
31.8764 #1 -47.7507 197.343 50 -0.6551 0 0
31.8764 #4 -102.606 106.703 50 0.470837 0 0
31.8764 #2 178.514 253.741 50 5.20507 0 0
32.3453 #1 -47.7507 197.343 50 -0.704453 0 0
32.3453 #4 -102.606 106.703 50 0.421484 0 0
32.8105 #1 -47.7507 197.343 50 -0.752274 0 0
32.8105 #4 -102.606 106.703 50 0.373663 0 0
33.2812 #1 -47.7507 197.343 50 -0.803868 0 0
33.2812 #4 -102.606 106.703 50 0.322069 0 0
33.5387 #2 178.514 253.741 50 5.38733 14.6776 85.3224
33.7504 #1 -47.7507 197.343 50 -0.85537 0 0
33.7504 #2 185.603 243.014 50 5.20541 0 0
33.7504 #3 202.687 139.804 50 3.10424 0 0
33.7504 #4 -102.606 106.703 50 0.270567 0 0
34.2184 #1 -47.7507 197.343 50 -0.902467 0 0
34.2184 #2 185.603 243.014 50 5.15832 0 0
34.2184 #3 202.687 139.804 50 3.05714 0 0
34.2184 #4 -102.606 106.703 50 0.22347 0 0
34.6867 #1 -47.7507 197.343 50 -0.95368 0 0
34.6867 #2 185.603 243.014 50 5.1071 0 0
34.6867 #3 202.687 139.804 50 3.00593 0 0
34.6867 #4 -102.606 106.703 50 0.172257 0 0
35.168 #1 -47.7507 197.343 50 -1.00388 0 0
35.168 #2 185.603 243.014 50 5.0569 0 0
35.168 #3 202.687 139.804 50 2.95573 0 0
35.168 #4 -102.606 106.703 50 0.122056 0 0
35.6427 #1 -47.7507 197.343 50 -1.05058 0 0
35.6427 #2 185.603 243.014 50 5.0102 0 0
35.6427 #3 202.687 139.804 50 2.90902 0 0
35.6427 #4 -102.606 106.703 50 0.0753551 0 0
36.0935 #1 -47.7507 197.343 50 -1.09481 0 0
36.0935 #2 185.603 243.014 50 4.96597 0 0
36.0935 #3 202.687 139.804 50 2.8648 0 0
36.0935 #4 -102.606 106.703 50 0.0311281 0 0
36.5746 #2 185.603 243.014 50 4.91446 0 0
36.5746 #3 202.687 139.804 50 2.81328 0 0
36.7998 #1 -47.7507 197.343 50 -1.10164 0 0
36.7998 #4 -91.4353 106.784 50 0.0347969 0 0
37.0442 #2 185.603 243.014 50 4.8694 0 0
37.0442 #3 202.687 139.804 50 2.76822 0 0
37.2977 #1 -47.7507 197.343 50 -1.15051 0 0
37.2977 #4 -91.4353 106.784 50 -0.0140781 0 0
37.5004 #2 185.603 243.014 50 4.8187 0 0
37.5004 #3 202.687 139.804 50 2.71752 0 0
37.7384 #1 -47.7507 197.343 50 -1.19106 0 0
37.7384 #4 -91.4353 106.784 50 -0.0546251 0 0
37.981 #2 185.603 243.014 50 4.7711 0 0
37.981 #3 202.687 139.804 50 2.66993 0 0
38.2144 #1 -47.7507 197.343 50 -1.23957 0 0
38.2144 #4 -91.4353 106.784 50 -0.103137 0 0
38.4453 #2 185.603 243.014 50 4.72442 0 0
38.4453 #3 202.687 139.804 50 2.62325 0 0
38.6954 #1 -47.7507 197.343 50 -1.28575 0 0
38.6954 #4 -91.4353 106.784 50 -0.14932 0 0
38.9121 #2 185.603 243.014 50 4.6744 0 0
38.9121 #3 202.687 139.804 50 2.57322 0 0
39.3805 #2 185.603 243.014 50 4.62733 0 0
39.3805 #3 202.687 139.804 50 2.52616 0 0
39.6184 #1 -47.7507 197.343 50 -1.23542 0 0
39.6184 #4 -91.4353 106.784 50 -0.286335 0 0
39.8462 #2 185.603 243.014 50 4.57976 0 0
39.8462 #3 202.687 139.804 50 2.47859 0 0
40.0932 #1 -47.7507 197.343 50 -1.28099 0 0
40.0932 #4 -91.4353 106.784 50 -0.331898 0 0
40.3128 #2 185.603 243.014 50 4.53036 0 0
40.3128 #3 202.687 139.804 50 2.42918 0 0
40.5584 #1 -47.7507 197.343 50 -1.32491 0 0
40.5584 #4 -91.4353 106.784 50 -0.375819 0 0
40.7794 #2 185.603 243.014 50 4.48124 0 0
40.7794 #3 202.687 139.804 50 2.38007 0 0
41.0386 #1 -47.7507 197.343 50 -1.36912 0 0
41.0386 #4 -91.4353 106.784 50 -0.42003 0 0
41.2549 #2 185.603 243.014 50 4.42941 0 0
41.2549 #3 202.687 139.804 50 2.32823 0 0
41.4922 #1 -47.7507 197.343 50 -1.41237 0 0
41.4922 #4 -91.4353 106.784 50 -0.463281 0 0
41.7237 #2 185.603 243.014 50 4.38194 0 0
41.7237 #3 202.687 139.804 50 2.28076 0 0
41.9735 #1 -47.7507 197.343 50 -1.45866 0 0
41.9735 #4 -91.4353 106.784 50 -0.509573 0 0
42.1955 #2 185.603 243.014 50 4.33197 0 0
42.1955 #3 202.687 139.804 50 2.23079 0 0
42.4392 #1 -47.7507 197.343 50 -1.50305 0 0
42.4392 #4 -91.4353 106.784 50 -0.553959 0 0
42.6722 #2 185.603 243.014 50 4.28323 0 0
42.6722 #3 202.687 139.804 50 2.18205 0 0
43.1407 #2 185.603 243.014 50 4.23889 0 0
43.1407 #3 202.687 139.804 50 2.13771 0 0
43.6025 #2 185.603 243.014 50 4.19466 0 0
43.6025 #3 202.687 139.804 50 2.09348 0 0
43.6025 #4 -59.7226 93.9313 50 -0.169532 81.2478 18.7522
43.8349 #4 -47.7536 92.7989 50 -0.019121 81.2478 18.7522
44.0675 #2 185.603 243.014 50 4.14819 0 0
44.0675 #3 202.687 139.804 50 2.04701 0 0
44.3087 #4 -13.4392 99.8101 50 0.422214 0 0
44.5297 #2 185.603 243.014 50 4.09995 0 0
44.5297 #3 202.687 139.804 50 1.99877 0 0
45.0189 #2 185.603 243.014 50 4.05296 0 0
45.0189 #3 202.687 139.804 50 1.95178 0 0
45.0189 #4 -13.4392 99.8101 50 0.513403 82.3708 17.6292
45.241 #1 -47.7507 197.343 50 -1.0803 0 0
45.241 #4 -2.92882 106.934 50 0.677999 0 0
45.4677 #2 185.603 243.014 50 4.00854 0 0
45.4677 #3 202.687 139.804 50 1.90736 0 0
45.716 #1 -47.7507 197.343 50 -1.12566 0 0
45.716 #4 -2.92882 106.934 50 0.632646 0 0
45.9434 #2 185.603 243.014 50 3.95889 0 0
45.9434 #3 202.687 139.804 50 1.85771 0 0
46.1772 #1 -47.7507 197.343 50 -1.17113 0 0
46.1772 #4 -2.92882 106.934 50 0.587175 0 0
46.65 #1 -47.7507 197.343 50 -1.22024 0 0
46.65 #2 185.603 243.014 50 3.86299 0 0
46.65 #3 202.687 139.804 50 1.76182 0 0
46.65 #4 -2.92882 106.934 50 0.538058 0 0
47.1272 #2 185.603 243.014 50 3.81377 0 0
47.1272 #3 202.687 139.804 50 1.71259 0 0
47.1272 #4 -2.92882 106.934 50 0.48883 89.195 10.805
47.3456 #1 -47.7507 197.343 50 -1.22326 0 0
47.3456 #4 6.72448 113.251 50 0.669938 0 0
47.5942 #2 185.603 243.014 50 3.77009 0 0
47.5942 #3 202.687 139.804 50 1.66891 0 0
47.826 #1 -47.7507 197.343 50 -1.27299 0 0
47.826 #4 6.72448 113.251 50 0.620216 0 0
48.0744 #2 185.603 243.014 50 3.72372 0 0
48.0744 #3 202.687 139.804 50 1.62254 0 0
48.2935 #1 -47.7507 197.343 50 -1.32265 0 0
48.2935 #4 6.72448 113.251 50 0.570548 0 0
48.5265 #2 185.603 243.014 50 3.6799 0 0
48.5265 #3 202.687 139.804 50 1.57872 0 0
48.9857 #1 -47.7507 197.343 50 -1.32445 0 0
48.9857 #2 185.603 243.014 50 3.63509 0 0
48.9857 #3 202.687 139.804 50 1.53392 0 0
48.9857 #4 15.8025 119.78 50 0.723159 0 0
49.4531 #1 -47.7507 197.343 50 -1.3745 0 0
49.4531 #2 185.603 243.014 50 3.58504 0 0
49.4531 #3 202.687 139.804 50 1.48387 0 0
49.4531 #4 15.8025 119.78 50 0.67311 0 0
49.9432 #2 185.603 243.014 50 3.53455 0 0
49.9432 #3 202.687 139.804 50 1.43337 0 0
49.9432 #4 24.5798 127.753 50 0.852179 0 0
50.408 #2 185.603 243.014 50 3.49101 0 0
50.408 #3 202.687 139.804 50 1.38983 0 0
50.8621 #2 185.603 243.014 50 3.44557 0 0
50.8621 #3 202.687 139.804 50 1.34439 0 0
51.3446 #2 185.603 243.014 50 3.39624 0 0
51.3446 #3 202.687 139.804 50 1.29506 0 0
51.808 #2 185.603 243.014 50 3.35296 0 0
51.808 #3 202.687 139.804 50 1.25179 0 0
52.2786 #2 185.603 243.014 50 3.30743 0 0
52.2786 #3 202.687 139.804 50 1.20625 0 0
52.9766 #2 173.84 241.365 50 3.29898 0 0
52.9766 #3 202.687 139.804 50 1.11403 0 0
53.2031 #4 49.2195 151.219 50 1.18161 0 0
53.4405 #2 173.84 241.365 50 3.25368 0 0
53.4405 #3 202.687 139.804 50 1.06872 0 0
53.9273 #2 161.526 240.17 50 3.27086 0 0
54.1632 #2 161.526 240.17 50 3.27086 0 0
54.1632 #3 207.504 151.151 50 1.3178 0 0
54.6189 #2 161.526 240.17 50 3.22843 0 0
54.6189 #3 207.504 151.151 50 1.27537 0 0
55.0826 #1 -47.7507 197.343 50 -0.393301 0 0
55.0826 #4 49.2195 151.219 50 1.41573 0 0
55.3291 #2 161.526 240.17 50 3.22311 0 0
55.3291 #3 207.504 151.151 50 1.18264 0 0
55.568 #1 -47.7507 197.343 50 -0.442616 0 0
55.568 #4 49.2195 151.219 50 1.36642 0 0
55.7943 #2 161.526 240.17 50 3.17535 0 0
55.7943 #3 207.504 151.151 50 1.13487 0 0
56.019 #1 -47.7507 197.343 50 -0.487888 0 0
56.019 #4 49.2195 151.219 50 1.32115 0 0
56.2652 #2 161.526 240.17 50 3.13041 0 0
56.2652 #3 207.504 151.151 50 1.08994 0 0
56.509 #1 -47.7507 197.343 50 -0.537138 0 0
56.509 #4 49.2195 151.219 50 1.2719 0 0
56.7206 #2 161.526 240.17 50 3.08165 0 0
56.7206 #3 207.504 151.151 50 1.04118 0 0
56.9688 #1 -47.7507 197.343 50 -0.579458 0 0
56.9688 #4 49.2195 151.219 50 1.22958 0 0
57.1993 #2 161.526 240.17 50 3.03203 0 0
57.1993 #3 207.504 151.151 50 0.991554 0 0
57.4276 #1 -47.7507 197.343 50 -0.625565 0 0
57.4276 #4 49.2195 151.219 50 1.18347 0 0
57.6658 #2 161.526 240.17 50 2.98637 0 0
57.6658 #3 207.504 151.151 50 0.945894 0 0
57.8887 #1 -47.7507 197.343 50 -0.673202 0 0
57.8887 #4 49.2195 151.219 50 1.13583 0 0
58.1315 #2 161.526 240.17 50 2.94178 0 0
58.1315 #3 207.504 151.151 50 0.901308 0 0
58.3796 #1 -47.7507 197.343 50 -0.721755 0 0
58.3796 #4 49.2195 151.219 50 1.08728 0 0
58.5973 #2 161.526 240.17 50 2.89215 0 0
58.5973 #3 207.504 151.151 50 0.851679 0 0
59.0736 #2 161.526 240.17 50 2.84441 0 0
59.0736 #3 207.504 151.151 50 0.803936 0 0
59.3022 #4 63.4359 169.656 50 0.831879 0 0
59.5493 #1 -39.2121 189.803 50 -0.586294 0 0
59.5493 #2 161.526 240.17 50 2.7987 0 0
59.5493 #3 207.504 151.151 50 0.758226 0 0
59.5493 #4 63.4359 169.656 50 0.831879 0 0
60.0098 #1 -39.2121 189.803 50 -0.634839 0 0
60.0098 #2 161.526 240.17 50 2.75016 0 0
60.0098 #3 207.504 151.151 50 0.709681 0 0
60.0098 #4 63.4359 169.656 50 0.783334 0 0
60.4822 #1 -39.2121 189.803 50 -0.683201 0 0
60.4822 #2 161.526 240.17 50 2.70179 0 0
60.4822 #3 207.504 151.151 50 0.661319 0 0
60.4822 #4 63.4359 169.656 50 0.734972 0 0
61.1708 #2 161.526 240.17 50 2.69773 0 0
61.1708 #3 207.504 151.151 50 0.566798 0 0
61.4126 #2 161.526 240.17 50 2.69773 0 0
61.4126 #4 71.8184 176.466 50 0.724072 0 0
61.6437 #1 -19.7789 177.972 50 -0.394756 0 0
61.6437 #2 161.526 240.17 50 2.69773 0 0
61.6437 #3 207.504 151.151 50 0.518438 0 0
61.6437 #4 71.8184 176.466 50 0.724072 0 0
61.8874 #1 -19.7789 177.972 50 -0.394756 0 0
61.8874 #4 71.8184 176.466 50 0.724072 0 0
62.1217 #1 -19.7789 177.972 50 -0.394756 0 0
62.1217 #2 161.526 240.17 50 2.64899 0 0
62.1217 #3 207.504 151.151 50 0.4697 0 0
62.1217 #4 71.8184 176.466 50 0.724072 0 0
62.3583 #1 -19.7789 177.972 50 -0.394756 0 0
62.3583 #4 71.8184 176.466 50 0.724072 0 0
62.5877 #1 -19.7789 177.972 50 -0.394756 0 0
62.5877 #2 161.526 240.17 50 2.60167 0 0
62.5877 #3 207.504 151.151 50 0.422375 0 0
62.5877 #4 71.8184 176.466 50 0.724072 0 0
62.8124 #1 -19.7789 177.972 50 -0.394756 0 0
62.8124 #4 71.8184 176.466 50 0.724072 0 0
63.0616 #1 -19.7789 177.972 50 -0.394756 0 0
63.0616 #4 71.8184 176.466 50 0.724072 0 0
63.2886 #1 -19.7789 177.972 50 -0.394756 0 0
63.2886 #2 161.526 240.17 50 2.60659 0 0
63.2886 #3 218.235 157.395 50 0.676516 0 0
63.2886 #4 71.8184 176.466 50 0.724072 0 0
63.533 #1 -19.7789 177.972 50 -0.394756 0 0
63.533 #4 71.8184 176.466 50 0.724072 0 0
63.7612 #1 -19.7789 177.972 50 -0.394756 0 0
63.7612 #2 161.526 240.17 50 2.55771 0 0
63.7612 #3 218.235 157.395 50 0.627638 0 0
63.7612 #4 71.8184 176.466 50 0.724072 0 0
63.9958 #1 -19.7789 177.972 50 -0.394756 0 0
63.9958 #4 71.8184 176.466 50 0.724072 0 0
64.23 #1 -19.7789 177.972 50 -0.394756 0 0
64.23 #2 161.526 240.17 50 2.5108 0 0
64.23 #3 218.235 157.395 50 0.580728 0 0
64.23 #4 71.8184 176.466 50 0.724072 0 0
64.4639 #1 -19.7789 177.972 50 -0.394756 0 0
64.4639 #4 71.8184 176.466 50 0.724072 0 0
64.6888 #1 -19.7789 177.972 50 -0.394756 0 0
64.6888 #4 71.8184 176.466 50 0.724072 0 0
64.9368 #1 -19.7789 177.972 50 -0.394756 0 0
64.9368 #2 161.526 240.17 50 2.509 0 0
64.9368 #3 227.029 164.347 50 0.803822 0 0
64.9368 #4 71.8184 176.466 50 0.724072 0 0
65.1688 #1 -19.7789 177.972 50 -0.394756 0 0
65.1688 #4 71.8184 176.466 50 0.724072 0 0
65.4037 #1 -19.7789 177.972 50 -0.394756 0 0
65.4037 #2 161.526 240.17 50 2.46261 0 0
65.4037 #3 227.029 164.347 50 0.757425 0 0
65.4037 #4 71.8184 176.466 50 0.724072 0 0
65.6374 #1 -19.7789 177.972 50 -0.394756 0 0
65.6374 #4 71.8184 176.466 50 0.724072 0 0
65.8766 #1 -19.7789 177.972 50 -0.394756 0 0
65.8766 #2 161.526 240.17 50 2.41586 0 0
65.8766 #3 227.029 164.347 50 0.710676 0 0
65.8766 #4 71.8184 176.466 50 0.724072 0 0
66.1028 #1 -19.7789 177.972 50 -0.394756 0 0
66.1028 #4 71.8184 176.466 50 0.724072 0 0
66.3443 #1 -19.7789 177.972 50 -0.394756 0 0
66.3443 #2 161.526 240.17 50 2.37061 0 0
66.3443 #3 227.029 164.347 50 0.66543 0 0
66.3443 #4 71.8184 176.466 50 0.724072 0 0
66.5622 #1 -19.7789 177.972 50 -0.394756 0 0
66.5622 #4 71.8184 176.466 50 0.724072 0 0
66.8055 #1 -19.7789 177.972 50 -0.394756 0 0
66.8055 #4 71.8184 176.466 50 0.724072 0 0
67.0363 #1 -19.7789 177.972 50 -0.394756 0 0
67.0363 #2 161.526 240.17 50 2.37569 0 0
67.0363 #3 235.75 172.766 50 0.913786 0 0
67.0363 #4 71.8184 176.466 50 0.724072 0 0
67.2737 #1 -19.7789 177.972 50 -0.394756 0 0
67.2737 #4 71.8184 176.466 50 0.724072 0 0
67.4988 #1 -19.7789 177.972 50 -0.394756 0 0
67.4988 #2 161.526 240.17 50 2.32821 0 0
67.4988 #3 235.75 172.766 50 0.866308 0 0
67.4988 #4 71.8184 176.466 50 0.724072 0 0
67.7357 #1 -19.7789 177.972 50 -0.394756 0 0
67.7357 #4 71.8184 176.466 50 0.724072 0 0
67.9822 #1 -19.7789 177.972 50 -0.394756 0 0
67.9822 #2 161.526 240.17 50 2.28083 0 0
67.9822 #3 235.75 172.766 50 0.818926 0 0
67.9822 #4 71.8184 176.466 50 0.724072 0 0
68.2065 #1 -19.7789 177.972 50 -0.394756 0 0
68.2065 #4 71.8184 176.466 50 0.724072 0 0
68.4444 #1 -19.7789 177.972 50 -0.394756 0 0
68.4444 #2 161.526 240.17 50 2.23596 0 0
68.4444 #3 235.75 172.766 50 0.774054 0 0
68.4444 #4 71.8184 176.466 50 0.724072 0 0
68.6923 #1 -19.7789 177.972 50 -0.394756 0 0
68.6923 #4 71.8184 176.466 50 0.724072 0 0
68.9139 #1 -19.7789 177.972 50 -0.394756 0 0
68.9139 #4 71.8184 176.466 50 0.724072 0 0
69.1655 #1 -19.7789 177.972 50 -0.394756 0 0
69.1655 #2 161.526 240.17 50 2.23071 0 0
69.1655 #3 242.979 181.12 50 0.990436 0 0
69.1655 #4 71.8184 176.466 50 0.724072 0 0
69.3884 #1 -19.7789 177.972 50 -0.394756 0 0
69.3884 #4 71.8184 176.466 50 0.724072 0 0
69.6353 #1 -19.7789 177.972 50 -0.394756 0 0
69.6353 #2 161.526 240.17 50 2.18614 0 0
69.6353 #3 242.979 181.12 50 0.945858 0 0
69.6353 #4 71.8184 176.466 50 0.724072 0 0
69.8545 #1 -19.7789 177.972 50 -0.394756 0 0
69.8545 #4 71.8184 176.466 50 0.724072 0 0
70.0846 #1 -19.7789 177.972 50 -0.394756 0 0
70.0846 #4 71.8184 176.466 50 0.724072 0 0
