29.5536 #1 -47.7507 197.343 50 -0.420514 10 -10  #4 -102.606 106.703 50 0.705423 43.1747 56.8253
29.5536 #4 -102.606 106.703 50 0.705423 43.1747 56.8253  #1 -47.7507 197.343 50 -0.420514 0 0
30.0149 #1 -47.7507 197.343 50 -0.463753 10 -10  #4 -102.606 106.703 50 0.662184 44.3177 55.6823
30.0149 #4 -102.606 106.703 50 0.662184 44.3177 55.6823  #1 -47.7507 197.343 50 -0.463753 0 0
30.4737 #1 -47.7507 197.343 50 -0.508179 10 -10  #4 -102.606 106.703 50 0.617758 45.5031 54.4969
30.4737 #4 -102.606 106.703 50 0.617758 45.5031 54.4969  #1 -47.7507 197.343 50 -0.508179 0 0
30.938 #1 -47.7507 197.343 50 -0.558417 10 -10  #4 -102.606 106.703 50 0.56752 46.8542 53.1458
30.938 #4 -102.606 106.703 50 0.56752 46.8542 53.1458  #1 -47.7507 197.343 50 -0.558417 0 0
31.4089 #1 -47.7507 197.343 50 -0.605552 10 -10  #4 -102.606 106.703 50 0.520385 48.1292 51.8708
31.4089 #4 -102.606 106.703 50 0.520385 48.1292 51.8708  #1 -47.7507 197.343 50 -0.605552 0 0
31.8764 #1 -47.7507 197.343 50 -0.6551 10 -10  #4 -102.606 106.703 50 0.470837 49.4738 50.5262
31.8764 #4 -102.606 106.703 50 0.470837 49.4738 50.5262  #1 -47.7507 197.343 50 -0.6551 0 0
32.3453 #1 -47.7507 197.343 50 -0.704453 10 -10  #4 -102.606 106.703 50 0.421484 50.8144 49.1856
32.3453 #4 -102.606 106.703 50 0.421484 50.8144 49.1856  #1 -47.7507 197.343 50 -0.704453 0 0
32.8105 #1 -47.7507 197.343 50 -0.752274 10 -10  #4 -102.606 106.703 50 0.373663 52.1116 47.8884
32.8105 #4 -102.606 106.703 50 0.373663 52.1116 47.8884  #1 -47.7507 197.343 50 -0.752274 0 0
33.2812 #1 -47.7507 197.343 50 -0.803868 10 -10  #4 -102.606 106.703 50 0.322069 53.5056 46.4944
33.2812 #4 -102.606 106.703 50 0.322069 53.5056 46.4944  #1 -47.7507 197.343 50 -0.803868 0 0
33.7504 #1 -47.7507 197.343 50 -0.85537 10 -10  #4 -102.606 106.703 50 0.270567 54.8878 45.1122
33.7504 #2 185.603 243.014 50 5.20541 14.6776 85.3224  #3 202.687 139.804 50 3.10424 10 -10
33.7504 #3 202.687 139.804 50 3.10424 10 -10  #2 185.603 243.014 50 5.20541 0 0
33.7504 #4 -102.606 106.703 50 0.270567 54.8878 45.1122  #1 -47.7507 197.343 50 -0.85537 0 0
34.2184 #1 -47.7507 197.343 50 -0.902467 10 -10  #4 -102.606 106.703 50 0.22347 56.1405 43.8595
34.2184 #2 185.603 243.014 50 5.15832 16.0224 83.9776  #3 202.687 139.804 50 3.05714 10 -10
34.2184 #3 202.687 139.804 50 3.05714 10 -10  #2 185.603 243.014 50 5.15832 0 0
34.2184 #4 -102.606 106.703 50 0.22347 56.1405 43.8595  #1 -47.7507 197.343 50 -0.902467 0 0
34.6867 #1 -47.7507 197.343 50 -0.95368 10 -10  #4 -102.606 106.703 50 0.172257 57.4871 42.5129
34.6867 #2 185.603 243.014 50 5.1071 17.5701 82.4299  #3 202.687 139.804 50 3.00593 10 -10
34.6867 #3 202.687 139.804 50 3.00593 10 -10  #2 185.603 243.014 50 5.1071 0 0
34.6867 #4 -102.606 106.703 50 0.172257 57.4871 42.5129  #1 -47.7507 197.343 50 -0.95368 0 0
35.168 #1 -47.7507 197.343 50 -1.00388 10 -10  #4 -102.606 106.703 50 0.122056 58.7882 41.2118
35.168 #2 185.603 243.014 50 5.0569 19.1698 80.8302  #3 202.687 139.804 50 2.95573 10 -10
35.168 #3 202.687 139.804 50 2.95573 10 -10  #2 185.603 243.014 50 5.0569 0 0
35.168 #4 -102.606 106.703 50 0.122056 58.7882 41.2118  #1 -47.7507 197.343 50 -1.00388 0 0
35.6427 #1 -47.7507 197.343 50 -1.05058 10 -10  #4 -102.606 106.703 50 0.0753551 59.9786 40.0214
35.6427 #2 185.603 243.014 50 5.0102 20.7278 79.2722  #3 202.687 139.804 50 2.90902 10 -10
35.6427 #3 202.687 139.804 50 2.90902 10 -10  #2 185.603 243.014 50 5.0102 0 0
35.6427 #4 -102.606 106.703 50 0.0753551 59.9786 40.0214  #1 -47.7507 197.343 50 -1.05058 0 0
36.0935 #1 -47.7507 197.343 50 -1.09481 10 -10  #4 -102.606 106.703 50 0.0311281 61.0861 38.9139
36.0935 #2 185.603 243.014 50 4.96597 22.2621 77.7379  #3 202.687 139.804 50 2.8648 10 -10
36.0935 #3 202.687 139.804 50 2.8648 10 -10  #2 185.603 243.014 50 4.96597 0 0
36.0935 #4 -102.606 106.703 50 0.0311281 61.0861 38.9139  #1 -47.7507 197.343 50 -1.09481 0 0
36.5746 #2 185.603 243.014 50 4.91446 24.1176 75.8824  #3 202.687 139.804 50 2.81328 10 -10
36.5746 #3 202.687 139.804 50 2.81328 10 -10  #2 185.603 243.014 50 4.91446 0 0
36.7998 #1 -47.7507 197.343 50 -1.10164 10 -10  #4 -91.4353 106.784 50 0.0347969 62.3485 37.6515
36.7998 #4 -91.4353 106.784 50 0.0347969 62.3485 37.6515  #1 -47.7507 197.343 50 -1.10164 0 0
37.0442 #2 185.603 243.014 50 4.8694 25.797 74.203  #3 202.687 139.804 50 2.76822 10 -10
37.0442 #3 202.687 139.804 50 2.76822 10 -10  #2 185.603 243.014 50 4.8694 0 0
37.2977 #1 -47.7507 197.343 50 -1.15051 10 -10  #4 -91.4353 106.784 50 -0.0140781 63.6012 36.3988
37.2977 #4 -91.4353 106.784 50 -0.0140781 63.6012 36.3988  #1 -47.7507 197.343 50 -1.15051 0 0
37.5004 #2 185.603 243.014 50 4.8187 27.745 72.255  #3 202.687 139.804 50 2.71752 10 -10
37.5004 #3 202.687 139.804 50 2.71752 10 -10  #2 185.603 243.014 50 4.8187 0 0
37.7384 #1 -47.7507 197.343 50 -1.19106 10 -10  #4 -91.4353 106.784 50 -0.0546251 64.6159 35.3841
37.7384 #4 -91.4353 106.784 50 -0.0546251 64.6159 35.3841  #1 -47.7507 197.343 50 -1.19106 0 0
37.981 #2 185.603 243.014 50 4.7711 29.6261 70.3739  #3 202.687 139.804 50 2.66993 10 -10
37.981 #3 202.687 139.804 50 2.66993 10 -10  #2 185.603 243.014 50 4.7711 0 0
38.2144 #1 -47.7507 197.343 50 -1.23957 10 -10  #4 -91.4353 106.784 50 -0.103137 65.7983 34.2017
38.2144 #4 -91.4353 106.784 50 -0.103137 65.7983 34.2017  #1 -47.7507 197.343 50 -1.23957 0 0
38.4453 #2 185.603 243.014 50 4.72442 31.5157 68.4843  #3 202.687 139.804 50 2.62325 10 -10
38.4453 #3 202.687 139.804 50 2.62325 10 -10  #2 185.603 243.014 50 4.72442 0 0
38.6954 #1 -47.7507 197.343 50 -1.28575 10 -10  #4 -91.4353 106.784 50 -0.14932 66.8893 33.1107
38.6954 #4 -91.4353 106.784 50 -0.14932 66.8893 33.1107  #1 -47.7507 197.343 50 -1.28575 0 0
38.9121 #2 185.603 243.014 50 4.6744 33.5854 66.4146  #3 202.687 139.804 50 2.57322 10 -10
38.9121 #3 202.687 139.804 50 2.57322 10 -10  #2 185.603 243.014 50 4.6744 0 0
39.3805 #2 185.603 243.014 50 4.62733 35.5701 64.4299  #3 202.687 139.804 50 2.52616 10 -10
39.3805 #3 202.687 139.804 50 2.52616 10 -10  #2 185.603 243.014 50 4.62733 0 0
39.6184 #1 -47.7507 197.343 50 -1.23542 110 -10  #4 -91.4353 106.784 50 -0.286335 73.2396 26.7604
39.6184 #4 -91.4353 106.784 50 -0.286335 73.2396 26.7604  #1 -47.7507 197.343 50 -1.23542 0 0
39.8462 #2 185.603 243.014 50 4.57976 37.6087 62.3913  #3 202.687 139.804 50 2.47859 10 -10
39.8462 #3 202.687 139.804 50 2.47859 10 -10  #2 185.603 243.014 50 4.57976 0 0
40.0932 #1 -47.7507 197.343 50 -1.28099 110 -10  #4 -91.4353 106.784 50 -0.331898 74.5633 25.4367
40.0932 #4 -91.4353 106.784 50 -0.331898 74.5633 25.4367  #1 -47.7507 197.343 50 -1.28099 0 0
40.3128 #2 185.603 243.014 50 4.53036 39.7555 60.2445  #3 202.687 139.804 50 2.42918 10 -10
40.3128 #3 202.687 139.804 50 2.42918 10 -10  #2 185.603 243.014 50 4.53036 0 0
40.5584 #1 -47.7507 197.343 50 -1.32491 110 -10  #4 -91.4353 106.784 50 -0.375819 75.7911 24.2089
40.5584 #4 -91.4353 106.784 50 -0.375819 75.7911 24.2089  #1 -47.7507 197.343 50 -1.32491 0 0
40.7794 #2 185.603 243.014 50 4.48124 41.9146 58.0854  #3 202.687 139.804 50 2.38007 10 -10
40.7794 #3 202.687 139.804 50 2.38007 10 -10  #2 185.603 243.014 50 4.48124 0 0
41.0386 #1 -47.7507 197.343 50 -1.36912 110 -10  #4 -91.4353 106.784 50 -0.42003 76.9767 23.0233
41.0386 #4 -91.4353 106.784 50 -0.42003 76.9767 23.0233  #1 -47.7507 197.343 50 -1.36912 0 0
41.2549 #2 185.603 243.014 50 4.42941 44.2141 55.7859  #3 202.687 139.804 50 2.32823 10 -10
41.2549 #3 202.687 139.804 50 2.32823 10 -10  #2 185.603 243.014 50 4.42941 0 0
41.4922 #1 -47.7507 197.343 50 -1.41237 110 -10  #4 -91.4353 106.784 50 -0.463281 78.0856 21.9144
41.4922 #4 -91.4353 106.784 50 -0.463281 78.0856 21.9144  #1 -47.7507 197.343 50 -1.41237 0 0
41.7237 #2 185.603 243.014 50 4.38194 46.3339 53.6661  #3 202.687 139.804 50 2.28076 10 -10
41.7237 #3 202.687 139.804 50 2.28076 10 -10  #2 185.603 243.014 50 4.38194 0 0
41.9735 #1 -47.7507 197.343 50 -1.45866 110 -10  #4 -91.4353 106.784 50 -0.509573 79.2142 20.7858
41.9735 #4 -91.4353 106.784 50 -0.509573 79.2142 20.7858  #1 -47.7507 197.343 50 -1.45866 0 0
42.1955 #2 185.603 243.014 50 4.33197 48.5742 51.4258  #3 202.687 139.804 50 2.23079 10 -10
42.1955 #3 202.687 139.804 50 2.23079 10 -10  #2 185.603 243.014 50 4.33197 0 0
42.4392 #1 -47.7507 197.343 50 -1.50305 110 -10  #4 -91.4353 106.784 50 -0.553959 80.2375 19.7625
42.4392 #4 -91.4353 106.784 50 -0.553959 80.2375 19.7625  #1 -47.7507 197.343 50 -1.50305 0 0
42.6722 #2 185.603 243.014 50 4.28323 50.7628 49.2372  #3 202.687 139.804 50 2.18205 10 -10
42.6722 #3 202.687 139.804 50 2.18205 10 -10  #2 185.603 243.014 50 4.28323 0 0
43.1407 #2 185.603 243.014 50 4.23889 52.7522 47.2478  #3 202.687 139.804 50 2.13771 10 -10
43.1407 #3 202.687 139.804 50 2.13771 10 -10  #2 185.603 243.014 50 4.23889 0 0
43.6025 #2 185.603 243.014 50 4.19466 54.7313 45.2687  #3 202.687 139.804 50 2.09348 10 -10
43.6025 #3 202.687 139.804 50 2.09348 10 -10  #2 185.603 243.014 50 4.19466 0 0
44.0675 #2 185.603 243.014 50 4.14819 56.8008 43.1992  #3 202.687 139.804 50 2.04701 10 -10
44.0675 #3 202.687 139.804 50 2.04701 10 -10  #2 185.603 243.014 50 4.14819 0 0
44.5297 #2 185.603 243.014 50 4.09995 58.9335 41.0665  #3 202.687 139.804 50 1.99877 10 -10
44.5297 #3 202.687 139.804 50 1.99877 10 -10  #2 185.603 243.014 50 4.09995 0 0
45.0189 #2 185.603 243.014 50 4.05296 60.9909 39.0091  #3 202.687 139.804 50 1.95178 10 -10
45.0189 #3 202.687 139.804 50 1.95178 10 -10  #2 185.603 243.014 50 4.05296 0 0
45.241 #1 -47.7507 197.343 50 -1.0803 10 -10  #4 -2.92882 106.934 50 0.677999 82.3708 17.6292
45.241 #4 -2.92882 106.934 50 0.677999 82.3708 17.6292  #1 -47.7507 197.343 50 -1.0803 0 0
45.4677 #2 185.603 243.014 50 4.00854 62.9135 37.0865  #3 202.687 139.804 50 1.90736 10 -10
45.4677 #3 202.687 139.804 50 1.90736 10 -10  #2 185.603 243.014 50 4.00854 0 0
45.716 #1 -47.7507 197.343 50 -1.12566 10 -10  #4 -2.92882 106.934 50 0.632646 84.1221 15.8779
45.716 #4 -2.92882 106.934 50 0.632646 84.1221 15.8779  #1 -47.7507 197.343 50 -1.12566 0 0
45.9434 #2 185.603 243.014 50 3.95889 65.0322 34.9678  #3 202.687 139.804 50 1.85771 10 -10
45.9434 #3 202.687 139.804 50 1.85771 10 -10  #2 185.603 243.014 50 3.95889 0 0
46.1772 #1 -47.7507 197.343 50 -1.17113 10 -10  #4 -2.92882 106.934 50 0.587175 85.8074 14.1926
46.1772 #4 -2.92882 106.934 50 0.587175 85.8074 14.1926  #1 -47.7507 197.343 50 -1.17113 0 0
46.65 #1 -47.7507 197.343 50 -1.22024 10 -10  #4 -2.92882 106.934 50 0.538058 87.5447 12.4553
46.65 #2 185.603 243.014 50 3.86299 26.868 73.132  #3 202.687 139.804 50 1.76182 110 -10
46.65 #3 202.687 139.804 50 1.76182 110 -10  #2 185.603 243.014 50 3.86299 0 0
46.65 #4 -2.92882 106.934 50 0.538058 87.5447 12.4553  #1 -47.7507 197.343 50 -1.22024 0 0
47.1272 #2 185.603 243.014 50 3.81377 29.2236 70.7764  #3 202.687 139.804 50 1.71259 110 -10
47.1272 #3 202.687 139.804 50 1.71259 110 -10  #2 185.603 243.014 50 3.81377 0 0
47.3456 #1 -47.7507 197.343 50 -1.22326 10 -10  #4 6.72448 113.251 50 0.669938 89.195 10.805
47.3456 #4 6.72448 113.251 50 0.669938 89.195 10.805  #1 -47.7507 197.343 50 -1.22326 0 0
47.5942 #2 185.603 243.014 50 3.77009 31.3559 68.6441  #3 202.687 139.804 50 1.66891 110 -10
47.5942 #3 202.687 139.804 50 1.66891 110 -10  #2 185.603 243.014 50 3.77009 0 0
47.826 #1 -47.7507 197.343 50 -1.27299 10 -10  #4 6.72448 113.251 50 0.620216 91.0889 8.91111
47.826 #4 6.72448 113.251 50 0.620216 91.0889 8.91111  #1 -47.7507 197.343 50 -1.27299 0 0
48.0744 #2 185.603 243.014 50 3.72372 33.6586 66.3414  #3 202.687 139.804 50 1.62254 110 -10
48.0744 #3 202.687 139.804 50 1.62254 110 -10  #2 185.603 243.014 50 3.72372 0 0
48.2935 #1 -47.7507 197.343 50 -1.32265 10 -10  #4 6.72448 113.251 50 0.570548 92.8794 7.12065
48.2935 #4 6.72448 113.251 50 0.570548 92.8794 7.12065  #1 -47.7507 197.343 50 -1.32265 0 0
48.5265 #2 185.603 243.014 50 3.6799 35.8672 64.1328  #3 202.687 139.804 50 1.57872 110 -10
48.5265 #3 202.687 139.804 50 1.57872 110 -10  #2 185.603 243.014 50 3.6799 0 0
48.9857 #1 -47.7507 197.343 50 -1.32445 10 -10  #4 15.8025 119.78 50 0.723159 94.4632 5.5368
48.9857 #2 185.603 243.014 50 3.63509 38.1533 61.8467  #3 202.687 139.804 50 1.53392 110 -10
48.9857 #3 202.687 139.804 50 1.53392 110 -10  #2 185.603 243.014 50 3.63509 0 0
48.9857 #4 15.8025 119.78 50 0.723159 94.4632 5.5368  #1 -47.7507 197.343 50 -1.32445 0 0
49.4531 #1 -47.7507 197.343 50 -1.3745 10 -10  #4 15.8025 119.78 50 0.67311 96.4286 3.57138
49.4531 #2 185.603 243.014 50 3.58504 40.7348 59.2652  #3 202.687 139.804 50 1.48387 110 -10
49.4531 #3 202.687 139.804 50 1.48387 110 -10  #2 185.603 243.014 50 3.58504 0 0
49.4531 #4 15.8025 119.78 50 0.67311 96.4286 3.57138  #1 -47.7507 197.343 50 -1.3745 0 0
49.9432 #2 185.603 243.014 50 3.53455 43.3629 56.6371  #3 202.687 139.804 50 1.43337 110 -10
49.9432 #3 202.687 139.804 50 1.43337 110 -10  #2 185.603 243.014 50 3.53455 0 0
50.408 #2 185.603 243.014 50 3.49101 45.6427 54.3573  #3 202.687 139.804 50 1.38983 110 -10
50.408 #3 202.687 139.804 50 1.38983 110 -10  #2 185.603 243.014 50 3.49101 0 0
50.8621 #2 185.603 243.014 50 3.44557 48.0311 51.9689  #3 202.687 139.804 50 1.34439 110 -10
50.8621 #3 202.687 139.804 50 1.34439 110 -10  #2 185.603 243.014 50 3.44557 0 0
51.3446 #2 185.603 243.014 50 3.39624 50.6279 49.3721  #3 202.687 139.804 50 1.29506 110 -10
51.3446 #3 202.687 139.804 50 1.29506 110 -10  #2 185.603 243.014 50 3.39624 0 0
51.808 #2 185.603 243.014 50 3.35296 52.9052 47.0948  #3 202.687 139.804 50 1.25179 110 -10
51.808 #3 202.687 139.804 50 1.25179 110 -10  #2 185.603 243.014 50 3.35296 0 0
52.2786 #2 185.603 243.014 50 3.30743 55.2953 44.7047  #3 202.687 139.804 50 1.20625 110 -10
52.2786 #3 202.687 139.804 50 1.20625 110 -10  #2 185.603 243.014 50 3.30743 0 0
52.9766 #2 173.84 241.365 50 3.29898 57.6314 42.3686  #3 202.687 139.804 50 1.11403 110 -10
52.9766 #3 202.687 139.804 50 1.11403 110 -10  #2 173.84 241.365 50 3.29898 0 0
53.4405 #2 173.84 241.365 50 3.25368 60.3239 39.6761  #3 202.687 139.804 50 1.06872 110 -10
53.4405 #3 202.687 139.804 50 1.06872 110 -10  #2 173.84 241.365 50 3.25368 0 0
54.1632 #2 161.526 240.17 50 3.27086 10 -10  #3 207.504 151.151 50 1.3178 110 -10
54.1632 #3 207.504 151.151 50 1.3178 110 -10  #2 161.526 240.17 50 3.27086 0 0
54.6189 #2 161.526 240.17 50 3.22843 10 -10  #3 207.504 151.151 50 1.27537 110 -10
54.6189 #3 207.504 151.151 50 1.27537 110 -10  #2 161.526 240.17 50 3.22843 0 0
55.0826 #1 -47.7507 197.343 50 -0.393301 66.7106 33.2894  #4 49.2195 151.219 50 1.41573 -10 10
55.0826 #4 49.2195 151.219 50 1.41573 -10 10  #1 -47.7507 197.343 50 -0.393301 0 0
55.3291 #2 161.526 240.17 50 3.22311 10 -10  #3 207.504 151.151 50 1.18264 110 -10
55.3291 #3 207.504 151.151 50 1.18264 110 -10  #2 161.526 240.17 50 3.22311 0 0
55.568 #1 -47.7507 197.343 50 -0.442616 68.4496 31.5504  #4 49.2195 151.219 50 1.36642 -10 10
55.568 #4 49.2195 151.219 50 1.36642 -10 10  #1 -47.7507 197.343 50 -0.442616 0 0
55.7943 #2 161.526 240.17 50 3.17535 10 -10  #3 207.504 151.151 50 1.13487 110 -10
55.7943 #3 207.504 151.151 50 1.13487 110 -10  #2 161.526 240.17 50 3.17535 0 0
56.019 #1 -47.7507 197.343 50 -0.487888 70.0067 29.9933  #4 49.2195 151.219 50 1.32115 -10 10
56.019 #4 49.2195 151.219 50 1.32115 -10 10  #1 -47.7507 197.343 50 -0.487888 0 0
56.2652 #2 161.526 240.17 50 3.13041 10 -10  #3 207.504 151.151 50 1.08994 110 -10
56.2652 #3 207.504 151.151 50 1.08994 110 -10  #2 161.526 240.17 50 3.13041 0 0
56.509 #1 -47.7507 197.343 50 -0.537138 71.6539 28.3461  #4 49.2195 151.219 50 1.2719 -10 10
56.509 #4 49.2195 151.219 50 1.2719 -10 10  #1 -47.7507 197.343 50 -0.537138 0 0
56.7206 #2 161.526 240.17 50 3.08165 10 -10  #3 207.504 151.151 50 1.04118 110 -10
56.7206 #3 207.504 151.151 50 1.04118 110 -10  #2 161.526 240.17 50 3.08165 0 0
56.9688 #1 -47.7507 197.343 50 -0.579458 73.0275 26.9725  #4 49.2195 151.219 50 1.22958 -10 10
56.9688 #4 49.2195 151.219 50 1.22958 -10 10  #1 -47.7507 197.343 50 -0.579458 0 0
57.1993 #2 161.526 240.17 50 3.03203 10 -10  #3 207.504 151.151 50 0.991554 110 -10
57.1993 #3 207.504 151.151 50 0.991554 110 -10  #2 161.526 240.17 50 3.03203 0 0
57.4276 #1 -47.7507 197.343 50 -0.625565 74.477 25.523  #4 49.2195 151.219 50 1.18347 -10 10
57.4276 #4 49.2195 151.219 50 1.18347 -10 10  #1 -47.7507 197.343 50 -0.625565 0 0
57.6658 #2 161.526 240.17 50 2.98637 10 -10  #3 207.504 151.151 50 0.945894 110 -10
57.6658 #3 207.504 151.151 50 0.945894 110 -10  #2 161.526 240.17 50 2.98637 0 0
57.8887 #1 -47.7507 197.343 50 -0.673202 75.92 24.08  #4 49.2195 151.219 50 1.13583 -10 10
57.8887 #4 49.2195 151.219 50 1.13583 -10 10  #1 -47.7507 197.343 50 -0.673202 0 0
58.1315 #2 161.526 240.17 50 2.94178 10 -10  #3 207.504 151.151 50 0.901308 110 -10
58.1315 #3 207.504 151.151 50 0.901308 110 -10  #2 161.526 240.17 50 2.94178 0 0
58.3796 #1 -47.7507 197.343 50 -0.721755 77.3301 22.6699  #4 49.2195 151.219 50 1.08728 -10 10
58.3796 #4 49.2195 151.219 50 1.08728 -10 10  #1 -47.7507 197.343 50 -0.721755 0 0
58.5973 #2 161.526 240.17 50 2.89215 10 -10  #3 207.504 151.151 50 0.851679 110 -10
58.5973 #3 207.504 151.151 50 0.851679 110 -10  #2 161.526 240.17 50 2.89215 0 0
59.0736 #2 161.526 240.17 50 2.84441 10 -10  #3 207.504 151.151 50 0.803936 110 -10
59.0736 #3 207.504 151.151 50 0.803936 110 -10  #2 161.526 240.17 50 2.84441 0 0
59.5493 #1 -39.2121 189.803 50 -0.586294 82.0034 17.9966  #4 63.4359 169.656 50 0.831879 -10 10
59.5493 #2 161.526 240.17 50 2.7987 10 -10  #3 207.504 151.151 50 0.758226 110 -10
59.5493 #3 207.504 151.151 50 0.758226 110 -10  #2 161.526 240.17 50 2.7987 0 0
59.5493 #4 63.4359 169.656 50 0.831879 -10 10  #1 -39.2121 189.803 50 -0.586294 0 0
60.0098 #1 -39.2121 189.803 50 -0.634839 83.1079 16.8921  #4 63.4359 169.656 50 0.783334 -10 10
60.0098 #2 161.526 240.17 50 2.75016 10 -10  #3 207.504 151.151 50 0.709681 110 -10
60.0098 #3 207.504 151.151 50 0.709681 110 -10  #2 161.526 240.17 50 2.75016 0 0
60.0098 #4 63.4359 169.656 50 0.783334 -10 10  #1 -39.2121 189.803 50 -0.634839 0 0
60.4822 #1 -39.2121 189.803 50 -0.683201 84.1307 15.8693  #4 63.4359 169.656 50 0.734972 -10 10
60.4822 #2 161.526 240.17 50 2.70179 10 -10  #3 207.504 151.151 50 0.661319 110 -10
60.4822 #3 207.504 151.151 50 0.661319 110 -10  #2 161.526 240.17 50 2.70179 0 0
60.4822 #4 63.4359 169.656 50 0.734972 -10 10  #1 -39.2121 189.803 50 -0.683201 0 0
61.1708 #2 161.526 240.17 50 2.69773 10 -10  #3 207.504 151.151 50 0.566798 110 -10
61.1708 #3 207.504 151.151 50 0.566798 110 -10  #2 161.526 240.17 50 2.69773 0 0
61.4126 #2 161.526 240.17 50 2.69773 -10 10  #4 71.8184 176.466 50 0.724072 69.3509 30.6491
61.4126 #4 71.8184 176.466 50 0.724072 69.3509 30.6491  #2 161.526 240.17 50 2.69773 0 0
61.6437 #1 -19.7789 177.972 50 -0.394756 75.5766 24.4234  #4 71.8184 176.466 50 0.724072 -10 10
61.6437 #2 161.526 240.17 50 2.69773 -10 10  #3 207.504 151.151 50 0.518438 110 -10
61.6437 #3 207.504 151.151 50 0.518438 110 -10  #2 161.526 240.17 50 2.69773 0 0
61.6437 #4 71.8184 176.466 50 0.724072 -10 10  #1 -19.7789 177.972 50 -0.394756 0 0
61.8874 #1 -19.7789 177.972 50 -0.394756 -10 10  #4 71.8184 176.466 50 0.724072 -10 10
61.8874 #4 71.8184 176.466 50 0.724072 -10 10  #1 -19.7789 177.972 50 -0.394756 0 0
62.1217 #1 -19.7789 177.972 50 -0.394756 -10 10  #4 71.8184 176.466 50 0.724072 -10 10
62.1217 #2 161.526 240.17 50 2.64899 10 -10  #3 207.504 151.151 50 0.4697 110 -10
62.1217 #3 207.504 151.151 50 0.4697 110 -10  #2 161.526 240.17 50 2.64899 0 0
62.1217 #4 71.8184 176.466 50 0.724072 -10 10  #1 -19.7789 177.972 50 -0.394756 0 0
62.3583 #1 -19.7789 177.972 50 -0.394756 -10 10  #4 71.8184 176.466 50 0.724072 -10 10
62.3583 #4 71.8184 176.466 50 0.724072 -10 10  #1 -19.7789 177.972 50 -0.394756 0 0
62.5877 #1 -19.7789 177.972 50 -0.394756 -10 10  #4 71.8184 176.466 50 0.724072 -10 10
62.5877 #2 161.526 240.17 50 2.60167 10 -10  #3 207.504 151.151 50 0.422375 110 -10
62.5877 #3 207.504 151.151 50 0.422375 110 -10  #2 161.526 240.17 50 2.60167 0 0
62.5877 #4 71.8184 176.466 50 0.724072 -10 10  #1 -19.7789 177.972 50 -0.394756 0 0
62.8124 #1 -19.7789 177.972 50 -0.394756 -10 10  #4 71.8184 176.466 50 0.724072 -10 10
62.8124 #4 71.8184 176.466 50 0.724072 -10 10  #1 -19.7789 177.972 50 -0.394756 0 0
63.0616 #1 -19.7789 177.972 50 -0.394756 -10 10  #4 71.8184 176.466 50 0.724072 -10 10
63.0616 #4 71.8184 176.466 50 0.724072 -10 10  #1 -19.7789 177.972 50 -0.394756 0 0
63.2886 #1 -19.7789 177.972 50 -0.394756 -10 10  #4 71.8184 176.466 50 0.724072 -10 10
63.2886 #2 161.526 240.17 50 2.60659 10 -10  #3 218.235 157.395 50 0.676516 110 -10
63.2886 #3 218.235 157.395 50 0.676516 110 -10  #2 161.526 240.17 50 2.60659 0 0
63.2886 #4 71.8184 176.466 50 0.724072 -10 10  #1 -19.7789 177.972 50 -0.394756 0 0
63.533 #1 -19.7789 177.972 50 -0.394756 -10 10  #4 71.8184 176.466 50 0.724072 -10 10
63.533 #4 71.8184 176.466 50 0.724072 -10 10  #1 -19.7789 177.972 50 -0.394756 0 0
63.7612 #1 -19.7789 177.972 50 -0.394756 -10 10  #4 71.8184 176.466 50 0.724072 -10 10
63.7612 #2 161.526 240.17 50 2.55771 10 -10  #3 218.235 157.395 50 0.627638 110 -10
63.7612 #3 218.235 157.395 50 0.627638 110 -10  #2 161.526 240.17 50 2.55771 0 0
63.7612 #4 71.8184 176.466 50 0.724072 -10 10  #1 -19.7789 177.972 50 -0.394756 0 0
63.9958 #1 -19.7789 177.972 50 -0.394756 -10 10  #4 71.8184 176.466 50 0.724072 -10 10
63.9958 #4 71.8184 176.466 50 0.724072 -10 10  #1 -19.7789 177.972 50 -0.394756 0 0
64.23 #1 -19.7789 177.972 50 -0.394756 -10 10  #4 71.8184 176.466 50 0.724072 -10 10
64.23 #2 161.526 240.17 50 2.5108 10 -10  #3 218.235 157.395 50 0.580728 110 -10
64.23 #3 218.235 157.395 50 0.580728 110 -10  #2 161.526 240.17 50 2.5108 0 0
64.23 #4 71.8184 176.466 50 0.724072 -10 10  #1 -19.7789 177.972 50 -0.394756 0 0
64.4639 #1 -19.7789 177.972 50 -0.394756 -10 10  #4 71.8184 176.466 50 0.724072 -10 10
64.4639 #4 71.8184 176.466 50 0.724072 -10 10  #1 -19.7789 177.972 50 -0.394756 0 0
64.6888 #1 -19.7789 177.972 50 -0.394756 -10 10  #4 71.8184 176.466 50 0.724072 -10 10
64.6888 #4 71.8184 176.466 50 0.724072 -10 10  #1 -19.7789 177.972 50 -0.394756 0 0
64.9368 #1 -19.7789 177.972 50 -0.394756 -10 10  #4 71.8184 176.466 50 0.724072 -10 10
64.9368 #2 161.526 240.17 50 2.509 10 -10  #3 227.029 164.347 50 0.803822 110 -10
64.9368 #3 227.029 164.347 50 0.803822 110 -10  #2 161.526 240.17 50 2.509 0 0
64.9368 #4 71.8184 176.466 50 0.724072 -10 10  #1 -19.7789 177.972 50 -0.394756 0 0
65.1688 #1 -19.7789 177.972 50 -0.394756 -10 10  #4 71.8184 176.466 50 0.724072 -10 10
65.1688 #4 71.8184 176.466 50 0.724072 -10 10  #1 -19.7789 177.972 50 -0.394756 0 0
65.4037 #1 -19.7789 177.972 50 -0.394756 -10 10  #4 71.8184 176.466 50 0.724072 -10 10
65.4037 #2 161.526 240.17 50 2.46261 10 -10  #3 227.029 164.347 50 0.757425 110 -10
65.4037 #3 227.029 164.347 50 0.757425 110 -10  #2 161.526 240.17 50 2.46261 0 0
65.4037 #4 71.8184 176.466 50 0.724072 -10 10  #1 -19.7789 177.972 50 -0.394756 0 0
65.6374 #1 -19.7789 177.972 50 -0.394756 -10 10  #4 71.8184 176.466 50 0.724072 -10 10
65.6374 #4 71.8184 176.466 50 0.724072 -10 10  #1 -19.7789 177.972 50 -0.394756 0 0
65.8766 #1 -19.7789 177.972 50 -0.394756 -10 10  #4 71.8184 176.466 50 0.724072 -10 10
65.8766 #2 161.526 240.17 50 2.41586 10 -10  #3 227.029 164.347 50 0.710676 110 -10
65.8766 #3 227.029 164.347 50 0.710676 110 -10  #2 161.526 240.17 50 2.41586 0 0
65.8766 #4 71.8184 176.466 50 0.724072 -10 10  #1 -19.7789 177.972 50 -0.394756 0 0
66.1028 #1 -19.7789 177.972 50 -0.394756 -10 10  #4 71.8184 176.466 50 0.724072 -10 10
66.1028 #4 71.8184 176.466 50 0.724072 -10 10  #1 -19.7789 177.972 50 -0.394756 0 0
66.3443 #1 -19.7789 177.972 50 -0.394756 -10 10  #4 71.8184 176.466 50 0.724072 -10 10
66.3443 #2 161.526 240.17 50 2.37061 10 -10  #3 227.029 164.347 50 0.66543 110 -10
66.3443 #3 227.029 164.347 50 0.66543 110 -10  #2 161.526 240.17 50 2.37061 0 0
66.3443 #4 71.8184 176.466 50 0.724072 -10 10  #1 -19.7789 177.972 50 -0.394756 0 0
66.5622 #1 -19.7789 177.972 50 -0.394756 -10 10  #4 71.8184 176.466 50 0.724072 -10 10
66.5622 #4 71.8184 176.466 50 0.724072 -10 10  #1 -19.7789 177.972 50 -0.394756 0 0
66.8055 #1 -19.7789 177.972 50 -0.394756 -10 10  #4 71.8184 176.466 50 0.724072 -10 10
66.8055 #4 71.8184 176.466 50 0.724072 -10 10  #1 -19.7789 177.972 50 -0.394756 0 0
67.0363 #1 -19.7789 177.972 50 -0.394756 -10 10  #4 71.8184 176.466 50 0.724072 -10 10
67.0363 #2 161.526 240.17 50 2.37569 10 -10  #3 235.75 172.766 50 0.913786 110 -10
67.0363 #3 235.75 172.766 50 0.913786 110 -10  #2 161.526 240.17 50 2.37569 0 0
67.0363 #4 71.8184 176.466 50 0.724072 -10 10  #1 -19.7789 177.972 50 -0.394756 0 0
67.2737 #1 -19.7789 177.972 50 -0.394756 -10 10  #4 71.8184 176.466 50 0.724072 -10 10
67.2737 #4 71.8184 176.466 50 0.724072 -10 10  #1 -19.7789 177.972 50 -0.394756 0 0
67.4988 #1 -19.7789 177.972 50 -0.394756 -10 10  #4 71.8184 176.466 50 0.724072 -10 10
67.4988 #2 161.526 240.17 50 2.32821 10 -10  #3 235.75 172.766 50 0.866308 110 -10
67.4988 #3 235.75 172.766 50 0.866308 110 -10  #2 161.526 240.17 50 2.32821 0 0
67.4988 #4 71.8184 176.466 50 0.724072 -10 10  #1 -19.7789 177.972 50 -0.394756 0 0
67.7357 #1 -19.7789 177.972 50 -0.394756 -10 10  #4 71.8184 176.466 50 0.724072 -10 10
67.7357 #4 71.8184 176.466 50 0.724072 -10 10  #1 -19.7789 177.972 50 -0.394756 0 0
67.9822 #1 -19.7789 177.972 50 -0.394756 -10 10  #4 71.8184 176.466 50 0.724072 -10 10
67.9822 #2 161.526 240.17 50 2.28083 10 -10  #3 235.75 172.766 50 0.818926 110 -10
67.9822 #3 235.75 172.766 50 0.818926 110 -10  #2 161.526 240.17 50 2.28083 0 0
67.9822 #4 71.8184 176.466 50 0.724072 -10 10  #1 -19.7789 177.972 50 -0.394756 0 0
68.2065 #1 -19.7789 177.972 50 -0.394756 -10 10  #4 71.8184 176.466 50 0.724072 -10 10
68.2065 #4 71.8184 176.466 50 0.724072 -10 10  #1 -19.7789 177.972 50 -0.394756 0 0
68.4444 #1 -19.7789 177.972 50 -0.394756 -10 10  #4 71.8184 176.466 50 0.724072 -10 10
68.4444 #2 161.526 240.17 50 2.23596 10 -10  #3 235.75 172.766 50 0.774054 110 -10
68.4444 #3 235.75 172.766 50 0.774054 110 -10  #2 161.526 240.17 50 2.23596 0 0
68.4444 #4 71.8184 176.466 50 0.724072 -10 10  #1 -19.7789 177.972 50 -0.394756 0 0
68.6923 #1 -19.7789 177.972 50 -0.394756 -10 10  #4 71.8184 176.466 50 0.724072 -10 10
68.6923 #4 71.8184 176.466 50 0.724072 -10 10  #1 -19.7789 177.972 50 -0.394756 0 0
68.9139 #1 -19.7789 177.972 50 -0.394756 -10 10  #4 71.8184 176.466 50 0.724072 -10 10
68.9139 #4 71.8184 176.466 50 0.724072 -10 10  #1 -19.7789 177.972 50 -0.394756 0 0
69.1655 #1 -19.7789 177.972 50 -0.394756 -10 10  #4 71.8184 176.466 50 0.724072 -10 10
69.1655 #2 161.526 240.17 50 2.23071 10 -10  #3 242.979 181.12 50 0.990436 110 -10
69.1655 #3 242.979 181.12 50 0.990436 110 -10  #2 161.526 240.17 50 2.23071 0 0
69.1655 #4 71.8184 176.466 50 0.724072 -10 10  #1 -19.7789 177.972 50 -0.394756 0 0
69.3884 #1 -19.7789 177.972 50 -0.394756 -10 10  #4 71.8184 176.466 50 0.724072 -10 10
69.3884 #4 71.8184 176.466 50 0.724072 -10 10  #1 -19.7789 177.972 50 -0.394756 0 0
69.6353 #1 -19.7789 177.972 50 -0.394756 -10 10  #4 71.8184 176.466 50 0.724072 -10 10
69.6353 #2 161.526 240.17 50 2.18614 10 -10  #3 242.979 181.12 50 0.945858 110 -10
69.6353 #3 242.979 181.12 50 0.945858 110 -10  #2 161.526 240.17 50 2.18614 0 0
69.6353 #4 71.8184 176.466 50 0.724072 -10 10  #1 -19.7789 177.972 50 -0.394756 0 0
69.8545 #1 -19.7789 177.972 50 -0.394756 -10 10  #4 71.8184 176.466 50 0.724072 -10 10
69.8545 #4 71.8184 176.466 50 0.724072 -10 10  #1 -19.7789 177.972 50 -0.394756 0 0
70.0846 #1 -19.7789 177.972 50 -0.394756 -10 10  #4 71.8184 176.466 50 0.724072 -10 10
70.0846 #4 71.8184 176.466 50 0.724072 -10 10  #1 -19.7789 177.972 50 -0.394756 0 0
