0.46767 décomposition 0
1.63278 décomposition 0
2.56167 décomposition 0
3.28355 désintégration 0
9.60159 décomposition 0
10.771 décomposition 0
13.3522 décomposition 0
14.2842 désintégration 0
14.2842 décomposition 0
15.4681 désintégration 0
15.6885 désintégration 0
15.6885 décomposition 0
15.6885 décomposition 0
15.9272 désintégration 0
16.4017 décontamination 2
16.8762 décontamination 4
16.8762 décomposition 4
16.8762 décomposition 4
16.8762 désintégration 4
17.3326 désintégration 4
17.5696 décomposition 3
17.5696 décomposition 3
17.5696 décomposition 3
17.5696 décomposition 3
17.5696 décomposition 3
18.5159 désintégration 3
18.7611 décomposition 3
19.2218 désintégration 3
19.681 décomposition 3
19.681 désintégration 3
20.1568 décontamination 3
20.1568 désintégration 3
20.3813 désintégration 3
20.6121 décontamination 5
20.8516 décontamination 7
21.3271 désintégration 7
22.0381 désintégration 7
22.2686 décontamination 10
22.2686 désintégration 10
22.2686 désintégration 10
22.4993 désintégration 10
22.7364 désintégration 10
23.1933 décomposition 10
23.1933 désintégration 10
23.6732 décontamination 10
23.6732 décomposition 10
23.6732 désintégration 10
24.141 décomposition 9
24.3783 désintégration 9
24.5993 désintégration 9
24.8271 décomposition 9
25.0782 désintégration 9
25.5462 décontamination 10
25.5462 désintégration 10
25.7872 désintégration 10
25.7872 désintégration 10
25.7872 désintégration 10
26.4685 décontamination 10
26.4685 désintégration 10
26.4685 désintégration 10
26.9496 désintégration 10
26.9496 décomposition 10
27.1762 décontamination 11
27.6471 décontamination 11
28.1157 décontamination 12
28.3499 décomposition 12
28.6 désintégration 12
29.0461 désintégration 12
29.2852 désintégration 12
29.5215 désintégration 12
29.749 désintégration 12
29.9851 décontamination 13
29.9851 décomposition 12
30.4651 décontamination 13
30.9291 désintégration 13
31.879 décomposition 13
31.879 désintégration 13
31.879 décomposition 12
32.3485 décomposition 12
32.5619 décontamination 13
33.0293 décontamination 14
33.2753 décontamination 14
33.2753 désintégration 14
33.2753 désintégration 14
33.2753 désintégration 14
33.5079 désintégration 14
34.2216 désintégration 14
34.2216 désintégration 14
34.4415 désintégration 14
34.4415 désintégration 14
34.9213 décomposition 14
35.3853 désintégration 14
35.6138 décomposition 13
36.0815 décontamination 14
36.0815 décontamination 15
37.024 désintégration 15
37.9564 décomposition 15
38.1888 décontamination 15
38.4313 désintégration 15
38.9083 décomposition 15
39.1251 décontamination 15
39.3738 désintégration 15
39.3738 décomposition 15
39.5955 désintégration 15
40.7742 décontamination 15
41.2341 désintégration 15
41.4786 décontamination 16
41.9374 désintégration 16
41.9374 décomposition 16
41.9374 désintégration 16
42.1869 désintégration 16
42.8878 désintégration 16
43.1161 décontamination 16
43.1161 désintégration 16
43.1161 désintégration 16
44.2966 décontamination 17
44.9986 décontamination 17
45.4679 désintégration 17
45.4679 désintégration 17
45.4679 désintégration 17
45.6961 décontamination 17
45.6961 décomposition 17
47.7984 décontamination 17
48.9685 désintégration 17
49.6834 désintégration 17
49.9095 décontamination 18
49.9095 désintégration 18
50.1509 désintégration 18
50.3759 décontamination 18
50.3759 décontamination 18
50.6109 désintégration 18
51.7841 désintégration 18
53.1882 désintégration 18
53.4438 désintégration 18
53.4438 désintégration 18
53.6587 décontamination 19
53.6587 désintégration 19
54.3718 désintégration 19
54.8312 désintégration 19
55.3112 décontamination 19
59.9829 décontamination 19
61.3918 désintégration 19
