9.61849 décomposition 0
10.3184 décomposition 0
10.5431 désintégration 0
16.024 désintégration 0
16.7279 décomposition 0
17.4271 désintégration 0
17.4271 décomposition 0
19.7708 désintégration 0
20.4798 décomposition 0
23.0498 désintégration 0
23.2808 désintégration 0
24.2137 désintégration 0
25.1545 désintégration 0
26.1044 décontamination 10
27.5174 désintégration 10
30.7984 décontamination 15
32.9003 désintégration 15
34.061 décontamination 16
35.9397 décomposition 15
39.4488 désintégration 15
41.0871 désintégration 15
41.3447 désintégration 15
42.509 décontamination 16
45.3136 décontamination 17
49.5365 décontamination 19
