54.143 #1 -155.283 22.4359 50 -0.331095 10 -10  #4 -173.434 -78.2811 50 0.55879 14.8003 85.1997
54.143 #4 -173.434 -78.2811 50 0.55879 14.8003 85.1997  #1 -155.283 22.4359 50 -0.331095 0 0
54.5956 #1 -155.283 22.4359 50 -0.376846 10 -10  #4 -173.434 -78.2811 50 0.513039 17.3588 82.6412
54.5956 #4 -173.434 -78.2811 50 0.513039 17.3588 82.6412  #1 -155.283 22.4359 50 -0.376846 0 0
55.0687 #1 -155.283 22.4359 50 -0.423972 10 -10  #4 -173.434 -78.2811 50 0.465913 20.0655 79.9345
55.0687 #4 -173.434 -78.2811 50 0.465913 20.0655 79.9345  #1 -155.283 22.4359 50 -0.423972 0 0
55.5318 #1 -155.283 22.4359 50 -0.472477 10 -10  #4 -173.434 -78.2811 50 0.417408 22.9207 77.0793
55.5318 #4 -173.434 -78.2811 50 0.417408 22.9207 77.0793  #1 -155.283 22.4359 50 -0.472477 0 0
55.9992 #1 -155.283 22.4359 50 -0.521972 10 -10  #4 -173.434 -78.2811 50 0.367913 25.8998 74.1002
55.9992 #4 -173.434 -78.2811 50 0.367913 25.8998 74.1002  #1 -155.283 22.4359 50 -0.521972 0 0
56.4736 #1 -155.283 22.4359 50 -0.57197 10 -10  #4 -173.434 -78.2811 50 0.317915 28.9692 71.0308
56.4736 #2 260.663 -38.2606 50 10.3452 39.9681 60.0319  #3 254.618 -139.937 50 2.10045 60.705 39.295
56.4736 #3 254.618 -139.937 50 2.10045 60.705 39.295  #2 260.663 -38.2606 50 10.3452 0 0
56.4736 #4 -173.434 -78.2811 50 0.317915 28.9692 71.0308  #1 -155.283 22.4359 50 -0.57197 0 0
56.9547 #1 -155.283 22.4359 50 -0.619195 10 -10  #4 -173.434 -78.2811 50 0.27069 31.9167 68.0833
56.9547 #2 260.663 -38.2606 50 10.298 40.4328 59.5672  #3 254.618 -139.937 50 2.05322 61.1198 38.8802
56.9547 #3 254.618 -139.937 50 2.05322 61.1198 38.8802  #2 260.663 -38.2606 50 10.298 0 0
56.9547 #4 -173.434 -78.2811 50 0.27069 31.9167 68.0833  #1 -155.283 22.4359 50 -0.619195 0 0
57.4208 #1 -155.283 22.4359 50 -0.663844 10 -10  #4 -173.434 -78.2811 50 0.226041 34.7406 65.2594
57.4208 #2 260.663 -38.2606 50 10.2534 40.8917 59.1083  #3 254.618 -139.937 50 2.00857 61.4892 38.5108
57.4208 #3 254.618 -139.937 50 2.00857 61.4892 38.5108  #2 260.663 -38.2606 50 10.2534 0 0
57.4208 #4 -173.434 -78.2811 50 0.226041 34.7406 65.2594  #1 -155.283 22.4359 50 -0.663844 0 0
57.8828 #1 -155.283 22.4359 50 -0.710722 10 -10  #4 -173.434 -78.2811 50 0.179163 37.7381 62.2619
57.8828 #2 260.663 -38.2606 50 10.2065 41.3931 58.6069  #3 254.618 -139.937 50 1.9617 61.8523 38.1477
57.8828 #3 254.618 -139.937 50 1.9617 61.8523 38.1477  #2 260.663 -38.2606 50 10.2065 0 0
57.8828 #4 -173.434 -78.2811 50 0.179163 37.7381 62.2619  #1 -155.283 22.4359 50 -0.710722 0 0
58.3464 #1 -155.283 22.4359 50 -0.757259 10 -10  #4 -173.434 -78.2811 50 0.132626 40.7404 59.2596
58.3464 #2 260.663 -38.2606 50 10.16 41.9096 58.0904  #3 254.618 -139.937 50 1.91516 110 -10
58.3464 #3 254.618 -139.937 50 1.91516 110 -10  #2 260.663 -38.2606 50 10.16 0 0
58.3464 #4 -173.434 -78.2811 50 0.132626 40.7404 59.2596  #1 -155.283 22.4359 50 -0.757259 0 0
58.814 #2 260.663 -38.2606 50 10.1106 42.4764 57.5236  #3 254.618 -139.937 50 1.86581 110 -10
58.814 #3 254.618 -139.937 50 1.86581 110 -10  #2 260.663 -38.2606 50 10.1106 0 0
59.0663 #1 -155.283 22.4359 50 -0.762438 10 -10  #4 -162.419 -77.5098 50 0.0565367 43.946 56.054
59.0663 #4 -162.419 -77.5098 50 0.0565367 43.946 56.054  #1 -155.283 22.4359 50 -0.762438 0 0
59.2957 #2 260.663 -38.2606 50 10.0602 43.0748 56.9252  #3 254.618 -139.937 50 1.81536 110 -10
59.2957 #3 254.618 -139.937 50 1.81536 110 -10  #2 260.663 -38.2606 50 10.0602 0 0
59.5265 #1 -155.283 22.4359 50 -0.808325 10 -10  #4 -162.419 -77.5098 50 0.0106497 47.4464 52.5536
59.5265 #4 -162.419 -77.5098 50 0.0106497 47.4464 52.5536  #1 -155.283 22.4359 50 -0.808325 0 0
59.752 #2 260.663 -38.2606 50 10.014 43.6377 56.3623  #3 254.618 -139.937 50 1.7692 110 -10
59.752 #3 254.618 -139.937 50 1.7692 110 -10  #2 260.663 -38.2606 50 10.014 0 0
60.689 #2 260.663 -38.2606 50 9.87089 41.4479 58.5521  #3 254.618 -139.937 50 1.6261 60.7437 39.2563
60.689 #3 254.618 -139.937 50 1.6261 60.7437 39.2563  #2 260.663 -38.2606 50 9.87089 0 0
61.1685 #1 -155.283 22.4359 50 -0.618731 10 -10  #4 -106.837 -65.9254 50 0.676773 81.861 18.139
61.1685 #2 260.663 -38.2606 50 9.82359 41.9574 58.0426  #3 254.618 -139.937 50 1.57879 110 -10
61.1685 #3 254.618 -139.937 50 1.57879 110 -10  #2 260.663 -38.2606 50 9.82359 0 0
61.1685 #4 -106.837 -65.9254 50 0.676773 81.861 18.139  #1 -155.283 22.4359 50 -0.618731 0 0
