9.60983 décomposition 0
10.3184 décomposition 0
10.5457 désintégration 0
15.9381 désintégration 0
16.6458 décomposition 0
17.5767 désintégration 0
17.5767 décomposition 0
19.6911 désintégration 0
20.3919 décomposition 0
22.9717 désintégration 0
23.2091 désintégration 0
24.1549 désintégration 0
25.0965 désintégration 0
27.6737 désintégration 0
30.0176 décomposition 0
32.8354 désintégration 0
33.5181 décomposition 0
34.9216 désintégration 0
35.6302 désintégration 0
35.8589 décomposition 0
35.8589 désintégration 0
36.3361 décomposition 0
37.2794 désintégration 0
38.6692 désintégration 0
38.9271 décomposition 0
39.1413 désintégration 0
41.2566 désintégration 0
41.2566 désintégration 0
41.2566 désintégration 0
41.7265 désintégration 0
41.9589 désintégration 0
43.5909 désintégration 0
44.3069 désintégration 0
45.7048 décomposition 0
45.7048 désintégration 0
45.9493 désintégration 0
45.9493 désintégration 0
49.2294 désintégration 0
50.1708 désintégration 0
51.3385 désintégration 0
51.3385 désintégration 0
55.7862 décomposition 0
56.2503 désintégration 0
63.0448 désintégration 0
63.9945 désintégration 0
68.6701 décomposition 0
69.3856 décomposition 0
69.6103 désintégration 0
77.8362 désintégration 0
78.7477 désintégration 0
84.627 désintégration 0
86.4893 désintégration 0
86.9711 désintégration 0
87.2036 désintégration 0
90.01 désintégration 0
91.6419 désintégration 0
98.6824 désintégration 0
