9.6195 décomposition 0
10.1007 décomposition 0
10.5608 désintégration 0
15.9578 désintégration 0
16.6668 décomposition 0
17.602 désintégration 0
17.602 décomposition 0
19.6984 désintégration 0
20.3972 décomposition 0
22.9691 désintégration 0
23.2203 désintégration 0
24.1615 désintégration 0
25.096 désintégration 0
25.797 décontamination 10
27.1943 décontamination 11
30.237 décontamination 12
30.938 décontamination 14
32.1231 décontamination 16
32.8105 désintégration 16
38.9121 décomposition 14
42.4392 décomposition 14
43.6025 désintégration 14
44.3087 désintégration 14
44.7647 désintégration 14
45.0189 désintégration 14
45.9434 désintégration 14
52.2786 décontamination 16
54.3753 désintégration 16
54.6189 décomposition 15
58.5973 décontamination 16
60.4822 désintégration 16
60.4822 désintégration 16
70.0846 désintégration 16
