2.34862 #1 -842.476 939.94 50 -0.138499 46.3658 53.6342
2.57459 #1 -829.964 938.079 50 -0.156887 46.3658 53.6342
3.27551 #1 -795.856 931.798 50 -0.207309 46.3658 53.6342
3.73969 #1 -773.088 926.604 50 -0.241258 46.3658 53.6342
3.98289 #1 -761.931 923.76 50 -0.257996 46.3658 53.6342
4.67533 #1 -727.755 913.789 50 -0.309753 46.3658 53.6342
5.38275 #1 -694.289 902.119 50 -0.36128 46.3658 53.6342
6.32168 #1 -651.482 884.273 50 -0.428713 46.3658 53.6342
6.57465 #1 -640.917 879.335 50 -0.445665 46.3658 53.6342
7.03064 #1 -620.217 869.015 50 -0.47929 46.3658 53.6342
7.26634 #1 -609.339 863.238 50 -0.497195 46.3658 53.6342
8.4304 #1 -559.394 833.332 50 -0.581845 46.3658 53.6342
8.66186 #1 -549.628 826.787 50 -0.598935 46.3658 53.6342
8.90267 #1 -540.125 820.183 50 -0.615758 46.3658 53.6342
9.13997 #1 -530.357 813.143 50 -0.633261 46.3658 53.6342
9.36751 #1 -520.854 806.039 50 -0.650509 46.3658 53.6342
9.6205 #1 -511.857 799.075 50 -0.667048 46.3658 53.6342
11.0102 #1 -459.095 752.439 50 -0.792179 44.7273 55.2727
12.8824 #1 -400.251 679.633 50 -0.989939 44.7273 55.2727
13.8181 #1 -376.555 639.332 50 -1.08858 44.7273 55.2727
14.2829 #1 -366.048 617.971 50 -1.13879 44.7273 55.2727
14.5407 #1 -361.574 607.964 50 -1.16191 44.7273 55.2727
14.7737 #1 -356.611 596.07 50 -1.18909 44.7273 55.2727
15.0024 #1 -352.404 585.204 50 -1.21367 44.7273 55.2727
15.4751 #1 -345.064 564.017 50 -1.26096 44.7273 55.2727
15.7016 #1 -341.37 551.925 50 -1.28763 44.7273 55.2727
15.9313 #1 -338.336 541.012 50 -1.31152 44.7273 55.2727
16.407 #1 -333.014 518.802 50 -1.35969 44.7273 55.2727
16.639 #1 -330.569 506.618 50 -1.3859 44.7273 55.2727
17.5792 #1 -324.242 460.197 50 -1.48475 44.7273 55.2727
17.8267 #1 -323.378 448.49 50 -1.50951 44.7273 55.2727
18.0401 #1 -322.781 436.129 50 -1.53562 44.7273 55.2727
18.2754 #1 -322.526 425.46 50 -1.55812 44.7273 55.2727
19.6836 #1 -326.914 354.816 50 -1.70754 44.7273 55.2727
20.1538 #1 -330.619 332.019 50 -1.75626 44.7273 55.2727
21.0875 #1 -344.9 275.402 50 -1.87949 0 0
23.2036 #1 -359.201 242.958 50 -1.85946 67.7918 32.2082
24.1356 #1 -364.859 196.354 50 -1.52378 67.7918 32.2082
25.5352 #1 -335.328 122.495 50 -0.790742 0 0
28.5911 #1 -296.718 96.7117 50 -0.810761 0 0
30.9427 #1 -291.299 85.8425 50 -1.03214 81.3292 18.6708
30.9427 #1 -284.396 76.0454 50 -0.881807 0 0
34.9188 #1 -284.396 76.0454 50 -0.134227 29.1263 70.8737
34.9188 #1 -272.693 73.8682 50 -0.233657 0 0
36.804 #1 -253.03 60.0513 50 -0.710646 0 0
41.9405 #1 -242 57.1534 50 -0.317173 0 0
44.7548 #1 -222.254 45.7303 50 -0.446894 0 0
47.3318 #1 -189.888 35.4759 50 -0.498357 21.9654 78.0346
47.3318 #1 -179.935 29.1736 50 -0.630562 0 0
50.6291 #1 -141.484 6.37818 50 0.0310285 0 0
55.3141 #1 -80.4935 20.2857 50 1.06225 0 0
61.4207 #1 -138.883 42.5617 50 3.44864 69.2333 30.7667
61.6379 #1 -151.164 37.9741 50 3.54954 69.2333 30.7667
62.1053 #1 -170.885 27.3478 50 3.7221 69.2333 30.7667
62.5773 #1 -189.29 12.7355 50 3.90314 69.2333 30.7667
63.7385 #1 -221.44 -36.0691 50 4.35663 69.2333 30.7667
64.518 #1 -229.526 -85.0596 50 4.74099 0 0
66.8738 #1 -222.483 -107.74 50 4.9569 38.0893 61.9107
67.0991 #1 -219.959 -119.213 50 4.90092 38.0893 61.9107
67.5733 #1 -216.29 -153.956 50 4.73428 0 0
70.6232 #1 -207.88 -175.265 50 4.92435 0 0
76.492 #1 -82.9394 -251.549 50 6.17035 57.2584 42.7416
78.1129 #1 -1.35225 -251.069 50 6.40779 57.2584 42.7416
