0.46737 décomposition 0
1.63212 décomposition 0
2.57459 décomposition 0
3.27551 désintégration 0
9.6205 décomposition 0
10.7768 décomposition 0
13.3544 décomposition 0
14.2829 désintégration 0
14.2829 décomposition 0
15.4751 désintégration 0
15.7016 désintégration 0
15.7016 décomposition 0
15.7016 décomposition 0
15.9313 désintégration 0
16.8671 décomposition 0
16.8671 décomposition 0
16.8671 désintégration 0
17.3444 décomposition 0
17.3444 désintégration 0
17.5792 désintégration 0
17.5792 décomposition 0
17.5792 décomposition 0
17.5792 décomposition 0
17.5792 décomposition 0
18.5132 désintégration 0
18.7493 décomposition 0
19.2239 désintégration 0
19.6836 décomposition 0
19.6836 désintégration 0
20.1538 désintégration 0
20.1538 désintégration 0
20.3785 désintégration 0
21.3177 désintégration 0
22.0217 décontamination 3
22.0217 désintégration 3
22.2525 désintégration 3
22.4954 désintégration 3
22.4954 désintégration 3
22.7213 désintégration 3
23.2036 décomposition 3
23.2036 désintégration 3
23.6656 décomposition 3
23.6656 désintégration 3
24.1356 décomposition 2
24.3784 désintégration 2
24.6021 désintégration 2
24.6021 désintégration 2
24.8362 décomposition 2
25.0722 désintégration 2
25.5352 désintégration 2
25.7834 désintégration 2
25.7834 désintégration 2
25.7834 désintégration 2
26.2432 désintégration 2
26.4748 désintégration 2
26.4748 désintégration 2
26.9445 désintégration 2
26.9445 décomposition 2
26.9445 décomposition 2
27.4183 décontamination 3
28.1327 désintégration 3
28.3526 décomposition 3
28.5911 désintégration 3
29.061 décomposition 3
29.061 désintégration 3
29.061 désintégration 3
29.7744 décomposition 3
30.2385 décontamination 3
30.4597 désintégration 3
30.4597 désintégration 3
30.9427 désintégration 3
31.8666 décomposition 3
31.8666 désintégration 3
32.1018 décomposition 3
32.3336 décomposition 3
32.811 décomposition 3
33.0413 décomposition 3
33.0413 désintégration 3
33.5046 désintégration 3
33.5046 désintégration 3
33.7558 décomposition 3
34.2136 désintégration 3
34.4574 désintégration 3
34.4574 désintégration 3
34.4574 désintégration 3
34.9188 décomposition 3
35.3948 désintégration 3
36.1087 décontamination 3
36.3226 désintégration 3
37.0242 désintégration 3
37.5022 désintégration 3
37.7405 désintégration 3
37.9732 décontamination 4
37.9732 décomposition 3
38.4345 désintégration 3
38.4345 décomposition 3
38.6684 désintégration 3
38.901 désintégration 3
39.3638 désintégration 3
40.0645 désintégration 3
40.3008 désintégration 3
40.5359 décomposition 3
40.7693 décomposition 3
40.7693 désintégration 3
41.2456 désintégration 3
41.2456 décomposition 3
41.2456 désintégration 3
41.7122 désintégration 3
42.1848 désintégration 3
42.4259 décomposition 3
42.4259 désintégration 3
42.6496 désintégration 3
42.8873 désintégration 3
42.8873 désintégration 3
43.8313 désintégration 3
44.054 décontamination 3
44.054 désintégration 3
44.054 désintégration 3
44.054 désintégration 3
44.054 désintégration 3
44.2981 désintégration 3
44.7548 désintégration 3
45.0024 désintégration 3
45.2328 décomposition 3
45.4599 désintégration 3
45.4599 désintégration 3
45.4599 désintégration 3
45.7126 désintégration 3
45.9267 désintégration 3
45.9267 désintégration 3
46.1742 décontamination 4
46.64 désintégration 4
47.096 désintégration 4
47.8124 désintégration 4
48.0488 désintégration 4
48.2809 désintégration 4
48.5065 désintégration 4
48.9775 désintégration 4
49.229 désintégration 4
49.4454 décontamination 4
49.9286 désintégration 4
49.9286 décomposition 4
50.1586 décomposition 4
50.6291 désintégration 4
50.8547 désintégration 4
51.3141 désintégration 4
51.5528 désintégration 4
51.8024 désintégration 4
52.5058 désintégration 4
52.966 décomposition 4
52.966 désintégration 4
53.6613 décontamination 5
53.9004 désintégration 5
54.6147 désintégration 5
54.8399 désintégration 5
55.0637 désintégration 5
55.536 désintégration 5
56.4998 désintégration 5
56.7245 désintégration 5
57.193 désintégration 5
58.1275 désintégration 5
58.8203 désintégration 5
58.8203 désintégration 5
59.2996 désintégration 5
60.0064 désintégration 5
62.1053 désintégration 5
62.1053 désintégration 5
63.0502 décomposition 5
63.9726 désintégration 5
65.4729 désintégration 5
65.9417 décontamination 5
67.0991 désintégration 5
68.741 désintégration 5
69.9087 décontamination 6
69.9087 désintégration 6
70.163 désintégration 6
70.6232 désintégration 6
70.6232 désintégration 6
71.0888 désintégration 6
72.7338 décontamination 6
73.4237 désintégration 6
81.1594 désintégration 6
