2.0979 #1 -853.949 941.435 50 -0.105412 46.321 53.679
2.34347 #1 -842.355 940.108 50 -0.122585 46.321 53.679
2.34347 #4 -896.595 -818.583 50 1.48719 47.4359 52.5641
2.56167 #1 -830.184 938.497 50 -0.140653 46.321 53.679
3.04361 #1 -807.859 934.956 50 -0.173919 46.321 53.679
3.28355 #1 -795.664 932.699 50 -0.192169 46.321 53.679
3.28355 #2 818.596 935.933 50 3.32805 55.027 44.973
3.52683 #1 -783.909 930.303 50 -0.209824 46.321 53.679
3.52683 #4 -889.852 -759.695 50 1.42639 47.4359 52.5641
3.97091 #2 784.297 928.198 50 3.39877 55.027 44.973
4.45291 #2 761.13 921.5 50 3.44727 55.027 44.973
4.67464 #2 750.508 918.017 50 3.46975 55.027 44.973
5.15449 #2 729.075 910.166 50 3.51565 55.027 44.973
5.38643 #2 717.727 905.549 50 3.54028 55.027 44.973
5.85013 #2 696.783 896.152 50 3.58644 55.027 44.973
6.09013 #1 -661.655 891.916 50 -0.398673 46.321 53.679
6.09013 #2 686.171 890.937 50 3.61022 55.027 44.973
6.79395 #1 -628.817 877.046 50 -0.451728 46.321 53.679
6.79395 #2 654.623 873.503 50 3.68272 55.027 44.973
7.03791 #1 -618.836 872.102 50 -0.468119 46.321 53.679
7.03791 #2 645.141 867.659 50 3.70511 55.027 44.973
7.24988 #2 634.91 861.017 50 3.72964 55.027 44.973
7.50124 #1 -598.668 861.477 50 -0.501667 46.321 53.679
7.50124 #2 626.155 855.044 50 3.75095 55.027 44.973
7.7267 #2 615.941 847.722 50 3.77622 55.027 44.973
8.1871 #2 597.777 833.691 50 3.82238 55.027 44.973
8.42717 #2 589.048 826.454 50 3.84518 55.027 44.973
8.65905 #1 -548.347 830.971 50 -0.588291 46.321 53.679
8.65905 #2 579.99 818.579 50 3.86932 55.027 44.973
8.91089 #1 -538.757 824.455 50 -0.605353 46.321 53.679
8.91089 #2 571.423 810.767 50 3.89263 55.027 44.973
9.12376 #1 -528.47 817.194 50 -0.623883 46.321 53.679
9.12376 #2 562.329 802.058 50 3.91795 55.027 44.973
9.35868 #2 554.815 794.52 50 3.93935 55.027 44.973
9.60159 #1 -510.517 803.817 50 -0.656831 46.321 53.679
9.60159 #2 546.713 786.016 50 3.96297 55.027 44.973
10.3114 #1 -483.209 781.611 50 -0.708634 44.6994 55.3006
10.3114 #4 -784.331 -439.374 50 1.07874 46.311 53.689
10.5433 #2 515.98 749.641 50 4.05876 55.027 44.973
10.5433 #4 -778.355 -428.468 50 1.06039 46.311 53.689
11.0122 #2 502.435 731.085 50 4.10496 55.027 44.973
11.0122 #4 -766.793 -408.614 50 1.02649 46.311 53.689
11.2494 #1 -448.78 748.955 50 -0.809287 44.6994 55.3006
11.2494 #2 495.672 721.099 50 4.12921 55.027 44.973
11.2494 #4 -760.456 -398.353 50 1.00869 46.311 53.689
11.473 #1 -440.703 740.267 50 -0.83444 44.6994 55.3006
11.473 #4 -754.046 -388.371 50 0.991188 46.311 53.689
11.7117 #4 -747.846 -379.068 50 0.974691 46.311 53.689
11.9394 #1 -425.604 722.766 50 -0.883452 44.6994 55.3006
11.9394 #4 -741.058 -369.25 50 0.957079 46.311 53.689
12.4164 #1 -411.247 704.366 50 -0.93294 44.6994 55.3006
12.4164 #4 -727.29 -350.404 50 0.922637 46.311 53.689
12.6425 #2 461.268 659.964 50 4.27039 55.027 44.973
13.1291 #4 -705.118 -322.667 50 0.870234 46.311 53.689
13.3522 #1 -384.917 664.826 50 -1.0337 44.6994 55.3006
13.3522 #2 447.192 627.235 50 4.34204 55.027 44.973
13.819 #1 -373.621 644.758 50 -1.08254 44.6994 55.3006
14.0561 #1 -368.365 634.566 50 -1.10685 44.6994 55.3006
14.5219 #1 -358.475 613.52 50 -1.15616 44.6994 55.3006
14.5219 #2 429.458 572.305 50 4.45818 55.027 44.973
14.75 #3 635.534 -295.176 50 2.39928 53.0643 46.9357
14.986 #1 -349.623 591.981 50 -1.20554 44.6994 55.3006
15.2318 #1 -345.545 580.903 50 -1.23057 44.6994 55.3006
15.2318 #2 421.837 538.055 50 4.52875 55.027 44.973
15.2318 #3 618.212 -279.733 50 2.42773 53.0643 46.9357
15.4681 #1 -341.596 569.27 50 -1.25662 44.6994 55.3006
15.6885 #2 418.012 514.262 50 4.57721 55.027 44.973
15.6885 #3 599.765 -264.224 50 2.45727 53.0643 46.9357
15.9272 #2 416.648 503.327 50 4.59937 55.027 44.973
15.9272 #3 591.18 -257.315 50 2.47078 53.0643 46.9357
15.9272 #4 -592.826 -221.451 50 0.51868 0 0
16.1588 #3 581.776 -249.964 50 2.48541 53.0643 46.9357
16.1588 #3 572.552 -242.965 50 2.4996 0 0
16.4017 #2 414.549 479.908 50 4.64665 55.027 44.973
16.6452 #2 413.899 467.778 50 4.67108 55.027 44.973
17.0961 #2 413.485 444.057 50 4.71879 55.027 44.973
17.3326 #4 -592.826 -221.451 50 0.284893 66.8459 33.1541
17.5696 #4 -581.624 -217.68 50 0.364559 66.8459 33.1541
17.8047 #2 414.915 409.426 50 4.7885 55.027 44.973
18.2781 #1 -318.58 431.681 50 -1.55348 44.6994 55.3006
18.2781 #3 510.353 -212.519 50 2.77588 67.22 32.78
18.2781 #4 -550.713 -201.494 50 0.600221 66.8459 33.1541
18.5159 #1 -318.528 419.378 50 -1.57957 44.6994 55.3006
18.5159 #2 418.863 374.229 50 4.85973 55.027 44.973
18.7611 #3 487.144 -205.785 50 2.94253 67.22 32.78
18.7611 #4 -531.947 -186.265 50 0.763255 66.8459 33.1541
18.9798 #2 422.987 350.438 50 4.90829 55.027 44.973
18.9798 #3 464.141 -203.03 50 3.10227 0 0
18.9798 #4 -523.45 -177.436 50 0.845847 66.8459 33.1541
18.9798 #4 -516.508 -168.991 50 0.919526 0 0
19.2218 #2 425.233 339.737 50 4.93027 55.027 44.973
20.1568 #2 441.322 283.161 50 5.04862 0 0
20.6121 #3 464.141 -203.03 50 3.38259 6.24308 93.7569
20.6121 #3 452.735 -204.638 50 3.18063 0 0
21.3271 #1 -344.264 269.791 50 -1.90279 0 0
21.5579 #4 -512.028 -157.682 50 1.04716 13.6228 86.3772
21.7801 #4 -505.445 -148.215 50 0.879183 13.6228 86.3772
22.0381 #4 -497.702 -140.269 50 0.717566 13.6228 86.3772
22.4993 #4 -465.782 -124.615 50 0.194309 0 0
22.7364 #1 -344.264 269.791 50 -2.13724 68.5636 31.4364
23.4486 #1 -358.928 238.449 50 -1.87959 68.5636 31.4364
23.4486 #2 489.501 162.787 50 4.99864 0 0
23.891 #1 -364.151 215.059 50 -1.7014 68.5636 31.4364
25.3124 #1 -354.307 146.502 50 -1.10599 76.2687 23.7313
25.5462 #1 -348.427 136.382 50 -0.982928 76.2687 23.7313
25.5462 #1 -341.363 127.076 50 -0.860087 0 0
26.0108 #4 -465.782 -124.615 50 -0.463265 31.4522 68.5478
26.4685 #4 -445.892 -136.808 50 -0.636572 31.4522 68.5478
26.7244 #4 -428.303 -152.352 50 -0.810946 0 0
26.9496 #3 452.735 -204.638 50 2.51801 77.5659 22.4341
27.1762 #3 443.212 -198.647 50 2.64215 77.5659 22.4341
27.6471 #3 421.63 -190.242 50 2.89823 77.5659 22.4341
27.8748 #3 398.809 -187.574 50 3.15225 0 0
28.1157 #1 -341.363 127.076 50 -0.394361 29.3397 70.6603
28.3499 #1 -330.492 121.903 50 -0.493888 29.3397 70.6603
28.6 #2 477.071 105.668 50 4.79069 0 0
28.8124 #1 -302.601 101.23 50 -0.781792 0 0
29.0461 #4 -413.607 -169.911 50 -0.648654 94.0568 5.94321
29.0461 #4 -403.637 -175.965 50 -0.442746 0 0
31.406 #1 -288.81 83.5773 50 -0.692011 93.6865 6.31352
31.406 #1 -278.437 76.7334 50 -0.474417 0 0
31.406 #3 344.372 -208.876 50 3.40495 0 0
33.0293 #4 -393.165 -173.683 50 0.118206 0 0
33.7345 #3 333.082 -208.085 50 3.15879 0 0
33.9856 #2 461.739 74.0072 50 4.02334 0 0
35.1471 #1 -278.437 76.7334 50 0.228646 15.2211 84.7789
35.1471 #4 -381.987 -176.008 50 -0.195716 54.1183 45.8817
35.6138 #4 -347.853 -181.769 50 -0.138684 0 0
35.8463 #1 -244.152 76.316 50 -0.25299 15.2211 84.7789
36.0815 #1 -233.181 72.5112 50 -0.414702 15.2211 84.7789
36.0815 #1 -222.852 66.9148 50 -0.578319 0 0
37.024 #2 438.878 48.6878 50 4.39972 0 0
37.024 #4 -324.962 -179.327 50 0.20979 72.4403 27.5597
37.262 #4 -313.303 -176.175 50 0.318254 72.4403 27.5597
37.7212 #4 -292.002 -166.579 50 0.528345 72.4403 27.5597
37.7212 #4 -282.422 -160.305 50 0.631177 0 0
38.6576 #1 -215.952 57.9929 50 -0.776773 0 0
39.1251 #4 -282.422 -160.305 50 0.86858 36.661 63.339
39.3738 #4 -275.185 -152.237 50 0.810742 36.661 63.339
39.5955 #3 322.421 -210.996 50 3.27512 0 0
39.5955 #4 -266.322 -143.512 50 0.744371 36.661 63.339
39.827 #4 -257.953 -136.248 50 0.685235 36.661 63.339
40.0731 #4 -248.77 -129.204 50 0.623468 36.661 63.339
40.5434 #4 -228.856 -116.699 50 0.497923 36.661 63.339
40.5434 #4 -217.873 -111.188 50 0.432349 0 0
42.4133 #4 -185.806 -98.1942 50 0.572361 0 0
44.9986 #3 314.652 -202.708 50 2.35926 65.5375 34.4625
45.6961 #3 286.811 -180.579 50 2.58074 65.5375 34.4625
45.6961 #3 276.943 -174.858 50 2.65165 0 0
45.6961 #4 -173.434 -78.2811 50 0.894764 0 0
46.8759 #1 -182.103 57.6871 50 -0.386328 0.524818 99.4752
47.0998 #1 -171.443 51.7617 50 -0.628286 0.524818 99.4752
47.0998 #1 -163.186 44.2376 50 -0.849802 0 0
47.5629 #2 480.203 10.0452 50 7.92661 78.4135 21.5865
48.2729 #2 470.878 43.5413 50 8.3244 78.4135 21.5865
48.2729 #3 265.126 -173.516 50 2.93774 0 0
48.4993 #2 464.779 53.7598 50 8.45975 78.4135 21.5865
49.4442 #2 429.515 83.4586 50 8.98993 78.4135 21.5865
49.6834 #2 406.767 90.4741 50 9.26132 0 0
50.8459 #1 -155.283 22.4359 50 -0.941012 0 0
52.0213 #2 372.328 86.2388 50 9.69638 66.7907 33.2093
52.2566 #2 361.045 82.6069 50 9.77601 66.7907 33.2093
52.7359 #2 339.89 72.9188 50 9.93244 66.7907 33.2093
52.9668 #2 329.286 66.4256 50 10.016 66.7907 33.2093
53.4438 #2 311.535 52.4448 50 10.1679 66.7907 33.2093
53.6587 #2 302.505 43.4037 50 10.2537 66.7907 33.2093
54.143 #1 -155.283 22.4359 50 -0.331095 0 0
54.143 #4 -173.434 -78.2811 50 0.55879 0 0
54.143 #2 288.567 25.6653 50 10.4054 66.7907 33.2093
54.5956 #1 -155.283 22.4359 50 -0.376846 0 0
54.5956 #4 -173.434 -78.2811 50 0.513039 0 0
54.8312 #2 269.013 -16.6269 50 10.7196 0 0
55.0687 #1 -155.283 22.4359 50 -0.423972 0 0
55.0687 #4 -173.434 -78.2811 50 0.465913 0 0
55.5318 #1 -155.283 22.4359 50 -0.472477 0 0
55.5318 #4 -173.434 -78.2811 50 0.417408 0 0
55.9992 #1 -155.283 22.4359 50 -0.521972 0 0
55.9992 #4 -173.434 -78.2811 50 0.367913 0 0
56.4736 #1 -155.283 22.4359 50 -0.57197 0 0
56.4736 #2 260.663 -38.2606 50 10.3452 0 0
56.4736 #3 254.618 -139.937 50 2.10045 0 0
56.4736 #4 -173.434 -78.2811 50 0.317915 0 0
56.9547 #1 -155.283 22.4359 50 -0.619195 0 0
56.9547 #2 260.663 -38.2606 50 10.298 0 0
56.9547 #3 254.618 -139.937 50 2.05322 0 0
56.9547 #4 -173.434 -78.2811 50 0.27069 0 0
57.4208 #1 -155.283 22.4359 50 -0.663844 0 0
57.4208 #2 260.663 -38.2606 50 10.2534 0 0
57.4208 #3 254.618 -139.937 50 2.00857 0 0
57.4208 #4 -173.434 -78.2811 50 0.226041 0 0
57.8828 #1 -155.283 22.4359 50 -0.710722 0 0
57.8828 #2 260.663 -38.2606 50 10.2065 0 0
57.8828 #3 254.618 -139.937 50 1.9617 0 0
57.8828 #4 -173.434 -78.2811 50 0.179163 0 0
58.3464 #1 -155.283 22.4359 50 -0.757259 0 0
58.3464 #2 260.663 -38.2606 50 10.16 0 0
58.3464 #3 254.618 -139.937 50 1.91516 0 0
58.3464 #4 -173.434 -78.2811 50 0.132626 0 0
58.814 #2 260.663 -38.2606 50 10.1106 0 0
58.814 #3 254.618 -139.937 50 1.86581 0 0
59.0663 #1 -155.283 22.4359 50 -0.762438 0 0
59.0663 #4 -162.419 -77.5098 50 0.0565367 0 0
59.2957 #2 260.663 -38.2606 50 10.0602 0 0
59.2957 #3 254.618 -139.937 50 1.81536 0 0
59.5265 #1 -155.283 22.4359 50 -0.808325 0 0
59.5265 #4 -162.419 -77.5098 50 0.0106497 0 0
59.752 #2 260.663 -38.2606 50 10.014 0 0
59.752 #3 254.618 -139.937 50 1.7692 0 0
59.9829 #4 -162.419 -77.5098 50 -0.0344533 50.8923 49.1077
60.689 #2 260.663 -38.2606 50 9.87089 0 0
60.689 #3 254.618 -139.937 50 1.6261 0 0
61.1685 #1 -155.283 22.4359 50 -0.618731 0 0
61.1685 #2 260.663 -38.2606 50 9.82359 0 0
61.1685 #3 254.618 -139.937 50 1.57879 0 0
61.1685 #4 -106.837 -65.9254 50 0.676773 0 0
