16.4017 #3 572.552 -242.965 50 2.54819 10 -10  #7 487 -187 62 88
16.8762 #4 -592.826 -221.451 50 0.328866 -10 10  #30 -487 -187 62 88
20.1568 #3 464.141 -203.03 50 3.33769 10 -10  #51 394 -218 31 88
20.6121 #2 441.322 283.161 50 5.13967 10 -10  #12 487 187 62 88
20.8516 #4 -516.508 -168.991 50 1.2939 10 -10  #29 -487 -63 62 88
22.2686 #1 -344.264 269.791 50 -2.0911 -10 10  #17 -425 125 125 88
23.6732 #2 489.501 162.787 50 4.95372 -10 10  #37 503 109 15 88
25.5462 #4 -465.782 -124.615 50 -0.415071 -10 10  #45 -394 -156 31 88
26.4685 #3 452.735 -204.638 50 2.46682 10 -10  #52 394 -156 31 88
27.1762 #2 489.501 162.787 50 4.25312 -10 10  #25 456 94 31 88
27.6471 #1 -341.363 127.076 50 -0.439897 10 -10  #85 -268 94 31 88
28.1157 #4 -428.303 -152.352 50 -1.0892 -10 10  #46 -394 -218 31 88
29.9851 #3 398.809 -187.574 50 3.57431 10 -10  #54 332 -218 31 88
30.4651 #1 -302.601 101.23 50 -1.11233 -10 10  #86 -268 32 31 88
32.5619 #4 -403.637 -175.965 50 0.260409 10 -10  #44 -332 -156 31 88
33.0293 #2 477.071 105.668 50 4.45028 10 -10  #26 456 32 31 88
33.2753 #3 344.372 -208.876 50 3.0311 -10 10  #108 283 -203 15 88
36.0815 #2 461.739 74.0072 50 3.60416 -10 10  #80 409 47 15 88
36.0815 #4 -347.853 -181.769 50 -0.0451421 10 -10  #90 -237 -187 62 88
38.1888 #1 -222.852 66.9148 50 -0.999778 -10 10  #91 -191 17 15 88
39.1251 #3 333.082 -208.085 50 3.59088 -10 10  #107 283 -233 15 88
40.7742 #1 -215.952 57.9929 50 -0.35345 10 -10  #118 -144 32 31 88
41.4786 #4 -217.873 -111.188 50 0.245323 -10 10  #126 -144 -94 31 88
43.1161 #2 438.878 48.6878 50 3.18131 -10 10  #81 379 47 15 88
44.2966 #3 322.421 -210.996 50 2.33491 -10 10  #100 268 -156 31 88
44.9986 #4 -185.806 -98.1942 50 1.08944 10 -10  #138 -159 -47 15 88
45.6961 #1 -215.952 57.9929 50 0.448679 -10 10  #117 -144 94 31 88
47.7984 #3 276.943 -174.858 50 3.07211 10 -10  #139 221 -171 15 88
49.9095 #4 -173.434 -78.2811 50 1.35599 -10 10  #137 -159 -17 15 88
50.3759 #2 406.767 90.4741 50 9.12282 10 -10  #112 347 109 15 88
50.3759 #3 265.126 -173.516 50 2.51714 -10 10  #140 221 -141 15 88
53.6587 #4 -173.434 -78.2811 50 0.606137 -10 10  #135 -129 -47 15 88
55.3112 #3 265.126 -173.516 50 1.53007 -10 10  #103 268 -94 31 88
59.9829 #4 -150.882 -77.8836 50 -0.0303337 50.8923 49.1077  #129 -97 -79 15 88
